20:27:28.221 INFO  manager.ApplicationManager - All tests start in ChromeDriver
20:27:29.002 INFO  manager.MyListener - Start find element--->>>By.xpath: //*[text()='Sign Out']
20:27:34.062 INFO  manager.MyListener - The element with locator--->>>By.xpath: //*[text()='Sign Out']<----was found
20:27:34.063 INFO  manager.MyListener - Start find element--->>>By.cssSelector: [href='/login']
20:27:34.088 INFO  manager.MyListener - The element with locator--->>>By.cssSelector: [href='/login']<----was found
20:27:34.172 INFO  manager.MyListener - Start find element--->>>By.xpath: //input[1]
20:27:34.203 INFO  manager.MyListener - The element with locator--->>>By.xpath: //input[1]<----was found
20:27:34.382 INFO  manager.MyListener - Start find element--->>>By.xpath: //input[2]
20:27:34.401 INFO  manager.MyListener - The element with locator--->>>By.xpath: //input[2]<----was found
20:27:34.536 INFO  manager.MyListener - Start find element--->>>By.xpath: //*[text()=' Login']
20:27:34.554 INFO  manager.MyListener - The element with locator--->>>By.xpath: //*[text()=' Login']<----was found
20:27:34.606 INFO  tests.TestBAse - start testremoveOneContact
20:27:34.609 INFO  tests.TestBAse - Test 'removeOneContact' started
20:27:34.609 INFO  manager.MyListener - Start find element--->>>By.cssSelector: .contact-item_card__2SOIM
20:27:35.426 INFO  manager.MyListener - The element with locator--->>>By.cssSelector: .contact-item_card__2SOIM<----was found
20:27:35.498 INFO  manager.MyListener - Start find element--->>>By.xpath: //button[normalize-space()='Remove']
20:27:35.528 INFO  manager.MyListener - The element with locator--->>>By.xpath: //button[normalize-space()='Remove']<----was found
20:27:35.573 INFO  manager.MyListener - Start find element--->>>By.xpath: //div[@class='contact-page_leftdiv__yhyke']
20:27:35.589 INFO  manager.MyListener - The element with locator--->>>By.xpath: //div[@class='contact-page_leftdiv__yhyke']<----was found
20:27:35.589 INFO  manager.MyListener - Start find element--->>>By.xpath: //div[@class='contact-page_leftdiv__yhyke']//div//div[1]
20:27:35.604 INFO  manager.MyListener - The element with locator--->>>By.xpath: //div[@class='contact-page_leftdiv__yhyke']//div//div[1]<----was found
20:27:35.605 INFO  manager.MyListener - Start find element--->>>By.cssSelector: div[class='contact-page_leftdiv__yhyke'] div div:nth-child(1)
20:27:35.619 INFO  manager.MyListener - The element with locator--->>>By.cssSelector: div[class='contact-page_leftdiv__yhyke'] div div:nth-child(1)<----was found
20:27:35.634 INFO  manager.MyListener - Start find element--->>>By.xpath: //button[normalize-space()='Remove']
20:27:35.647 INFO  manager.MyListener - The element with locator--->>>By.xpath: //button[normalize-space()='Remove']<----was found
20:27:36.179 INFO  manager.MyListener - Start find element--->>>By.xpath: //div[@class='contact-page_leftdiv__yhyke']
20:27:36.195 INFO  manager.MyListener - The element with locator--->>>By.xpath: //div[@class='contact-page_leftdiv__yhyke']<----was found
20:27:36.195 INFO  manager.MyListener - Start find element--->>>By.xpath: //div[@class='contact-page_leftdiv__yhyke']//div//div[1]
20:27:36.209 INFO  manager.MyListener - The element with locator--->>>By.xpath: //div[@class='contact-page_leftdiv__yhyke']//div//div[1]<----was found
20:27:36.210 INFO  manager.MyListener - Start find element--->>>By.cssSelector: .contact-item_card__2SOIM
20:27:36.231 INFO  manager.MyListener - The element with locator--->>>By.cssSelector: .contact-item_card__2SOIM<----was found
20:27:36.238 INFO  tests.TestBAse - End of testremoveOneContact
