17:49:40.835 INFO  manager.ApplicationManager - All tests start in ChromeDriver
17:49:41.549 INFO  manager.MyListener - Start find element--->>>By.xpath: //*[text()='Sign Out']
17:49:46.614 INFO  manager.MyListener - The element with locator--->>>By.xpath: //*[text()='Sign Out']<----was found
17:49:46.615 INFO  manager.MyListener - Start find element--->>>By.cssSelector: [href='/login']
17:49:46.638 INFO  manager.MyListener - The element with locator--->>>By.cssSelector: [href='/login']<----was found
17:49:46.702 INFO  manager.MyListener - Start find element--->>>By.xpath: //input[1]
17:49:46.716 INFO  manager.MyListener - The element with locator--->>>By.xpath: //input[1]<----was found
17:49:46.835 INFO  manager.MyListener - Start find element--->>>By.xpath: //input[2]
17:49:46.847 INFO  manager.MyListener - The element with locator--->>>By.xpath: //input[2]<----was found
17:49:46.965 INFO  manager.MyListener - Start find element--->>>By.xpath: //*[text()=' Login']
17:49:46.977 INFO  manager.MyListener - The element with locator--->>>By.xpath: //*[text()=' Login']<----was found
17:49:47.020 INFO  tests.TestBAse - start testremoveOneConatct
17:49:47.022 INFO  tests.TestBAse - removeOneConatct' 
17:49:47.022 INFO  manager.MyListener - Start find element--->>>By.xpath: //a[@class='active']
17:49:47.043 INFO  manager.MyListener - The element with locator--->>>By.xpath: //a[@class='active']<----was found
17:49:47.090 INFO  manager.MyListener - Start find element--->>>By.cssSelector: .boards-page-board-section-list-item
17:49:52.127 INFO  manager.MyListener - The element with locator--->>>By.cssSelector: .boards-page-board-section-list-item<----was found
17:49:52.128 INFO  manager.MyListener - Start find element--->>>By.xpath: //div[@class='contact-page_leftdiv__yhyke']
17:49:52.150 INFO  manager.MyListener - The element with locator--->>>By.xpath: //div[@class='contact-page_leftdiv__yhyke']<----was found
17:49:52.151 INFO  manager.MyListener - Start find element--->>>By.cssSelector: div[class='contact-page_leftdiv__yhyke'] div div:nth-child(1)
17:49:52.170 INFO  manager.MyListener - The element with locator--->>>By.cssSelector: div[class='contact-page_leftdiv__yhyke'] div div:nth-child(1)<----was found
17:49:52.196 INFO  manager.MyListener - Start find element--->>>By.xpath: //button[normalize-space()='Remove']
17:49:52.220 INFO  manager.MyListener - The element with locator--->>>By.xpath: //button[normalize-space()='Remove']<----was found
17:49:52.268 INFO  manager.MyListener - Start find element--->>>By.cssSelector: .boards-page-board-section-list-item
17:49:57.315 INFO  manager.MyListener - The element with locator--->>>By.cssSelector: .boards-page-board-section-list-item<----was found
17:49:57.316 INFO  manager.MyListener - Start find element--->>>By.xpath: //div[@class='contact-page_leftdiv__yhyke']
17:49:57.330 INFO  manager.MyListener - The element with locator--->>>By.xpath: //div[@class='contact-page_leftdiv__yhyke']<----was found
17:49:57.339 INFO  tests.TestBAse - End of testremoveOneConatct
