18:05:32.338 INFO  manager.ApplicationManager - All tests start in ChromeDriver
18:05:33.428 INFO  manager.MyListener - Start find element--->>>By.xpath: //*[text()='Sign Out']
18:05:38.495 INFO  manager.MyListener - The element with locator--->>>By.xpath: //*[text()='Sign Out']<----was found
18:05:38.499 INFO  tests.TestBAse - start testloginSuccessNew1
18:05:38.502 INFO  tests.TestBAse - Testing 'loginSuccessNew1' 
18:05:38.521 INFO  tests.TestBAse - The test starts with emailmissira85@gmail.comand password Passw0rd$
18:05:38.522 INFO  manager.MyListener - Start find element--->>>By.cssSelector: [href='/login']
18:05:38.560 INFO  manager.MyListener - The element with locator--->>>By.cssSelector: [href='/login']<----was found
18:05:38.684 INFO  manager.MyListener - Start find element--->>>By.xpath: //input[1]
18:05:38.718 INFO  manager.MyListener - The element with locator--->>>By.xpath: //input[1]<----was found
18:05:39.192 INFO  manager.MyListener - Start find element--->>>By.xpath: //input[2]
18:05:39.225 INFO  manager.MyListener - The element with locator--->>>By.xpath: //input[2]<----was found
18:05:39.382 INFO  manager.MyListener - Start find element--->>>By.xpath: //*[text()=' Login']
18:05:39.413 INFO  manager.MyListener - The element with locator--->>>By.xpath: //*[text()=' Login']<----was found
18:05:44.479 INFO  manager.MyListener - Start find element--->>>By.xpath: //*[text()='Sign Out']
18:05:44.494 INFO  manager.MyListener - The element with locator--->>>By.xpath: //*[text()='Sign Out']<----was found
18:05:44.515 INFO  tests.TestBAse - End of testloginSuccessNew1
18:05:44.517 INFO  manager.MyListener - Start find element--->>>By.xpath: //*[text()='Sign Out']
18:05:44.535 INFO  manager.MyListener - The element with locator--->>>By.xpath: //*[text()='Sign Out']<----was found
18:05:44.535 INFO  manager.MyListener - Start find element--->>>By.xpath: //button[text()='Sign Out']
18:05:44.553 INFO  manager.MyListener - The element with locator--->>>By.xpath: //button[text()='Sign Out']<----was found
18:05:44.607 INFO  tests.TestBAse - Testpublic void tests.LoginTests.loginSuccessNew1(java.lang.String,java.lang.String) needs logout
18:05:44.609 INFO  tests.TestBAse - start testloginSuccessNew1
18:05:44.611 INFO  tests.TestBAse - Testing 'loginSuccessNew1' 
18:05:44.611 INFO  tests.TestBAse - The test starts with emailmissira85@gmail.comand password Passw0rd$
18:05:44.612 INFO  manager.MyListener - Start find element--->>>By.cssSelector: [href='/login']
18:05:44.636 INFO  manager.MyListener - The element with locator--->>>By.cssSelector: [href='/login']<----was found
18:05:44.699 INFO  manager.MyListener - Start find element--->>>By.xpath: //input[1]
18:05:44.717 INFO  manager.MyListener - The element with locator--->>>By.xpath: //input[1]<----was found
18:05:44.882 INFO  manager.MyListener - Start find element--->>>By.xpath: //input[2]
18:05:44.897 INFO  manager.MyListener - The element with locator--->>>By.xpath: //input[2]<----was found
18:05:45.043 INFO  manager.MyListener - Start find element--->>>By.xpath: //*[text()=' Login']
18:05:45.058 INFO  manager.MyListener - The element with locator--->>>By.xpath: //*[text()=' Login']<----was found
18:05:50.102 INFO  manager.MyListener - Start find element--->>>By.xpath: //*[text()='Sign Out']
18:05:50.115 INFO  manager.MyListener - The element with locator--->>>By.xpath: //*[text()='Sign Out']<----was found
18:05:50.117 INFO  tests.TestBAse - End of testloginSuccessNew1
18:05:50.118 INFO  manager.MyListener - Start find element--->>>By.xpath: //*[text()='Sign Out']
18:05:50.133 INFO  manager.MyListener - The element with locator--->>>By.xpath: //*[text()='Sign Out']<----was found
18:05:50.133 INFO  manager.MyListener - Start find element--->>>By.xpath: //button[text()='Sign Out']
18:05:50.147 INFO  manager.MyListener - The element with locator--->>>By.xpath: //button[text()='Sign Out']<----was found
18:05:50.199 INFO  tests.TestBAse - Testpublic void tests.LoginTests.loginSuccessNew1(java.lang.String,java.lang.String) needs logout
18:05:50.201 INFO  tests.TestBAse - start testloginSuccessNew1
18:05:50.202 INFO  tests.TestBAse - Testing 'loginSuccessNew1' 
18:05:50.203 INFO  tests.TestBAse - The test starts with emailmissira85@gmail.comand password Passw0rd$
18:05:50.204 INFO  manager.MyListener - Start find element--->>>By.cssSelector: [href='/login']
18:05:50.218 INFO  manager.MyListener - The element with locator--->>>By.cssSelector: [href='/login']<----was found
18:05:50.275 INFO  manager.MyListener - Start find element--->>>By.xpath: //input[1]
18:05:50.290 INFO  manager.MyListener - The element with locator--->>>By.xpath: //input[1]<----was found
18:05:50.461 INFO  manager.MyListener - Start find element--->>>By.xpath: //input[2]
18:05:50.478 INFO  manager.MyListener - The element with locator--->>>By.xpath: //input[2]<----was found
18:05:50.626 INFO  manager.MyListener - Start find element--->>>By.xpath: //*[text()=' Login']
18:05:50.641 INFO  manager.MyListener - The element with locator--->>>By.xpath: //*[text()=' Login']<----was found
18:05:55.684 INFO  manager.MyListener - Start find element--->>>By.xpath: //*[text()='Sign Out']
18:05:55.699 INFO  manager.MyListener - The element with locator--->>>By.xpath: //*[text()='Sign Out']<----was found
18:05:55.701 INFO  tests.TestBAse - End of testloginSuccessNew1
18:05:55.703 INFO  manager.MyListener - Start find element--->>>By.xpath: //*[text()='Sign Out']
18:05:55.717 INFO  manager.MyListener - The element with locator--->>>By.xpath: //*[text()='Sign Out']<----was found
18:05:55.717 INFO  manager.MyListener - Start find element--->>>By.xpath: //button[text()='Sign Out']
18:05:55.730 INFO  manager.MyListener - The element with locator--->>>By.xpath: //button[text()='Sign Out']<----was found
18:05:55.789 INFO  tests.TestBAse - Testpublic void tests.LoginTests.loginSuccessNew1(java.lang.String,java.lang.String) needs logout
18:05:55.791 INFO  tests.TestBAse - start testloginSuccessNew1
18:05:55.792 INFO  tests.TestBAse - Testing 'loginSuccessNew1' 
18:05:55.793 INFO  tests.TestBAse - The test starts with emailmissira85@gmail.comand password Passw0rd$
18:05:55.793 INFO  manager.MyListener - Start find element--->>>By.cssSelector: [href='/login']
18:05:55.813 INFO  manager.MyListener - The element with locator--->>>By.cssSelector: [href='/login']<----was found
18:05:55.871 INFO  manager.MyListener - Start find element--->>>By.xpath: //input[1]
18:05:55.883 INFO  manager.MyListener - The element with locator--->>>By.xpath: //input[1]<----was found
18:05:56.022 INFO  manager.MyListener - Start find element--->>>By.xpath: //input[2]
18:05:56.035 INFO  manager.MyListener - The element with locator--->>>By.xpath: //input[2]<----was found
18:05:56.156 INFO  manager.MyListener - Start find element--->>>By.xpath: //*[text()=' Login']
18:05:56.170 INFO  manager.MyListener - The element with locator--->>>By.xpath: //*[text()=' Login']<----was found
18:06:01.212 INFO  manager.MyListener - Start find element--->>>By.xpath: //*[text()='Sign Out']
18:06:01.226 INFO  manager.MyListener - The element with locator--->>>By.xpath: //*[text()='Sign Out']<----was found
18:06:01.228 INFO  tests.TestBAse - End of testloginSuccessNew1
