20:32:28.017 INFO  manager.ApplicationManager - All tests start in ChromeDriver
20:32:28.999 INFO  manager.MyListener - Start find element--->>>By.xpath: //*[text()='Sign Out']
20:32:34.056 INFO  manager.MyListener - The element with locator--->>>By.xpath: //*[text()='Sign Out']<----was found
20:32:34.057 INFO  manager.MyListener - Start find element--->>>By.cssSelector: [href='/login']
20:32:34.080 INFO  manager.MyListener - The element with locator--->>>By.cssSelector: [href='/login']<----was found
20:32:34.168 INFO  manager.MyListener - Start find element--->>>By.xpath: //input[1]
20:32:34.195 INFO  manager.MyListener - The element with locator--->>>By.xpath: //input[1]<----was found
20:32:34.360 INFO  manager.MyListener - Start find element--->>>By.xpath: //input[2]
20:32:34.377 INFO  manager.MyListener - The element with locator--->>>By.xpath: //input[2]<----was found
20:32:34.508 INFO  manager.MyListener - Start find element--->>>By.xpath: //*[text()=' Login']
20:32:34.527 INFO  manager.MyListener - The element with locator--->>>By.xpath: //*[text()=' Login']<----was found
20:32:34.627 INFO  manager.MyListener - Start find element--->>>By.cssSelector: a[href='/add']
20:32:35.104 INFO  manager.MyListener - The element with locator--->>>By.cssSelector: a[href='/add']<----was found
20:32:35.169 INFO  manager.MyListener - Start find element--->>>By.xpath: //a[@class='active']
20:32:35.192 INFO  manager.MyListener - The element with locator--->>>By.xpath: //a[@class='active']<----was found
20:32:35.239 INFO  manager.MyListener - Start find element--->>>By.xpath: //input[@placeholder='Name']
20:32:35.258 INFO  manager.MyListener - The element with locator--->>>By.xpath: //input[@placeholder='Name']<----was found
20:32:35.391 INFO  manager.MyListener - Start find element--->>>By.xpath: //input[@placeholder='Last Name']
20:32:35.412 INFO  manager.MyListener - The element with locator--->>>By.xpath: //input[@placeholder='Last Name']<----was found
20:32:35.542 INFO  manager.MyListener - Start find element--->>>By.xpath: //input[@placeholder='Phone']
20:32:35.562 INFO  manager.MyListener - The element with locator--->>>By.xpath: //input[@placeholder='Phone']<----was found
20:32:35.700 INFO  manager.MyListener - Start find element--->>>By.xpath: //input[@placeholder='email']
20:32:35.724 INFO  manager.MyListener - The element with locator--->>>By.xpath: //input[@placeholder='email']<----was found
20:32:35.881 INFO  manager.MyListener - Start find element--->>>By.xpath: //input[@placeholder='Address']
20:32:35.899 INFO  manager.MyListener - The element with locator--->>>By.xpath: //input[@placeholder='Address']<----was found
20:32:36.031 INFO  manager.MyListener - Start find element--->>>By.xpath: //input[@placeholder='description']
20:32:36.048 INFO  manager.MyListener - The element with locator--->>>By.xpath: //input[@placeholder='description']<----was found
20:32:36.176 INFO  manager.MyListener - Start find element--->>>By.cssSelector: div[class='add_form__2rsm2'] button
20:32:36.201 INFO  manager.MyListener - The element with locator--->>>By.cssSelector: div[class='add_form__2rsm2'] button<----was found
20:32:41.251 INFO  manager.MyListener - Start find element--->>>By.xpath: //*[text()='Sign Out']
20:32:41.269 INFO  manager.MyListener - The element with locator--->>>By.xpath: //*[text()='Sign Out']<----was found
20:32:41.272 INFO  manager.MyListener - Start find element--->>>By.cssSelector: a[href='/add']
20:32:41.288 INFO  manager.MyListener - The element with locator--->>>By.cssSelector: a[href='/add']<----was found
20:32:41.337 INFO  manager.MyListener - Start find element--->>>By.xpath: //a[@class='active']
20:32:41.354 INFO  manager.MyListener - The element with locator--->>>By.xpath: //a[@class='active']<----was found
20:32:41.403 INFO  manager.MyListener - Start find element--->>>By.xpath: //input[@placeholder='Name']
20:32:41.421 INFO  manager.MyListener - The element with locator--->>>By.xpath: //input[@placeholder='Name']<----was found
20:32:41.562 INFO  manager.MyListener - Start find element--->>>By.xpath: //input[@placeholder='Last Name']
20:32:41.576 INFO  manager.MyListener - The element with locator--->>>By.xpath: //input[@placeholder='Last Name']<----was found
20:32:41.717 INFO  manager.MyListener - Start find element--->>>By.xpath: //input[@placeholder='Phone']
20:32:41.735 INFO  manager.MyListener - The element with locator--->>>By.xpath: //input[@placeholder='Phone']<----was found
20:32:41.892 INFO  manager.MyListener - Start find element--->>>By.xpath: //input[@placeholder='email']
20:32:41.907 INFO  manager.MyListener - The element with locator--->>>By.xpath: //input[@placeholder='email']<----was found
20:32:42.087 INFO  manager.MyListener - Start find element--->>>By.xpath: //input[@placeholder='Address']
20:32:42.103 INFO  manager.MyListener - The element with locator--->>>By.xpath: //input[@placeholder='Address']<----was found
20:32:42.241 INFO  manager.MyListener - Start find element--->>>By.xpath: //input[@placeholder='description']
20:32:42.253 INFO  manager.MyListener - The element with locator--->>>By.xpath: //input[@placeholder='description']<----was found
20:32:42.425 INFO  manager.MyListener - Start find element--->>>By.cssSelector: div[class='add_form__2rsm2'] button
20:32:42.450 INFO  manager.MyListener - The element with locator--->>>By.cssSelector: div[class='add_form__2rsm2'] button<----was found
