11:52:32.391 INFO  manager.ApplicationManager - All tests start in ChromeDriver
11:52:33.941 INFO  manager.MyListener - Start find element--->>>By.xpath: //*[text()='Sign Out']
11:52:38.990 INFO  manager.MyListener - The element with locator--->>>By.xpath: //*[text()='Sign Out']<----was found
11:52:38.994 INFO  tests.TestBAse - start testloginSuccessNew
11:52:38.996 INFO  tests.TestBAse - Testing 'loginSuccessNew' 
11:52:38.997 INFO  tests.TestBAse - The test starts with data [missira85@gmail.com] & [Irinka777$]
11:52:38.997 INFO  manager.MyListener - Start find element--->>>By.cssSelector: [href='/login']
11:52:39.023 INFO  manager.MyListener - The element with locator--->>>By.cssSelector: [href='/login']<----was found
11:52:39.088 INFO  manager.MyListener - Start find element--->>>By.xpath: //inpu[1]
11:52:44.156 INFO  manager.MyListener - We have a 'throwable'--->>>no such element: Unable to locate element: {"method":"xpath","selector":"//inpu[1]"}
  (Session info: chrome=96.0.4664.110)
For documentation on this error, please visit: https://www.seleniumhq.org/exceptions/no_such_element.html
Build info: version: '3.141.59', revision: 'e82be7d358', time: '2018-11-14T08:17:03'
System info: host: 'desktopirina', ip: '127.0.1.1', os.name: 'Linux', os.arch: 'amd64', os.version: '5.14.0-1031-oem', java.version: '11.0.14.1'
Driver info: org.openqa.selenium.chrome.ChromeDriver
Capabilities {acceptInsecureCerts: false, browserName: chrome, browserVersion: 96.0.4664.110, chrome: {chromedriverVersion: 96.0.4664.45 (76e4c1bb2ab46..., userDataDir: /tmp/.com.google.Chrome.1rukAZ}, goog:chromeOptions: {debuggerAddress: localhost:36267}, javascriptEnabled: true, networkConnectionEnabled: false, pageLoadStrategy: normal, platform: LINUX, platformName: LINUX, proxy: Proxy(), setWindowRect: true, strictFileInteractability: false, timeouts: {implicit: 0, pageLoad: 300000, script: 30000}, unhandledPromptBehavior: dismiss and notify, webauthn:extension:credBlob: true, webauthn:extension:largeBlob: true, webauthn:virtualAuthenticators: true}
Session ID: 06bfd9d1b356804092bff55c35c82735
*** Element info: {Using=xpath, value=//inpu[1]}
11:52:44.158 INFO  manager.MyListener - We have a 'fill In Stack Trace'--->>>org.openqa.selenium.NoSuchElementException: no such element: Unable to locate element: {"method":"xpath","selector":"//inpu[1]"}
  (Session info: chrome=96.0.4664.110)
For documentation on this error, please visit: https://www.seleniumhq.org/exceptions/no_such_element.html
Build info: version: '3.141.59', revision: 'e82be7d358', time: '2018-11-14T08:17:03'
System info: host: 'desktopirina', ip: '127.0.1.1', os.name: 'Linux', os.arch: 'amd64', os.version: '5.14.0-1031-oem', java.version: '11.0.14.1'
Driver info: org.openqa.selenium.chrome.ChromeDriver
Capabilities {acceptInsecureCerts: false, browserName: chrome, browserVersion: 96.0.4664.110, chrome: {chromedriverVersion: 96.0.4664.45 (76e4c1bb2ab46..., userDataDir: /tmp/.com.google.Chrome.1rukAZ}, goog:chromeOptions: {debuggerAddress: localhost:36267}, javascriptEnabled: true, networkConnectionEnabled: false, pageLoadStrategy: normal, platform: LINUX, platformName: LINUX, proxy: Proxy(), setWindowRect: true, strictFileInteractability: false, timeouts: {implicit: 0, pageLoad: 300000, script: 30000}, unhandledPromptBehavior: dismiss and notify, webauthn:extension:credBlob: true, webauthn:extension:largeBlob: true, webauthn:virtualAuthenticators: true}
Session ID: 06bfd9d1b356804092bff55c35c82735
*** Element info: {Using=xpath, value=//inpu[1]}
11:52:44.719 INFO  manager.MyListener - This is the link to screen with problem-->src/test/screenshots/screen-3164.png
11:52:44.721 INFO  tests.TestBAse - End of testloginSuccessNew
