17:10:26.580 INFO  manager.ApplicationManager - All tests start in ChromeDriver
17:10:27.369 INFO  manager.MyListener - Start find element--->>>By.xpath: //*[text()='Sign Out']
17:10:32.455 INFO  manager.MyListener - The element with locator--->>>By.xpath: //*[text()='Sign Out']<----was found
17:10:32.457 INFO  manager.MyListener - Start find element--->>>By.cssSelector: [href='/login']
17:10:32.480 INFO  manager.MyListener - The element with locator--->>>By.cssSelector: [href='/login']<----was found
17:10:32.553 INFO  manager.MyListener - Start find element--->>>By.xpath: //input[1]
17:10:32.566 INFO  manager.MyListener - The element with locator--->>>By.xpath: //input[1]<----was found
17:10:32.662 INFO  manager.MyListener - Start find element--->>>By.xpath: //input[2]
17:10:32.674 INFO  manager.MyListener - The element with locator--->>>By.xpath: //input[2]<----was found
17:10:32.789 INFO  manager.MyListener - Start find element--->>>By.xpath: //*[text()=' Login']
17:10:32.801 INFO  manager.MyListener - The element with locator--->>>By.xpath: //*[text()=' Login']<----was found
17:10:32.840 INFO  tests.TestBAse - start testremoveOneConatct
17:10:32.842 INFO  tests.TestBAse - removeOneConatct' 
17:10:32.843 INFO  manager.MyListener - Start find element--->>>By.xpath: //a[@class='active']
17:10:32.863 INFO  manager.MyListener - The element with locator--->>>By.xpath: //a[@class='active']<----was found
17:10:32.909 INFO  manager.MyListener - Start find element--->>>By.cssSelector: .boards-page-board-section-list-item
17:10:37.967 INFO  manager.MyListener - The element with locator--->>>By.cssSelector: .boards-page-board-section-list-item<----was found
17:10:37.968 INFO  manager.MyListener - Start find element--->>>By.xpath: //div[@class='contact-page_leftdiv__yhyke']
17:10:37.991 INFO  manager.MyListener - The element with locator--->>>By.xpath: //div[@class='contact-page_leftdiv__yhyke']<----was found
17:10:37.992 INFO  manager.MyListener - Start find element--->>>By.cssSelector: (//div[@class='contact-item_card__2SOIM'])[1]
17:10:38.046 INFO  manager.MyListener - We have a 'throwable'--->>>invalid selector: An invalid or illegal selector was specified
  (Session info: chrome=96.0.4664.110)
For documentation on this error, please visit: https://www.seleniumhq.org/exceptions/invalid_selector_exception.html
Build info: version: '3.141.59', revision: 'e82be7d358', time: '2018-11-14T08:17:03'
System info: host: 'desktopirina', ip: '127.0.1.1', os.name: 'Linux', os.arch: 'amd64', os.version: '5.14.0-1031-oem', java.version: '11.0.14.1'
Driver info: org.openqa.selenium.chrome.ChromeDriver
Capabilities {acceptInsecureCerts: false, browserName: chrome, browserVersion: 96.0.4664.110, chrome: {chromedriverVersion: 96.0.4664.45 (76e4c1bb2ab46..., userDataDir: /tmp/.com.google.Chrome.7OHIZU}, goog:chromeOptions: {debuggerAddress: localhost:42011}, javascriptEnabled: true, networkConnectionEnabled: false, pageLoadStrategy: normal, platform: LINUX, platformName: LINUX, proxy: Proxy(), setWindowRect: true, strictFileInteractability: false, timeouts: {implicit: 0, pageLoad: 300000, script: 30000}, unhandledPromptBehavior: dismiss and notify, webauthn:extension:credBlob: true, webauthn:extension:largeBlob: true, webauthn:virtualAuthenticators: true}
Session ID: b7da16d27593af196249bd838fe3dc47
*** Element info: {Using=css selector, value=(//div[@class='contact-item_card__2SOIM'])[1]}
17:10:38.048 INFO  manager.MyListener - We have a 'fill In Stack Trace'--->>>org.openqa.selenium.InvalidSelectorException: invalid selector: An invalid or illegal selector was specified
  (Session info: chrome=96.0.4664.110)
For documentation on this error, please visit: https://www.seleniumhq.org/exceptions/invalid_selector_exception.html
Build info: version: '3.141.59', revision: 'e82be7d358', time: '2018-11-14T08:17:03'
System info: host: 'desktopirina', ip: '127.0.1.1', os.name: 'Linux', os.arch: 'amd64', os.version: '5.14.0-1031-oem', java.version: '11.0.14.1'
Driver info: org.openqa.selenium.chrome.ChromeDriver
Capabilities {acceptInsecureCerts: false, browserName: chrome, browserVersion: 96.0.4664.110, chrome: {chromedriverVersion: 96.0.4664.45 (76e4c1bb2ab46..., userDataDir: /tmp/.com.google.Chrome.7OHIZU}, goog:chromeOptions: {debuggerAddress: localhost:42011}, javascriptEnabled: true, networkConnectionEnabled: false, pageLoadStrategy: normal, platform: LINUX, platformName: LINUX, proxy: Proxy(), setWindowRect: true, strictFileInteractability: false, timeouts: {implicit: 0, pageLoad: 300000, script: 30000}, unhandledPromptBehavior: dismiss and notify, webauthn:extension:credBlob: true, webauthn:extension:largeBlob: true, webauthn:virtualAuthenticators: true}
Session ID: b7da16d27593af196249bd838fe3dc47
*** Element info: {Using=css selector, value=(//div[@class='contact-item_card__2SOIM'])[1]}
17:10:38.689 INFO  manager.MyListener - This is the link to screen with problem-->src/test/screenshots/screen-638.png
17:10:38.691 INFO  tests.TestBAse - End of testremoveOneConatct
