20:18:16.528 INFO  manager.ApplicationManager - All tests start in ChromeDriver
20:18:17.249 INFO  manager.MyListener - Start find element--->>>By.xpath: //*[text()='Sign Out']
20:18:22.292 INFO  manager.MyListener - The element with locator--->>>By.xpath: //*[text()='Sign Out']<----was found
20:18:22.293 INFO  manager.MyListener - Start find element--->>>By.cssSelector: [href='/login']
20:18:22.317 INFO  manager.MyListener - The element with locator--->>>By.cssSelector: [href='/login']<----was found
20:18:22.412 INFO  manager.MyListener - Start find element--->>>By.xpath: //input[1]
20:18:22.444 INFO  manager.MyListener - The element with locator--->>>By.xpath: //input[1]<----was found
20:18:22.612 INFO  manager.MyListener - Start find element--->>>By.xpath: //input[2]
20:18:22.631 INFO  manager.MyListener - The element with locator--->>>By.xpath: //input[2]<----was found
20:18:22.783 INFO  manager.MyListener - Start find element--->>>By.xpath: //*[text()=' Login']
20:18:22.802 INFO  manager.MyListener - The element with locator--->>>By.xpath: //*[text()=' Login']<----was found
20:18:22.862 INFO  tests.TestBAse - start testremoveOneContactTaya
20:18:22.865 INFO  tests.TestBAse - Test 'removeOneContactTaya' started
20:18:22.866 INFO  manager.MyListener - Start find element--->>>By.cssSelector: .contact-item_card__2SOIM
20:18:23.683 INFO  manager.MyListener - The element with locator--->>>By.cssSelector: .contact-item_card__2SOIM<----was found
20:18:23.684 INFO  manager.MyListener - Start find element--->>>By.cssSelector: .contact-item_card__2SOIM
20:18:23.709 INFO  manager.MyListener - The element with locator--->>>By.cssSelector: .contact-item_card__2SOIM<----was found
20:18:23.711 INFO  manager.MyListener - Start find element--->>>By.cssSelector: .contact-item_card__2SOIM
20:18:23.732 INFO  manager.MyListener - The element with locator--->>>By.cssSelector: .contact-item_card__2SOIM<----was found
20:18:23.790 INFO  manager.MyListener - Start find element--->>>By.xpath: //button[normalize-space()='Remove']
20:18:23.813 INFO  manager.MyListener - The element with locator--->>>By.xpath: //button[normalize-space()='Remove']<----was found
20:18:23.865 INFO  manager.MyListener - Start find element--->>>By.cssSelector: .contact-item_card__2SOIM
20:18:23.882 INFO  manager.MyListener - The element with locator--->>>By.cssSelector: .contact-item_card__2SOIM<----was found
20:18:23.890 INFO  tests.TestBAse - End of testremoveOneContactTaya
