19:51:31.835 INFO  manager.ApplicationManager - All tests start in ChromeDriver
19:51:32.646 INFO  manager.MyListener - Start find element--->>>By.xpath: //*[text()='Sign Out']
19:51:37.685 INFO  manager.MyListener - The element with locator--->>>By.xpath: //*[text()='Sign Out']<----was found
19:51:37.686 INFO  manager.MyListener - Start find element--->>>By.cssSelector: [href='/login']
19:51:37.711 INFO  manager.MyListener - The element with locator--->>>By.cssSelector: [href='/login']<----was found
19:51:37.801 INFO  manager.MyListener - Start find element--->>>By.xpath: //input[1]
19:51:37.829 INFO  manager.MyListener - The element with locator--->>>By.xpath: //input[1]<----was found
19:51:38.000 INFO  manager.MyListener - Start find element--->>>By.xpath: //input[2]
19:51:38.022 INFO  manager.MyListener - The element with locator--->>>By.xpath: //input[2]<----was found
19:51:38.149 INFO  manager.MyListener - Start find element--->>>By.xpath: //*[text()=' Login']
19:51:38.168 INFO  manager.MyListener - The element with locator--->>>By.xpath: //*[text()=' Login']<----was found
19:51:38.256 INFO  manager.MyListener - Start find element--->>>By.cssSelector: a[href='/add']
19:51:38.860 INFO  manager.MyListener - The element with locator--->>>By.cssSelector: a[href='/add']<----was found
19:51:38.925 INFO  manager.MyListener - Start find element--->>>By.xpath: //a[@class='active']
19:51:38.949 INFO  manager.MyListener - The element with locator--->>>By.xpath: //a[@class='active']<----was found
19:51:38.997 INFO  manager.MyListener - Start find element--->>>By.xpath: //input[@placeholder='Name']
19:51:39.020 INFO  manager.MyListener - The element with locator--->>>By.xpath: //input[@placeholder='Name']<----was found
19:51:39.161 INFO  manager.MyListener - Start find element--->>>By.xpath: //input[@placeholder='Last Name']
19:51:39.182 INFO  manager.MyListener - The element with locator--->>>By.xpath: //input[@placeholder='Last Name']<----was found
19:51:39.313 INFO  manager.MyListener - Start find element--->>>By.xpath: //input[@placeholder='Phone']
19:51:39.334 INFO  manager.MyListener - The element with locator--->>>By.xpath: //input[@placeholder='Phone']<----was found
19:51:39.484 INFO  manager.MyListener - Start find element--->>>By.xpath: //input[@placeholder='email']
19:51:39.504 INFO  manager.MyListener - The element with locator--->>>By.xpath: //input[@placeholder='email']<----was found
19:51:39.645 INFO  manager.MyListener - Start find element--->>>By.xpath: //input[@placeholder='Address']
19:51:39.664 INFO  manager.MyListener - The element with locator--->>>By.xpath: //input[@placeholder='Address']<----was found
19:51:39.796 INFO  manager.MyListener - Start find element--->>>By.xpath: //input[@placeholder='description']
19:51:39.814 INFO  manager.MyListener - The element with locator--->>>By.xpath: //input[@placeholder='description']<----was found
19:51:39.950 INFO  manager.MyListener - Start find element--->>>By.cssSelector: div[class='add_form__2rsm2'] button
19:51:39.972 INFO  manager.MyListener - The element with locator--->>>By.cssSelector: div[class='add_form__2rsm2'] button<----was found
19:51:45.018 INFO  manager.MyListener - Start find element--->>>By.xpath: //*[text()='Sign Out']
19:51:45.036 INFO  manager.MyListener - The element with locator--->>>By.xpath: //*[text()='Sign Out']<----was found
19:51:45.039 INFO  manager.MyListener - Start find element--->>>By.cssSelector: a[href='/add']
19:51:45.055 INFO  manager.MyListener - The element with locator--->>>By.cssSelector: a[href='/add']<----was found
19:51:45.096 INFO  manager.MyListener - Start find element--->>>By.xpath: //a[@class='active']
19:51:45.117 INFO  manager.MyListener - The element with locator--->>>By.xpath: //a[@class='active']<----was found
19:51:45.156 INFO  manager.MyListener - Start find element--->>>By.xpath: //input[@placeholder='Name']
19:51:45.170 INFO  manager.MyListener - The element with locator--->>>By.xpath: //input[@placeholder='Name']<----was found
19:51:45.298 INFO  manager.MyListener - Start find element--->>>By.xpath: //input[@placeholder='Last Name']
19:51:45.311 INFO  manager.MyListener - The element with locator--->>>By.xpath: //input[@placeholder='Last Name']<----was found
19:51:45.441 INFO  manager.MyListener - Start find element--->>>By.xpath: //input[@placeholder='Phone']
19:51:45.455 INFO  manager.MyListener - The element with locator--->>>By.xpath: //input[@placeholder='Phone']<----was found
19:51:45.600 INFO  manager.MyListener - Start find element--->>>By.xpath: //input[@placeholder='email']
19:51:45.612 INFO  manager.MyListener - The element with locator--->>>By.xpath: //input[@placeholder='email']<----was found
19:51:45.780 INFO  manager.MyListener - Start find element--->>>By.xpath: //input[@placeholder='Address']
19:51:45.794 INFO  manager.MyListener - The element with locator--->>>By.xpath: //input[@placeholder='Address']<----was found
19:51:45.934 INFO  manager.MyListener - Start find element--->>>By.xpath: //input[@placeholder='description']
19:51:45.945 INFO  manager.MyListener - The element with locator--->>>By.xpath: //input[@placeholder='description']<----was found
19:51:46.083 INFO  manager.MyListener - Start find element--->>>By.cssSelector: div[class='add_form__2rsm2'] button
19:51:46.094 INFO  manager.MyListener - The element with locator--->>>By.cssSelector: div[class='add_form__2rsm2'] button<----was found
