23:09:35.528 INFO  manager.ApplicationManager - All tests start in ChromeDriver
23:09:36.440 INFO  manager.MyListener - Start find element--->>>By.xpath: //*[text()='Sign Out']
23:09:41.473 INFO  manager.MyListener - The element with locator--->>>By.xpath: //*[text()='Sign Out']<----was found
23:09:41.475 INFO  manager.MyListener - Start find element--->>>By.cssSelector: [href='/login']
23:09:41.501 INFO  manager.MyListener - The element with locator--->>>By.cssSelector: [href='/login']<----was found
23:09:41.579 INFO  manager.MyListener - Start find element--->>>By.xpath: //input[1]
23:09:41.602 INFO  manager.MyListener - The element with locator--->>>By.xpath: //input[1]<----was found
23:09:41.751 INFO  manager.MyListener - Start find element--->>>By.xpath: //input[2]
23:09:41.778 INFO  manager.MyListener - The element with locator--->>>By.xpath: //input[2]<----was found
23:09:41.910 INFO  manager.MyListener - Start find element--->>>By.xpath: //*[text()=' Login']
23:09:41.928 INFO  manager.MyListener - The element with locator--->>>By.xpath: //*[text()=' Login']<----was found
23:09:41.977 INFO  tests.TestBAse - start testremoveAllConatct
23:09:41.979 INFO  tests.TestBAse - Test 'removeAllContact' started
23:09:41.979 INFO  manager.MyListener - Start find element--->>>By.xpath: //a[@class='active']
23:09:41.996 INFO  manager.MyListener - The element with locator--->>>By.xpath: //a[@class='active']<----was found
23:09:42.034 INFO  manager.MyListener - Start find element--->>>By.cssSelector: div[class='contact-page_leftdiv__yhyke'] div div:nth-child(1)
23:09:42.852 INFO  manager.MyListener - The element with locator--->>>By.cssSelector: div[class='contact-page_leftdiv__yhyke'] div div:nth-child(1)<----was found
23:09:42.878 INFO  manager.MyListener - Start find element--->>>By.xpath: //button[normalize-space()='Remove']
23:09:42.903 INFO  manager.MyListener - The element with locator--->>>By.xpath: //button[normalize-space()='Remove']<----was found
23:09:42.952 INFO  manager.MyListener - Start find element--->>>By.cssSelector: div[class='contact-page_leftdiv__yhyke'] div div:nth-child(1)
23:09:42.973 INFO  manager.MyListener - The element with locator--->>>By.cssSelector: div[class='contact-page_leftdiv__yhyke'] div div:nth-child(1)<----was found
23:09:42.974 INFO  manager.MyListener - Start find element--->>>By.cssSelector: div[class='contact-page_leftdiv__yhyke'] div div:nth-child(1)
23:09:42.986 INFO  manager.MyListener - The element with locator--->>>By.cssSelector: div[class='contact-page_leftdiv__yhyke'] div div:nth-child(1)<----was found
23:09:43.001 INFO  manager.MyListener - Start find element--->>>By.xpath: //button[normalize-space()='Remove']
23:09:43.016 INFO  manager.MyListener - The element with locator--->>>By.xpath: //button[normalize-space()='Remove']<----was found
23:09:43.047 INFO  manager.MyListener - Start find element--->>>By.cssSelector: .contact-item_card__2SOIM
23:09:43.066 INFO  manager.MyListener - The element with locator--->>>By.cssSelector: .contact-item_card__2SOIM<----was found
23:09:43.073 INFO  tests.TestBAse - End of testremoveAllConatct
