20:24:31.656 INFO  manager.ApplicationManager - All tests start in ChromeDriver
20:24:32.501 INFO  manager.MyListener - Start find element--->>>By.xpath: //*[text()='Sign Out']
20:24:37.545 INFO  manager.MyListener - The element with locator--->>>By.xpath: //*[text()='Sign Out']<----was found
20:24:37.546 INFO  manager.MyListener - Start find element--->>>By.cssSelector: [href='/login']
20:24:37.571 INFO  manager.MyListener - The element with locator--->>>By.cssSelector: [href='/login']<----was found
20:24:37.651 INFO  manager.MyListener - Start find element--->>>By.xpath: //input[1]
20:24:37.674 INFO  manager.MyListener - The element with locator--->>>By.xpath: //input[1]<----was found
20:24:37.824 INFO  manager.MyListener - Start find element--->>>By.xpath: //input[2]
20:24:37.842 INFO  manager.MyListener - The element with locator--->>>By.xpath: //input[2]<----was found
20:24:37.971 INFO  manager.MyListener - Start find element--->>>By.xpath: //*[text()=' Login']
20:24:37.989 INFO  manager.MyListener - The element with locator--->>>By.xpath: //*[text()=' Login']<----was found
20:24:38.044 INFO  tests.TestBAse - start testremoveOneContact
20:24:38.046 INFO  tests.TestBAse - Test 'removeOneContact' started
20:24:38.046 INFO  manager.MyListener - Start find element--->>>By.cssSelector: .contact-item_card__2SOIM
20:24:38.833 INFO  manager.MyListener - The element with locator--->>>By.cssSelector: .contact-item_card__2SOIM<----was found
20:24:38.893 INFO  manager.MyListener - Start find element--->>>By.xpath: //button[normalize-space()='Remove']
20:24:38.914 INFO  manager.MyListener - The element with locator--->>>By.xpath: //button[normalize-space()='Remove']<----was found
20:24:38.961 INFO  manager.MyListener - Start find element--->>>By.cssSelector: .contact-item_card__2SOIM
20:24:38.983 INFO  manager.MyListener - The element with locator--->>>By.cssSelector: .contact-item_card__2SOIM<----was found
20:24:38.990 INFO  tests.TestBAse - End of testremoveOneContact
