22:42:38.311 INFO  manager.ApplicationManager - All tests start in ChromeDriver
22:42:39.190 INFO  manager.MyListener - Start find element--->>>By.xpath: //*[text()='Sign Out']
22:42:44.225 INFO  manager.MyListener - The element with locator--->>>By.xpath: //*[text()='Sign Out']<----was found
22:42:44.226 INFO  manager.MyListener - Start find element--->>>By.cssSelector: [href='/login']
22:42:44.251 INFO  manager.MyListener - The element with locator--->>>By.cssSelector: [href='/login']<----was found
22:42:44.335 INFO  manager.MyListener - Start find element--->>>By.xpath: //input[1]
22:42:44.358 INFO  manager.MyListener - The element with locator--->>>By.xpath: //input[1]<----was found
22:42:44.509 INFO  manager.MyListener - Start find element--->>>By.xpath: //input[2]
22:42:44.531 INFO  manager.MyListener - The element with locator--->>>By.xpath: //input[2]<----was found
22:42:44.666 INFO  manager.MyListener - Start find element--->>>By.xpath: //*[text()=' Login']
22:42:44.686 INFO  manager.MyListener - The element with locator--->>>By.xpath: //*[text()=' Login']<----was found
22:42:44.741 INFO  tests.TestBAse - start testremoveAllConatct
22:42:44.744 INFO  tests.TestBAse - removeAllContact
22:42:44.744 INFO  manager.MyListener - Start find element--->>>By.xpath: //a[@class='active']
22:42:44.765 INFO  manager.MyListener - The element with locator--->>>By.xpath: //a[@class='active']<----was found
22:42:44.809 INFO  manager.MyListener - Start find element--->>>By.cssSelector: div[class='contact-page_leftdiv__yhyke'] div div:nth-child(1)
22:42:45.536 INFO  manager.MyListener - The element with locator--->>>By.cssSelector: div[class='contact-page_leftdiv__yhyke'] div div:nth-child(1)<----was found
22:42:45.564 INFO  manager.MyListener - Start find element--->>>By.xpath: //button[normalize-space()='Remove']
22:42:45.594 INFO  manager.MyListener - The element with locator--->>>By.xpath: //button[normalize-space()='Remove']<----was found
22:42:45.641 INFO  manager.MyListener - Start find element--->>>By.xpath: //div[@class='contact-page_leftdiv__yhyke'
22:42:45.695 INFO  manager.MyListener - We have a 'throwable'--->>>invalid selector: Unable to locate an element with the xpath expression //div[@class='contact-page_leftdiv__yhyke' because of the following error:
SyntaxError: Failed to execute 'evaluate' on 'Document': The string '//div[@class='contact-page_leftdiv__yhyke'' is not a valid XPath expression.
  (Session info: chrome=96.0.4664.110)
For documentation on this error, please visit: https://www.seleniumhq.org/exceptions/invalid_selector_exception.html
Build info: version: '3.141.59', revision: 'e82be7d358', time: '2018-11-14T08:17:03'
System info: host: 'desktopirina', ip: '127.0.1.1', os.name: 'Linux', os.arch: 'amd64', os.version: '5.14.0-1031-oem', java.version: '11.0.14.1'
Driver info: org.openqa.selenium.chrome.ChromeDriver
Capabilities {acceptInsecureCerts: false, browserName: chrome, browserVersion: 96.0.4664.110, chrome: {chromedriverVersion: 96.0.4664.45 (76e4c1bb2ab46..., userDataDir: /tmp/.com.google.Chrome.FiCYNb}, goog:chromeOptions: {debuggerAddress: localhost:42579}, javascriptEnabled: true, networkConnectionEnabled: false, pageLoadStrategy: normal, platform: LINUX, platformName: LINUX, proxy: Proxy(), setWindowRect: true, strictFileInteractability: false, timeouts: {implicit: 0, pageLoad: 300000, script: 30000}, unhandledPromptBehavior: dismiss and notify, webauthn:extension:credBlob: true, webauthn:extension:largeBlob: true, webauthn:virtualAuthenticators: true}
Session ID: 323a392dabd3c32d51c19b3754725748
*** Element info: {Using=xpath, value=//div[@class='contact-page_leftdiv__yhyke'}
22:42:45.697 INFO  manager.MyListener - We have a 'fill In Stack Trace'--->>>org.openqa.selenium.InvalidSelectorException: invalid selector: Unable to locate an element with the xpath expression //div[@class='contact-page_leftdiv__yhyke' because of the following error:
SyntaxError: Failed to execute 'evaluate' on 'Document': The string '//div[@class='contact-page_leftdiv__yhyke'' is not a valid XPath expression.
  (Session info: chrome=96.0.4664.110)
For documentation on this error, please visit: https://www.seleniumhq.org/exceptions/invalid_selector_exception.html
Build info: version: '3.141.59', revision: 'e82be7d358', time: '2018-11-14T08:17:03'
System info: host: 'desktopirina', ip: '127.0.1.1', os.name: 'Linux', os.arch: 'amd64', os.version: '5.14.0-1031-oem', java.version: '11.0.14.1'
Driver info: org.openqa.selenium.chrome.ChromeDriver
Capabilities {acceptInsecureCerts: false, browserName: chrome, browserVersion: 96.0.4664.110, chrome: {chromedriverVersion: 96.0.4664.45 (76e4c1bb2ab46..., userDataDir: /tmp/.com.google.Chrome.FiCYNb}, goog:chromeOptions: {debuggerAddress: localhost:42579}, javascriptEnabled: true, networkConnectionEnabled: false, pageLoadStrategy: normal, platform: LINUX, platformName: LINUX, proxy: Proxy(), setWindowRect: true, strictFileInteractability: false, timeouts: {implicit: 0, pageLoad: 300000, script: 30000}, unhandledPromptBehavior: dismiss and notify, webauthn:extension:credBlob: true, webauthn:extension:largeBlob: true, webauthn:virtualAuthenticators: true}
Session ID: 323a392dabd3c32d51c19b3754725748
*** Element info: {Using=xpath, value=//div[@class='contact-page_leftdiv__yhyke'}
22:42:46.252 INFO  manager.MyListener - This is the link to screen with problem-->src/test/screenshots/screen-2565.png
22:42:46.254 INFO  tests.TestBAse - End of testremoveAllConatct
