23:00:37.663 INFO  manager.ApplicationManager - All tests start in ChromeDriver
23:00:38.604 INFO  manager.MyListener - Start find element--->>>By.xpath: //*[text()='Sign Out']
23:00:43.652 INFO  manager.MyListener - The element with locator--->>>By.xpath: //*[text()='Sign Out']<----was found
23:00:43.653 INFO  manager.MyListener - Start find element--->>>By.cssSelector: [href='/login']
23:00:43.680 INFO  manager.MyListener - The element with locator--->>>By.cssSelector: [href='/login']<----was found
23:00:43.755 INFO  manager.MyListener - Start find element--->>>By.xpath: //input[1]
23:00:43.777 INFO  manager.MyListener - The element with locator--->>>By.xpath: //input[1]<----was found
23:00:43.916 INFO  manager.MyListener - Start find element--->>>By.xpath: //input[2]
23:00:43.933 INFO  manager.MyListener - The element with locator--->>>By.xpath: //input[2]<----was found
23:00:44.068 INFO  manager.MyListener - Start find element--->>>By.xpath: //*[text()=' Login']
23:00:44.089 INFO  manager.MyListener - The element with locator--->>>By.xpath: //*[text()=' Login']<----was found
23:00:44.143 INFO  tests.TestBAse - start testremoveAllConatct
23:00:44.145 INFO  tests.TestBAse - Test 'removeAllContact' started
23:00:44.145 INFO  manager.MyListener - Start find element--->>>By.xpath: //a[@class='active']
23:00:44.165 INFO  manager.MyListener - The element with locator--->>>By.xpath: //a[@class='active']<----was found
23:00:44.207 INFO  manager.MyListener - Start find element--->>>By.cssSelector: div[class='contact-page_leftdiv__yhyke'] div div:nth-child(1)
23:00:44.982 INFO  manager.MyListener - The element with locator--->>>By.cssSelector: div[class='contact-page_leftdiv__yhyke'] div div:nth-child(1)<----was found
23:00:45.006 INFO  manager.MyListener - Start find element--->>>By.xpath: //button[normalize-space()='Remove']
23:00:45.029 INFO  manager.MyListener - The element with locator--->>>By.xpath: //button[normalize-space()='Remove']<----was found
23:00:45.078 INFO  manager.MyListener - Start find element--->>>By.cssSelector: div[class='contact-page_leftdiv__yhyke'] div div:nth-child(1)
23:00:45.099 INFO  manager.MyListener - The element with locator--->>>By.cssSelector: div[class='contact-page_leftdiv__yhyke'] div div:nth-child(1)<----was found
23:00:45.100 INFO  manager.MyListener - Start find element--->>>By.cssSelector: div[class='contact-page_leftdiv__yhyke'] div div:nth-child(1)
23:00:45.113 INFO  manager.MyListener - The element with locator--->>>By.cssSelector: div[class='contact-page_leftdiv__yhyke'] div div:nth-child(1)<----was found
23:00:45.129 INFO  manager.MyListener - Start find element--->>>By.xpath: //button[normalize-space()='Remove']
23:00:45.144 INFO  manager.MyListener - The element with locator--->>>By.xpath: //button[normalize-space()='Remove']<----was found
23:00:45.177 INFO  tests.TestBAse - End of testremoveAllConatct
