14:04:10.454 INFO  manager.ApplicationManager - All tests start in ChromeDriver
14:04:11.152 INFO  manager.MyListener - Start find element--->>>By.xpath: //*[text()='Sign Out']
14:04:16.201 INFO  manager.MyListener - The element with locator--->>>By.xpath: //*[text()='Sign Out']<----was found
14:04:16.205 INFO  tests.TestBAse - start testloginSuccessNew1
14:04:16.207 INFO  tests.TestBAse - Testing 'loginSuccessNew1' 
14:04:16.217 INFO  tests.TestBAse - The test starts with emailmissira85@gmail.comand password Passw0rd$
14:04:16.217 INFO  manager.MyListener - Start find element--->>>By.cssSelector: [href='/login']
14:04:16.239 INFO  manager.MyListener - The element with locator--->>>By.cssSelector: [href='/login']<----was found
14:04:16.293 INFO  manager.MyListener - Start find element--->>>By.xpath: //input[1]
14:04:16.306 INFO  manager.MyListener - The element with locator--->>>By.xpath: //input[1]<----was found
14:04:16.416 INFO  manager.MyListener - Start find element--->>>By.xpath: //input[2]
14:04:16.427 INFO  manager.MyListener - The element with locator--->>>By.xpath: //input[2]<----was found
14:04:16.531 INFO  manager.MyListener - Start find element--->>>By.xpath: //*[text()=' Login']
14:04:16.543 INFO  manager.MyListener - The element with locator--->>>By.xpath: //*[text()=' Login']<----was found
14:04:21.582 INFO  manager.MyListener - Start find element--->>>By.xpath: //*[text()='Sign Out']
14:04:21.601 INFO  manager.MyListener - The element with locator--->>>By.xpath: //*[text()='Sign Out']<----was found
14:04:21.609 INFO  tests.TestBAse - End of testloginSuccessNew1
14:04:21.611 INFO  manager.MyListener - Start find element--->>>By.xpath: //*[text()='Sign Out']
14:04:21.626 INFO  manager.MyListener - The element with locator--->>>By.xpath: //*[text()='Sign Out']<----was found
14:04:21.627 INFO  manager.MyListener - Start find element--->>>By.xpath: //button[text()='Sign Out']
14:04:21.647 INFO  manager.MyListener - The element with locator--->>>By.xpath: //button[text()='Sign Out']<----was found
14:04:21.713 INFO  tests.TestBAse - Testpublic void tests.LoginTests.loginSuccessNew1(java.lang.String,java.lang.String) needs logout
14:04:21.714 INFO  tests.TestBAse - start testloginSuccessNew1
14:04:21.715 INFO  tests.TestBAse - Testing 'loginSuccessNew1' 
14:04:21.715 INFO  tests.TestBAse - The test starts with emailmissira85@gmail.comand password Passw0rd$
14:04:21.715 INFO  manager.MyListener - Start find element--->>>By.cssSelector: [href='/login']
14:04:21.724 INFO  manager.MyListener - The element with locator--->>>By.cssSelector: [href='/login']<----was found
14:04:21.758 INFO  manager.MyListener - Start find element--->>>By.xpath: //input[1]
14:04:21.768 INFO  manager.MyListener - The element with locator--->>>By.xpath: //input[1]<----was found
14:04:21.876 INFO  manager.MyListener - Start find element--->>>By.xpath: //input[2]
14:04:21.886 INFO  manager.MyListener - The element with locator--->>>By.xpath: //input[2]<----was found
14:04:21.989 INFO  manager.MyListener - Start find element--->>>By.xpath: //*[text()=' Login']
14:04:21.997 INFO  manager.MyListener - The element with locator--->>>By.xpath: //*[text()=' Login']<----was found
14:04:27.028 INFO  manager.MyListener - Start find element--->>>By.xpath: //*[text()='Sign Out']
14:04:27.045 INFO  manager.MyListener - The element with locator--->>>By.xpath: //*[text()='Sign Out']<----was found
14:04:27.047 INFO  tests.TestBAse - End of testloginSuccessNew1
14:04:27.048 INFO  manager.MyListener - Start find element--->>>By.xpath: //*[text()='Sign Out']
14:04:27.062 INFO  manager.MyListener - The element with locator--->>>By.xpath: //*[text()='Sign Out']<----was found
14:04:27.063 INFO  manager.MyListener - Start find element--->>>By.xpath: //button[text()='Sign Out']
14:04:27.076 INFO  manager.MyListener - The element with locator--->>>By.xpath: //button[text()='Sign Out']<----was found
14:04:27.133 INFO  tests.TestBAse - Testpublic void tests.LoginTests.loginSuccessNew1(java.lang.String,java.lang.String) needs logout
14:04:27.134 INFO  tests.TestBAse - start testloginSuccessNew1
14:04:27.135 INFO  tests.TestBAse - Testing 'loginSuccessNew1' 
14:04:27.135 INFO  tests.TestBAse - The test starts with emailmissira85@gmail.comand password Passw0rd$
14:04:27.136 INFO  manager.MyListener - Start find element--->>>By.cssSelector: [href='/login']
14:04:27.148 INFO  manager.MyListener - The element with locator--->>>By.cssSelector: [href='/login']<----was found
14:04:27.209 INFO  manager.MyListener - Start find element--->>>By.xpath: //input[1]
14:04:27.223 INFO  manager.MyListener - The element with locator--->>>By.xpath: //input[1]<----was found
14:04:27.319 INFO  manager.MyListener - Start find element--->>>By.xpath: //input[2]
14:04:27.327 INFO  manager.MyListener - The element with locator--->>>By.xpath: //input[2]<----was found
14:04:27.406 INFO  manager.MyListener - Start find element--->>>By.xpath: //*[text()=' Login']
14:04:27.415 INFO  manager.MyListener - The element with locator--->>>By.xpath: //*[text()=' Login']<----was found
14:04:32.446 INFO  manager.MyListener - Start find element--->>>By.xpath: //*[text()='Sign Out']
14:04:32.463 INFO  manager.MyListener - The element with locator--->>>By.xpath: //*[text()='Sign Out']<----was found
14:04:32.466 INFO  tests.TestBAse - End of testloginSuccessNew1
14:04:32.468 INFO  manager.MyListener - Start find element--->>>By.xpath: //*[text()='Sign Out']
14:04:32.482 INFO  manager.MyListener - The element with locator--->>>By.xpath: //*[text()='Sign Out']<----was found
14:04:32.483 INFO  manager.MyListener - Start find element--->>>By.xpath: //button[text()='Sign Out']
14:04:32.496 INFO  manager.MyListener - The element with locator--->>>By.xpath: //button[text()='Sign Out']<----was found
14:04:32.552 INFO  tests.TestBAse - Testpublic void tests.LoginTests.loginSuccessNew1(java.lang.String,java.lang.String) needs logout
14:04:32.554 INFO  tests.TestBAse - start testloginSuccessNew1
14:04:32.555 INFO  tests.TestBAse - Testing 'loginSuccessNew1' 
14:04:32.555 INFO  tests.TestBAse - The test starts with emailmissira85@gmail.comand password Passw0rd$
14:04:32.556 INFO  manager.MyListener - Start find element--->>>By.cssSelector: [href='/login']
14:04:32.573 INFO  manager.MyListener - The element with locator--->>>By.cssSelector: [href='/login']<----was found
14:04:32.614 INFO  manager.MyListener - Start find element--->>>By.xpath: //input[1]
14:04:32.622 INFO  manager.MyListener - The element with locator--->>>By.xpath: //input[1]<----was found
14:04:32.748 INFO  manager.MyListener - Start find element--->>>By.xpath: //input[2]
14:04:32.756 INFO  manager.MyListener - The element with locator--->>>By.xpath: //input[2]<----was found
14:04:32.868 INFO  manager.MyListener - Start find element--->>>By.xpath: //*[text()=' Login']
14:04:32.876 INFO  manager.MyListener - The element with locator--->>>By.xpath: //*[text()=' Login']<----was found
14:04:37.902 INFO  manager.MyListener - Start find element--->>>By.xpath: //*[text()='Sign Out']
14:04:37.919 INFO  manager.MyListener - The element with locator--->>>By.xpath: //*[text()='Sign Out']<----was found
14:04:37.920 INFO  tests.TestBAse - End of testloginSuccessNew1
