18:24:08.574 INFO  manager.ApplicationManager - All tests start in ChromeDriver
18:24:09.519 INFO  manager.MyListener - Start find element--->>>By.xpath: //*[text()='Sign Out']
18:24:14.575 INFO  manager.MyListener - The element with locator--->>>By.xpath: //*[text()='Sign Out']<----was found
18:24:14.579 INFO  tests.TestBAse - start testloginSuccessNew1
18:24:14.581 INFO  tests.TestBAse - Testing 'loginSuccessNew1' 
18:24:14.595 INFO  tests.TestBAse - The test starts with emailmissira85@gmail.comand password Passw0rd$
18:24:14.596 INFO  manager.MyListener - Start find element--->>>By.cssSelector: [href='/login']
18:24:14.618 INFO  manager.MyListener - The element with locator--->>>By.cssSelector: [href='/login']<----was found
18:24:14.704 INFO  manager.MyListener - Start find element--->>>By.xpath: //input[1]
18:24:14.729 INFO  manager.MyListener - The element with locator--->>>By.xpath: //input[1]<----was found
18:24:14.867 INFO  manager.MyListener - Start find element--->>>By.xpath: //input[2]
18:24:14.887 INFO  manager.MyListener - The element with locator--->>>By.xpath: //input[2]<----was found
18:24:15.034 INFO  manager.MyListener - Start find element--->>>By.xpath: //*[text()=' Login']
18:24:15.052 INFO  manager.MyListener - The element with locator--->>>By.xpath: //*[text()=' Login']<----was found
18:24:16.103 INFO  manager.MyListener - Start find element--->>>By.xpath: //*[text()='Sign Out']
18:24:16.120 INFO  manager.MyListener - The element with locator--->>>By.xpath: //*[text()='Sign Out']<----was found
18:24:16.128 INFO  tests.TestBAse - End of testloginSuccessNew1
18:24:16.131 INFO  manager.MyListener - Start find element--->>>By.xpath: //*[text()='Sign Out']
18:24:16.146 INFO  manager.MyListener - The element with locator--->>>By.xpath: //*[text()='Sign Out']<----was found
18:24:16.147 INFO  manager.MyListener - Start find element--->>>By.xpath: //button[text()='Sign Out']
18:24:16.168 INFO  manager.MyListener - The element with locator--->>>By.xpath: //button[text()='Sign Out']<----was found
18:24:16.225 INFO  tests.TestBAse - Testpublic void tests.LoginTests.loginSuccessNew1(java.lang.String,java.lang.String) needs logout
18:24:16.227 INFO  tests.TestBAse - start testloginSuccessNew1
18:24:16.229 INFO  tests.TestBAse - Testing 'loginSuccessNew1' 
18:24:16.229 INFO  tests.TestBAse - The test starts with emailmissira85@gmail.comand password Passw0rd$
18:24:16.230 INFO  manager.MyListener - Start find element--->>>By.cssSelector: [href='/login']
18:24:16.245 INFO  manager.MyListener - The element with locator--->>>By.cssSelector: [href='/login']<----was found
18:24:16.297 INFO  manager.MyListener - Start find element--->>>By.xpath: //input[1]
18:24:16.310 INFO  manager.MyListener - The element with locator--->>>By.xpath: //input[1]<----was found
18:24:16.470 INFO  manager.MyListener - Start find element--->>>By.xpath: //input[2]
18:24:16.485 INFO  manager.MyListener - The element with locator--->>>By.xpath: //input[2]<----was found
18:24:16.617 INFO  manager.MyListener - Start find element--->>>By.xpath: //*[text()=' Login']
18:24:16.632 INFO  manager.MyListener - The element with locator--->>>By.xpath: //*[text()=' Login']<----was found
18:24:17.681 INFO  manager.MyListener - Start find element--->>>By.xpath: //*[text()='Sign Out']
18:24:17.693 INFO  manager.MyListener - The element with locator--->>>By.xpath: //*[text()='Sign Out']<----was found
18:24:17.695 INFO  tests.TestBAse - End of testloginSuccessNew1
18:24:17.696 INFO  manager.MyListener - Start find element--->>>By.xpath: //*[text()='Sign Out']
18:24:17.707 INFO  manager.MyListener - The element with locator--->>>By.xpath: //*[text()='Sign Out']<----was found
18:24:17.708 INFO  manager.MyListener - Start find element--->>>By.xpath: //button[text()='Sign Out']
18:24:17.721 INFO  manager.MyListener - The element with locator--->>>By.xpath: //button[text()='Sign Out']<----was found
18:24:17.786 INFO  tests.TestBAse - Testpublic void tests.LoginTests.loginSuccessNew1(java.lang.String,java.lang.String) needs logout
18:24:17.788 INFO  tests.TestBAse - start testloginSuccessNew1
18:24:17.789 INFO  tests.TestBAse - Testing 'loginSuccessNew1' 
18:24:17.789 INFO  tests.TestBAse - The test starts with emailmissira85@gmail.comand password Passw0rd$
18:24:17.791 INFO  manager.MyListener - Start find element--->>>By.cssSelector: [href='/login']
18:24:17.806 INFO  manager.MyListener - The element with locator--->>>By.cssSelector: [href='/login']<----was found
18:24:17.858 INFO  manager.MyListener - Start find element--->>>By.xpath: //input[1]
18:24:17.872 INFO  manager.MyListener - The element with locator--->>>By.xpath: //input[1]<----was found
18:24:18.028 INFO  manager.MyListener - Start find element--->>>By.xpath: //input[2]
18:24:18.041 INFO  manager.MyListener - The element with locator--->>>By.xpath: //input[2]<----was found
18:24:18.170 INFO  manager.MyListener - Start find element--->>>By.xpath: //*[text()=' Login']
18:24:18.183 INFO  manager.MyListener - The element with locator--->>>By.xpath: //*[text()=' Login']<----was found
18:24:19.220 INFO  manager.MyListener - Start find element--->>>By.xpath: //*[text()='Sign Out']
18:24:19.235 INFO  manager.MyListener - The element with locator--->>>By.xpath: //*[text()='Sign Out']<----was found
18:24:19.237 INFO  tests.TestBAse - End of testloginSuccessNew1
18:24:19.239 INFO  manager.MyListener - Start find element--->>>By.xpath: //*[text()='Sign Out']
18:24:19.253 INFO  manager.MyListener - The element with locator--->>>By.xpath: //*[text()='Sign Out']<----was found
18:24:19.254 INFO  manager.MyListener - Start find element--->>>By.xpath: //button[text()='Sign Out']
18:24:19.267 INFO  manager.MyListener - The element with locator--->>>By.xpath: //button[text()='Sign Out']<----was found
18:24:19.326 INFO  tests.TestBAse - Testpublic void tests.LoginTests.loginSuccessNew1(java.lang.String,java.lang.String) needs logout
18:24:19.328 INFO  tests.TestBAse - start testloginSuccessNew1
18:24:19.329 INFO  tests.TestBAse - Testing 'loginSuccessNew1' 
18:24:19.329 INFO  tests.TestBAse - The test starts with emailmissira85@gmail.comand password Passw0rd$
18:24:19.330 INFO  manager.MyListener - Start find element--->>>By.cssSelector: [href='/login']
18:24:19.343 INFO  manager.MyListener - The element with locator--->>>By.cssSelector: [href='/login']<----was found
18:24:19.402 INFO  manager.MyListener - Start find element--->>>By.xpath: //input[1]
18:24:19.417 INFO  manager.MyListener - The element with locator--->>>By.xpath: //input[1]<----was found
18:24:19.570 INFO  manager.MyListener - Start find element--->>>By.xpath: //input[2]
18:24:19.583 INFO  manager.MyListener - The element with locator--->>>By.xpath: //input[2]<----was found
18:24:19.710 INFO  manager.MyListener - Start find element--->>>By.xpath: //*[text()=' Login']
18:24:19.721 INFO  manager.MyListener - The element with locator--->>>By.xpath: //*[text()=' Login']<----was found
18:24:20.766 INFO  manager.MyListener - Start find element--->>>By.xpath: //*[text()='Sign Out']
18:24:20.782 INFO  manager.MyListener - The element with locator--->>>By.xpath: //*[text()='Sign Out']<----was found
18:24:20.784 INFO  tests.TestBAse - End of testloginSuccessNew1
