09:23:13.448 INFO  manager.TestNgListener - onStart(ISuite suite)
09:23:14.544 INFO  manager.ApplicationManager - All tests start in ChromeDriver
09:23:15.405 INFO  manager.MyListener - Start find element--->>>By.xpath: //*[text()='Sign Out']
09:23:20.455 INFO  manager.MyListener - The element with locator--->>>By.xpath: //*[text()='Sign Out']<----was found
09:23:20.456 INFO  manager.MyListener - Start find element--->>>By.cssSelector: [href='/login']
09:23:20.479 INFO  manager.MyListener - The element with locator--->>>By.cssSelector: [href='/login']<----was found
09:23:20.547 INFO  manager.MyListener - Start find element--->>>By.xpath: //input[1]
09:23:20.560 INFO  manager.MyListener - The element with locator--->>>By.xpath: //input[1]<----was found
09:23:20.649 INFO  manager.MyListener - Start find element--->>>By.xpath: //input[2]
09:23:20.662 INFO  manager.MyListener - The element with locator--->>>By.xpath: //input[2]<----was found
09:23:20.732 INFO  manager.MyListener - Start find element--->>>By.xpath: //*[text()=' Login']
09:23:20.745 INFO  manager.MyListener - The element with locator--->>>By.xpath: //*[text()=' Login']<----was found
09:23:20.785 INFO  tests.TestBAse - Start testaddNewContactSuccess
09:23:20.787 INFO  manager.TestNgListener - onTestStartnull
09:23:20.795 INFO  manager.MyListener - Start find element--->>>By.cssSelector: a[href='/add']
09:23:21.319 INFO  manager.MyListener - The element with locator--->>>By.cssSelector: a[href='/add']<----was found
09:23:21.377 INFO  manager.MyListener - Start find element--->>>By.xpath: //a[@class='active']
09:23:21.392 INFO  manager.MyListener - The element with locator--->>>By.xpath: //a[@class='active']<----was found
09:23:21.421 INFO  manager.MyListener - Start find element--->>>By.xpath: //input[@placeholder='Name']
09:23:21.433 INFO  manager.MyListener - The element with locator--->>>By.xpath: //input[@placeholder='Name']<----was found
09:23:21.507 INFO  manager.MyListener - Start find element--->>>By.xpath: //input[@placeholder='Last Name']
09:23:21.519 INFO  manager.MyListener - The element with locator--->>>By.xpath: //input[@placeholder='Last Name']<----was found
09:23:21.588 INFO  manager.MyListener - Start find element--->>>By.xpath: //input[@placeholder='Phone']
09:23:21.600 INFO  manager.MyListener - The element with locator--->>>By.xpath: //input[@placeholder='Phone']<----was found
09:23:21.673 INFO  manager.MyListener - Start find element--->>>By.xpath: //input[@placeholder='email']
09:23:21.688 INFO  manager.MyListener - The element with locator--->>>By.xpath: //input[@placeholder='email']<----was found
09:23:21.764 INFO  manager.MyListener - Start find element--->>>By.xpath: //input[@placeholder='Address']
09:23:21.776 INFO  manager.MyListener - The element with locator--->>>By.xpath: //input[@placeholder='Address']<----was found
09:23:21.903 INFO  manager.MyListener - Start find element--->>>By.xpath: //input[@placeholder='description']
09:23:21.920 INFO  manager.MyListener - The element with locator--->>>By.xpath: //input[@placeholder='description']<----was found
09:23:22.013 INFO  manager.MyListener - Start find element--->>>By.cssSelector: b
09:23:22.024 INFO  manager.MyListener - The element with locator--->>>By.cssSelector: b<----was found
09:23:27.049 INFO  manager.MyListener - Start find element--->>>By.cssSelector: .active
09:23:27.072 INFO  manager.MyListener - The element with locator--->>>By.cssSelector: .active<----was found
09:23:27.087 INFO  manager.MyListener - Start find element--->>>By.cssSelector: .contact-item_card__2SOIM
09:23:27.108 INFO  manager.MyListener - The element with locator--->>>By.cssSelector: .contact-item_card__2SOIM<----was found
09:23:27.109 INFO  manager.MyListener - Start find element--->>>By.cssSelector: h2
09:23:27.129 INFO  manager.MyListener - The element with locator--->>>By.cssSelector: h2<----was found
09:23:27.150 INFO  manager.MyListener - Start find element--->>>By.cssSelector: h3
09:23:27.169 INFO  manager.MyListener - The element with locator--->>>By.cssSelector: h3<----was found
09:23:27.193 INFO  tests.TestBAse - End of testaddNewContactSuccess
09:23:27.212 INFO  manager.MyListener - Start find element--->>>By.xpath: //*[text()='Sign Out']
09:23:27.226 INFO  manager.MyListener - The element with locator--->>>By.xpath: //*[text()='Sign Out']<----was found
09:23:27.227 INFO  manager.TestNgListener - onTestStartnull
09:23:27.256 INFO  tests.TestBAse - Test start with contactContact(name=Mona, lastName=Dow, phone=99988897, email=mona@gmail.com, address=Haifa, description=friend)
09:23:27.257 INFO  manager.MyListener - Start find element--->>>By.cssSelector: a[href='/add']
09:23:27.269 INFO  manager.MyListener - The element with locator--->>>By.cssSelector: a[href='/add']<----was found
09:23:27.310 INFO  manager.MyListener - Start find element--->>>By.xpath: //a[@class='active']
09:23:27.334 INFO  manager.MyListener - The element with locator--->>>By.xpath: //a[@class='active']<----was found
09:23:27.371 INFO  manager.MyListener - Start find element--->>>By.xpath: //input[@placeholder='Name']
09:23:27.383 INFO  manager.MyListener - The element with locator--->>>By.xpath: //input[@placeholder='Name']<----was found
09:23:27.505 INFO  manager.MyListener - Start find element--->>>By.xpath: //input[@placeholder='Last Name']
09:23:27.513 INFO  manager.MyListener - The element with locator--->>>By.xpath: //input[@placeholder='Last Name']<----was found
09:23:27.602 INFO  manager.MyListener - Start find element--->>>By.xpath: //input[@placeholder='Phone']
09:23:27.610 INFO  manager.MyListener - The element with locator--->>>By.xpath: //input[@placeholder='Phone']<----was found
09:23:27.718 INFO  manager.MyListener - Start find element--->>>By.xpath: //input[@placeholder='email']
09:23:27.728 INFO  manager.MyListener - The element with locator--->>>By.xpath: //input[@placeholder='email']<----was found
09:23:27.806 INFO  manager.MyListener - Start find element--->>>By.xpath: //input[@placeholder='Address']
09:23:27.815 INFO  manager.MyListener - The element with locator--->>>By.xpath: //input[@placeholder='Address']<----was found
09:23:27.900 INFO  manager.MyListener - Start find element--->>>By.xpath: //input[@placeholder='description']
09:23:27.908 INFO  manager.MyListener - The element with locator--->>>By.xpath: //input[@placeholder='description']<----was found
09:23:27.978 INFO  manager.MyListener - Start find element--->>>By.cssSelector: b
09:23:27.985 INFO  manager.MyListener - The element with locator--->>>By.cssSelector: b<----was found
09:23:33.013 INFO  tests.TestBAse - End of testaddNewContactSuccessProviderCSV
09:23:33.014 INFO  manager.MyListener - Start find element--->>>By.xpath: //*[text()='Sign Out']
09:23:33.029 INFO  manager.MyListener - The element with locator--->>>By.xpath: //*[text()='Sign Out']<----was found
09:23:33.030 INFO  manager.TestNgListener - onTestStartnull
09:23:33.031 INFO  tests.TestBAse - Test start with contactContact(name=Joe, lastName=Wow, phone=99988899, email=monka@gmail.com, address=Rehovot,Israel, description=friend)
09:23:33.031 INFO  manager.MyListener - Start find element--->>>By.cssSelector: a[href='/add']
09:23:33.045 INFO  manager.MyListener - The element with locator--->>>By.cssSelector: a[href='/add']<----was found
09:23:33.085 INFO  manager.MyListener - Start find element--->>>By.xpath: //a[@class='active']
09:23:33.093 INFO  manager.MyListener - The element with locator--->>>By.xpath: //a[@class='active']<----was found
09:23:33.112 INFO  manager.MyListener - Start find element--->>>By.xpath: //input[@placeholder='Name']
09:23:33.119 INFO  manager.MyListener - The element with locator--->>>By.xpath: //input[@placeholder='Name']<----was found
09:23:33.221 INFO  manager.MyListener - Start find element--->>>By.xpath: //input[@placeholder='Last Name']
09:23:33.229 INFO  manager.MyListener - The element with locator--->>>By.xpath: //input[@placeholder='Last Name']<----was found
09:23:33.331 INFO  manager.MyListener - Start find element--->>>By.xpath: //input[@placeholder='Phone']
09:23:33.339 INFO  manager.MyListener - The element with locator--->>>By.xpath: //input[@placeholder='Phone']<----was found
09:23:33.417 INFO  manager.MyListener - Start find element--->>>By.xpath: //input[@placeholder='email']
09:23:33.424 INFO  manager.MyListener - The element with locator--->>>By.xpath: //input[@placeholder='email']<----was found
09:23:33.502 INFO  manager.MyListener - Start find element--->>>By.xpath: //input[@placeholder='Address']
09:23:33.510 INFO  manager.MyListener - The element with locator--->>>By.xpath: //input[@placeholder='Address']<----was found
09:23:33.588 INFO  manager.MyListener - Start find element--->>>By.xpath: //input[@placeholder='description']
09:23:33.595 INFO  manager.MyListener - The element with locator--->>>By.xpath: //input[@placeholder='description']<----was found
09:23:33.690 INFO  manager.MyListener - Start find element--->>>By.cssSelector: b
09:23:33.697 INFO  manager.MyListener - The element with locator--->>>By.cssSelector: b<----was found
09:23:38.724 INFO  tests.TestBAse - End of testaddNewContactSuccessProviderCSV
09:23:38.726 INFO  manager.MyListener - Start find element--->>>By.xpath: //*[text()='Sign Out']
09:23:38.748 INFO  manager.MyListener - The element with locator--->>>By.xpath: //*[text()='Sign Out']<----was found
09:23:38.749 INFO  manager.TestNgListener - onTestStartnull
09:23:38.749 INFO  tests.TestBAse - Test start with contactContact(name=Moo, lastName=Kow, phone=99988807, email=mo0na@gmail.com, address=TelAviv, description=friend)
09:23:38.750 INFO  manager.MyListener - Start find element--->>>By.cssSelector: a[href='/add']
09:23:38.769 INFO  manager.MyListener - The element with locator--->>>By.cssSelector: a[href='/add']<----was found
09:23:38.826 INFO  manager.MyListener - Start find element--->>>By.xpath: //a[@class='active']
09:23:38.841 INFO  manager.MyListener - The element with locator--->>>By.xpath: //a[@class='active']<----was found
09:23:38.871 INFO  manager.MyListener - Start find element--->>>By.xpath: //input[@placeholder='Name']
09:23:38.884 INFO  manager.MyListener - The element with locator--->>>By.xpath: //input[@placeholder='Name']<----was found
09:23:39.008 INFO  manager.MyListener - Start find element--->>>By.xpath: //input[@placeholder='Last Name']
09:23:39.018 INFO  manager.MyListener - The element with locator--->>>By.xpath: //input[@placeholder='Last Name']<----was found
09:23:39.113 INFO  manager.MyListener - Start find element--->>>By.xpath: //input[@placeholder='Phone']
09:23:39.124 INFO  manager.MyListener - The element with locator--->>>By.xpath: //input[@placeholder='Phone']<----was found
09:23:39.204 INFO  manager.MyListener - Start find element--->>>By.xpath: //input[@placeholder='email']
09:23:39.214 INFO  manager.MyListener - The element with locator--->>>By.xpath: //input[@placeholder='email']<----was found
09:23:39.301 INFO  manager.MyListener - Start find element--->>>By.xpath: //input[@placeholder='Address']
09:23:39.313 INFO  manager.MyListener - The element with locator--->>>By.xpath: //input[@placeholder='Address']<----was found
09:23:39.381 INFO  manager.MyListener - Start find element--->>>By.xpath: //input[@placeholder='description']
09:23:39.392 INFO  manager.MyListener - The element with locator--->>>By.xpath: //input[@placeholder='description']<----was found
09:23:39.470 INFO  manager.MyListener - Start find element--->>>By.cssSelector: b
09:23:39.481 INFO  manager.MyListener - The element with locator--->>>By.cssSelector: b<----was found
09:23:44.508 INFO  tests.TestBAse - End of testaddNewContactSuccessProviderCSV
09:23:44.509 INFO  manager.MyListener - Start find element--->>>By.xpath: //*[text()='Sign Out']
09:23:44.523 INFO  manager.MyListener - The element with locator--->>>By.xpath: //*[text()='Sign Out']<----was found
09:23:44.524 INFO  manager.TestNgListener - onTestStartnull
09:23:44.525 INFO  tests.TestBAse - Test start with contactContact(name=Mana, lastName=Bow, phone=99088897, email=bona@gmail.com, address=Haifa, description=friend)
09:23:44.525 INFO  manager.MyListener - Start find element--->>>By.cssSelector: a[href='/add']
09:23:44.536 INFO  manager.MyListener - The element with locator--->>>By.cssSelector: a[href='/add']<----was found
09:23:44.574 INFO  manager.MyListener - Start find element--->>>By.xpath: //a[@class='active']
09:23:44.583 INFO  manager.MyListener - The element with locator--->>>By.xpath: //a[@class='active']<----was found
09:23:44.603 INFO  manager.MyListener - Start find element--->>>By.xpath: //input[@placeholder='Name']
09:23:44.611 INFO  manager.MyListener - The element with locator--->>>By.xpath: //input[@placeholder='Name']<----was found
09:23:44.679 INFO  manager.MyListener - Start find element--->>>By.xpath: //input[@placeholder='Last Name']
09:23:44.686 INFO  manager.MyListener - The element with locator--->>>By.xpath: //input[@placeholder='Last Name']<----was found
09:23:44.785 INFO  manager.MyListener - Start find element--->>>By.xpath: //input[@placeholder='Phone']
09:23:44.792 INFO  manager.MyListener - The element with locator--->>>By.xpath: //input[@placeholder='Phone']<----was found
09:23:44.864 INFO  manager.MyListener - Start find element--->>>By.xpath: //input[@placeholder='email']
09:23:44.871 INFO  manager.MyListener - The element with locator--->>>By.xpath: //input[@placeholder='email']<----was found
09:23:44.972 INFO  manager.MyListener - Start find element--->>>By.xpath: //input[@placeholder='Address']
09:23:44.979 INFO  manager.MyListener - The element with locator--->>>By.xpath: //input[@placeholder='Address']<----was found
09:23:45.050 INFO  manager.MyListener - Start find element--->>>By.xpath: //input[@placeholder='description']
09:23:45.058 INFO  manager.MyListener - The element with locator--->>>By.xpath: //input[@placeholder='description']<----was found
09:23:45.129 INFO  manager.MyListener - Start find element--->>>By.cssSelector: b
09:23:45.137 INFO  manager.MyListener - The element with locator--->>>By.cssSelector: b<----was found
09:23:50.164 INFO  tests.TestBAse - End of testaddNewContactSuccessProviderCSV
09:23:50.169 INFO  manager.MyListener - Start find element--->>>By.xpath: //*[text()='Sign Out']
09:23:50.183 INFO  manager.MyListener - The element with locator--->>>By.xpath: //*[text()='Sign Out']<----was found
09:23:50.183 INFO  manager.MyListener - Start find element--->>>By.xpath: //button[text()='Sign Out']
09:23:50.202 INFO  manager.MyListener - The element with locator--->>>By.xpath: //button[text()='Sign Out']<----was found
09:23:50.254 INFO  tests.TestBAse - start testloginModelCSVDataProvider
09:23:50.255 INFO  manager.TestNgListener - onTestStartnull
09:23:50.262 INFO  manager.MyListener - Start find element--->>>By.cssSelector: [href='/login']
09:23:50.283 INFO  manager.MyListener - The element with locator--->>>By.cssSelector: [href='/login']<----was found
09:23:50.324 INFO  manager.MyListener - Start find element--->>>By.xpath: //input[1]
09:23:50.334 INFO  manager.MyListener - The element with locator--->>>By.xpath: //input[1]<----was found
09:23:50.411 INFO  manager.MyListener - Start find element--->>>By.xpath: //input[2]
09:23:50.422 INFO  manager.MyListener - The element with locator--->>>By.xpath: //input[2]<----was found
09:23:50.501 INFO  manager.MyListener - Start find element--->>>By.xpath: //*[text()=' Login']
09:23:50.512 INFO  manager.MyListener - The element with locator--->>>By.xpath: //*[text()=' Login']<----was found
09:23:55.539 INFO  manager.MyListener - Start find element--->>>By.xpath: //*[text()='Sign Out']
09:23:55.554 INFO  manager.MyListener - The element with locator--->>>By.xpath: //*[text()='Sign Out']<----was found
09:23:55.556 INFO  tests.TestBAse - End of testloginModelCSVDataProvider
09:23:55.557 INFO  manager.MyListener - Start find element--->>>By.xpath: //*[text()='Sign Out']
09:23:55.569 INFO  manager.MyListener - The element with locator--->>>By.xpath: //*[text()='Sign Out']<----was found
09:23:55.570 INFO  manager.MyListener - Start find element--->>>By.xpath: //button[text()='Sign Out']
09:23:55.581 INFO  manager.MyListener - The element with locator--->>>By.xpath: //button[text()='Sign Out']<----was found
09:23:55.633 INFO  tests.TestBAse - start testloginModelCSVDataProvider
09:23:55.634 INFO  manager.TestNgListener - onTestStartnull
09:23:55.634 INFO  manager.MyListener - Start find element--->>>By.cssSelector: [href='/login']
09:23:55.641 INFO  manager.MyListener - The element with locator--->>>By.cssSelector: [href='/login']<----was found
09:23:55.669 INFO  manager.MyListener - Start find element--->>>By.xpath: //input[1]
09:23:55.677 INFO  manager.MyListener - The element with locator--->>>By.xpath: //input[1]<----was found
09:23:55.754 INFO  manager.MyListener - Start find element--->>>By.xpath: //input[2]
09:23:55.762 INFO  manager.MyListener - The element with locator--->>>By.xpath: //input[2]<----was found
09:23:55.831 INFO  manager.MyListener - Start find element--->>>By.xpath: //*[text()=' Login']
09:23:55.839 INFO  manager.MyListener - The element with locator--->>>By.xpath: //*[text()=' Login']<----was found
09:24:00.865 INFO  manager.MyListener - Start find element--->>>By.xpath: //*[text()='Sign Out']
09:24:00.888 INFO  manager.MyListener - The element with locator--->>>By.xpath: //*[text()='Sign Out']<----was found
09:24:00.890 INFO  tests.TestBAse - End of testloginModelCSVDataProvider
09:24:00.892 INFO  manager.MyListener - Start find element--->>>By.xpath: //*[text()='Sign Out']
09:24:00.905 INFO  manager.MyListener - The element with locator--->>>By.xpath: //*[text()='Sign Out']<----was found
09:24:00.906 INFO  manager.MyListener - Start find element--->>>By.xpath: //button[text()='Sign Out']
09:24:00.917 INFO  manager.MyListener - The element with locator--->>>By.xpath: //button[text()='Sign Out']<----was found
09:24:00.965 INFO  tests.TestBAse - start testloginModelCSVDataProvider
09:24:00.966 INFO  manager.TestNgListener - onTestStartnull
09:24:00.967 INFO  manager.MyListener - Start find element--->>>By.cssSelector: [href='/login']
09:24:00.974 INFO  manager.MyListener - The element with locator--->>>By.cssSelector: [href='/login']<----was found
09:24:01.002 INFO  manager.MyListener - Start find element--->>>By.xpath: //input[1]
09:24:01.010 INFO  manager.MyListener - The element with locator--->>>By.xpath: //input[1]<----was found
09:24:01.083 INFO  manager.MyListener - Start find element--->>>By.xpath: //input[2]
09:24:01.090 INFO  manager.MyListener - The element with locator--->>>By.xpath: //input[2]<----was found
09:24:01.162 INFO  manager.MyListener - Start find element--->>>By.xpath: //*[text()=' Login']
09:24:01.169 INFO  manager.MyListener - The element with locator--->>>By.xpath: //*[text()=' Login']<----was found
09:24:06.197 INFO  manager.MyListener - Start find element--->>>By.xpath: //*[text()='Sign Out']
09:24:06.206 INFO  manager.MyListener - The element with locator--->>>By.xpath: //*[text()='Sign Out']<----was found
09:24:06.207 INFO  tests.TestBAse - End of testloginModelCSVDataProvider
09:24:06.207 INFO  manager.MyListener - Start find element--->>>By.xpath: //*[text()='Sign Out']
09:24:06.215 INFO  manager.MyListener - The element with locator--->>>By.xpath: //*[text()='Sign Out']<----was found
09:24:06.215 INFO  manager.MyListener - Start find element--->>>By.xpath: //button[text()='Sign Out']
09:24:06.222 INFO  manager.MyListener - The element with locator--->>>By.xpath: //button[text()='Sign Out']<----was found
09:24:06.252 INFO  tests.TestBAse - start testloginModelCSVDataProvider
09:24:06.253 INFO  manager.TestNgListener - onTestStartnull
09:24:06.253 INFO  manager.MyListener - Start find element--->>>By.cssSelector: [href='/login']
09:24:06.261 INFO  manager.MyListener - The element with locator--->>>By.cssSelector: [href='/login']<----was found
09:24:06.291 INFO  manager.MyListener - Start find element--->>>By.xpath: //input[1]
09:24:06.299 INFO  manager.MyListener - The element with locator--->>>By.xpath: //input[1]<----was found
09:24:06.377 INFO  manager.MyListener - Start find element--->>>By.xpath: //input[2]
09:24:06.384 INFO  manager.MyListener - The element with locator--->>>By.xpath: //input[2]<----was found
09:24:06.459 INFO  manager.MyListener - Start find element--->>>By.xpath: //*[text()=' Login']
09:24:06.468 INFO  manager.MyListener - The element with locator--->>>By.xpath: //*[text()=' Login']<----was found
09:24:11.494 INFO  manager.MyListener - Start find element--->>>By.xpath: //*[text()='Sign Out']
09:24:11.503 INFO  manager.MyListener - The element with locator--->>>By.xpath: //*[text()='Sign Out']<----was found
09:24:11.504 INFO  tests.TestBAse - End of testloginModelCSVDataProvider
09:24:11.506 INFO  manager.MyListener - Start find element--->>>By.xpath: //*[text()='Sign Out']
09:24:11.513 INFO  manager.MyListener - The element with locator--->>>By.xpath: //*[text()='Sign Out']<----was found
09:24:11.513 INFO  manager.MyListener - Start find element--->>>By.xpath: //button[text()='Sign Out']
09:24:11.520 INFO  manager.MyListener - The element with locator--->>>By.xpath: //button[text()='Sign Out']<----was found
09:24:11.550 INFO  tests.TestBAse - start testloginModelDataProvider
09:24:11.550 INFO  manager.TestNgListener - onTestStartnull
09:24:11.551 INFO  manager.MyListener - Start find element--->>>By.cssSelector: [href='/login']
09:24:11.558 INFO  manager.MyListener - The element with locator--->>>By.cssSelector: [href='/login']<----was found
09:24:11.586 INFO  manager.MyListener - Start find element--->>>By.xpath: //input[1]
09:24:11.595 INFO  manager.MyListener - The element with locator--->>>By.xpath: //input[1]<----was found
09:24:11.708 INFO  manager.MyListener - Start find element--->>>By.xpath: //input[2]
09:24:11.716 INFO  manager.MyListener - The element with locator--->>>By.xpath: //input[2]<----was found
09:24:11.800 INFO  manager.MyListener - Start find element--->>>By.xpath: //*[text()=' Login']
09:24:11.810 INFO  manager.MyListener - The element with locator--->>>By.xpath: //*[text()=' Login']<----was found
09:24:16.841 INFO  manager.MyListener - Start find element--->>>By.xpath: //*[text()='Sign Out']
09:24:16.850 INFO  manager.MyListener - The element with locator--->>>By.xpath: //*[text()='Sign Out']<----was found
09:24:16.851 INFO  tests.TestBAse - End of testloginModelDataProvider
09:24:16.852 INFO  manager.MyListener - Start find element--->>>By.xpath: //*[text()='Sign Out']
09:24:16.858 INFO  manager.MyListener - The element with locator--->>>By.xpath: //*[text()='Sign Out']<----was found
09:24:16.859 INFO  manager.MyListener - Start find element--->>>By.xpath: //button[text()='Sign Out']
09:24:16.865 INFO  manager.MyListener - The element with locator--->>>By.xpath: //button[text()='Sign Out']<----was found
09:24:16.896 INFO  tests.TestBAse - start testloginModelDataProvider
09:24:16.897 INFO  manager.TestNgListener - onTestStartnull
09:24:16.897 INFO  manager.MyListener - Start find element--->>>By.cssSelector: [href='/login']
09:24:16.907 INFO  manager.MyListener - The element with locator--->>>By.cssSelector: [href='/login']<----was found
09:24:16.935 INFO  manager.MyListener - Start find element--->>>By.xpath: //input[1]
09:24:16.942 INFO  manager.MyListener - The element with locator--->>>By.xpath: //input[1]<----was found
09:24:17.017 INFO  manager.MyListener - Start find element--->>>By.xpath: //input[2]
09:24:17.026 INFO  manager.MyListener - The element with locator--->>>By.xpath: //input[2]<----was found
09:24:17.101 INFO  manager.MyListener - Start find element--->>>By.xpath: //*[text()=' Login']
09:24:17.109 INFO  manager.MyListener - The element with locator--->>>By.xpath: //*[text()=' Login']<----was found
09:24:22.135 INFO  manager.MyListener - Start find element--->>>By.xpath: //*[text()='Sign Out']
09:24:22.170 INFO  manager.MyListener - The element with locator--->>>By.xpath: //*[text()='Sign Out']<----was found
09:24:22.171 INFO  tests.TestBAse - End of testloginModelDataProvider
09:24:22.172 INFO  manager.MyListener - Start find element--->>>By.xpath: //*[text()='Sign Out']
09:24:22.182 INFO  manager.MyListener - The element with locator--->>>By.xpath: //*[text()='Sign Out']<----was found
09:24:22.183 INFO  manager.MyListener - Start find element--->>>By.xpath: //button[text()='Sign Out']
09:24:22.203 INFO  manager.MyListener - The element with locator--->>>By.xpath: //button[text()='Sign Out']<----was found
09:24:22.272 INFO  tests.TestBAse - start testloginModelDataProvider
09:24:22.274 INFO  manager.TestNgListener - onTestStartnull
09:24:22.275 INFO  manager.MyListener - Start find element--->>>By.cssSelector: [href='/login']
09:24:22.303 INFO  manager.MyListener - The element with locator--->>>By.cssSelector: [href='/login']<----was found
09:24:22.334 INFO  manager.MyListener - Start find element--->>>By.xpath: //input[1]
09:24:22.344 INFO  manager.MyListener - The element with locator--->>>By.xpath: //input[1]<----was found
09:24:22.423 INFO  manager.MyListener - Start find element--->>>By.xpath: //input[2]
09:24:22.434 INFO  manager.MyListener - The element with locator--->>>By.xpath: //input[2]<----was found
09:24:22.519 INFO  manager.MyListener - Start find element--->>>By.xpath: //*[text()=' Login']
09:24:22.531 INFO  manager.MyListener - The element with locator--->>>By.xpath: //*[text()=' Login']<----was found
09:24:27.558 INFO  manager.MyListener - Start find element--->>>By.xpath: //*[text()='Sign Out']
09:24:27.572 INFO  manager.MyListener - The element with locator--->>>By.xpath: //*[text()='Sign Out']<----was found
09:24:27.574 INFO  tests.TestBAse - End of testloginModelDataProvider
09:24:27.575 INFO  manager.MyListener - Start find element--->>>By.xpath: //*[text()='Sign Out']
09:24:27.586 INFO  manager.MyListener - The element with locator--->>>By.xpath: //*[text()='Sign Out']<----was found
09:24:27.586 INFO  manager.MyListener - Start find element--->>>By.xpath: //button[text()='Sign Out']
09:24:27.598 INFO  manager.MyListener - The element with locator--->>>By.xpath: //button[text()='Sign Out']<----was found
09:24:27.656 INFO  tests.TestBAse - start testloginModelDataProvider
09:24:27.657 INFO  manager.TestNgListener - onTestStartnull
09:24:27.658 INFO  manager.MyListener - Start find element--->>>By.cssSelector: [href='/login']
09:24:27.672 INFO  manager.MyListener - The element with locator--->>>By.cssSelector: [href='/login']<----was found
09:24:27.725 INFO  manager.MyListener - Start find element--->>>By.xpath: //input[1]
09:24:27.731 INFO  manager.MyListener - The element with locator--->>>By.xpath: //input[1]<----was found
09:24:27.811 INFO  manager.MyListener - Start find element--->>>By.xpath: //input[2]
09:24:27.818 INFO  manager.MyListener - The element with locator--->>>By.xpath: //input[2]<----was found
09:24:27.891 INFO  manager.MyListener - Start find element--->>>By.xpath: //*[text()=' Login']
09:24:27.898 INFO  manager.MyListener - The element with locator--->>>By.xpath: //*[text()=' Login']<----was found
09:24:32.923 INFO  manager.MyListener - Start find element--->>>By.xpath: //*[text()='Sign Out']
09:24:32.939 INFO  manager.MyListener - The element with locator--->>>By.xpath: //*[text()='Sign Out']<----was found
09:24:32.940 INFO  tests.TestBAse - End of testloginModelDataProvider
09:24:32.941 INFO  manager.MyListener - Start find element--->>>By.xpath: //*[text()='Sign Out']
09:24:32.950 INFO  manager.MyListener - The element with locator--->>>By.xpath: //*[text()='Sign Out']<----was found
09:24:32.951 INFO  manager.MyListener - Start find element--->>>By.xpath: //button[text()='Sign Out']
09:24:32.973 INFO  manager.MyListener - The element with locator--->>>By.xpath: //button[text()='Sign Out']<----was found
09:24:33.029 INFO  tests.TestBAse - start testloginNegativePassword
09:24:33.029 INFO  manager.TestNgListener - onTestStartnull
09:24:33.030 INFO  manager.MyListener - Start find element--->>>By.cssSelector: [href='/login']
09:24:33.037 INFO  manager.MyListener - The element with locator--->>>By.cssSelector: [href='/login']<----was found
09:24:33.064 INFO  manager.MyListener - Start find element--->>>By.xpath: //input[1]
09:24:33.072 INFO  manager.MyListener - The element with locator--->>>By.xpath: //input[1]<----was found
09:24:33.151 INFO  manager.MyListener - Start find element--->>>By.xpath: //input[2]
09:24:33.159 INFO  manager.MyListener - The element with locator--->>>By.xpath: //input[2]<----was found
09:24:33.226 INFO  manager.MyListener - Start find element--->>>By.xpath: //*[text()=' Login']
09:24:33.233 INFO  manager.MyListener - The element with locator--->>>By.xpath: //*[text()=' Login']<----was found
09:24:38.315 INFO  tests.TestBAse - End of testloginNegativePassword
09:24:38.316 INFO  manager.MyListener - Start find element--->>>By.xpath: //*[text()='Sign Out']
09:24:43.376 INFO  manager.MyListener - The element with locator--->>>By.xpath: //*[text()='Sign Out']<----was found
09:24:43.377 INFO  manager.TestNgListener - onTestStartnull
09:24:43.378 INFO  tests.TestBAse - End of testloginSuccess
09:24:43.378 INFO  manager.MyListener - Start find element--->>>By.xpath: //*[text()='Sign Out']
09:24:48.414 INFO  manager.MyListener - The element with locator--->>>By.xpath: //*[text()='Sign Out']<----was found
09:24:48.415 INFO  manager.TestNgListener - onTestStartnull
09:24:48.415 INFO  manager.MyListener - Start find element--->>>By.cssSelector: [href='/login']
09:24:48.421 INFO  manager.MyListener - The element with locator--->>>By.cssSelector: [href='/login']<----was found
09:24:48.440 INFO  manager.MyListener - Start find element--->>>By.xpath: //input[1]
09:24:48.447 INFO  manager.MyListener - The element with locator--->>>By.xpath: //input[1]<----was found
09:24:48.553 INFO  manager.MyListener - Start find element--->>>By.xpath: //input[2]
09:24:48.564 INFO  manager.MyListener - The element with locator--->>>By.xpath: //input[2]<----was found
09:24:48.648 INFO  manager.MyListener - Start find element--->>>By.xpath: //*[text()=' Login']
09:24:48.660 INFO  manager.MyListener - The element with locator--->>>By.xpath: //*[text()=' Login']<----was found
09:24:53.688 INFO  manager.MyListener - Start find element--->>>By.xpath: //*[text()='Sign Out']
09:24:53.702 INFO  manager.MyListener - The element with locator--->>>By.xpath: //*[text()='Sign Out']<----was found
09:24:53.704 INFO  tests.TestBAse - End of testloginSuccessModel
09:24:53.705 INFO  manager.MyListener - Start find element--->>>By.xpath: //*[text()='Sign Out']
09:24:53.717 INFO  manager.MyListener - The element with locator--->>>By.xpath: //*[text()='Sign Out']<----was found
09:24:53.717 INFO  manager.MyListener - Start find element--->>>By.xpath: //button[text()='Sign Out']
09:24:53.737 INFO  manager.MyListener - The element with locator--->>>By.xpath: //button[text()='Sign Out']<----was found
09:24:53.797 INFO  tests.TestBAse - start testloginSuccessNew
09:24:53.798 INFO  manager.TestNgListener - onTestStartnull
09:24:53.798 INFO  tests.TestBAse - Testing 'loginSuccessNew' 
09:24:53.798 INFO  tests.TestBAse - The test starts with data [missira85@gmail.com] & [Passw0rd$]
09:24:53.798 INFO  manager.MyListener - Start find element--->>>By.cssSelector: [href='/login']
09:24:53.813 INFO  manager.MyListener - The element with locator--->>>By.cssSelector: [href='/login']<----was found
09:24:53.852 INFO  manager.MyListener - Start find element--->>>By.xpath: //input[1]
09:24:53.859 INFO  manager.MyListener - The element with locator--->>>By.xpath: //input[1]<----was found
09:24:53.948 INFO  manager.MyListener - Start find element--->>>By.xpath: //input[2]
09:24:53.954 INFO  manager.MyListener - The element with locator--->>>By.xpath: //input[2]<----was found
09:24:54.039 INFO  manager.MyListener - Start find element--->>>By.xpath: //*[text()=' Login']
09:24:54.047 INFO  manager.MyListener - The element with locator--->>>By.xpath: //*[text()=' Login']<----was found
09:24:55.072 INFO  manager.MyListener - Start find element--->>>By.xpath: //*[text()='Sign Out']
09:24:55.080 INFO  manager.MyListener - The element with locator--->>>By.xpath: //*[text()='Sign Out']<----was found
09:24:55.081 INFO  tests.TestBAse - Test 'loginSuccessNew' passed successfully
09:24:55.081 INFO  tests.TestBAse - End of testloginSuccessNew
09:24:55.082 INFO  manager.MyListener - Start find element--->>>By.xpath: //*[text()='Sign Out']
09:24:55.089 INFO  manager.MyListener - The element with locator--->>>By.xpath: //*[text()='Sign Out']<----was found
09:24:55.089 INFO  manager.MyListener - Start find element--->>>By.xpath: //button[text()='Sign Out']
09:24:55.096 INFO  manager.MyListener - The element with locator--->>>By.xpath: //button[text()='Sign Out']<----was found
09:24:55.138 INFO  tests.TestBAse - start testloginSuccessNew1
09:24:55.138 INFO  manager.TestNgListener - onTestStartnull
09:24:55.138 INFO  tests.TestBAse - Testing 'loginSuccessNew1' 
09:24:55.145 INFO  tests.TestBAse - The test starts with emailmissira85@gmail.comand password Passw0rd$
09:24:55.145 INFO  manager.MyListener - Start find element--->>>By.cssSelector: [href='/login']
09:24:55.153 INFO  manager.MyListener - The element with locator--->>>By.cssSelector: [href='/login']<----was found
09:24:55.182 INFO  manager.MyListener - Start find element--->>>By.xpath: //input[1]
09:24:55.189 INFO  manager.MyListener - The element with locator--->>>By.xpath: //input[1]<----was found
09:24:55.304 INFO  manager.MyListener - Start find element--->>>By.xpath: //input[2]
09:24:55.312 INFO  manager.MyListener - The element with locator--->>>By.xpath: //input[2]<----was found
09:24:55.453 INFO  manager.MyListener - Start find element--->>>By.xpath: //*[text()=' Login']
09:24:55.459 INFO  manager.MyListener - The element with locator--->>>By.xpath: //*[text()=' Login']<----was found
09:24:56.489 INFO  manager.MyListener - Start find element--->>>By.xpath: //*[text()='Sign Out']
09:24:56.502 INFO  manager.MyListener - The element with locator--->>>By.xpath: //*[text()='Sign Out']<----was found
09:24:56.503 INFO  tests.TestBAse - End of testloginSuccessNew1
09:24:56.505 INFO  manager.MyListener - Start find element--->>>By.xpath: //*[text()='Sign Out']
09:24:56.517 INFO  manager.MyListener - The element with locator--->>>By.xpath: //*[text()='Sign Out']<----was found
09:24:56.517 INFO  manager.MyListener - Start find element--->>>By.xpath: //button[text()='Sign Out']
09:24:56.530 INFO  manager.MyListener - The element with locator--->>>By.xpath: //button[text()='Sign Out']<----was found
09:24:56.586 INFO  tests.TestBAse - start testloginSuccessNew1
09:24:56.587 INFO  manager.TestNgListener - onTestStartnull
09:24:56.587 INFO  tests.TestBAse - Testing 'loginSuccessNew1' 
09:24:56.588 INFO  tests.TestBAse - The test starts with emailmissira85@gmail.comand password Passw0rd$
09:24:56.588 INFO  manager.MyListener - Start find element--->>>By.cssSelector: [href='/login']
09:24:56.596 INFO  manager.MyListener - The element with locator--->>>By.cssSelector: [href='/login']<----was found
09:24:56.637 INFO  manager.MyListener - Start find element--->>>By.xpath: //input[1]
09:24:56.645 INFO  manager.MyListener - The element with locator--->>>By.xpath: //input[1]<----was found
09:24:56.728 INFO  manager.MyListener - Start find element--->>>By.xpath: //input[2]
09:24:56.735 INFO  manager.MyListener - The element with locator--->>>By.xpath: //input[2]<----was found
09:24:56.818 INFO  manager.MyListener - Start find element--->>>By.xpath: //*[text()=' Login']
09:24:56.825 INFO  manager.MyListener - The element with locator--->>>By.xpath: //*[text()=' Login']<----was found
09:24:57.853 INFO  manager.MyListener - Start find element--->>>By.xpath: //*[text()='Sign Out']
09:24:57.869 INFO  manager.MyListener - The element with locator--->>>By.xpath: //*[text()='Sign Out']<----was found
09:24:57.870 INFO  tests.TestBAse - End of testloginSuccessNew1
09:24:57.872 INFO  manager.MyListener - Start find element--->>>By.xpath: //*[text()='Sign Out']
09:24:57.885 INFO  manager.MyListener - The element with locator--->>>By.xpath: //*[text()='Sign Out']<----was found
09:24:57.886 INFO  manager.MyListener - Start find element--->>>By.xpath: //button[text()='Sign Out']
09:24:57.897 INFO  manager.MyListener - The element with locator--->>>By.xpath: //button[text()='Sign Out']<----was found
09:24:57.968 INFO  tests.TestBAse - start testloginSuccessNew1
09:24:57.969 INFO  manager.TestNgListener - onTestStartnull
09:24:57.969 INFO  tests.TestBAse - Testing 'loginSuccessNew1' 
09:24:57.969 INFO  tests.TestBAse - The test starts with emailmissira85@gmail.comand password Passw0rd$
09:24:57.969 INFO  manager.MyListener - Start find element--->>>By.cssSelector: [href='/login']
09:24:57.976 INFO  manager.MyListener - The element with locator--->>>By.cssSelector: [href='/login']<----was found
09:24:58.002 INFO  manager.MyListener - Start find element--->>>By.xpath: //input[1]
09:24:58.011 INFO  manager.MyListener - The element with locator--->>>By.xpath: //input[1]<----was found
09:24:58.117 INFO  manager.MyListener - Start find element--->>>By.xpath: //input[2]
09:24:58.124 INFO  manager.MyListener - The element with locator--->>>By.xpath: //input[2]<----was found
09:24:58.206 INFO  manager.MyListener - Start find element--->>>By.xpath: //*[text()=' Login']
09:24:58.213 INFO  manager.MyListener - The element with locator--->>>By.xpath: //*[text()=' Login']<----was found
09:24:59.245 INFO  manager.MyListener - Start find element--->>>By.xpath: //*[text()='Sign Out']
09:24:59.259 INFO  manager.MyListener - The element with locator--->>>By.xpath: //*[text()='Sign Out']<----was found
09:24:59.261 INFO  tests.TestBAse - End of testloginSuccessNew1
09:24:59.262 INFO  manager.MyListener - Start find element--->>>By.xpath: //*[text()='Sign Out']
09:24:59.274 INFO  manager.MyListener - The element with locator--->>>By.xpath: //*[text()='Sign Out']<----was found
09:24:59.274 INFO  manager.MyListener - Start find element--->>>By.xpath: //button[text()='Sign Out']
09:24:59.285 INFO  manager.MyListener - The element with locator--->>>By.xpath: //button[text()='Sign Out']<----was found
09:24:59.334 INFO  tests.TestBAse - start testloginSuccessNew1
09:24:59.335 INFO  manager.TestNgListener - onTestStartnull
09:24:59.335 INFO  tests.TestBAse - Testing 'loginSuccessNew1' 
09:24:59.335 INFO  tests.TestBAse - The test starts with emailmissira85@gmail.comand password Passw0rd$
09:24:59.335 INFO  manager.MyListener - Start find element--->>>By.cssSelector: [href='/login']
09:24:59.341 INFO  manager.MyListener - The element with locator--->>>By.cssSelector: [href='/login']<----was found
09:24:59.371 INFO  manager.MyListener - Start find element--->>>By.xpath: //input[1]
09:24:59.378 INFO  manager.MyListener - The element with locator--->>>By.xpath: //input[1]<----was found
09:24:59.473 INFO  manager.MyListener - Start find element--->>>By.xpath: //input[2]
09:24:59.480 INFO  manager.MyListener - The element with locator--->>>By.xpath: //input[2]<----was found
09:24:59.606 INFO  manager.MyListener - Start find element--->>>By.xpath: //*[text()=' Login']
09:24:59.612 INFO  manager.MyListener - The element with locator--->>>By.xpath: //*[text()=' Login']<----was found
09:25:00.650 INFO  manager.MyListener - Start find element--->>>By.xpath: //*[text()='Sign Out']
09:25:00.659 INFO  manager.MyListener - The element with locator--->>>By.xpath: //*[text()='Sign Out']<----was found
09:25:00.660 INFO  tests.TestBAse - End of testloginSuccessNew1
09:25:00.661 INFO  manager.TestNgListener - onTestStartnull
09:25:03.285 INFO  manager.MyListener - Start find element--->>>By.xpath: //*[text()='Sign Out']
09:25:03.336 INFO  manager.MyListener - The element with locator--->>>By.xpath: //*[text()='Sign Out']<----was found
09:25:03.336 INFO  manager.MyListener - Start find element--->>>By.xpath: //button[text()='Sign Out']
09:25:03.351 INFO  manager.MyListener - The element with locator--->>>By.xpath: //button[text()='Sign Out']<----was found
09:25:03.407 INFO  manager.TestNgListener - onTestStartnull
09:25:03.408 INFO  manager.MyListener - Start find element--->>>By.cssSelector: [href='/login']
09:25:03.415 INFO  manager.MyListener - The element with locator--->>>By.cssSelector: [href='/login']<----was found
09:25:03.446 INFO  manager.MyListener - Start find element--->>>By.xpath: //input[1]
09:25:03.455 INFO  manager.MyListener - The element with locator--->>>By.xpath: //input[1]<----was found
09:25:03.550 INFO  manager.MyListener - Start find element--->>>By.xpath: //input[2]
09:25:03.558 INFO  manager.MyListener - The element with locator--->>>By.xpath: //input[2]<----was found
09:25:03.629 INFO  manager.MyListener - Start find element--->>>By.xpath: //*[text()=' Registration']
09:25:03.640 INFO  manager.MyListener - The element with locator--->>>By.xpath: //*[text()=' Registration']<----was found
09:25:04.668 INFO  manager.MyListener - Start find element--->>>By.xpath: //*[text()='Sign Out']
09:25:04.679 INFO  manager.MyListener - The element with locator--->>>By.xpath: //*[text()='Sign Out']<----was found
09:25:04.681 INFO  tests.TestBAse - End of testregistrationSuccess
09:25:04.682 INFO  manager.MyListener - Start find element--->>>By.xpath: //*[text()='Sign Out']
09:25:04.691 INFO  manager.MyListener - The element with locator--->>>By.xpath: //*[text()='Sign Out']<----was found
09:25:04.691 INFO  manager.MyListener - Start find element--->>>By.xpath: //button[text()='Sign Out']
09:25:04.699 INFO  manager.MyListener - The element with locator--->>>By.xpath: //button[text()='Sign Out']<----was found
09:25:04.754 INFO  manager.TestNgListener - onTestStartnull
09:25:04.755 INFO  manager.MyListener - Start find element--->>>By.cssSelector: [href='/login']
09:25:04.784 INFO  manager.MyListener - The element with locator--->>>By.cssSelector: [href='/login']<----was found
09:25:04.877 INFO  manager.MyListener - Start find element--->>>By.xpath: //input[1]
09:25:04.885 INFO  manager.MyListener - The element with locator--->>>By.xpath: //input[1]<----was found
09:25:05.092 INFO  manager.MyListener - Start find element--->>>By.xpath: //input[2]
09:25:05.101 INFO  manager.MyListener - The element with locator--->>>By.xpath: //input[2]<----was found
09:25:05.181 INFO  manager.MyListener - Start find element--->>>By.xpath: //*[text()=' Registration']
09:25:05.189 INFO  manager.MyListener - The element with locator--->>>By.xpath: //*[text()=' Registration']<----was found
09:25:06.219 INFO  manager.MyListener - Start find element--->>>By.xpath: //*[text()='Sign Out']
09:25:06.236 INFO  manager.MyListener - The element with locator--->>>By.xpath: //*[text()='Sign Out']<----was found
09:25:06.239 INFO  tests.TestBAse - End of testregistrationSuccessModel
09:25:06.240 INFO  manager.MyListener - Start find element--->>>By.xpath: //*[text()='Sign Out']
09:25:06.275 INFO  manager.MyListener - The element with locator--->>>By.xpath: //*[text()='Sign Out']<----was found
09:25:06.275 INFO  manager.MyListener - Start find element--->>>By.xpath: //button[text()='Sign Out']
09:25:06.284 INFO  manager.MyListener - The element with locator--->>>By.xpath: //button[text()='Sign Out']<----was found
09:25:06.338 INFO  manager.TestNgListener - onTestStartnull
09:25:06.340 INFO  manager.MyListener - Start find element--->>>By.cssSelector: [href='/login']
09:25:06.354 INFO  manager.MyListener - The element with locator--->>>By.cssSelector: [href='/login']<----was found
09:25:06.417 INFO  manager.MyListener - Start find element--->>>By.xpath: //input[1]
09:25:06.429 INFO  manager.MyListener - The element with locator--->>>By.xpath: //input[1]<----was found
09:25:06.544 INFO  manager.MyListener - Start find element--->>>By.xpath: //input[2]
09:25:06.552 INFO  manager.MyListener - The element with locator--->>>By.xpath: //input[2]<----was found
09:25:06.626 INFO  manager.MyListener - Start find element--->>>By.xpath: //*[text()=' Registration']
09:25:06.633 INFO  manager.MyListener - The element with locator--->>>By.xpath: //*[text()=' Registration']<----was found
09:25:12.707 INFO  manager.MyListener - Start find element--->>>By.xpath: //*[.='Registration failed with code 400']
09:25:12.727 INFO  manager.MyListener - The element with locator--->>>By.xpath: //*[.='Registration failed with code 400']<----was found
09:25:12.730 INFO  tests.TestBAse - End of testregistrationWrongPasswordModel
09:25:12.732 INFO  manager.MyListener - Start find element--->>>By.xpath: //*[text()='Sign Out']
09:25:18.452 INFO  manager.MyListener - The element with locator--->>>By.xpath: //*[text()='Sign Out']<----was found
09:25:18.508 INFO  manager.MyListener - Start find element--->>>By.cssSelector: [href='/login']
09:25:18.885 INFO  manager.MyListener - The element with locator--->>>By.cssSelector: [href='/login']<----was found
09:25:24.551 INFO  manager.MyListener - Start find element--->>>By.xpath: //input[1]
09:25:28.197 INFO  manager.MyListener - The element with locator--->>>By.xpath: //input[1]<----was found
09:25:35.631 INFO  manager.MyListener - Start find element--->>>By.xpath: //input[2]
09:25:35.652 INFO  manager.MyListener - The element with locator--->>>By.xpath: //input[2]<----was found
09:25:36.020 INFO  manager.MyListener - Start find element--->>>By.xpath: //*[text()=' Login']
09:25:36.079 INFO  manager.MyListener - The element with locator--->>>By.xpath: //*[text()=' Login']<----was found
09:25:36.119 INFO  tests.TestBAse - Start testremoveAllContactTaya
09:25:36.120 INFO  manager.TestNgListener - onTestStartnull
09:25:36.121 INFO  manager.MyListener - Start find element--->>>By.cssSelector: .contact-item_card__2SOIM
09:25:36.425 INFO  manager.MyListener - The element with locator--->>>By.cssSelector: .contact-item_card__2SOIM<----was found
09:25:36.425 INFO  manager.MyListener - Start find element--->>>By.cssSelector: .contact-item_card__2SOIM
09:25:36.438 INFO  manager.MyListener - The element with locator--->>>By.cssSelector: .contact-item_card__2SOIM<----was found
09:25:36.475 INFO  manager.MyListener - Start find element--->>>By.xpath: //button[text()='Remove']
09:25:36.486 INFO  manager.MyListener - The element with locator--->>>By.xpath: //button[text()='Remove']<----was found
09:25:37.014 INFO  manager.MyListener - Start find element--->>>By.cssSelector: .contact-item_card__2SOIM
09:25:37.028 INFO  manager.MyListener - The element with locator--->>>By.cssSelector: .contact-item_card__2SOIM<----was found
09:25:37.029 INFO  manager.MyListener - Start find element--->>>By.cssSelector: .contact-item_card__2SOIM
09:25:37.038 INFO  manager.MyListener - The element with locator--->>>By.cssSelector: .contact-item_card__2SOIM<----was found
09:25:37.072 INFO  manager.MyListener - Start find element--->>>By.xpath: //button[text()='Remove']
09:25:37.081 INFO  manager.MyListener - The element with locator--->>>By.xpath: //button[text()='Remove']<----was found
09:25:37.616 INFO  manager.MyListener - Start find element--->>>By.cssSelector: .contact-item_card__2SOIM
09:25:37.625 INFO  manager.MyListener - The element with locator--->>>By.cssSelector: .contact-item_card__2SOIM<----was found
09:25:37.625 INFO  manager.MyListener - Start find element--->>>By.cssSelector: .contact-item_card__2SOIM
09:25:37.631 INFO  manager.MyListener - The element with locator--->>>By.cssSelector: .contact-item_card__2SOIM<----was found
09:25:37.651 INFO  manager.MyListener - Start find element--->>>By.xpath: //button[text()='Remove']
09:25:37.660 INFO  manager.MyListener - The element with locator--->>>By.xpath: //button[text()='Remove']<----was found
09:25:38.187 INFO  manager.MyListener - Start find element--->>>By.cssSelector: .contact-item_card__2SOIM
09:25:38.200 INFO  manager.MyListener - The element with locator--->>>By.cssSelector: .contact-item_card__2SOIM<----was found
09:25:38.200 INFO  manager.MyListener - Start find element--->>>By.cssSelector: .contact-item_card__2SOIM
09:25:38.219 INFO  manager.MyListener - The element with locator--->>>By.cssSelector: .contact-item_card__2SOIM<----was found
09:25:38.260 INFO  manager.MyListener - Start find element--->>>By.xpath: //button[text()='Remove']
09:25:38.267 INFO  manager.MyListener - The element with locator--->>>By.xpath: //button[text()='Remove']<----was found
09:25:38.801 INFO  manager.MyListener - Start find element--->>>By.cssSelector: .contact-item_card__2SOIM
09:25:38.808 INFO  manager.MyListener - The element with locator--->>>By.cssSelector: .contact-item_card__2SOIM<----was found
09:25:38.809 INFO  manager.MyListener - Start find element--->>>By.cssSelector: .contact-item_card__2SOIM
09:25:38.815 INFO  manager.MyListener - The element with locator--->>>By.cssSelector: .contact-item_card__2SOIM<----was found
09:25:38.840 INFO  manager.MyListener - Start find element--->>>By.xpath: //button[text()='Remove']
09:25:38.848 INFO  manager.MyListener - The element with locator--->>>By.xpath: //button[text()='Remove']<----was found
09:25:39.389 INFO  manager.MyListener - Start find element--->>>By.cssSelector: .contact-item_card__2SOIM
09:25:39.403 INFO  manager.MyListener - The element with locator--->>>By.cssSelector: .contact-item_card__2SOIM<----was found
09:25:39.404 INFO  manager.MyListener - Start find element--->>>By.cssSelector: .contact-item_card__2SOIM
09:25:39.415 INFO  manager.MyListener - The element with locator--->>>By.cssSelector: .contact-item_card__2SOIM<----was found
09:25:39.449 INFO  manager.MyListener - Start find element--->>>By.xpath: //button[text()='Remove']
09:25:39.456 INFO  manager.MyListener - The element with locator--->>>By.xpath: //button[text()='Remove']<----was found
09:25:39.990 INFO  manager.MyListener - Start find element--->>>By.cssSelector: .contact-item_card__2SOIM
09:25:39.998 INFO  manager.MyListener - The element with locator--->>>By.cssSelector: .contact-item_card__2SOIM<----was found
09:25:39.998 INFO  manager.MyListener - Start find element--->>>By.cssSelector: .contact-item_card__2SOIM
09:25:40.005 INFO  manager.MyListener - The element with locator--->>>By.cssSelector: .contact-item_card__2SOIM<----was found
09:25:40.039 INFO  manager.MyListener - Start find element--->>>By.xpath: //button[text()='Remove']
09:25:40.047 INFO  manager.MyListener - The element with locator--->>>By.xpath: //button[text()='Remove']<----was found
09:25:40.576 INFO  manager.MyListener - Start find element--->>>By.cssSelector: .contact-item_card__2SOIM
09:25:40.583 INFO  manager.MyListener - The element with locator--->>>By.cssSelector: .contact-item_card__2SOIM<----was found
09:25:40.583 INFO  manager.MyListener - Start find element--->>>By.cssSelector: .contact-item_card__2SOIM
09:25:40.590 INFO  manager.MyListener - The element with locator--->>>By.cssSelector: .contact-item_card__2SOIM<----was found
09:25:40.611 INFO  manager.MyListener - Start find element--->>>By.xpath: //button[text()='Remove']
09:25:40.618 INFO  manager.MyListener - The element with locator--->>>By.xpath: //button[text()='Remove']<----was found
09:25:41.146 INFO  manager.MyListener - Start find element--->>>By.cssSelector: .contact-item_card__2SOIM
09:25:41.161 INFO  manager.MyListener - The element with locator--->>>By.cssSelector: .contact-item_card__2SOIM<----was found
09:25:41.161 INFO  manager.MyListener - Start find element--->>>By.cssSelector: .contact-item_card__2SOIM
09:25:41.173 INFO  manager.MyListener - The element with locator--->>>By.cssSelector: .contact-item_card__2SOIM<----was found
09:25:41.211 INFO  manager.MyListener - Start find element--->>>By.xpath: //button[text()='Remove']
09:25:41.221 INFO  manager.MyListener - The element with locator--->>>By.xpath: //button[text()='Remove']<----was found
09:25:41.749 INFO  manager.MyListener - Start find element--->>>By.cssSelector: .contact-item_card__2SOIM
09:25:41.765 INFO  manager.MyListener - The element with locator--->>>By.cssSelector: .contact-item_card__2SOIM<----was found
09:25:41.765 INFO  manager.MyListener - Start find element--->>>By.cssSelector: .contact-item_card__2SOIM
09:25:41.775 INFO  manager.MyListener - The element with locator--->>>By.cssSelector: .contact-item_card__2SOIM<----was found
09:25:41.815 INFO  manager.MyListener - Start find element--->>>By.xpath: //button[text()='Remove']
09:25:41.828 INFO  manager.MyListener - The element with locator--->>>By.xpath: //button[text()='Remove']<----was found
09:25:42.377 INFO  manager.MyListener - Start find element--->>>By.cssSelector: .contact-item_card__2SOIM
09:25:47.436 INFO  manager.MyListener - The element with locator--->>>By.cssSelector: .contact-item_card__2SOIM<----was found
09:25:47.437 INFO  manager.MyListener - Start find element--->>>By.cssSelector: .contact-page_message__2qafk
09:25:47.459 INFO  manager.MyListener - The element with locator--->>>By.cssSelector: .contact-page_message__2qafk<----was found
09:25:47.465 INFO  tests.TestBAse - End of testremoveAllContactTaya
09:25:47.466 INFO  manager.MyListener - Start find element--->>>By.xpath: //*[text()='Sign Out']
09:25:47.477 INFO  manager.MyListener - The element with locator--->>>By.xpath: //*[text()='Sign Out']<----was found
09:25:47.478 INFO  manager.TestNgListener - onTestStartnull
09:25:47.478 INFO  tests.TestBAse - Test 'removeOneContactTaya' started
09:25:47.479 INFO  manager.MyListener - Start find element--->>>By.cssSelector: .contact-item_card__2SOIM
09:25:52.493 INFO  manager.MyListener - The element with locator--->>>By.cssSelector: .contact-item_card__2SOIM<----was found
09:25:52.494 INFO  manager.MyListener - Start find element--->>>By.cssSelector: .contact-item_card__2SOIM
09:25:54.960 INFO  manager.MyListener - The element with locator--->>>By.cssSelector: .contact-item_card__2SOIM<----was found
09:25:54.961 INFO  manager.MyListener - Start find element--->>>By.cssSelector: .contact-item_card__2SOIM
09:25:55.025 INFO  manager.MyListener - We have a 'throwable'--->>>chrome not reachable
  (Session info: chrome=96.0.4664.110)
Build info: version: '3.141.59', revision: 'e82be7d358', time: '2018-11-14T08:17:03'
System info: host: 'desktopirina', ip: '127.0.1.1', os.name: 'Linux', os.arch: 'amd64', os.version: '5.14.0-1033-oem', java.version: '11.0.15'
Driver info: org.openqa.selenium.chrome.ChromeDriver
Capabilities {acceptInsecureCerts: false, browserName: chrome, browserVersion: 96.0.4664.110, chrome: {chromedriverVersion: 96.0.4664.45 (76e4c1bb2ab46..., userDataDir: /tmp/.com.google.Chrome.a8a32t}, goog:chromeOptions: {debuggerAddress: localhost:36251}, javascriptEnabled: true, networkConnectionEnabled: false, pageLoadStrategy: normal, platform: LINUX, platformName: LINUX, proxy: Proxy(), setWindowRect: true, strictFileInteractability: false, timeouts: {implicit: 0, pageLoad: 300000, script: 30000}, unhandledPromptBehavior: dismiss and notify, webauthn:extension:credBlob: true, webauthn:extension:largeBlob: true, webauthn:virtualAuthenticators: true}
Session ID: c34fe92d5ccbc2c03e32af05c37b393e
*** Element info: {Using=css selector, value=.contact-item_card__2SOIM}
09:25:55.027 INFO  manager.MyListener - We have a 'fill In Stack Trace'--->>>org.openqa.selenium.WebDriverException: chrome not reachable
  (Session info: chrome=96.0.4664.110)
Build info: version: '3.141.59', revision: 'e82be7d358', time: '2018-11-14T08:17:03'
System info: host: 'desktopirina', ip: '127.0.1.1', os.name: 'Linux', os.arch: 'amd64', os.version: '5.14.0-1033-oem', java.version: '11.0.15'
Driver info: org.openqa.selenium.chrome.ChromeDriver
Capabilities {acceptInsecureCerts: false, browserName: chrome, browserVersion: 96.0.4664.110, chrome: {chromedriverVersion: 96.0.4664.45 (76e4c1bb2ab46..., userDataDir: /tmp/.com.google.Chrome.a8a32t}, goog:chromeOptions: {debuggerAddress: localhost:36251}, javascriptEnabled: true, networkConnectionEnabled: false, pageLoadStrategy: normal, platform: LINUX, platformName: LINUX, proxy: Proxy(), setWindowRect: true, strictFileInteractability: false, timeouts: {implicit: 0, pageLoad: 300000, script: 30000}, unhandledPromptBehavior: dismiss and notify, webauthn:extension:credBlob: true, webauthn:extension:largeBlob: true, webauthn:virtualAuthenticators: true}
Session ID: c34fe92d5ccbc2c03e32af05c37b393e
*** Element info: {Using=css selector, value=.contact-item_card__2SOIM}
09:25:55.041 INFO  tests.TestBAse - End of testremoveOneContactTaya
09:25:55.049 INFO  manager.TestNgListener - onFinish(ISuite suite)
