20:34:33.824 INFO  manager.ApplicationManager - All tests start in ChromeDriver
20:34:34.561 INFO  manager.MyListener - Start find element--->>>By.xpath: //*[text()='Sign Out']
20:34:39.614 INFO  manager.MyListener - The element with locator--->>>By.xpath: //*[text()='Sign Out']<----was found
20:34:39.615 INFO  manager.MyListener - Start find element--->>>By.cssSelector: [href='/login']
20:34:39.639 INFO  manager.MyListener - The element with locator--->>>By.cssSelector: [href='/login']<----was found
20:34:39.725 INFO  manager.MyListener - Start find element--->>>By.xpath: //input[1]
20:34:39.760 INFO  manager.MyListener - The element with locator--->>>By.xpath: //input[1]<----was found
20:34:39.912 INFO  manager.MyListener - Start find element--->>>By.xpath: //input[2]
20:34:39.931 INFO  manager.MyListener - The element with locator--->>>By.xpath: //input[2]<----was found
20:34:40.066 INFO  manager.MyListener - Start find element--->>>By.xpath: //*[text()=' Login']
20:34:40.088 INFO  manager.MyListener - The element with locator--->>>By.xpath: //*[text()=' Login']<----was found
20:34:40.151 INFO  manager.MyListener - Start find element--->>>By.cssSelector: a[href='/add']
20:34:40.767 INFO  manager.MyListener - The element with locator--->>>By.cssSelector: a[href='/add']<----was found
20:34:40.833 INFO  manager.MyListener - Start find element--->>>By.xpath: //a[@class='active']
20:34:40.859 INFO  manager.MyListener - The element with locator--->>>By.xpath: //a[@class='active']<----was found
20:34:40.911 INFO  manager.MyListener - Start find element--->>>By.xpath: //input[@placeholder='Name']
20:34:40.931 INFO  manager.MyListener - The element with locator--->>>By.xpath: //input[@placeholder='Name']<----was found
20:34:41.069 INFO  manager.MyListener - Start find element--->>>By.xpath: //input[@placeholder='Last Name']
20:34:41.086 INFO  manager.MyListener - The element with locator--->>>By.xpath: //input[@placeholder='Last Name']<----was found
20:34:41.217 INFO  manager.MyListener - Start find element--->>>By.xpath: //input[@placeholder='Phone']
20:34:41.234 INFO  manager.MyListener - The element with locator--->>>By.xpath: //input[@placeholder='Phone']<----was found
20:34:41.371 INFO  manager.MyListener - Start find element--->>>By.xpath: //input[@placeholder='email']
20:34:41.393 INFO  manager.MyListener - The element with locator--->>>By.xpath: //input[@placeholder='email']<----was found
20:34:41.537 INFO  manager.MyListener - Start find element--->>>By.xpath: //input[@placeholder='Address']
20:34:41.557 INFO  manager.MyListener - The element with locator--->>>By.xpath: //input[@placeholder='Address']<----was found
20:34:41.697 INFO  manager.MyListener - Start find element--->>>By.xpath: //input[@placeholder='description']
20:34:41.713 INFO  manager.MyListener - The element with locator--->>>By.xpath: //input[@placeholder='description']<----was found
20:34:41.848 INFO  manager.MyListener - Start find element--->>>By.cssSelector: div[class='add_form__2rsm2'] button
20:34:41.869 INFO  manager.MyListener - The element with locator--->>>By.cssSelector: div[class='add_form__2rsm2'] button<----was found
20:34:46.918 INFO  manager.MyListener - Start find element--->>>By.cssSelector: .active
20:34:46.943 INFO  manager.MyListener - The element with locator--->>>By.cssSelector: .active<----was found
20:34:46.948 INFO  manager.MyListener - Start find element--->>>By.cssSelector: .contact-item_card__2SOIM
20:34:46.968 INFO  manager.MyListener - The element with locator--->>>By.cssSelector: .contact-item_card__2SOIM<----was found
20:34:46.969 INFO  manager.MyListener - Start find element--->>>By.cssSelector: h2
20:34:46.987 INFO  manager.MyListener - The element with locator--->>>By.cssSelector: h2<----was found
20:34:47.010 INFO  manager.MyListener - Start find element--->>>By.cssSelector: h3
20:34:47.027 INFO  manager.MyListener - The element with locator--->>>By.cssSelector: h3<----was found
