11:04:09.789 INFO  manager.TestNgListener - onStart(ISuite suite)
11:04:09.814 INFO  manager.TestNgListener - onTestStartnull
11:04:11.610 INFO  manager.TestNgListener - onFinish(ISuite suite)
11:04:11.995 INFO  manager.ApplicationManager - All tests start in ChromeDriver
11:04:12.755 INFO  tests.TestBAse - Start test --->loginModelCSVDataProvider
11:04:12.760 INFO  manager.MyListener - Start find element--->>>By.xpath: //*[text()='Sign Out']
11:04:17.804 INFO  manager.MyListener - The element with locator--->>>By.xpath: //*[text()='Sign Out']<----was found
11:04:17.823 INFO  manager.MyListener - Start find element--->>>By.cssSelector: [href='/login']
11:04:17.847 INFO  manager.MyListener - The element with locator--->>>By.cssSelector: [href='/login']<----was found
11:04:17.899 INFO  manager.MyListener - Start find element--->>>By.xpath: //input[1]
11:04:17.911 INFO  manager.MyListener - The element with locator--->>>By.xpath: //input[1]<----was found
11:04:18.001 INFO  manager.MyListener - Start find element--->>>By.xpath: //input[2]
11:04:18.013 INFO  manager.MyListener - The element with locator--->>>By.xpath: //input[2]<----was found
11:04:18.087 INFO  manager.MyListener - Start find element--->>>By.xpath: //*[text()=' Login']
11:04:18.099 INFO  manager.MyListener - The element with locator--->>>By.xpath: //*[text()=' Login']<----was found
11:04:23.125 INFO  manager.MyListener - Start find element--->>>By.xpath: //*[text()='Sign Out']
11:04:23.141 INFO  manager.MyListener - The element with locator--->>>By.xpath: //*[text()='Sign Out']<----was found
11:04:23.146 INFO  tests.TestBAse - End of testloginModelCSVDataProvider
11:04:23.147 INFO  tests.TestBAse - Start test --->loginModelCSVDataProvider
11:04:23.149 INFO  manager.MyListener - Start find element--->>>By.xpath: //*[text()='Sign Out']
11:04:23.162 INFO  manager.MyListener - The element with locator--->>>By.xpath: //*[text()='Sign Out']<----was found
11:04:23.163 INFO  manager.MyListener - Start find element--->>>By.xpath: //button[text()='Sign Out']
11:04:23.184 INFO  manager.MyListener - The element with locator--->>>By.xpath: //button[text()='Sign Out']<----was found
11:04:23.235 INFO  tests.TestBAse - start testloginModelCSVDataProvider
11:04:23.236 INFO  manager.MyListener - Start find element--->>>By.cssSelector: [href='/login']
11:04:23.243 INFO  manager.MyListener - The element with locator--->>>By.cssSelector: [href='/login']<----was found
11:04:23.273 INFO  manager.MyListener - Start find element--->>>By.xpath: //input[1]
11:04:23.281 INFO  manager.MyListener - The element with locator--->>>By.xpath: //input[1]<----was found
11:04:23.368 INFO  manager.MyListener - Start find element--->>>By.xpath: //input[2]
11:04:23.375 INFO  manager.MyListener - The element with locator--->>>By.xpath: //input[2]<----was found
11:04:23.449 INFO  manager.MyListener - Start find element--->>>By.xpath: //*[text()=' Login']
11:04:23.456 INFO  manager.MyListener - The element with locator--->>>By.xpath: //*[text()=' Login']<----was found
11:04:28.481 INFO  manager.MyListener - Start find element--->>>By.xpath: //*[text()='Sign Out']
11:04:28.498 INFO  manager.MyListener - The element with locator--->>>By.xpath: //*[text()='Sign Out']<----was found
11:04:28.500 INFO  tests.TestBAse - End of testloginModelCSVDataProvider
11:04:28.502 INFO  tests.TestBAse - Start test --->loginModelCSVDataProvider
11:04:28.503 INFO  manager.MyListener - Start find element--->>>By.xpath: //*[text()='Sign Out']
11:04:28.517 INFO  manager.MyListener - The element with locator--->>>By.xpath: //*[text()='Sign Out']<----was found
11:04:28.518 INFO  manager.MyListener - Start find element--->>>By.xpath: //button[text()='Sign Out']
11:04:28.527 INFO  manager.MyListener - The element with locator--->>>By.xpath: //button[text()='Sign Out']<----was found
11:04:28.557 INFO  tests.TestBAse - start testloginModelCSVDataProvider
11:04:28.558 INFO  manager.MyListener - Start find element--->>>By.cssSelector: [href='/login']
11:04:28.566 INFO  manager.MyListener - The element with locator--->>>By.cssSelector: [href='/login']<----was found
11:04:28.596 INFO  manager.MyListener - Start find element--->>>By.xpath: //input[1]
11:04:28.603 INFO  manager.MyListener - The element with locator--->>>By.xpath: //input[1]<----was found
11:04:28.687 INFO  manager.MyListener - Start find element--->>>By.xpath: //input[2]
11:04:28.694 INFO  manager.MyListener - The element with locator--->>>By.xpath: //input[2]<----was found
11:04:28.785 INFO  manager.MyListener - Start find element--->>>By.xpath: //*[text()=' Login']
11:04:28.798 INFO  manager.MyListener - The element with locator--->>>By.xpath: //*[text()=' Login']<----was found
11:04:33.828 INFO  manager.MyListener - Start find element--->>>By.xpath: //*[text()='Sign Out']
11:04:33.843 INFO  manager.MyListener - The element with locator--->>>By.xpath: //*[text()='Sign Out']<----was found
11:04:33.844 INFO  tests.TestBAse - End of testloginModelCSVDataProvider
11:04:33.846 INFO  tests.TestBAse - Start test --->loginModelCSVDataProvider
11:04:33.847 INFO  manager.MyListener - Start find element--->>>By.xpath: //*[text()='Sign Out']
11:04:33.859 INFO  manager.MyListener - The element with locator--->>>By.xpath: //*[text()='Sign Out']<----was found
11:04:33.860 INFO  manager.MyListener - Start find element--->>>By.xpath: //button[text()='Sign Out']
11:04:33.872 INFO  manager.MyListener - The element with locator--->>>By.xpath: //button[text()='Sign Out']<----was found
11:04:33.912 INFO  tests.TestBAse - start testloginModelCSVDataProvider
11:04:33.914 INFO  manager.MyListener - Start find element--->>>By.cssSelector: [href='/login']
11:04:33.922 INFO  manager.MyListener - The element with locator--->>>By.cssSelector: [href='/login']<----was found
11:04:33.949 INFO  manager.MyListener - Start find element--->>>By.xpath: //input[1]
11:04:33.956 INFO  manager.MyListener - The element with locator--->>>By.xpath: //input[1]<----was found
11:04:34.037 INFO  manager.MyListener - Start find element--->>>By.xpath: //input[2]
11:04:34.045 INFO  manager.MyListener - The element with locator--->>>By.xpath: //input[2]<----was found
11:04:34.116 INFO  manager.MyListener - Start find element--->>>By.xpath: //*[text()=' Login']
11:04:34.125 INFO  manager.MyListener - The element with locator--->>>By.xpath: //*[text()=' Login']<----was found
11:04:39.151 INFO  manager.MyListener - Start find element--->>>By.xpath: //*[text()='Sign Out']
11:04:39.166 INFO  manager.MyListener - The element with locator--->>>By.xpath: //*[text()='Sign Out']<----was found
11:04:39.167 INFO  tests.TestBAse - End of testloginModelCSVDataProvider
11:04:39.170 INFO  tests.TestBAse - Start test --->loginModelDataProvider
11:04:39.171 INFO  manager.MyListener - Start find element--->>>By.xpath: //*[text()='Sign Out']
11:04:39.185 INFO  manager.MyListener - The element with locator--->>>By.xpath: //*[text()='Sign Out']<----was found
11:04:39.185 INFO  manager.MyListener - Start find element--->>>By.xpath: //button[text()='Sign Out']
11:04:39.197 INFO  manager.MyListener - The element with locator--->>>By.xpath: //button[text()='Sign Out']<----was found
11:04:39.249 INFO  tests.TestBAse - start testloginModelDataProvider
11:04:39.250 INFO  manager.MyListener - Start find element--->>>By.cssSelector: [href='/login']
11:04:39.257 INFO  manager.MyListener - The element with locator--->>>By.cssSelector: [href='/login']<----was found
11:04:39.286 INFO  manager.MyListener - Start find element--->>>By.xpath: //input[1]
11:04:39.294 INFO  manager.MyListener - The element with locator--->>>By.xpath: //input[1]<----was found
11:04:39.374 INFO  manager.MyListener - Start find element--->>>By.xpath: //input[2]
11:04:39.381 INFO  manager.MyListener - The element with locator--->>>By.xpath: //input[2]<----was found
11:04:39.460 INFO  manager.MyListener - Start find element--->>>By.xpath: //*[text()=' Login']
11:04:39.468 INFO  manager.MyListener - The element with locator--->>>By.xpath: //*[text()=' Login']<----was found
11:04:44.494 INFO  manager.MyListener - Start find element--->>>By.xpath: //*[text()='Sign Out']
11:04:44.510 INFO  manager.MyListener - The element with locator--->>>By.xpath: //*[text()='Sign Out']<----was found
11:04:44.512 INFO  tests.TestBAse - End of testloginModelDataProvider
11:04:44.514 INFO  tests.TestBAse - Start test --->loginModelDataProvider
11:04:44.515 INFO  manager.MyListener - Start find element--->>>By.xpath: //*[text()='Sign Out']
11:04:44.532 INFO  manager.MyListener - The element with locator--->>>By.xpath: //*[text()='Sign Out']<----was found
11:04:44.533 INFO  manager.MyListener - Start find element--->>>By.xpath: //button[text()='Sign Out']
11:04:44.545 INFO  manager.MyListener - The element with locator--->>>By.xpath: //button[text()='Sign Out']<----was found
11:04:44.603 INFO  tests.TestBAse - start testloginModelDataProvider
11:04:44.603 INFO  manager.MyListener - Start find element--->>>By.cssSelector: [href='/login']
11:04:44.610 INFO  manager.MyListener - The element with locator--->>>By.cssSelector: [href='/login']<----was found
11:04:44.645 INFO  manager.MyListener - Start find element--->>>By.xpath: //input[1]
11:04:44.652 INFO  manager.MyListener - The element with locator--->>>By.xpath: //input[1]<----was found
11:04:44.745 INFO  manager.MyListener - Start find element--->>>By.xpath: //input[2]
11:04:44.752 INFO  manager.MyListener - The element with locator--->>>By.xpath: //input[2]<----was found
11:04:44.831 INFO  manager.MyListener - Start find element--->>>By.xpath: //*[text()=' Login']
11:04:44.838 INFO  manager.MyListener - The element with locator--->>>By.xpath: //*[text()=' Login']<----was found
11:04:49.863 INFO  manager.MyListener - Start find element--->>>By.xpath: //*[text()='Sign Out']
11:04:49.879 INFO  manager.MyListener - The element with locator--->>>By.xpath: //*[text()='Sign Out']<----was found
11:04:49.880 INFO  tests.TestBAse - End of testloginModelDataProvider
11:04:49.881 INFO  tests.TestBAse - Start test --->loginModelDataProvider
11:04:49.882 INFO  manager.MyListener - Start find element--->>>By.xpath: //*[text()='Sign Out']
11:04:49.895 INFO  manager.MyListener - The element with locator--->>>By.xpath: //*[text()='Sign Out']<----was found
11:04:49.896 INFO  manager.MyListener - Start find element--->>>By.xpath: //button[text()='Sign Out']
11:04:49.908 INFO  manager.MyListener - The element with locator--->>>By.xpath: //button[text()='Sign Out']<----was found
11:04:49.936 INFO  tests.TestBAse - start testloginModelDataProvider
11:04:49.937 INFO  manager.MyListener - Start find element--->>>By.cssSelector: [href='/login']
11:04:49.944 INFO  manager.MyListener - The element with locator--->>>By.cssSelector: [href='/login']<----was found
11:04:49.973 INFO  manager.MyListener - Start find element--->>>By.xpath: //input[1]
11:04:49.980 INFO  manager.MyListener - The element with locator--->>>By.xpath: //input[1]<----was found
11:04:50.056 INFO  manager.MyListener - Start find element--->>>By.xpath: //input[2]
11:04:50.064 INFO  manager.MyListener - The element with locator--->>>By.xpath: //input[2]<----was found
11:04:50.134 INFO  manager.MyListener - Start find element--->>>By.xpath: //*[text()=' Login']
11:04:50.143 INFO  manager.MyListener - The element with locator--->>>By.xpath: //*[text()=' Login']<----was found
11:04:55.174 INFO  manager.MyListener - Start find element--->>>By.xpath: //*[text()='Sign Out']
11:04:55.188 INFO  manager.MyListener - The element with locator--->>>By.xpath: //*[text()='Sign Out']<----was found
11:04:55.189 INFO  tests.TestBAse - End of testloginModelDataProvider
11:04:55.191 INFO  tests.TestBAse - Start test --->loginModelDataProvider
11:04:55.192 INFO  manager.MyListener - Start find element--->>>By.xpath: //*[text()='Sign Out']
11:04:55.204 INFO  manager.MyListener - The element with locator--->>>By.xpath: //*[text()='Sign Out']<----was found
11:04:55.205 INFO  manager.MyListener - Start find element--->>>By.xpath: //button[text()='Sign Out']
11:04:55.216 INFO  manager.MyListener - The element with locator--->>>By.xpath: //button[text()='Sign Out']<----was found
11:04:55.269 INFO  tests.TestBAse - start testloginModelDataProvider
11:04:55.270 INFO  manager.MyListener - Start find element--->>>By.cssSelector: [href='/login']
11:04:55.277 INFO  manager.MyListener - The element with locator--->>>By.cssSelector: [href='/login']<----was found
11:04:55.307 INFO  manager.MyListener - Start find element--->>>By.xpath: //input[1]
11:04:55.315 INFO  manager.MyListener - The element with locator--->>>By.xpath: //input[1]<----was found
11:04:55.402 INFO  manager.MyListener - Start find element--->>>By.xpath: //input[2]
11:04:55.409 INFO  manager.MyListener - The element with locator--->>>By.xpath: //input[2]<----was found
11:04:55.494 INFO  manager.MyListener - Start find element--->>>By.xpath: //*[text()=' Login']
11:04:55.503 INFO  manager.MyListener - The element with locator--->>>By.xpath: //*[text()=' Login']<----was found
11:05:00.532 INFO  manager.MyListener - Start find element--->>>By.xpath: //*[text()='Sign Out']
11:05:00.547 INFO  manager.MyListener - The element with locator--->>>By.xpath: //*[text()='Sign Out']<----was found
11:05:00.549 INFO  tests.TestBAse - End of testloginModelDataProvider
11:05:00.551 INFO  tests.TestBAse - Start test --->loginNegativePassword
11:05:00.551 INFO  manager.MyListener - Start find element--->>>By.xpath: //*[text()='Sign Out']
11:05:00.565 INFO  manager.MyListener - The element with locator--->>>By.xpath: //*[text()='Sign Out']<----was found
11:05:00.566 INFO  manager.MyListener - Start find element--->>>By.xpath: //button[text()='Sign Out']
11:05:00.574 INFO  manager.MyListener - The element with locator--->>>By.xpath: //button[text()='Sign Out']<----was found
11:05:00.609 INFO  tests.TestBAse - start testloginNegativePassword
11:05:00.611 INFO  manager.MyListener - Start find element--->>>By.cssSelector: [href='/login']
11:05:00.625 INFO  manager.MyListener - The element with locator--->>>By.cssSelector: [href='/login']<----was found
11:05:00.679 INFO  manager.MyListener - Start find element--->>>By.xpath: //input[1]
11:05:00.686 INFO  manager.MyListener - The element with locator--->>>By.xpath: //input[1]<----was found
11:05:00.777 INFO  manager.MyListener - Start find element--->>>By.xpath: //input[2]
11:05:00.785 INFO  manager.MyListener - The element with locator--->>>By.xpath: //input[2]<----was found
11:05:00.857 INFO  manager.MyListener - Start find element--->>>By.xpath: //*[text()=' Login']
11:05:00.863 INFO  manager.MyListener - The element with locator--->>>By.xpath: //*[text()=' Login']<----was found
11:05:05.925 INFO  tests.TestBAse - End of testloginNegativePassword
11:05:05.927 INFO  tests.TestBAse - Start test --->loginSuccess
11:05:05.928 INFO  manager.MyListener - Start find element--->>>By.xpath: //*[text()='Sign Out']
11:05:10.993 INFO  manager.MyListener - The element with locator--->>>By.xpath: //*[text()='Sign Out']<----was found
11:05:10.995 INFO  tests.TestBAse - End of testloginSuccess
11:05:10.997 INFO  tests.TestBAse - Start test --->loginSuccessModel
11:05:10.998 INFO  manager.MyListener - Start find element--->>>By.xpath: //*[text()='Sign Out']
11:05:16.043 INFO  manager.MyListener - The element with locator--->>>By.xpath: //*[text()='Sign Out']<----was found
11:05:16.045 INFO  manager.MyListener - Start find element--->>>By.cssSelector: [href='/login']
11:05:16.064 INFO  manager.MyListener - The element with locator--->>>By.cssSelector: [href='/login']<----was found
11:05:16.116 INFO  manager.MyListener - Start find element--->>>By.xpath: //input[1]
11:05:16.127 INFO  manager.MyListener - The element with locator--->>>By.xpath: //input[1]<----was found
11:05:16.225 INFO  manager.MyListener - Start find element--->>>By.xpath: //input[2]
11:05:16.236 INFO  manager.MyListener - The element with locator--->>>By.xpath: //input[2]<----was found
11:05:16.351 INFO  manager.MyListener - Start find element--->>>By.xpath: //*[text()=' Login']
11:05:16.363 INFO  manager.MyListener - The element with locator--->>>By.xpath: //*[text()=' Login']<----was found
11:05:21.389 INFO  manager.MyListener - Start find element--->>>By.xpath: //*[text()='Sign Out']
11:05:21.404 INFO  manager.MyListener - The element with locator--->>>By.xpath: //*[text()='Sign Out']<----was found
11:05:21.405 INFO  tests.TestBAse - End of testloginSuccessModel
11:05:21.407 INFO  tests.TestBAse - Start test --->loginSuccessNew
11:05:21.408 INFO  manager.MyListener - Start find element--->>>By.xpath: //*[text()='Sign Out']
11:05:21.419 INFO  manager.MyListener - The element with locator--->>>By.xpath: //*[text()='Sign Out']<----was found
11:05:21.420 INFO  manager.MyListener - Start find element--->>>By.xpath: //button[text()='Sign Out']
11:05:21.442 INFO  manager.MyListener - The element with locator--->>>By.xpath: //button[text()='Sign Out']<----was found
11:05:21.497 INFO  tests.TestBAse - start testloginSuccessNew
11:05:21.498 INFO  tests.TestBAse - Testing 'loginSuccessNew' 
11:05:21.499 INFO  tests.TestBAse - The test starts with data [missira85@gmail.com] & [Passw0rd$]
11:05:21.499 INFO  manager.MyListener - Start find element--->>>By.cssSelector: [href='/login']
11:05:21.510 INFO  manager.MyListener - The element with locator--->>>By.cssSelector: [href='/login']<----was found
11:05:21.568 INFO  manager.MyListener - Start find element--->>>By.xpath: //input[1]
11:05:21.577 INFO  manager.MyListener - The element with locator--->>>By.xpath: //input[1]<----was found
11:05:21.651 INFO  manager.MyListener - Start find element--->>>By.xpath: //input[2]
11:05:21.658 INFO  manager.MyListener - The element with locator--->>>By.xpath: //input[2]<----was found
11:05:21.729 INFO  manager.MyListener - Start find element--->>>By.xpath: //*[text()=' Login']
11:05:21.735 INFO  manager.MyListener - The element with locator--->>>By.xpath: //*[text()=' Login']<----was found
11:05:22.761 INFO  manager.MyListener - Start find element--->>>By.xpath: //*[text()='Sign Out']
11:05:22.775 INFO  manager.MyListener - The element with locator--->>>By.xpath: //*[text()='Sign Out']<----was found
11:05:22.776 INFO  tests.TestBAse - Test 'loginSuccessNew' passed successfully
11:05:22.778 INFO  tests.TestBAse - End of testloginSuccessNew
11:05:22.780 INFO  tests.TestBAse - Start test --->loginSuccessNew1
11:05:22.781 INFO  manager.MyListener - Start find element--->>>By.xpath: //*[text()='Sign Out']
11:05:22.795 INFO  manager.MyListener - The element with locator--->>>By.xpath: //*[text()='Sign Out']<----was found
11:05:22.796 INFO  manager.MyListener - Start find element--->>>By.xpath: //button[text()='Sign Out']
11:05:22.809 INFO  manager.MyListener - The element with locator--->>>By.xpath: //button[text()='Sign Out']<----was found
11:05:22.862 INFO  tests.TestBAse - start testloginSuccessNew1
11:05:22.863 INFO  tests.TestBAse - Testing 'loginSuccessNew1' 
11:05:22.868 INFO  tests.TestBAse - The test starts with emailmissira85@gmail.comand password Passw0rd$
11:05:22.868 INFO  manager.MyListener - Start find element--->>>By.cssSelector: [href='/login']
11:05:22.877 INFO  manager.MyListener - The element with locator--->>>By.cssSelector: [href='/login']<----was found
11:05:22.914 INFO  manager.MyListener - Start find element--->>>By.xpath: //input[1]
11:05:22.921 INFO  manager.MyListener - The element with locator--->>>By.xpath: //input[1]<----was found
11:05:23.015 INFO  manager.MyListener - Start find element--->>>By.xpath: //input[2]
11:05:23.025 INFO  manager.MyListener - The element with locator--->>>By.xpath: //input[2]<----was found
11:05:23.120 INFO  manager.MyListener - Start find element--->>>By.xpath: //*[text()=' Login']
11:05:23.127 INFO  manager.MyListener - The element with locator--->>>By.xpath: //*[text()=' Login']<----was found
11:05:24.153 INFO  manager.MyListener - Start find element--->>>By.xpath: //*[text()='Sign Out']
11:05:24.168 INFO  manager.MyListener - The element with locator--->>>By.xpath: //*[text()='Sign Out']<----was found
11:05:24.169 INFO  tests.TestBAse - End of testloginSuccessNew1
11:05:24.170 INFO  tests.TestBAse - Start test --->loginSuccessNew1
11:05:24.171 INFO  manager.MyListener - Start find element--->>>By.xpath: //*[text()='Sign Out']
11:05:24.183 INFO  manager.MyListener - The element with locator--->>>By.xpath: //*[text()='Sign Out']<----was found
11:05:24.183 INFO  manager.MyListener - Start find element--->>>By.xpath: //button[text()='Sign Out']
11:05:24.194 INFO  manager.MyListener - The element with locator--->>>By.xpath: //button[text()='Sign Out']<----was found
11:05:24.251 INFO  tests.TestBAse - start testloginSuccessNew1
11:05:24.252 INFO  tests.TestBAse - Testing 'loginSuccessNew1' 
11:05:24.252 INFO  tests.TestBAse - The test starts with emailmissira85@gmail.comand password Passw0rd$
11:05:24.252 INFO  manager.MyListener - Start find element--->>>By.cssSelector: [href='/login']
11:05:24.259 INFO  manager.MyListener - The element with locator--->>>By.cssSelector: [href='/login']<----was found
11:05:24.286 INFO  manager.MyListener - Start find element--->>>By.xpath: //input[1]
11:05:24.292 INFO  manager.MyListener - The element with locator--->>>By.xpath: //input[1]<----was found
11:05:24.373 INFO  manager.MyListener - Start find element--->>>By.xpath: //input[2]
11:05:24.380 INFO  manager.MyListener - The element with locator--->>>By.xpath: //input[2]<----was found
11:05:24.457 INFO  manager.MyListener - Start find element--->>>By.xpath: //*[text()=' Login']
11:05:24.465 INFO  manager.MyListener - The element with locator--->>>By.xpath: //*[text()=' Login']<----was found
11:05:25.494 INFO  manager.MyListener - Start find element--->>>By.xpath: //*[text()='Sign Out']
11:05:25.509 INFO  manager.MyListener - The element with locator--->>>By.xpath: //*[text()='Sign Out']<----was found
11:05:25.510 INFO  tests.TestBAse - End of testloginSuccessNew1
11:05:25.512 INFO  tests.TestBAse - Start test --->loginSuccessNew1
11:05:25.513 INFO  manager.MyListener - Start find element--->>>By.xpath: //*[text()='Sign Out']
11:05:25.521 INFO  manager.MyListener - The element with locator--->>>By.xpath: //*[text()='Sign Out']<----was found
11:05:25.521 INFO  manager.MyListener - Start find element--->>>By.xpath: //button[text()='Sign Out']
11:05:25.527 INFO  manager.MyListener - The element with locator--->>>By.xpath: //button[text()='Sign Out']<----was found
11:05:25.557 INFO  tests.TestBAse - start testloginSuccessNew1
11:05:25.558 INFO  tests.TestBAse - Testing 'loginSuccessNew1' 
11:05:25.559 INFO  tests.TestBAse - The test starts with emailmissira85@gmail.comand password Passw0rd$
11:05:25.559 INFO  manager.MyListener - Start find element--->>>By.cssSelector: [href='/login']
11:05:25.566 INFO  manager.MyListener - The element with locator--->>>By.cssSelector: [href='/login']<----was found
11:05:25.591 INFO  manager.MyListener - Start find element--->>>By.xpath: //input[1]
11:05:25.602 INFO  manager.MyListener - The element with locator--->>>By.xpath: //input[1]<----was found
11:05:25.681 INFO  manager.MyListener - Start find element--->>>By.xpath: //input[2]
11:05:25.689 INFO  manager.MyListener - The element with locator--->>>By.xpath: //input[2]<----was found
11:05:25.755 INFO  manager.MyListener - Start find element--->>>By.xpath: //*[text()=' Login']
11:05:25.762 INFO  manager.MyListener - The element with locator--->>>By.xpath: //*[text()=' Login']<----was found
11:05:26.787 INFO  manager.MyListener - Start find element--->>>By.xpath: //*[text()='Sign Out']
11:05:26.801 INFO  manager.MyListener - The element with locator--->>>By.xpath: //*[text()='Sign Out']<----was found
11:05:26.803 INFO  tests.TestBAse - End of testloginSuccessNew1
11:05:26.805 INFO  tests.TestBAse - Start test --->loginSuccessNew1
11:05:26.806 INFO  manager.MyListener - Start find element--->>>By.xpath: //*[text()='Sign Out']
11:05:26.817 INFO  manager.MyListener - The element with locator--->>>By.xpath: //*[text()='Sign Out']<----was found
11:05:26.818 INFO  manager.MyListener - Start find element--->>>By.xpath: //button[text()='Sign Out']
11:05:26.828 INFO  manager.MyListener - The element with locator--->>>By.xpath: //button[text()='Sign Out']<----was found
11:05:26.865 INFO  tests.TestBAse - start testloginSuccessNew1
11:05:26.866 INFO  tests.TestBAse - Testing 'loginSuccessNew1' 
11:05:26.866 INFO  tests.TestBAse - The test starts with emailmissira85@gmail.comand password Passw0rd$
11:05:26.866 INFO  manager.MyListener - Start find element--->>>By.cssSelector: [href='/login']
11:05:26.873 INFO  manager.MyListener - The element with locator--->>>By.cssSelector: [href='/login']<----was found
11:05:26.910 INFO  manager.MyListener - Start find element--->>>By.xpath: //input[1]
11:05:26.917 INFO  manager.MyListener - The element with locator--->>>By.xpath: //input[1]<----was found
11:05:27.000 INFO  manager.MyListener - Start find element--->>>By.xpath: //input[2]
11:05:27.007 INFO  manager.MyListener - The element with locator--->>>By.xpath: //input[2]<----was found
11:05:27.089 INFO  manager.MyListener - Start find element--->>>By.xpath: //*[text()=' Login']
11:05:27.096 INFO  manager.MyListener - The element with locator--->>>By.xpath: //*[text()=' Login']<----was found
11:05:28.123 INFO  manager.MyListener - Start find element--->>>By.xpath: //*[text()='Sign Out']
11:05:28.139 INFO  manager.MyListener - The element with locator--->>>By.xpath: //*[text()='Sign Out']<----was found
11:05:28.140 INFO  tests.TestBAse - End of testloginSuccessNew1
11:05:28.143 INFO  tests.TestBAse - Start test --->addNewContactSuccess
11:05:28.144 INFO  manager.MyListener - Start find element--->>>By.xpath: //*[text()='Sign Out']
11:05:28.155 INFO  manager.MyListener - The element with locator--->>>By.xpath: //*[text()='Sign Out']<----was found
11:05:28.160 INFO  manager.MyListener - Start find element--->>>By.cssSelector: a[href='/add']
11:05:28.180 INFO  manager.MyListener - The element with locator--->>>By.cssSelector: a[href='/add']<----was found
11:05:28.238 INFO  manager.MyListener - Start find element--->>>By.xpath: //a[@class='active']
11:05:28.257 INFO  manager.MyListener - The element with locator--->>>By.xpath: //a[@class='active']<----was found
11:05:28.297 INFO  manager.MyListener - Start find element--->>>By.xpath: //input[@placeholder='Name']
11:05:28.308 INFO  manager.MyListener - The element with locator--->>>By.xpath: //input[@placeholder='Name']<----was found
11:05:28.399 INFO  manager.MyListener - Start find element--->>>By.xpath: //input[@placeholder='Last Name']
11:05:28.409 INFO  manager.MyListener - The element with locator--->>>By.xpath: //input[@placeholder='Last Name']<----was found
11:05:28.479 INFO  manager.MyListener - Start find element--->>>By.xpath: //input[@placeholder='Phone']
11:05:28.490 INFO  manager.MyListener - The element with locator--->>>By.xpath: //input[@placeholder='Phone']<----was found
11:05:28.577 INFO  manager.MyListener - Start find element--->>>By.xpath: //input[@placeholder='email']
11:05:28.588 INFO  manager.MyListener - The element with locator--->>>By.xpath: //input[@placeholder='email']<----was found
11:05:28.668 INFO  manager.MyListener - Start find element--->>>By.xpath: //input[@placeholder='Address']
11:05:28.680 INFO  manager.MyListener - The element with locator--->>>By.xpath: //input[@placeholder='Address']<----was found
11:05:28.762 INFO  manager.MyListener - Start find element--->>>By.xpath: //input[@placeholder='description']
11:05:28.773 INFO  manager.MyListener - The element with locator--->>>By.xpath: //input[@placeholder='description']<----was found
11:05:28.845 INFO  manager.MyListener - Start find element--->>>By.cssSelector: b
11:05:28.856 INFO  manager.MyListener - The element with locator--->>>By.cssSelector: b<----was found
11:05:33.888 INFO  manager.MyListener - Start find element--->>>By.cssSelector: .active
11:05:33.910 INFO  manager.MyListener - The element with locator--->>>By.cssSelector: .active<----was found
11:05:33.910 INFO  manager.MyListener - Start find element--->>>By.cssSelector: .contact-item_card__2SOIM
11:05:33.932 INFO  manager.MyListener - The element with locator--->>>By.cssSelector: .contact-item_card__2SOIM<----was found
11:05:33.933 INFO  manager.MyListener - Start find element--->>>By.cssSelector: h2
11:05:33.953 INFO  manager.MyListener - The element with locator--->>>By.cssSelector: h2<----was found
11:05:34.166 INFO  manager.MyListener - Start find element--->>>By.cssSelector: h3
11:05:34.178 INFO  manager.MyListener - The element with locator--->>>By.cssSelector: h3<----was found
11:05:34.434 INFO  tests.TestBAse - End of testaddNewContactSuccess
11:05:34.435 INFO  tests.TestBAse - Start test --->addNewContactSuccessProviderCSV
11:05:34.436 INFO  manager.MyListener - Start find element--->>>By.xpath: //*[text()='Sign Out']
11:05:34.446 INFO  manager.MyListener - The element with locator--->>>By.xpath: //*[text()='Sign Out']<----was found
11:05:34.462 INFO  tests.TestBAse - Test start with contactContact(name=Mona, lastName=Dow, phone=99988897, email=mona@gmail.com, address=Haifa, description=friend)
11:05:34.462 INFO  manager.MyListener - Start find element--->>>By.cssSelector: a[href='/add']
11:05:34.473 INFO  manager.MyListener - The element with locator--->>>By.cssSelector: a[href='/add']<----was found
11:05:34.503 INFO  manager.MyListener - Start find element--->>>By.xpath: //a[@class='active']
11:05:34.513 INFO  manager.MyListener - The element with locator--->>>By.xpath: //a[@class='active']<----was found
11:05:34.536 INFO  manager.MyListener - Start find element--->>>By.xpath: //input[@placeholder='Name']
11:05:34.546 INFO  manager.MyListener - The element with locator--->>>By.xpath: //input[@placeholder='Name']<----was found
11:05:34.624 INFO  manager.MyListener - Start find element--->>>By.xpath: //input[@placeholder='Last Name']
11:05:34.636 INFO  manager.MyListener - The element with locator--->>>By.xpath: //input[@placeholder='Last Name']<----was found
11:05:34.714 INFO  manager.MyListener - Start find element--->>>By.xpath: //input[@placeholder='Phone']
11:05:34.724 INFO  manager.MyListener - The element with locator--->>>By.xpath: //input[@placeholder='Phone']<----was found
11:05:34.823 INFO  manager.MyListener - Start find element--->>>By.xpath: //input[@placeholder='email']
11:05:34.833 INFO  manager.MyListener - The element with locator--->>>By.xpath: //input[@placeholder='email']<----was found
11:05:34.908 INFO  manager.MyListener - Start find element--->>>By.xpath: //input[@placeholder='Address']
11:05:34.918 INFO  manager.MyListener - The element with locator--->>>By.xpath: //input[@placeholder='Address']<----was found
11:05:34.985 INFO  manager.MyListener - Start find element--->>>By.xpath: //input[@placeholder='description']
11:05:34.995 INFO  manager.MyListener - The element with locator--->>>By.xpath: //input[@placeholder='description']<----was found
11:05:35.065 INFO  manager.MyListener - Start find element--->>>By.cssSelector: b
11:05:35.076 INFO  manager.MyListener - The element with locator--->>>By.cssSelector: b<----was found
11:05:40.108 INFO  tests.TestBAse - End of testaddNewContactSuccessProviderCSV
11:05:40.109 INFO  tests.TestBAse - Start test --->addNewContactSuccessProviderCSV
11:05:40.110 INFO  manager.MyListener - Start find element--->>>By.xpath: //*[text()='Sign Out']
11:05:40.123 INFO  manager.MyListener - The element with locator--->>>By.xpath: //*[text()='Sign Out']<----was found
11:05:40.124 INFO  tests.TestBAse - Test start with contactContact(name=Joe, lastName=Wow, phone=99988899, email=monka@gmail.com, address=Rehovot,Israel, description=friend)
11:05:40.125 INFO  manager.MyListener - Start find element--->>>By.cssSelector: a[href='/add']
11:05:40.135 INFO  manager.MyListener - The element with locator--->>>By.cssSelector: a[href='/add']<----was found
11:05:40.158 INFO  manager.MyListener - Start find element--->>>By.xpath: //a[@class='active']
11:05:40.164 INFO  manager.MyListener - The element with locator--->>>By.xpath: //a[@class='active']<----was found
11:05:40.183 INFO  manager.MyListener - Start find element--->>>By.xpath: //input[@placeholder='Name']
11:05:40.190 INFO  manager.MyListener - The element with locator--->>>By.xpath: //input[@placeholder='Name']<----was found
11:05:40.262 INFO  manager.MyListener - Start find element--->>>By.xpath: //input[@placeholder='Last Name']
11:05:40.270 INFO  manager.MyListener - The element with locator--->>>By.xpath: //input[@placeholder='Last Name']<----was found
11:05:40.357 INFO  manager.MyListener - Start find element--->>>By.xpath: //input[@placeholder='Phone']
11:05:40.365 INFO  manager.MyListener - The element with locator--->>>By.xpath: //input[@placeholder='Phone']<----was found
11:05:40.436 INFO  manager.MyListener - Start find element--->>>By.xpath: //input[@placeholder='email']
11:05:40.443 INFO  manager.MyListener - The element with locator--->>>By.xpath: //input[@placeholder='email']<----was found
11:05:40.528 INFO  manager.MyListener - Start find element--->>>By.xpath: //input[@placeholder='Address']
11:05:40.536 INFO  manager.MyListener - The element with locator--->>>By.xpath: //input[@placeholder='Address']<----was found
11:05:40.610 INFO  manager.MyListener - Start find element--->>>By.xpath: //input[@placeholder='description']
11:05:40.616 INFO  manager.MyListener - The element with locator--->>>By.xpath: //input[@placeholder='description']<----was found
11:05:40.682 INFO  manager.MyListener - Start find element--->>>By.cssSelector: b
11:05:40.688 INFO  manager.MyListener - The element with locator--->>>By.cssSelector: b<----was found
11:05:45.713 INFO  tests.TestBAse - End of testaddNewContactSuccessProviderCSV
11:05:45.714 INFO  tests.TestBAse - Start test --->addNewContactSuccessProviderCSV
11:05:45.715 INFO  manager.MyListener - Start find element--->>>By.xpath: //*[text()='Sign Out']
11:05:45.727 INFO  manager.MyListener - The element with locator--->>>By.xpath: //*[text()='Sign Out']<----was found
11:05:45.728 INFO  tests.TestBAse - Test start with contactContact(name=Moo, lastName=Kow, phone=99988807, email=mo0na@gmail.com, address=TelAviv, description=friend)
11:05:45.728 INFO  manager.MyListener - Start find element--->>>By.cssSelector: a[href='/add']
11:05:45.740 INFO  manager.MyListener - The element with locator--->>>By.cssSelector: a[href='/add']<----was found
11:05:45.789 INFO  manager.MyListener - Start find element--->>>By.xpath: //a[@class='active']
11:05:45.803 INFO  manager.MyListener - The element with locator--->>>By.xpath: //a[@class='active']<----was found
11:05:45.838 INFO  manager.MyListener - Start find element--->>>By.xpath: //input[@placeholder='Name']
11:05:45.848 INFO  manager.MyListener - The element with locator--->>>By.xpath: //input[@placeholder='Name']<----was found
11:05:45.989 INFO  manager.MyListener - Start find element--->>>By.xpath: //input[@placeholder='Last Name']
11:05:46.000 INFO  manager.MyListener - The element with locator--->>>By.xpath: //input[@placeholder='Last Name']<----was found
11:05:46.073 INFO  manager.MyListener - Start find element--->>>By.xpath: //input[@placeholder='Phone']
11:05:46.084 INFO  manager.MyListener - The element with locator--->>>By.xpath: //input[@placeholder='Phone']<----was found
11:05:46.208 INFO  manager.MyListener - Start find element--->>>By.xpath: //input[@placeholder='email']
11:05:46.218 INFO  manager.MyListener - The element with locator--->>>By.xpath: //input[@placeholder='email']<----was found
11:05:46.302 INFO  manager.MyListener - Start find element--->>>By.xpath: //input[@placeholder='Address']
11:05:46.312 INFO  manager.MyListener - The element with locator--->>>By.xpath: //input[@placeholder='Address']<----was found
11:05:46.399 INFO  manager.MyListener - Start find element--->>>By.xpath: //input[@placeholder='description']
11:05:46.435 INFO  manager.MyListener - The element with locator--->>>By.xpath: //input[@placeholder='description']<----was found
11:05:46.568 INFO  manager.MyListener - Start find element--->>>By.cssSelector: b
11:05:46.578 INFO  manager.MyListener - The element with locator--->>>By.cssSelector: b<----was found
11:05:51.605 INFO  tests.TestBAse - End of testaddNewContactSuccessProviderCSV
11:05:51.606 INFO  tests.TestBAse - Start test --->addNewContactSuccessProviderCSV
11:05:51.607 INFO  manager.MyListener - Start find element--->>>By.xpath: //*[text()='Sign Out']
11:05:51.629 INFO  manager.MyListener - The element with locator--->>>By.xpath: //*[text()='Sign Out']<----was found
11:05:51.630 INFO  tests.TestBAse - Test start with contactContact(name=Mana, lastName=Bow, phone=99088897, email=bona@gmail.com, address=Haifa, description=friend)
11:05:51.630 INFO  manager.MyListener - Start find element--->>>By.cssSelector: a[href='/add']
11:05:51.649 INFO  manager.MyListener - The element with locator--->>>By.cssSelector: a[href='/add']<----was found
11:05:51.705 INFO  manager.MyListener - Start find element--->>>By.xpath: //a[@class='active']
11:05:51.716 INFO  manager.MyListener - The element with locator--->>>By.xpath: //a[@class='active']<----was found
11:05:51.737 INFO  manager.MyListener - Start find element--->>>By.xpath: //input[@placeholder='Name']
11:05:51.747 INFO  manager.MyListener - The element with locator--->>>By.xpath: //input[@placeholder='Name']<----was found
11:05:51.837 INFO  manager.MyListener - Start find element--->>>By.xpath: //input[@placeholder='Last Name']
11:05:51.849 INFO  manager.MyListener - The element with locator--->>>By.xpath: //input[@placeholder='Last Name']<----was found
11:05:51.928 INFO  manager.MyListener - Start find element--->>>By.xpath: //input[@placeholder='Phone']
11:05:51.940 INFO  manager.MyListener - The element with locator--->>>By.xpath: //input[@placeholder='Phone']<----was found
11:05:52.015 INFO  manager.MyListener - Start find element--->>>By.xpath: //input[@placeholder='email']
11:05:52.026 INFO  manager.MyListener - The element with locator--->>>By.xpath: //input[@placeholder='email']<----was found
11:05:52.099 INFO  manager.MyListener - Start find element--->>>By.xpath: //input[@placeholder='Address']
11:05:52.114 INFO  manager.MyListener - The element with locator--->>>By.xpath: //input[@placeholder='Address']<----was found
11:05:52.214 INFO  manager.MyListener - Start find element--->>>By.xpath: //input[@placeholder='description']
11:05:52.225 INFO  manager.MyListener - The element with locator--->>>By.xpath: //input[@placeholder='description']<----was found
11:05:52.294 INFO  manager.MyListener - Start find element--->>>By.cssSelector: b
11:05:52.304 INFO  manager.MyListener - The element with locator--->>>By.cssSelector: b<----was found
11:05:57.332 INFO  tests.TestBAse - End of testaddNewContactSuccessProviderCSV
11:05:57.334 INFO  tests.TestBAse - Start test --->registrationSuccess
11:05:57.336 INFO  manager.MyListener - Start find element--->>>By.xpath: //*[text()='Sign Out']
11:05:57.358 INFO  manager.MyListener - The element with locator--->>>By.xpath: //*[text()='Sign Out']<----was found
11:05:57.358 INFO  manager.MyListener - Start find element--->>>By.xpath: //button[text()='Sign Out']
11:05:57.377 INFO  manager.MyListener - The element with locator--->>>By.xpath: //button[text()='Sign Out']<----was found
11:05:57.430 INFO  manager.MyListener - Start find element--->>>By.cssSelector: [href='/login']
11:05:57.440 INFO  manager.MyListener - The element with locator--->>>By.cssSelector: [href='/login']<----was found
11:05:57.468 INFO  manager.MyListener - Start find element--->>>By.xpath: //input[1]
11:05:57.478 INFO  manager.MyListener - The element with locator--->>>By.xpath: //input[1]<----was found
11:05:57.565 INFO  manager.MyListener - Start find element--->>>By.xpath: //input[2]
11:05:57.575 INFO  manager.MyListener - The element with locator--->>>By.xpath: //input[2]<----was found
11:05:57.646 INFO  manager.MyListener - Start find element--->>>By.xpath: //*[text()=' Registration']
11:05:57.656 INFO  manager.MyListener - The element with locator--->>>By.xpath: //*[text()=' Registration']<----was found
11:05:58.682 INFO  manager.MyListener - Start find element--->>>By.xpath: //*[text()='Sign Out']
11:05:58.696 INFO  manager.MyListener - The element with locator--->>>By.xpath: //*[text()='Sign Out']<----was found
11:05:58.697 INFO  tests.TestBAse - End of testregistrationSuccess
11:05:58.699 INFO  tests.TestBAse - Start test --->registrationSuccessModel
11:05:58.699 INFO  manager.MyListener - Start find element--->>>By.xpath: //*[text()='Sign Out']
11:05:58.711 INFO  manager.MyListener - The element with locator--->>>By.xpath: //*[text()='Sign Out']<----was found
11:05:58.711 INFO  manager.MyListener - Start find element--->>>By.xpath: //button[text()='Sign Out']
11:05:58.722 INFO  manager.MyListener - The element with locator--->>>By.xpath: //button[text()='Sign Out']<----was found
11:05:58.760 INFO  manager.MyListener - Start find element--->>>By.cssSelector: [href='/login']
11:05:58.766 INFO  manager.MyListener - The element with locator--->>>By.cssSelector: [href='/login']<----was found
11:05:58.802 INFO  manager.MyListener - Start find element--->>>By.xpath: //input[1]
11:05:58.808 INFO  manager.MyListener - The element with locator--->>>By.xpath: //input[1]<----was found
11:05:58.930 INFO  manager.MyListener - Start find element--->>>By.xpath: //input[2]
11:05:58.938 INFO  manager.MyListener - The element with locator--->>>By.xpath: //input[2]<----was found
11:05:59.022 INFO  manager.MyListener - Start find element--->>>By.xpath: //*[text()=' Registration']
11:05:59.030 INFO  manager.MyListener - The element with locator--->>>By.xpath: //*[text()=' Registration']<----was found
11:06:00.063 INFO  manager.MyListener - Start find element--->>>By.xpath: //*[text()='Sign Out']
11:06:00.078 INFO  manager.MyListener - The element with locator--->>>By.xpath: //*[text()='Sign Out']<----was found
11:06:00.079 INFO  tests.TestBAse - End of testregistrationSuccessModel
11:06:00.081 INFO  tests.TestBAse - Start test --->registrationWrongPasswordModel
11:06:00.081 INFO  manager.MyListener - Start find element--->>>By.xpath: //*[text()='Sign Out']
11:06:00.093 INFO  manager.MyListener - The element with locator--->>>By.xpath: //*[text()='Sign Out']<----was found
11:06:00.093 INFO  manager.MyListener - Start find element--->>>By.xpath: //button[text()='Sign Out']
11:06:00.104 INFO  manager.MyListener - The element with locator--->>>By.xpath: //button[text()='Sign Out']<----was found
11:06:00.134 INFO  manager.MyListener - Start find element--->>>By.cssSelector: [href='/login']
11:06:00.140 INFO  manager.MyListener - The element with locator--->>>By.cssSelector: [href='/login']<----was found
11:06:00.171 INFO  manager.MyListener - Start find element--->>>By.xpath: //input[1]
11:06:00.178 INFO  manager.MyListener - The element with locator--->>>By.xpath: //input[1]<----was found
11:06:00.269 INFO  manager.MyListener - Start find element--->>>By.xpath: //input[2]
11:06:00.277 INFO  manager.MyListener - The element with locator--->>>By.xpath: //input[2]<----was found
11:06:00.348 INFO  manager.MyListener - Start find element--->>>By.xpath: //*[text()=' Registration']
11:06:00.355 INFO  manager.MyListener - The element with locator--->>>By.xpath: //*[text()=' Registration']<----was found
11:06:06.413 INFO  manager.MyListener - Start find element--->>>By.xpath: //*[.='Registration failed with code 400']
11:06:06.473 INFO  manager.MyListener - The element with locator--->>>By.xpath: //*[.='Registration failed with code 400']<----was found
11:06:06.475 INFO  tests.TestBAse - End of testregistrationWrongPasswordModel
11:06:06.477 INFO  tests.TestBAse - Start test --->removeAllContactTaya
11:06:06.478 INFO  manager.MyListener - Start find element--->>>By.xpath: //*[text()='Sign Out']
11:06:11.515 INFO  manager.MyListener - The element with locator--->>>By.xpath: //*[text()='Sign Out']<----was found
11:06:11.515 INFO  manager.MyListener - Start find element--->>>By.cssSelector: [href='/login']
11:06:11.535 INFO  manager.MyListener - The element with locator--->>>By.cssSelector: [href='/login']<----was found
11:06:11.591 INFO  manager.MyListener - Start find element--->>>By.xpath: //input[1]
11:06:11.609 INFO  manager.MyListener - The element with locator--->>>By.xpath: //input[1]<----was found
11:06:11.784 INFO  manager.MyListener - Start find element--->>>By.xpath: //input[2]
11:06:11.790 INFO  manager.MyListener - The element with locator--->>>By.xpath: //input[2]<----was found
11:06:11.869 INFO  manager.MyListener - Start find element--->>>By.xpath: //*[text()=' Login']
11:06:11.880 INFO  manager.MyListener - The element with locator--->>>By.xpath: //*[text()=' Login']<----was found
11:06:11.905 INFO  tests.TestBAse - Start testremoveAllContactTaya
11:06:11.906 INFO  manager.MyListener - Start find element--->>>By.cssSelector: .contact-item_card__2SOIM
11:06:12.361 INFO  manager.MyListener - The element with locator--->>>By.cssSelector: .contact-item_card__2SOIM<----was found
11:06:12.361 INFO  manager.MyListener - Start find element--->>>By.cssSelector: .contact-item_card__2SOIM
11:06:12.371 INFO  manager.MyListener - The element with locator--->>>By.cssSelector: .contact-item_card__2SOIM<----was found
11:06:12.409 INFO  manager.MyListener - Start find element--->>>By.xpath: //button[text()='Remove']
11:06:12.420 INFO  manager.MyListener - The element with locator--->>>By.xpath: //button[text()='Remove']<----was found
11:06:12.948 INFO  manager.MyListener - Start find element--->>>By.cssSelector: .contact-item_card__2SOIM
11:06:12.965 INFO  manager.MyListener - The element with locator--->>>By.cssSelector: .contact-item_card__2SOIM<----was found
11:06:12.966 INFO  manager.MyListener - Start find element--->>>By.cssSelector: .contact-item_card__2SOIM
11:06:12.978 INFO  manager.MyListener - The element with locator--->>>By.cssSelector: .contact-item_card__2SOIM<----was found
11:06:12.999 INFO  manager.MyListener - Start find element--->>>By.xpath: //button[text()='Remove']
11:06:13.006 INFO  manager.MyListener - The element with locator--->>>By.xpath: //button[text()='Remove']<----was found
11:06:13.532 INFO  manager.MyListener - Start find element--->>>By.cssSelector: .contact-item_card__2SOIM
11:06:13.547 INFO  manager.MyListener - The element with locator--->>>By.cssSelector: .contact-item_card__2SOIM<----was found
11:06:13.548 INFO  manager.MyListener - Start find element--->>>By.cssSelector: .contact-item_card__2SOIM
11:06:13.560 INFO  manager.MyListener - The element with locator--->>>By.cssSelector: .contact-item_card__2SOIM<----was found
11:06:13.596 INFO  manager.MyListener - Start find element--->>>By.xpath: //button[text()='Remove']
11:06:13.603 INFO  manager.MyListener - The element with locator--->>>By.xpath: //button[text()='Remove']<----was found
11:06:14.127 INFO  manager.MyListener - Start find element--->>>By.cssSelector: .contact-item_card__2SOIM
11:06:14.142 INFO  manager.MyListener - The element with locator--->>>By.cssSelector: .contact-item_card__2SOIM<----was found
11:06:14.143 INFO  manager.MyListener - Start find element--->>>By.cssSelector: .contact-item_card__2SOIM
11:06:14.154 INFO  manager.MyListener - The element with locator--->>>By.cssSelector: .contact-item_card__2SOIM<----was found
11:06:14.171 INFO  manager.MyListener - Start find element--->>>By.xpath: //button[text()='Remove']
11:06:14.178 INFO  manager.MyListener - The element with locator--->>>By.xpath: //button[text()='Remove']<----was found
11:06:14.703 INFO  manager.MyListener - Start find element--->>>By.cssSelector: .contact-item_card__2SOIM
11:06:14.717 INFO  manager.MyListener - The element with locator--->>>By.cssSelector: .contact-item_card__2SOIM<----was found
11:06:14.718 INFO  manager.MyListener - Start find element--->>>By.cssSelector: .contact-item_card__2SOIM
11:06:14.724 INFO  manager.MyListener - The element with locator--->>>By.cssSelector: .contact-item_card__2SOIM<----was found
11:06:14.742 INFO  manager.MyListener - Start find element--->>>By.xpath: //button[text()='Remove']
11:06:14.753 INFO  manager.MyListener - The element with locator--->>>By.xpath: //button[text()='Remove']<----was found
11:06:15.285 INFO  manager.MyListener - Start find element--->>>By.cssSelector: .contact-item_card__2SOIM
11:06:15.299 INFO  manager.MyListener - The element with locator--->>>By.cssSelector: .contact-item_card__2SOIM<----was found
11:06:15.300 INFO  manager.MyListener - Start find element--->>>By.cssSelector: .contact-item_card__2SOIM
11:06:15.311 INFO  manager.MyListener - The element with locator--->>>By.cssSelector: .contact-item_card__2SOIM<----was found
11:06:15.331 INFO  manager.MyListener - Start find element--->>>By.xpath: //button[text()='Remove']
11:06:15.338 INFO  manager.MyListener - The element with locator--->>>By.xpath: //button[text()='Remove']<----was found
11:06:15.861 INFO  manager.MyListener - Start find element--->>>By.cssSelector: .contact-item_card__2SOIM
11:06:15.875 INFO  manager.MyListener - The element with locator--->>>By.cssSelector: .contact-item_card__2SOIM<----was found
11:06:15.876 INFO  manager.MyListener - Start find element--->>>By.cssSelector: .contact-item_card__2SOIM
11:06:15.886 INFO  manager.MyListener - The element with locator--->>>By.cssSelector: .contact-item_card__2SOIM<----was found
11:06:15.919 INFO  manager.MyListener - Start find element--->>>By.xpath: //button[text()='Remove']
11:06:15.926 INFO  manager.MyListener - The element with locator--->>>By.xpath: //button[text()='Remove']<----was found
11:06:16.460 INFO  manager.MyListener - Start find element--->>>By.cssSelector: .contact-item_card__2SOIM
11:06:16.475 INFO  manager.MyListener - The element with locator--->>>By.cssSelector: .contact-item_card__2SOIM<----was found
11:06:16.475 INFO  manager.MyListener - Start find element--->>>By.cssSelector: .contact-item_card__2SOIM
11:06:16.483 INFO  manager.MyListener - The element with locator--->>>By.cssSelector: .contact-item_card__2SOIM<----was found
11:06:16.505 INFO  manager.MyListener - Start find element--->>>By.xpath: //button[text()='Remove']
11:06:16.513 INFO  manager.MyListener - The element with locator--->>>By.xpath: //button[text()='Remove']<----was found
11:06:17.039 INFO  manager.MyListener - Start find element--->>>By.cssSelector: .contact-item_card__2SOIM
11:06:17.053 INFO  manager.MyListener - The element with locator--->>>By.cssSelector: .contact-item_card__2SOIM<----was found
11:06:17.053 INFO  manager.MyListener - Start find element--->>>By.cssSelector: .contact-item_card__2SOIM
11:06:17.061 INFO  manager.MyListener - The element with locator--->>>By.cssSelector: .contact-item_card__2SOIM<----was found
11:06:17.080 INFO  manager.MyListener - Start find element--->>>By.xpath: //button[text()='Remove']
11:06:17.086 INFO  manager.MyListener - The element with locator--->>>By.xpath: //button[text()='Remove']<----was found
11:06:17.613 INFO  manager.MyListener - Start find element--->>>By.cssSelector: .contact-item_card__2SOIM
11:06:17.627 INFO  manager.MyListener - The element with locator--->>>By.cssSelector: .contact-item_card__2SOIM<----was found
11:06:17.628 INFO  manager.MyListener - Start find element--->>>By.cssSelector: .contact-item_card__2SOIM
11:06:17.641 INFO  manager.MyListener - The element with locator--->>>By.cssSelector: .contact-item_card__2SOIM<----was found
11:06:17.678 INFO  manager.MyListener - Start find element--->>>By.xpath: //button[text()='Remove']
11:06:17.689 INFO  manager.MyListener - The element with locator--->>>By.xpath: //button[text()='Remove']<----was found
11:06:18.236 INFO  manager.MyListener - Start find element--->>>By.cssSelector: .contact-item_card__2SOIM
11:06:18.250 INFO  manager.MyListener - The element with locator--->>>By.cssSelector: .contact-item_card__2SOIM<----was found
11:06:18.251 INFO  manager.MyListener - Start find element--->>>By.cssSelector: .contact-item_card__2SOIM
11:06:18.261 INFO  manager.MyListener - The element with locator--->>>By.cssSelector: .contact-item_card__2SOIM<----was found
11:06:18.280 INFO  manager.MyListener - Start find element--->>>By.xpath: //button[text()='Remove']
11:06:18.287 INFO  manager.MyListener - The element with locator--->>>By.xpath: //button[text()='Remove']<----was found
11:06:18.817 INFO  manager.MyListener - Start find element--->>>By.cssSelector: .contact-item_card__2SOIM
11:06:18.825 INFO  manager.MyListener - The element with locator--->>>By.cssSelector: .contact-item_card__2SOIM<----was found
11:06:18.825 INFO  manager.MyListener - Start find element--->>>By.cssSelector: .contact-item_card__2SOIM
11:06:18.832 INFO  manager.MyListener - The element with locator--->>>By.cssSelector: .contact-item_card__2SOIM<----was found
11:06:18.850 INFO  manager.MyListener - Start find element--->>>By.xpath: //button[text()='Remove']
11:06:18.857 INFO  manager.MyListener - The element with locator--->>>By.xpath: //button[text()='Remove']<----was found
11:06:19.383 INFO  manager.MyListener - Start find element--->>>By.cssSelector: .contact-item_card__2SOIM
11:06:19.396 INFO  manager.MyListener - The element with locator--->>>By.cssSelector: .contact-item_card__2SOIM<----was found
11:06:19.396 INFO  manager.MyListener - Start find element--->>>By.cssSelector: .contact-item_card__2SOIM
11:06:19.403 INFO  manager.MyListener - The element with locator--->>>By.cssSelector: .contact-item_card__2SOIM<----was found
11:06:19.422 INFO  manager.MyListener - Start find element--->>>By.xpath: //button[text()='Remove']
11:06:19.429 INFO  manager.MyListener - The element with locator--->>>By.xpath: //button[text()='Remove']<----was found
11:06:19.965 INFO  manager.MyListener - Start find element--->>>By.cssSelector: .contact-item_card__2SOIM
11:06:19.979 INFO  manager.MyListener - The element with locator--->>>By.cssSelector: .contact-item_card__2SOIM<----was found
11:06:19.979 INFO  manager.MyListener - Start find element--->>>By.cssSelector: .contact-item_card__2SOIM
11:06:19.988 INFO  manager.MyListener - The element with locator--->>>By.cssSelector: .contact-item_card__2SOIM<----was found
11:06:20.006 INFO  manager.MyListener - Start find element--->>>By.xpath: //button[text()='Remove']
11:06:20.012 INFO  manager.MyListener - The element with locator--->>>By.xpath: //button[text()='Remove']<----was found
11:06:20.543 INFO  manager.MyListener - Start find element--->>>By.cssSelector: .contact-item_card__2SOIM
11:06:20.556 INFO  manager.MyListener - The element with locator--->>>By.cssSelector: .contact-item_card__2SOIM<----was found
11:06:20.557 INFO  manager.MyListener - Start find element--->>>By.cssSelector: .contact-item_card__2SOIM
11:06:20.567 INFO  manager.MyListener - The element with locator--->>>By.cssSelector: .contact-item_card__2SOIM<----was found
11:06:20.602 INFO  manager.MyListener - Start find element--->>>By.xpath: //button[text()='Remove']
11:06:20.615 INFO  manager.MyListener - The element with locator--->>>By.xpath: //button[text()='Remove']<----was found
11:06:21.139 INFO  manager.MyListener - Start find element--->>>By.cssSelector: .contact-item_card__2SOIM
11:06:21.154 INFO  manager.MyListener - The element with locator--->>>By.cssSelector: .contact-item_card__2SOIM<----was found
11:06:21.154 INFO  manager.MyListener - Start find element--->>>By.cssSelector: .contact-item_card__2SOIM
11:06:21.164 INFO  manager.MyListener - The element with locator--->>>By.cssSelector: .contact-item_card__2SOIM<----was found
11:06:21.184 INFO  manager.MyListener - Start find element--->>>By.xpath: //button[text()='Remove']
11:06:21.191 INFO  manager.MyListener - The element with locator--->>>By.xpath: //button[text()='Remove']<----was found
11:06:21.714 INFO  manager.MyListener - Start find element--->>>By.cssSelector: .contact-item_card__2SOIM
11:06:21.729 INFO  manager.MyListener - The element with locator--->>>By.cssSelector: .contact-item_card__2SOIM<----was found
11:06:21.729 INFO  manager.MyListener - Start find element--->>>By.cssSelector: .contact-item_card__2SOIM
11:06:21.740 INFO  manager.MyListener - The element with locator--->>>By.cssSelector: .contact-item_card__2SOIM<----was found
11:06:21.761 INFO  manager.MyListener - Start find element--->>>By.xpath: //button[text()='Remove']
11:06:21.767 INFO  manager.MyListener - The element with locator--->>>By.xpath: //button[text()='Remove']<----was found
11:06:22.290 INFO  manager.MyListener - Start find element--->>>By.cssSelector: .contact-item_card__2SOIM
11:06:22.304 INFO  manager.MyListener - The element with locator--->>>By.cssSelector: .contact-item_card__2SOIM<----was found
11:06:22.304 INFO  manager.MyListener - Start find element--->>>By.cssSelector: .contact-item_card__2SOIM
11:06:22.314 INFO  manager.MyListener - The element with locator--->>>By.cssSelector: .contact-item_card__2SOIM<----was found
11:06:22.333 INFO  manager.MyListener - Start find element--->>>By.xpath: //button[text()='Remove']
11:06:22.340 INFO  manager.MyListener - The element with locator--->>>By.xpath: //button[text()='Remove']<----was found
11:06:22.865 INFO  manager.MyListener - Start find element--->>>By.cssSelector: .contact-item_card__2SOIM
11:06:22.879 INFO  manager.MyListener - The element with locator--->>>By.cssSelector: .contact-item_card__2SOIM<----was found
11:06:22.879 INFO  manager.MyListener - Start find element--->>>By.cssSelector: .contact-item_card__2SOIM
11:06:22.892 INFO  manager.MyListener - The element with locator--->>>By.cssSelector: .contact-item_card__2SOIM<----was found
11:06:22.938 INFO  manager.MyListener - Start find element--->>>By.xpath: //button[text()='Remove']
11:06:22.950 INFO  manager.MyListener - The element with locator--->>>By.xpath: //button[text()='Remove']<----was found
11:06:23.503 INFO  manager.MyListener - Start find element--->>>By.cssSelector: .contact-item_card__2SOIM
11:06:23.516 INFO  manager.MyListener - The element with locator--->>>By.cssSelector: .contact-item_card__2SOIM<----was found
11:06:23.516 INFO  manager.MyListener - Start find element--->>>By.cssSelector: .contact-item_card__2SOIM
11:06:23.526 INFO  manager.MyListener - The element with locator--->>>By.cssSelector: .contact-item_card__2SOIM<----was found
11:06:23.559 INFO  manager.MyListener - Start find element--->>>By.xpath: //button[text()='Remove']
11:06:23.567 INFO  manager.MyListener - The element with locator--->>>By.xpath: //button[text()='Remove']<----was found
11:06:24.091 INFO  manager.MyListener - Start find element--->>>By.cssSelector: .contact-item_card__2SOIM
11:06:24.105 INFO  manager.MyListener - The element with locator--->>>By.cssSelector: .contact-item_card__2SOIM<----was found
11:06:24.105 INFO  manager.MyListener - Start find element--->>>By.cssSelector: .contact-item_card__2SOIM
11:06:24.118 INFO  manager.MyListener - The element with locator--->>>By.cssSelector: .contact-item_card__2SOIM<----was found
11:06:24.137 INFO  manager.MyListener - Start find element--->>>By.xpath: //button[text()='Remove']
11:06:24.144 INFO  manager.MyListener - The element with locator--->>>By.xpath: //button[text()='Remove']<----was found
11:06:24.681 INFO  manager.MyListener - Start find element--->>>By.cssSelector: .contact-item_card__2SOIM
11:06:24.695 INFO  manager.MyListener - The element with locator--->>>By.cssSelector: .contact-item_card__2SOIM<----was found
11:06:24.695 INFO  manager.MyListener - Start find element--->>>By.cssSelector: .contact-item_card__2SOIM
11:06:24.705 INFO  manager.MyListener - The element with locator--->>>By.cssSelector: .contact-item_card__2SOIM<----was found
11:06:24.749 INFO  manager.MyListener - Start find element--->>>By.xpath: //button[text()='Remove']
11:06:24.756 INFO  manager.MyListener - The element with locator--->>>By.xpath: //button[text()='Remove']<----was found
11:06:25.282 INFO  manager.MyListener - Start find element--->>>By.cssSelector: .contact-item_card__2SOIM
11:06:25.295 INFO  manager.MyListener - The element with locator--->>>By.cssSelector: .contact-item_card__2SOIM<----was found
11:06:25.296 INFO  manager.MyListener - Start find element--->>>By.cssSelector: .contact-item_card__2SOIM
11:06:25.307 INFO  manager.MyListener - The element with locator--->>>By.cssSelector: .contact-item_card__2SOIM<----was found
11:06:25.328 INFO  manager.MyListener - Start find element--->>>By.xpath: //button[text()='Remove']
11:06:25.335 INFO  manager.MyListener - The element with locator--->>>By.xpath: //button[text()='Remove']<----was found
11:06:25.859 INFO  manager.MyListener - Start find element--->>>By.cssSelector: .contact-item_card__2SOIM
11:06:25.871 INFO  manager.MyListener - The element with locator--->>>By.cssSelector: .contact-item_card__2SOIM<----was found
11:06:25.871 INFO  manager.MyListener - Start find element--->>>By.cssSelector: .contact-item_card__2SOIM
11:06:25.881 INFO  manager.MyListener - The element with locator--->>>By.cssSelector: .contact-item_card__2SOIM<----was found
11:06:25.925 INFO  manager.MyListener - Start find element--->>>By.xpath: //button[text()='Remove']
11:06:25.937 INFO  manager.MyListener - The element with locator--->>>By.xpath: //button[text()='Remove']<----was found
11:06:26.478 INFO  manager.MyListener - Start find element--->>>By.cssSelector: .contact-item_card__2SOIM
11:06:26.491 INFO  manager.MyListener - The element with locator--->>>By.cssSelector: .contact-item_card__2SOIM<----was found
11:06:26.491 INFO  manager.MyListener - Start find element--->>>By.cssSelector: .contact-item_card__2SOIM
11:06:26.502 INFO  manager.MyListener - The element with locator--->>>By.cssSelector: .contact-item_card__2SOIM<----was found
11:06:26.526 INFO  manager.MyListener - Start find element--->>>By.xpath: //button[text()='Remove']
11:06:26.532 INFO  manager.MyListener - The element with locator--->>>By.xpath: //button[text()='Remove']<----was found
11:06:27.057 INFO  manager.MyListener - Start find element--->>>By.cssSelector: .contact-item_card__2SOIM
11:06:32.089 INFO  manager.MyListener - The element with locator--->>>By.cssSelector: .contact-item_card__2SOIM<----was found
11:06:32.089 INFO  manager.MyListener - Start find element--->>>By.cssSelector: .contact-page_message__2qafk
11:06:32.109 INFO  manager.MyListener - The element with locator--->>>By.cssSelector: .contact-page_message__2qafk<----was found
11:06:32.111 INFO  tests.TestBAse - End of testremoveAllContactTaya
11:06:32.114 INFO  tests.TestBAse - Start test --->removeOneContactTaya
11:06:32.115 INFO  manager.MyListener - Start find element--->>>By.xpath: //*[text()='Sign Out']
11:06:32.134 INFO  manager.MyListener - The element with locator--->>>By.xpath: //*[text()='Sign Out']<----was found
11:06:32.135 INFO  tests.TestBAse - Test 'removeOneContactTaya' started
11:06:32.135 INFO  manager.MyListener - Start find element--->>>By.cssSelector: .contact-item_card__2SOIM
11:06:37.164 INFO  manager.MyListener - The element with locator--->>>By.cssSelector: .contact-item_card__2SOIM<----was found
11:06:37.164 INFO  manager.MyListener - Start find element--->>>By.cssSelector: .contact-item_card__2SOIM
11:06:42.198 INFO  manager.MyListener - The element with locator--->>>By.cssSelector: .contact-item_card__2SOIM<----was found
11:06:42.198 INFO  manager.MyListener - Start find element--->>>By.cssSelector: .contact-item_card__2SOIM
11:06:47.231 INFO  manager.MyListener - The element with locator--->>>By.cssSelector: .contact-item_card__2SOIM<----was found
11:06:47.234 INFO  tests.TestBAse - End of testremoveOneContactTaya
