23:10:59.662 INFO  manager.ApplicationManager - All tests start in ChromeDriver
23:11:00.476 INFO  manager.MyListener - Start find element--->>>By.xpath: //*[text()='Sign Out']
23:11:05.515 INFO  manager.MyListener - The element with locator--->>>By.xpath: //*[text()='Sign Out']<----was found
23:11:05.516 INFO  manager.MyListener - Start find element--->>>By.cssSelector: [href='/login']
23:11:05.540 INFO  manager.MyListener - The element with locator--->>>By.cssSelector: [href='/login']<----was found
23:11:05.626 INFO  manager.MyListener - Start find element--->>>By.xpath: //input[1]
23:11:05.650 INFO  manager.MyListener - The element with locator--->>>By.xpath: //input[1]<----was found
23:11:05.804 INFO  manager.MyListener - Start find element--->>>By.xpath: //input[2]
23:11:05.825 INFO  manager.MyListener - The element with locator--->>>By.xpath: //input[2]<----was found
23:11:05.961 INFO  manager.MyListener - Start find element--->>>By.xpath: //*[text()=' Login']
23:11:05.978 INFO  manager.MyListener - The element with locator--->>>By.xpath: //*[text()=' Login']<----was found
23:11:06.031 INFO  tests.TestBAse - start testremoveAllConatct
23:11:06.033 INFO  tests.TestBAse - Test 'removeAllContact' started
23:11:06.034 INFO  manager.MyListener - Start find element--->>>By.xpath: //a[@class='active']
23:11:06.055 INFO  manager.MyListener - The element with locator--->>>By.xpath: //a[@class='active']<----was found
23:11:06.099 INFO  manager.MyListener - Start find element--->>>By.cssSelector: div[class='contact-page_leftdiv__yhyke'] div div:nth-child(1)
23:11:06.810 INFO  manager.MyListener - The element with locator--->>>By.cssSelector: div[class='contact-page_leftdiv__yhyke'] div div:nth-child(1)<----was found
23:11:06.832 INFO  manager.MyListener - Start find element--->>>By.xpath: //button[normalize-space()='Remove']
23:11:06.862 INFO  manager.MyListener - The element with locator--->>>By.xpath: //button[normalize-space()='Remove']<----was found
23:11:06.910 INFO  manager.MyListener - Start find element--->>>By.cssSelector: div[class='contact-page_leftdiv__yhyke'] div div:nth-child(1)
23:11:06.931 INFO  manager.MyListener - The element with locator--->>>By.cssSelector: div[class='contact-page_leftdiv__yhyke'] div div:nth-child(1)<----was found
23:11:06.932 INFO  manager.MyListener - Start find element--->>>By.cssSelector: div[class='contact-page_leftdiv__yhyke'] div div:nth-child(1)
23:11:06.944 INFO  manager.MyListener - The element with locator--->>>By.cssSelector: div[class='contact-page_leftdiv__yhyke'] div div:nth-child(1)<----was found
23:11:06.958 INFO  manager.MyListener - Start find element--->>>By.xpath: //button[normalize-space()='Remove']
23:11:06.974 INFO  manager.MyListener - The element with locator--->>>By.xpath: //button[normalize-space()='Remove']<----was found
23:11:07.005 INFO  tests.TestBAse - no cards display at the page
23:11:07.008 INFO  tests.TestBAse - End of testremoveAllConatct
