20:33:02.350 INFO  manager.ApplicationManager - All tests start in ChromeDriver
20:33:03.101 INFO  manager.MyListener - Start find element--->>>By.xpath: //*[text()='Sign Out']
20:33:08.181 INFO  manager.MyListener - The element with locator--->>>By.xpath: //*[text()='Sign Out']<----was found
20:33:08.182 INFO  manager.MyListener - Start find element--->>>By.cssSelector: [href='/login']
20:33:08.207 INFO  manager.MyListener - The element with locator--->>>By.cssSelector: [href='/login']<----was found
20:33:08.297 INFO  manager.MyListener - Start find element--->>>By.xpath: //input[1]
20:33:08.317 INFO  manager.MyListener - The element with locator--->>>By.xpath: //input[1]<----was found
20:33:08.467 INFO  manager.MyListener - Start find element--->>>By.xpath: //input[2]
20:33:08.486 INFO  manager.MyListener - The element with locator--->>>By.xpath: //input[2]<----was found
20:33:08.632 INFO  manager.MyListener - Start find element--->>>By.xpath: //*[text()=' Login']
20:33:08.651 INFO  manager.MyListener - The element with locator--->>>By.xpath: //*[text()=' Login']<----was found
20:33:08.729 INFO  manager.MyListener - Start find element--->>>By.cssSelector: a[href='/add']
20:33:09.314 INFO  manager.MyListener - The element with locator--->>>By.cssSelector: a[href='/add']<----was found
20:33:09.373 INFO  manager.MyListener - Start find element--->>>By.xpath: //a[@class='active']
20:33:09.397 INFO  manager.MyListener - The element with locator--->>>By.xpath: //a[@class='active']<----was found
20:33:09.449 INFO  manager.MyListener - Start find element--->>>By.xpath: //input[@placeholder='Name']
20:33:09.471 INFO  manager.MyListener - The element with locator--->>>By.xpath: //input[@placeholder='Name']<----was found
20:33:09.607 INFO  manager.MyListener - Start find element--->>>By.xpath: //input[@placeholder='Last Name']
20:33:09.625 INFO  manager.MyListener - The element with locator--->>>By.xpath: //input[@placeholder='Last Name']<----was found
20:33:09.756 INFO  manager.MyListener - Start find element--->>>By.xpath: //input[@placeholder='Phone']
20:33:09.775 INFO  manager.MyListener - The element with locator--->>>By.xpath: //input[@placeholder='Phone']<----was found
20:33:09.908 INFO  manager.MyListener - Start find element--->>>By.xpath: //input[@placeholder='email']
20:33:09.926 INFO  manager.MyListener - The element with locator--->>>By.xpath: //input[@placeholder='email']<----was found
20:33:10.065 INFO  manager.MyListener - Start find element--->>>By.xpath: //input[@placeholder='Address']
20:33:10.083 INFO  manager.MyListener - The element with locator--->>>By.xpath: //input[@placeholder='Address']<----was found
20:33:10.210 INFO  manager.MyListener - Start find element--->>>By.xpath: //input[@placeholder='description']
20:33:10.231 INFO  manager.MyListener - The element with locator--->>>By.xpath: //input[@placeholder='description']<----was found
20:33:10.383 INFO  manager.MyListener - Start find element--->>>By.cssSelector: div[class='add_form__2rsm2'] button
20:33:10.403 INFO  manager.MyListener - The element with locator--->>>By.cssSelector: div[class='add_form__2rsm2'] button<----was found
20:33:15.457 INFO  manager.MyListener - Start find element--->>>By.xpath: //*[text()='Sign Out']
20:33:15.476 INFO  manager.MyListener - The element with locator--->>>By.xpath: //*[text()='Sign Out']<----was found
20:33:15.479 INFO  manager.MyListener - Start find element--->>>By.cssSelector: a[href='/add']
20:33:15.493 INFO  manager.MyListener - The element with locator--->>>By.cssSelector: a[href='/add']<----was found
20:33:15.532 INFO  manager.MyListener - Start find element--->>>By.xpath: //a[@class='active']
20:33:15.548 INFO  manager.MyListener - The element with locator--->>>By.xpath: //a[@class='active']<----was found
20:33:15.582 INFO  manager.MyListener - Start find element--->>>By.xpath: //input[@placeholder='Name']
20:33:15.597 INFO  manager.MyListener - The element with locator--->>>By.xpath: //input[@placeholder='Name']<----was found
20:33:15.735 INFO  manager.MyListener - Start find element--->>>By.xpath: //input[@placeholder='Last Name']
20:33:15.749 INFO  manager.MyListener - The element with locator--->>>By.xpath: //input[@placeholder='Last Name']<----was found
20:33:15.875 INFO  manager.MyListener - Start find element--->>>By.xpath: //input[@placeholder='Phone']
20:33:15.887 INFO  manager.MyListener - The element with locator--->>>By.xpath: //input[@placeholder='Phone']<----was found
20:33:16.021 INFO  manager.MyListener - Start find element--->>>By.xpath: //input[@placeholder='email']
20:33:16.033 INFO  manager.MyListener - The element with locator--->>>By.xpath: //input[@placeholder='email']<----was found
20:33:16.183 INFO  manager.MyListener - Start find element--->>>By.xpath: //input[@placeholder='Address']
20:33:16.197 INFO  manager.MyListener - The element with locator--->>>By.xpath: //input[@placeholder='Address']<----was found
20:33:16.337 INFO  manager.MyListener - Start find element--->>>By.xpath: //input[@placeholder='description']
20:33:16.349 INFO  manager.MyListener - The element with locator--->>>By.xpath: //input[@placeholder='description']<----was found
20:33:16.477 INFO  manager.MyListener - Start find element--->>>By.cssSelector: div[class='add_form__2rsm2'] button
20:33:16.495 INFO  manager.MyListener - The element with locator--->>>By.cssSelector: div[class='add_form__2rsm2'] button<----was found
