20:30:45.138 INFO  manager.ApplicationManager - All tests start in ChromeDriver
20:30:45.989 INFO  manager.MyListener - Start find element--->>>By.xpath: //*[text()='Sign Out']
20:30:51.034 INFO  manager.MyListener - The element with locator--->>>By.xpath: //*[text()='Sign Out']<----was found
20:30:51.035 INFO  manager.MyListener - Start find element--->>>By.cssSelector: [href='/login']
20:30:51.058 INFO  manager.MyListener - The element with locator--->>>By.cssSelector: [href='/login']<----was found
20:30:51.137 INFO  manager.MyListener - Start find element--->>>By.xpath: //input[1]
20:30:51.160 INFO  manager.MyListener - The element with locator--->>>By.xpath: //input[1]<----was found
20:30:51.310 INFO  manager.MyListener - Start find element--->>>By.xpath: //input[2]
20:30:51.330 INFO  manager.MyListener - The element with locator--->>>By.xpath: //input[2]<----was found
20:30:51.473 INFO  manager.MyListener - Start find element--->>>By.xpath: //*[text()=' Login']
20:30:51.493 INFO  manager.MyListener - The element with locator--->>>By.xpath: //*[text()=' Login']<----was found
20:30:51.544 INFO  tests.TestBAse - start testremoveAllConatct
20:30:51.546 INFO  tests.TestBAse - Test 'removeAllContact' started
20:30:51.547 INFO  manager.MyListener - Start find element--->>>By.xpath: //a[@class='active']
20:30:51.569 INFO  manager.MyListener - The element with locator--->>>By.xpath: //a[@class='active']<----was found
20:30:51.617 INFO  manager.MyListener - Start find element--->>>By.cssSelector: div[class='contact-page_leftdiv__yhyke'] div div:nth-child(1)
20:30:52.219 INFO  manager.MyListener - The element with locator--->>>By.cssSelector: div[class='contact-page_leftdiv__yhyke'] div div:nth-child(1)<----was found
20:30:52.243 INFO  manager.MyListener - Start find element--->>>By.xpath: //button[normalize-space()='Remove']
20:30:52.270 INFO  manager.MyListener - The element with locator--->>>By.xpath: //button[normalize-space()='Remove']<----was found
20:30:52.820 INFO  manager.MyListener - Start find element--->>>By.cssSelector: div[class='contact-page_leftdiv__yhyke'] div div:nth-child(1)
20:30:52.844 INFO  manager.MyListener - The element with locator--->>>By.cssSelector: div[class='contact-page_leftdiv__yhyke'] div div:nth-child(1)<----was found
20:30:52.845 INFO  manager.MyListener - Start find element--->>>By.cssSelector: div[class='contact-page_leftdiv__yhyke'] div div:nth-child(1)
20:30:52.858 INFO  manager.MyListener - The element with locator--->>>By.cssSelector: div[class='contact-page_leftdiv__yhyke'] div div:nth-child(1)<----was found
20:30:52.877 INFO  manager.MyListener - Start find element--->>>By.xpath: //button[normalize-space()='Remove']
20:30:52.891 INFO  manager.MyListener - The element with locator--->>>By.xpath: //button[normalize-space()='Remove']<----was found
20:30:53.441 INFO  tests.TestBAse - no cards display at the page
20:30:53.446 INFO  tests.TestBAse - End of testremoveAllConatct
