18:21:18.796 INFO  manager.ApplicationManager - All tests start in ChromeDriver
18:21:19.701 INFO  manager.MyListener - Start find element--->>>By.xpath: //*[text()='Sign Out']
18:21:24.776 INFO  manager.MyListener - The element with locator--->>>By.xpath: //*[text()='Sign Out']<----was found
18:21:24.779 INFO  tests.TestBAse - start testloginModelDataProvider
18:21:24.792 INFO  manager.MyListener - Start find element--->>>By.cssSelector: [href='/login']
18:21:24.818 INFO  manager.MyListener - The element with locator--->>>By.cssSelector: [href='/login']<----was found
18:21:24.915 INFO  manager.MyListener - Start find element--->>>By.xpath: //input[1]
18:21:24.944 INFO  manager.MyListener - The element with locator--->>>By.xpath: //input[1]<----was found
18:21:25.123 INFO  manager.MyListener - Start find element--->>>By.xpath: //input[2]
18:21:25.142 INFO  manager.MyListener - The element with locator--->>>By.xpath: //input[2]<----was found
18:21:25.287 INFO  manager.MyListener - Start find element--->>>By.xpath: //*[text()=' Login']
18:21:25.307 INFO  manager.MyListener - The element with locator--->>>By.xpath: //*[text()=' Login']<----was found
18:21:30.366 INFO  tests.TestBAse - End of testloginModelDataProvider
18:21:30.368 INFO  manager.MyListener - Start find element--->>>By.xpath: //*[text()='Sign Out']
18:21:30.385 INFO  manager.MyListener - The element with locator--->>>By.xpath: //*[text()='Sign Out']<----was found
18:21:30.386 INFO  manager.MyListener - Start find element--->>>By.xpath: //button[text()='Sign Out']
18:21:30.408 INFO  manager.MyListener - The element with locator--->>>By.xpath: //button[text()='Sign Out']<----was found
18:21:30.459 INFO  tests.TestBAse - Testpublic void tests.LoginTests.loginModelDataProvider(models.User) needs logout
18:21:30.461 INFO  tests.TestBAse - start testloginModelDataProvider
18:21:30.462 INFO  manager.MyListener - Start find element--->>>By.cssSelector: [href='/login']
18:21:30.481 INFO  manager.MyListener - The element with locator--->>>By.cssSelector: [href='/login']<----was found
18:21:30.545 INFO  manager.MyListener - Start find element--->>>By.xpath: //input[1]
18:21:30.558 INFO  manager.MyListener - The element with locator--->>>By.xpath: //input[1]<----was found
18:21:30.714 INFO  manager.MyListener - Start find element--->>>By.xpath: //input[2]
18:21:30.729 INFO  manager.MyListener - The element with locator--->>>By.xpath: //input[2]<----was found
18:21:30.877 INFO  manager.MyListener - Start find element--->>>By.xpath: //*[text()=' Login']
18:21:30.892 INFO  manager.MyListener - The element with locator--->>>By.xpath: //*[text()=' Login']<----was found
18:21:35.948 INFO  tests.TestBAse - End of testloginModelDataProvider
18:21:35.950 INFO  manager.MyListener - Start find element--->>>By.xpath: //*[text()='Sign Out']
18:21:35.972 INFO  manager.MyListener - We have a 'throwable'--->>>unexpected alert open: {Alert text : Undefined Error 500}
  (Session info: chrome=96.0.4664.110): Undefined Error 500
Build info: version: '3.141.59', revision: 'e82be7d358', time: '2018-11-14T08:17:03'
System info: host: 'desktopirina', ip: '127.0.1.1', os.name: 'Linux', os.arch: 'amd64', os.version: '5.14.0-1031-oem', java.version: '11.0.14.1'
Driver info: org.openqa.selenium.chrome.ChromeDriver
Capabilities {acceptInsecureCerts: false, browserName: chrome, browserVersion: 96.0.4664.110, chrome: {chromedriverVersion: 96.0.4664.45 (76e4c1bb2ab46..., userDataDir: /tmp/.com.google.Chrome.LMrQMJ}, goog:chromeOptions: {debuggerAddress: localhost:45059}, javascriptEnabled: true, networkConnectionEnabled: false, pageLoadStrategy: normal, platform: LINUX, platformName: LINUX, proxy: Proxy(), setWindowRect: true, strictFileInteractability: false, timeouts: {implicit: 0, pageLoad: 300000, script: 30000}, unhandledPromptBehavior: dismiss and notify, webauthn:extension:credBlob: true, webauthn:extension:largeBlob: true, webauthn:virtualAuthenticators: true}
Session ID: d29021aa45bedbd2b514a7c692d4a773
*** Element info: {Using=xpath, value=//*[text()='Sign Out']}
18:21:35.974 INFO  manager.MyListener - We have a 'fill In Stack Trace'--->>>org.openqa.selenium.UnhandledAlertException: unexpected alert open: {Alert text : Undefined Error 500}
  (Session info: chrome=96.0.4664.110): Undefined Error 500
Build info: version: '3.141.59', revision: 'e82be7d358', time: '2018-11-14T08:17:03'
System info: host: 'desktopirina', ip: '127.0.1.1', os.name: 'Linux', os.arch: 'amd64', os.version: '5.14.0-1031-oem', java.version: '11.0.14.1'
Driver info: org.openqa.selenium.chrome.ChromeDriver
Capabilities {acceptInsecureCerts: false, browserName: chrome, browserVersion: 96.0.4664.110, chrome: {chromedriverVersion: 96.0.4664.45 (76e4c1bb2ab46..., userDataDir: /tmp/.com.google.Chrome.LMrQMJ}, goog:chromeOptions: {debuggerAddress: localhost:45059}, javascriptEnabled: true, networkConnectionEnabled: false, pageLoadStrategy: normal, platform: LINUX, platformName: LINUX, proxy: Proxy(), setWindowRect: true, strictFileInteractability: false, timeouts: {implicit: 0, pageLoad: 300000, script: 30000}, unhandledPromptBehavior: dismiss and notify, webauthn:extension:credBlob: true, webauthn:extension:largeBlob: true, webauthn:virtualAuthenticators: true}
Session ID: d29021aa45bedbd2b514a7c692d4a773
*** Element info: {Using=xpath, value=//*[text()='Sign Out']}
18:21:36.723 INFO  manager.MyListener - This is the link to screen with problem-->src/test/screenshots/screen-1295.png
