09:19:37.025 INFO  manager.ApplicationManager - All tests start in ChromeDriver
09:19:37.705 INFO  manager.MyListener - Start find element--->>>By.xpath: //*[text()='Sign Out']
09:19:42.763 INFO  manager.MyListener - The element with locator--->>>By.xpath: //*[text()='Sign Out']<----was found
09:19:42.765 INFO  tests.TestBAse - start testloginModelCSVDataProvider
09:19:42.773 INFO  manager.MyListener - Start find element--->>>By.cssSelector: [href='/login']
09:19:42.788 INFO  manager.MyListener - The element with locator--->>>By.cssSelector: [href='/login']<----was found
09:19:42.847 INFO  manager.MyListener - Start find element--->>>By.xpath: //input[1]
09:19:42.859 INFO  manager.MyListener - The element with locator--->>>By.xpath: //input[1]<----was found
09:19:42.987 INFO  manager.MyListener - Start find element--->>>By.xpath: //input[2]
09:19:43.002 INFO  manager.MyListener - The element with locator--->>>By.xpath: //input[2]<----was found
09:19:43.086 INFO  manager.MyListener - Start find element--->>>By.xpath: //*[text()=' Login']
09:19:43.099 INFO  manager.MyListener - The element with locator--->>>By.xpath: //*[text()=' Login']<----was found
09:19:48.130 INFO  manager.MyListener - Start find element--->>>By.xpath: //*[text()='Sign Out']
09:19:48.149 INFO  manager.MyListener - The element with locator--->>>By.xpath: //*[text()='Sign Out']<----was found
09:19:48.158 INFO  tests.TestBAse - End of testloginModelCSVDataProvider
09:19:48.160 INFO  manager.MyListener - Start find element--->>>By.xpath: //*[text()='Sign Out']
09:19:48.177 INFO  manager.MyListener - The element with locator--->>>By.xpath: //*[text()='Sign Out']<----was found
09:19:48.177 INFO  manager.MyListener - Start find element--->>>By.xpath: //button[text()='Sign Out']
09:19:48.200 INFO  manager.MyListener - The element with locator--->>>By.xpath: //button[text()='Sign Out']<----was found
09:19:48.261 INFO  tests.TestBAse - start testloginModelCSVDataProvider
09:19:48.262 INFO  manager.MyListener - Start find element--->>>By.cssSelector: [href='/login']
09:19:48.270 INFO  manager.MyListener - The element with locator--->>>By.cssSelector: [href='/login']<----was found
09:19:48.306 INFO  manager.MyListener - Start find element--->>>By.xpath: //input[1]
09:19:48.314 INFO  manager.MyListener - The element with locator--->>>By.xpath: //input[1]<----was found
09:19:48.439 INFO  manager.MyListener - Start find element--->>>By.xpath: //input[2]
09:19:48.448 INFO  manager.MyListener - The element with locator--->>>By.xpath: //input[2]<----was found
09:19:48.575 INFO  manager.MyListener - Start find element--->>>By.xpath: //*[text()=' Login']
09:19:48.583 INFO  manager.MyListener - The element with locator--->>>By.xpath: //*[text()=' Login']<----was found
09:19:53.609 INFO  manager.MyListener - Start find element--->>>By.xpath: //*[text()='Sign Out']
09:19:53.617 INFO  manager.MyListener - The element with locator--->>>By.xpath: //*[text()='Sign Out']<----was found
09:19:53.619 INFO  tests.TestBAse - End of testloginModelCSVDataProvider
09:19:53.620 INFO  manager.MyListener - Start find element--->>>By.xpath: //*[text()='Sign Out']
09:19:53.627 INFO  manager.MyListener - The element with locator--->>>By.xpath: //*[text()='Sign Out']<----was found
09:19:53.628 INFO  manager.MyListener - Start find element--->>>By.xpath: //button[text()='Sign Out']
09:19:53.636 INFO  manager.MyListener - The element with locator--->>>By.xpath: //button[text()='Sign Out']<----was found
09:19:53.671 INFO  tests.TestBAse - start testloginModelCSVDataProvider
09:19:53.672 INFO  manager.MyListener - Start find element--->>>By.cssSelector: [href='/login']
09:19:53.680 INFO  manager.MyListener - The element with locator--->>>By.cssSelector: [href='/login']<----was found
09:19:53.713 INFO  manager.MyListener - Start find element--->>>By.xpath: //input[1]
09:19:53.722 INFO  manager.MyListener - The element with locator--->>>By.xpath: //input[1]<----was found
09:19:53.808 INFO  manager.MyListener - Start find element--->>>By.xpath: //input[2]
09:19:53.817 INFO  manager.MyListener - The element with locator--->>>By.xpath: //input[2]<----was found
09:19:53.905 INFO  manager.MyListener - Start find element--->>>By.xpath: //*[text()=' Login']
09:19:53.913 INFO  manager.MyListener - The element with locator--->>>By.xpath: //*[text()=' Login']<----was found
09:19:58.943 INFO  manager.MyListener - Start find element--->>>By.xpath: //*[text()='Sign Out']
09:19:58.953 INFO  manager.MyListener - The element with locator--->>>By.xpath: //*[text()='Sign Out']<----was found
09:19:58.954 INFO  tests.TestBAse - End of testloginModelCSVDataProvider
09:19:58.955 INFO  manager.MyListener - Start find element--->>>By.xpath: //*[text()='Sign Out']
09:19:58.962 INFO  manager.MyListener - The element with locator--->>>By.xpath: //*[text()='Sign Out']<----was found
09:19:58.963 INFO  manager.MyListener - Start find element--->>>By.xpath: //button[text()='Sign Out']
09:19:58.970 INFO  manager.MyListener - The element with locator--->>>By.xpath: //button[text()='Sign Out']<----was found
09:19:59.000 INFO  tests.TestBAse - start testloginModelCSVDataProvider
09:19:59.001 INFO  manager.MyListener - Start find element--->>>By.cssSelector: [href='/login']
09:19:59.010 INFO  manager.MyListener - The element with locator--->>>By.cssSelector: [href='/login']<----was found
09:19:59.037 INFO  manager.MyListener - Start find element--->>>By.xpath: //input[1]
09:19:59.048 INFO  manager.MyListener - The element with locator--->>>By.xpath: //input[1]<----was found
09:19:59.145 INFO  manager.MyListener - Start find element--->>>By.xpath: //input[2]
09:19:59.153 INFO  manager.MyListener - The element with locator--->>>By.xpath: //input[2]<----was found
09:19:59.230 INFO  manager.MyListener - Start find element--->>>By.xpath: //*[text()=' Login']
09:19:59.240 INFO  manager.MyListener - The element with locator--->>>By.xpath: //*[text()=' Login']<----was found
09:20:04.267 INFO  manager.MyListener - Start find element--->>>By.xpath: //*[text()='Sign Out']
09:20:04.283 INFO  manager.MyListener - The element with locator--->>>By.xpath: //*[text()='Sign Out']<----was found
09:20:04.285 INFO  tests.TestBAse - End of testloginModelCSVDataProvider
