21:07:09.162 INFO  manager.ApplicationManager - All tests start in ChromeDriver
21:07:09.801 INFO  manager.MyListener - Start find element--->>>By.xpath: //*[text()='Sign Out']
21:07:14.852 INFO  manager.MyListener - The element with locator--->>>By.xpath: //*[text()='Sign Out']<----was found
21:07:14.853 INFO  manager.MyListener - Start find element--->>>By.cssSelector: [href='/login']
21:07:14.878 INFO  manager.MyListener - The element with locator--->>>By.cssSelector: [href='/login']<----was found
21:07:14.944 INFO  manager.MyListener - Start find element--->>>By.xpath: //input[1]
21:07:14.959 INFO  manager.MyListener - The element with locator--->>>By.xpath: //input[1]<----was found
21:07:15.051 INFO  manager.MyListener - Start find element--->>>By.xpath: //input[2]
21:07:15.062 INFO  manager.MyListener - The element with locator--->>>By.xpath: //input[2]<----was found
21:07:15.143 INFO  manager.MyListener - Start find element--->>>By.xpath: //*[text()=' Login']
21:07:15.155 INFO  manager.MyListener - The element with locator--->>>By.xpath: //*[text()=' Login']<----was found
21:07:15.192 INFO  tests.TestBAse - Start testremoveOneContactTaya
21:07:15.194 INFO  tests.TestBAse - Test 'removeOneContactTaya' started
21:07:15.195 INFO  manager.MyListener - Start find element--->>>By.cssSelector: .contact-item_card__2SOIM
21:07:16.007 INFO  manager.MyListener - The element with locator--->>>By.cssSelector: .contact-item_card__2SOIM<----was found
21:07:16.009 INFO  manager.MyListener - Start find element--->>>By.cssSelector: .contact-item_card__2SOIM
21:07:16.033 INFO  manager.MyListener - The element with locator--->>>By.cssSelector: .contact-item_card__2SOIM<----was found
21:07:16.034 INFO  manager.MyListener - Start find element--->>>By.cssSelector: .contact-item_card__2SOIM
21:07:16.053 INFO  manager.MyListener - The element with locator--->>>By.cssSelector: .contact-item_card__2SOIM<----was found
21:07:16.108 INFO  manager.MyListener - Start find element--->>>By.xpath: //button[normalize-space()='Remove']
21:07:16.120 INFO  manager.MyListener - The element with locator--->>>By.xpath: //button[normalize-space()='Remove']<----was found
21:07:16.651 INFO  manager.MyListener - Start find element--->>>By.cssSelector: .contact-item_card__2SOIM
21:07:16.670 INFO  manager.MyListener - The element with locator--->>>By.cssSelector: .contact-item_card__2SOIM<----was found
21:07:16.678 INFO  tests.TestBAse - End of testremoveOneContactTaya
