17:56:19.765 INFO  manager.ApplicationManager - All tests start in ChromeDriver
17:56:20.487 INFO  manager.MyListener - Start find element--->>>By.xpath: //*[text()='Sign Out']
17:56:25.553 INFO  manager.MyListener - The element with locator--->>>By.xpath: //*[text()='Sign Out']<----was found
17:56:25.554 INFO  manager.MyListener - Start find element--->>>By.cssSelector: [href='/login']
17:56:25.577 INFO  manager.MyListener - The element with locator--->>>By.cssSelector: [href='/login']<----was found
17:56:25.646 INFO  manager.MyListener - Start find element--->>>By.xpath: //input[1]
17:56:25.658 INFO  manager.MyListener - The element with locator--->>>By.xpath: //input[1]<----was found
17:56:25.769 INFO  manager.MyListener - Start find element--->>>By.xpath: //input[2]
17:56:25.781 INFO  manager.MyListener - The element with locator--->>>By.xpath: //input[2]<----was found
17:56:25.877 INFO  manager.MyListener - Start find element--->>>By.xpath: //*[text()=' Login']
17:56:25.888 INFO  manager.MyListener - The element with locator--->>>By.xpath: //*[text()=' Login']<----was found
17:56:25.930 INFO  tests.TestBAse - start testremoveOneConatct
17:56:25.932 INFO  tests.TestBAse - removeOneConatct' 
17:56:25.932 INFO  manager.MyListener - Start find element--->>>By.xpath: //a[@class='active']
17:56:25.952 INFO  manager.MyListener - The element with locator--->>>By.xpath: //a[@class='active']<----was found
17:56:25.998 INFO  manager.MyListener - Start find element--->>>By.cssSelector: .boards-page-board-section-list-item
17:56:31.011 INFO  manager.MyListener - The element with locator--->>>By.cssSelector: .boards-page-board-section-list-item<----was found
17:56:31.012 INFO  manager.MyListener - Start find element--->>>By.xpath: //div[@class='contact-page_leftdiv__yhyke']
17:56:31.035 INFO  manager.MyListener - The element with locator--->>>By.xpath: //div[@class='contact-page_leftdiv__yhyke']<----was found
17:56:31.036 INFO  manager.MyListener - Start find element--->>>By.cssSelector: div[class='contact-page_leftdiv__yhyke'] div div:nth-child(1)
17:56:31.055 INFO  manager.MyListener - The element with locator--->>>By.cssSelector: div[class='contact-page_leftdiv__yhyke'] div div:nth-child(1)<----was found
17:56:31.083 INFO  manager.MyListener - Start find element--->>>By.xpath: //button[normalize-space()='Remove']
17:56:31.104 INFO  manager.MyListener - The element with locator--->>>By.xpath: //button[normalize-space()='Remove']<----was found
17:56:31.153 INFO  manager.MyListener - Start find element--->>>By.cssSelector: .boards-page-board-section-list-item
17:56:36.213 INFO  manager.MyListener - The element with locator--->>>By.cssSelector: .boards-page-board-section-list-item<----was found
17:56:36.214 INFO  manager.MyListener - Start find element--->>>By.xpath: //div[@class='contact-page_leftdiv__yhyke']
17:56:36.229 INFO  manager.MyListener - The element with locator--->>>By.xpath: //div[@class='contact-page_leftdiv__yhyke']<----was found
17:56:36.229 INFO  manager.MyListener - Start find element--->>>By.cssSelector: .contact-item_card__2SOIM
17:56:36.251 INFO  manager.MyListener - The element with locator--->>>By.cssSelector: .contact-item_card__2SOIM<----was found
17:56:36.261 INFO  tests.TestBAse - End of testremoveOneConatct
