11:28:10.447 INFO  tests.TestBAse - Start test --->loginModelCSVDataProvider
11:28:10.454 INFO  manager.MyListener - Start find element--->>>By.xpath: //*[text()='Sign Out']
11:28:15.488 INFO  manager.MyListener - The element with locator--->>>By.xpath: //*[text()='Sign Out']<----was found
11:28:15.501 INFO  manager.MyListener - Start find element--->>>By.cssSelector: [href='/login']
11:28:15.517 INFO  manager.MyListener - The element with locator--->>>By.cssSelector: [href='/login']<----was found
11:28:15.769 INFO  manager.MyListener - Start find element--->>>By.xpath: //input[1]
11:28:15.779 INFO  manager.MyListener - The element with locator--->>>By.xpath: //input[1]<----was found
11:28:16.071 INFO  manager.MyListener - Start find element--->>>By.xpath: //input[2]
11:28:16.079 INFO  manager.MyListener - The element with locator--->>>By.xpath: //input[2]<----was found
11:28:16.351 INFO  manager.MyListener - Start find element--->>>By.xpath: //*[text()=' Login']
11:28:16.359 INFO  manager.MyListener - The element with locator--->>>By.xpath: //*[text()=' Login']<----was found
11:28:21.584 INFO  manager.MyListener - Start find element--->>>By.xpath: //*[text()='Sign Out']
11:28:21.596 INFO  manager.MyListener - The element with locator--->>>By.xpath: //*[text()='Sign Out']<----was found
11:28:21.603 INFO  tests.TestBAse - End of testloginModelCSVDataProvider
11:28:21.605 INFO  tests.TestBAse - Start test --->loginModelCSVDataProvider
11:28:21.606 INFO  manager.MyListener - Start find element--->>>By.xpath: //*[text()='Sign Out']
11:28:21.618 INFO  manager.MyListener - The element with locator--->>>By.xpath: //*[text()='Sign Out']<----was found
11:28:21.619 INFO  manager.MyListener - Start find element--->>>By.xpath: //button[text()='Sign Out']
11:28:21.630 INFO  manager.MyListener - The element with locator--->>>By.xpath: //button[text()='Sign Out']<----was found
11:28:21.867 INFO  tests.TestBAse - start testloginModelCSVDataProvider
11:28:21.868 INFO  manager.MyListener - Start find element--->>>By.cssSelector: [href='/login']
11:28:21.879 INFO  manager.MyListener - The element with locator--->>>By.cssSelector: [href='/login']<----was found
11:28:22.106 INFO  manager.MyListener - Start find element--->>>By.xpath: //input[1]
11:28:22.116 INFO  manager.MyListener - The element with locator--->>>By.xpath: //input[1]<----was found
11:28:22.393 INFO  manager.MyListener - Start find element--->>>By.xpath: //input[2]
11:28:22.402 INFO  manager.MyListener - The element with locator--->>>By.xpath: //input[2]<----was found
11:28:22.667 INFO  manager.MyListener - Start find element--->>>By.xpath: //*[text()=' Login']
11:28:22.677 INFO  manager.MyListener - The element with locator--->>>By.xpath: //*[text()=' Login']<----was found
11:28:27.892 INFO  manager.MyListener - Start find element--->>>By.xpath: //*[text()='Sign Out']
11:28:27.904 INFO  manager.MyListener - The element with locator--->>>By.xpath: //*[text()='Sign Out']<----was found
11:28:27.905 INFO  tests.TestBAse - End of testloginModelCSVDataProvider
11:28:27.907 INFO  tests.TestBAse - Start test --->loginModelCSVDataProvider
11:28:27.908 INFO  manager.MyListener - Start find element--->>>By.xpath: //*[text()='Sign Out']
11:28:27.919 INFO  manager.MyListener - The element with locator--->>>By.xpath: //*[text()='Sign Out']<----was found
11:28:27.920 INFO  manager.MyListener - Start find element--->>>By.xpath: //button[text()='Sign Out']
11:28:27.929 INFO  manager.MyListener - The element with locator--->>>By.xpath: //button[text()='Sign Out']<----was found
11:28:28.164 INFO  tests.TestBAse - start testloginModelCSVDataProvider
11:28:28.167 INFO  manager.MyListener - Start find element--->>>By.cssSelector: [href='/login']
11:28:28.179 INFO  manager.MyListener - The element with locator--->>>By.cssSelector: [href='/login']<----was found
11:28:28.408 INFO  manager.MyListener - Start find element--->>>By.xpath: //input[1]
11:28:28.417 INFO  manager.MyListener - The element with locator--->>>By.xpath: //input[1]<----was found
11:28:28.700 INFO  manager.MyListener - Start find element--->>>By.xpath: //input[2]
11:28:28.707 INFO  manager.MyListener - The element with locator--->>>By.xpath: //input[2]<----was found
11:28:28.966 INFO  manager.MyListener - Start find element--->>>By.xpath: //*[text()=' Login']
11:28:28.974 INFO  manager.MyListener - The element with locator--->>>By.xpath: //*[text()=' Login']<----was found
11:28:34.199 INFO  manager.MyListener - Start find element--->>>By.xpath: //*[text()='Sign Out']
11:28:34.209 INFO  manager.MyListener - The element with locator--->>>By.xpath: //*[text()='Sign Out']<----was found
11:28:34.210 INFO  tests.TestBAse - End of testloginModelCSVDataProvider
11:28:34.212 INFO  tests.TestBAse - Start test --->loginModelCSVDataProvider
11:28:34.213 INFO  manager.MyListener - Start find element--->>>By.xpath: //*[text()='Sign Out']
11:28:34.221 INFO  manager.MyListener - The element with locator--->>>By.xpath: //*[text()='Sign Out']<----was found
11:28:34.222 INFO  manager.MyListener - Start find element--->>>By.xpath: //button[text()='Sign Out']
11:28:34.231 INFO  manager.MyListener - The element with locator--->>>By.xpath: //button[text()='Sign Out']<----was found
11:28:34.463 INFO  tests.TestBAse - start testloginModelCSVDataProvider
11:28:34.465 INFO  manager.MyListener - Start find element--->>>By.cssSelector: [href='/login']
11:28:34.477 INFO  manager.MyListener - The element with locator--->>>By.cssSelector: [href='/login']<----was found
11:28:34.703 INFO  manager.MyListener - Start find element--->>>By.xpath: //input[1]
11:28:34.712 INFO  manager.MyListener - The element with locator--->>>By.xpath: //input[1]<----was found
11:28:34.998 INFO  manager.MyListener - Start find element--->>>By.xpath: //input[2]
11:28:35.004 INFO  manager.MyListener - The element with locator--->>>By.xpath: //input[2]<----was found
11:28:35.261 INFO  manager.MyListener - Start find element--->>>By.xpath: //*[text()=' Login']
11:28:35.271 INFO  manager.MyListener - The element with locator--->>>By.xpath: //*[text()=' Login']<----was found
11:28:40.493 INFO  manager.MyListener - Start find element--->>>By.xpath: //*[text()='Sign Out']
11:28:40.509 INFO  manager.MyListener - The element with locator--->>>By.xpath: //*[text()='Sign Out']<----was found
11:28:40.511 INFO  tests.TestBAse - End of testloginModelCSVDataProvider
11:28:40.514 INFO  tests.TestBAse - Start test --->loginModelDataProvider
11:28:40.516 INFO  manager.MyListener - Start find element--->>>By.xpath: //*[text()='Sign Out']
11:28:40.525 INFO  manager.MyListener - The element with locator--->>>By.xpath: //*[text()='Sign Out']<----was found
11:28:40.526 INFO  manager.MyListener - Start find element--->>>By.xpath: //button[text()='Sign Out']
11:28:40.534 INFO  manager.MyListener - The element with locator--->>>By.xpath: //button[text()='Sign Out']<----was found
11:28:40.769 INFO  tests.TestBAse - start testloginModelDataProvider
11:28:40.770 INFO  manager.MyListener - Start find element--->>>By.cssSelector: [href='/login']
11:28:40.779 INFO  manager.MyListener - The element with locator--->>>By.cssSelector: [href='/login']<----was found
11:28:41.003 INFO  manager.MyListener - Start find element--->>>By.xpath: //input[1]
11:28:41.009 INFO  manager.MyListener - The element with locator--->>>By.xpath: //input[1]<----was found
11:28:41.318 INFO  manager.MyListener - Start find element--->>>By.xpath: //input[2]
11:28:41.330 INFO  manager.MyListener - The element with locator--->>>By.xpath: //input[2]<----was found
11:28:41.590 INFO  manager.MyListener - Start find element--->>>By.xpath: //*[text()=' Login']
11:28:41.596 INFO  manager.MyListener - The element with locator--->>>By.xpath: //*[text()=' Login']<----was found
11:28:46.809 INFO  manager.MyListener - Start find element--->>>By.xpath: //*[text()='Sign Out']
11:28:46.820 INFO  manager.MyListener - The element with locator--->>>By.xpath: //*[text()='Sign Out']<----was found
11:28:46.822 INFO  tests.TestBAse - End of testloginModelDataProvider
11:28:46.824 INFO  tests.TestBAse - Start test --->loginModelDataProvider
11:28:46.825 INFO  manager.MyListener - Start find element--->>>By.xpath: //*[text()='Sign Out']
11:28:46.835 INFO  manager.MyListener - The element with locator--->>>By.xpath: //*[text()='Sign Out']<----was found
11:28:46.836 INFO  manager.MyListener - Start find element--->>>By.xpath: //button[text()='Sign Out']
11:28:46.844 INFO  manager.MyListener - The element with locator--->>>By.xpath: //button[text()='Sign Out']<----was found
11:28:47.559 INFO  tests.TestBAse - start testloginModelDataProvider
11:28:47.560 INFO  manager.MyListener - Start find element--->>>By.cssSelector: [href='/login']
11:28:47.570 INFO  manager.MyListener - The element with locator--->>>By.cssSelector: [href='/login']<----was found
11:28:48.074 INFO  manager.MyListener - Start find element--->>>By.xpath: //input[1]
11:28:48.083 INFO  manager.MyListener - The element with locator--->>>By.xpath: //input[1]<----was found
11:28:48.855 INFO  manager.MyListener - Start find element--->>>By.xpath: //input[2]
11:28:48.863 INFO  manager.MyListener - The element with locator--->>>By.xpath: //input[2]<----was found
11:28:49.341 INFO  manager.MyListener - Start find element--->>>By.xpath: //*[text()=' Login']
11:28:49.349 INFO  manager.MyListener - The element with locator--->>>By.xpath: //*[text()=' Login']<----was found
11:28:55.062 INFO  manager.MyListener - Start find element--->>>By.xpath: //*[text()='Sign Out']
11:28:55.072 INFO  manager.MyListener - The element with locator--->>>By.xpath: //*[text()='Sign Out']<----was found
11:28:55.074 INFO  tests.TestBAse - End of testloginModelDataProvider
11:28:55.075 INFO  tests.TestBAse - Start test --->loginModelDataProvider
11:28:55.076 INFO  manager.MyListener - Start find element--->>>By.xpath: //*[text()='Sign Out']
11:28:55.085 INFO  manager.MyListener - The element with locator--->>>By.xpath: //*[text()='Sign Out']<----was found
11:28:55.085 INFO  manager.MyListener - Start find element--->>>By.xpath: //button[text()='Sign Out']
11:28:55.092 INFO  manager.MyListener - The element with locator--->>>By.xpath: //button[text()='Sign Out']<----was found
11:28:55.805 INFO  tests.TestBAse - start testloginModelDataProvider
11:28:55.807 INFO  manager.MyListener - Start find element--->>>By.cssSelector: [href='/login']
11:28:55.815 INFO  manager.MyListener - The element with locator--->>>By.cssSelector: [href='/login']<----was found
11:28:56.315 INFO  manager.MyListener - Start find element--->>>By.xpath: //input[1]
11:28:56.323 INFO  manager.MyListener - The element with locator--->>>By.xpath: //input[1]<----was found
11:28:57.079 INFO  manager.MyListener - Start find element--->>>By.xpath: //input[2]
11:28:57.087 INFO  manager.MyListener - The element with locator--->>>By.xpath: //input[2]<----was found
11:28:57.575 INFO  manager.MyListener - Start find element--->>>By.xpath: //*[text()=' Login']
11:28:57.584 INFO  manager.MyListener - The element with locator--->>>By.xpath: //*[text()=' Login']<----was found
11:29:03.298 INFO  manager.MyListener - Start find element--->>>By.xpath: //*[text()='Sign Out']
11:29:03.308 INFO  manager.MyListener - The element with locator--->>>By.xpath: //*[text()='Sign Out']<----was found
11:29:03.309 INFO  tests.TestBAse - End of testloginModelDataProvider
11:29:03.311 INFO  tests.TestBAse - Start test --->loginModelDataProvider
11:29:03.312 INFO  manager.MyListener - Start find element--->>>By.xpath: //*[text()='Sign Out']
11:29:03.320 INFO  manager.MyListener - The element with locator--->>>By.xpath: //*[text()='Sign Out']<----was found
11:29:03.321 INFO  manager.MyListener - Start find element--->>>By.xpath: //button[text()='Sign Out']
11:29:03.328 INFO  manager.MyListener - The element with locator--->>>By.xpath: //button[text()='Sign Out']<----was found
11:29:04.040 INFO  tests.TestBAse - start testloginModelDataProvider
11:29:04.041 INFO  manager.MyListener - Start find element--->>>By.cssSelector: [href='/login']
11:29:04.049 INFO  manager.MyListener - The element with locator--->>>By.cssSelector: [href='/login']<----was found
11:29:04.545 INFO  manager.MyListener - Start find element--->>>By.xpath: //input[1]
11:29:04.554 INFO  manager.MyListener - The element with locator--->>>By.xpath: //input[1]<----was found
11:29:05.315 INFO  manager.MyListener - Start find element--->>>By.xpath: //input[2]
11:29:05.322 INFO  manager.MyListener - The element with locator--->>>By.xpath: //input[2]<----was found
11:29:05.807 INFO  manager.MyListener - Start find element--->>>By.xpath: //*[text()=' Login']
11:29:05.815 INFO  manager.MyListener - The element with locator--->>>By.xpath: //*[text()=' Login']<----was found
11:29:11.524 INFO  manager.MyListener - Start find element--->>>By.xpath: //*[text()='Sign Out']
11:29:11.533 INFO  manager.MyListener - The element with locator--->>>By.xpath: //*[text()='Sign Out']<----was found
11:29:11.535 INFO  tests.TestBAse - End of testloginModelDataProvider
11:29:11.537 INFO  tests.TestBAse - Start test --->loginNegativePassword
11:29:11.538 INFO  manager.MyListener - Start find element--->>>By.xpath: //*[text()='Sign Out']
11:29:11.545 INFO  manager.MyListener - The element with locator--->>>By.xpath: //*[text()='Sign Out']<----was found
11:29:11.545 INFO  manager.MyListener - Start find element--->>>By.xpath: //button[text()='Sign Out']
11:29:11.552 INFO  manager.MyListener - The element with locator--->>>By.xpath: //button[text()='Sign Out']<----was found
11:29:12.266 INFO  tests.TestBAse - start testloginNegativePassword
11:29:12.268 INFO  manager.MyListener - Start find element--->>>By.cssSelector: [href='/login']
11:29:12.275 INFO  manager.MyListener - The element with locator--->>>By.cssSelector: [href='/login']<----was found
11:29:12.772 INFO  manager.MyListener - Start find element--->>>By.xpath: //input[1]
11:29:12.780 INFO  manager.MyListener - The element with locator--->>>By.xpath: //input[1]<----was found
11:29:13.544 INFO  manager.MyListener - Start find element--->>>By.xpath: //input[2]
11:29:13.551 INFO  manager.MyListener - The element with locator--->>>By.xpath: //input[2]<----was found
11:29:14.020 INFO  manager.MyListener - Start find element--->>>By.xpath: //*[text()=' Login']
11:29:14.028 INFO  manager.MyListener - The element with locator--->>>By.xpath: //*[text()=' Login']<----was found
11:29:19.399 INFO  tests.TestBAse - End of testloginNegativePassword
11:29:19.401 INFO  tests.TestBAse - Start test --->loginSuccess
11:29:19.402 INFO  manager.MyListener - Start find element--->>>By.xpath: //*[text()='Sign Out']
11:29:24.413 INFO  manager.MyListener - The element with locator--->>>By.xpath: //*[text()='Sign Out']<----was found
11:29:24.415 INFO  tests.TestBAse - End of testloginSuccess
11:29:24.416 INFO  tests.TestBAse - Start test --->loginSuccessModel
11:29:24.417 INFO  manager.MyListener - Start find element--->>>By.xpath: //*[text()='Sign Out']
11:29:29.430 INFO  manager.MyListener - The element with locator--->>>By.xpath: //*[text()='Sign Out']<----was found
11:29:29.431 INFO  manager.MyListener - Start find element--->>>By.cssSelector: [href='/login']
11:29:29.441 INFO  manager.MyListener - The element with locator--->>>By.cssSelector: [href='/login']<----was found
11:29:30.158 INFO  manager.MyListener - Start find element--->>>By.xpath: //input[1]
11:29:30.167 INFO  manager.MyListener - The element with locator--->>>By.xpath: //input[1]<----was found
11:29:30.741 INFO  manager.MyListener - Start find element--->>>By.xpath: //input[2]
11:29:30.748 INFO  manager.MyListener - The element with locator--->>>By.xpath: //input[2]<----was found
11:29:31.505 INFO  manager.MyListener - Start find element--->>>By.xpath: //*[text()=' Login']
11:29:31.514 INFO  manager.MyListener - The element with locator--->>>By.xpath: //*[text()=' Login']<----was found
11:29:36.966 INFO  manager.MyListener - Start find element--->>>By.xpath: //*[text()='Sign Out']
11:29:36.974 INFO  manager.MyListener - The element with locator--->>>By.xpath: //*[text()='Sign Out']<----was found
11:29:36.976 INFO  tests.TestBAse - End of testloginSuccessModel
11:29:36.977 INFO  tests.TestBAse - Start test --->loginSuccessNew
11:29:36.978 INFO  manager.MyListener - Start find element--->>>By.xpath: //*[text()='Sign Out']
11:29:36.985 INFO  manager.MyListener - The element with locator--->>>By.xpath: //*[text()='Sign Out']<----was found
11:29:36.986 INFO  manager.MyListener - Start find element--->>>By.xpath: //button[text()='Sign Out']
11:29:36.993 INFO  manager.MyListener - The element with locator--->>>By.xpath: //button[text()='Sign Out']<----was found
11:29:37.705 INFO  tests.TestBAse - start testloginSuccessNew
11:29:37.706 INFO  tests.TestBAse - Testing 'loginSuccessNew' 
11:29:37.706 INFO  tests.TestBAse - The test starts with data [missira85@gmail.com] & [Passw0rd$]
11:29:37.707 INFO  manager.MyListener - Start find element--->>>By.cssSelector: [href='/login']
11:29:37.714 INFO  manager.MyListener - The element with locator--->>>By.cssSelector: [href='/login']<----was found
11:29:38.212 INFO  manager.MyListener - Start find element--->>>By.xpath: //input[1]
11:29:38.221 INFO  manager.MyListener - The element with locator--->>>By.xpath: //input[1]<----was found
11:29:38.982 INFO  manager.MyListener - Start find element--->>>By.xpath: //input[2]
11:29:38.990 INFO  manager.MyListener - The element with locator--->>>By.xpath: //input[2]<----was found
11:29:39.471 INFO  manager.MyListener - Start find element--->>>By.xpath: //*[text()=' Login']
11:29:39.479 INFO  manager.MyListener - The element with locator--->>>By.xpath: //*[text()=' Login']<----was found
11:29:41.191 INFO  manager.MyListener - Start find element--->>>By.xpath: //*[text()='Sign Out']
11:29:41.199 INFO  manager.MyListener - The element with locator--->>>By.xpath: //*[text()='Sign Out']<----was found
11:29:41.200 INFO  tests.TestBAse - Test 'loginSuccessNew' passed successfully
11:29:41.201 INFO  tests.TestBAse - End of testloginSuccessNew
11:29:41.203 INFO  tests.TestBAse - Start test --->loginSuccessNew1
11:29:41.204 INFO  manager.MyListener - Start find element--->>>By.xpath: //*[text()='Sign Out']
11:29:41.212 INFO  manager.MyListener - The element with locator--->>>By.xpath: //*[text()='Sign Out']<----was found
11:29:41.212 INFO  manager.MyListener - Start find element--->>>By.xpath: //button[text()='Sign Out']
11:29:41.219 INFO  manager.MyListener - The element with locator--->>>By.xpath: //button[text()='Sign Out']<----was found
11:29:41.933 INFO  tests.TestBAse - start testloginSuccessNew1
11:29:41.935 INFO  tests.TestBAse - Testing 'loginSuccessNew1' 
11:29:41.944 INFO  tests.TestBAse - The test starts with emailmissira85@gmail.comand password Passw0rd$
11:29:41.945 INFO  manager.MyListener - Start find element--->>>By.cssSelector: [href='/login']
11:29:41.953 INFO  manager.MyListener - The element with locator--->>>By.cssSelector: [href='/login']<----was found
11:29:42.439 INFO  manager.MyListener - Start find element--->>>By.xpath: //input[1]
11:29:42.447 INFO  manager.MyListener - The element with locator--->>>By.xpath: //input[1]<----was found
11:29:43.210 INFO  manager.MyListener - Start find element--->>>By.xpath: //input[2]
11:29:43.216 INFO  manager.MyListener - The element with locator--->>>By.xpath: //input[2]<----was found
11:29:43.700 INFO  manager.MyListener - Start find element--->>>By.xpath: //*[text()=' Login']
11:29:43.707 INFO  manager.MyListener - The element with locator--->>>By.xpath: //*[text()=' Login']<----was found
11:29:45.421 INFO  manager.MyListener - Start find element--->>>By.xpath: //*[text()='Sign Out']
11:29:45.429 INFO  manager.MyListener - The element with locator--->>>By.xpath: //*[text()='Sign Out']<----was found
11:29:45.430 INFO  tests.TestBAse - End of testloginSuccessNew1
11:29:45.431 INFO  tests.TestBAse - Start test --->loginSuccessNew1
11:29:45.432 INFO  manager.MyListener - Start find element--->>>By.xpath: //*[text()='Sign Out']
11:29:45.439 INFO  manager.MyListener - The element with locator--->>>By.xpath: //*[text()='Sign Out']<----was found
11:29:45.439 INFO  manager.MyListener - Start find element--->>>By.xpath: //button[text()='Sign Out']
11:29:45.446 INFO  manager.MyListener - The element with locator--->>>By.xpath: //button[text()='Sign Out']<----was found
11:29:46.160 INFO  tests.TestBAse - start testloginSuccessNew1
11:29:46.161 INFO  tests.TestBAse - Testing 'loginSuccessNew1' 
11:29:46.161 INFO  tests.TestBAse - The test starts with emailmissira85@gmail.comand password Passw0rd$
11:29:46.161 INFO  manager.MyListener - Start find element--->>>By.cssSelector: [href='/login']
11:29:46.169 INFO  manager.MyListener - The element with locator--->>>By.cssSelector: [href='/login']<----was found
11:29:46.666 INFO  manager.MyListener - Start find element--->>>By.xpath: //input[1]
11:29:46.673 INFO  manager.MyListener - The element with locator--->>>By.xpath: //input[1]<----was found
11:29:47.437 INFO  manager.MyListener - Start find element--->>>By.xpath: //input[2]
11:29:47.444 INFO  manager.MyListener - The element with locator--->>>By.xpath: //input[2]<----was found
11:29:47.926 INFO  manager.MyListener - Start find element--->>>By.xpath: //*[text()=' Login']
11:29:47.933 INFO  manager.MyListener - The element with locator--->>>By.xpath: //*[text()=' Login']<----was found
11:29:49.646 INFO  manager.MyListener - Start find element--->>>By.xpath: //*[text()='Sign Out']
11:29:49.653 INFO  manager.MyListener - The element with locator--->>>By.xpath: //*[text()='Sign Out']<----was found
11:29:49.655 INFO  tests.TestBAse - End of testloginSuccessNew1
11:29:49.657 INFO  tests.TestBAse - Start test --->loginSuccessNew1
11:29:49.658 INFO  manager.MyListener - Start find element--->>>By.xpath: //*[text()='Sign Out']
11:29:49.666 INFO  manager.MyListener - The element with locator--->>>By.xpath: //*[text()='Sign Out']<----was found
11:29:49.666 INFO  manager.MyListener - Start find element--->>>By.xpath: //button[text()='Sign Out']
11:29:49.674 INFO  manager.MyListener - The element with locator--->>>By.xpath: //button[text()='Sign Out']<----was found
11:29:50.386 INFO  tests.TestBAse - start testloginSuccessNew1
11:29:50.387 INFO  tests.TestBAse - Testing 'loginSuccessNew1' 
11:29:50.388 INFO  tests.TestBAse - The test starts with emailmissira85@gmail.comand password Passw0rd$
11:29:50.388 INFO  manager.MyListener - Start find element--->>>By.cssSelector: [href='/login']
11:29:50.395 INFO  manager.MyListener - The element with locator--->>>By.cssSelector: [href='/login']<----was found
11:29:50.892 INFO  manager.MyListener - Start find element--->>>By.xpath: //input[1]
11:29:50.899 INFO  manager.MyListener - The element with locator--->>>By.xpath: //input[1]<----was found
11:29:51.660 INFO  manager.MyListener - Start find element--->>>By.xpath: //input[2]
11:29:51.667 INFO  manager.MyListener - The element with locator--->>>By.xpath: //input[2]<----was found
11:29:52.150 INFO  manager.MyListener - Start find element--->>>By.xpath: //*[text()=' Login']
11:29:52.157 INFO  manager.MyListener - The element with locator--->>>By.xpath: //*[text()=' Login']<----was found
11:29:53.870 INFO  manager.MyListener - Start find element--->>>By.xpath: //*[text()='Sign Out']
11:29:53.878 INFO  manager.MyListener - The element with locator--->>>By.xpath: //*[text()='Sign Out']<----was found
11:29:53.880 INFO  tests.TestBAse - End of testloginSuccessNew1
11:29:53.882 INFO  tests.TestBAse - Start test --->loginSuccessNew1
11:29:53.884 INFO  manager.MyListener - Start find element--->>>By.xpath: //*[text()='Sign Out']
11:29:53.891 INFO  manager.MyListener - The element with locator--->>>By.xpath: //*[text()='Sign Out']<----was found
11:29:53.891 INFO  manager.MyListener - Start find element--->>>By.xpath: //button[text()='Sign Out']
11:29:53.898 INFO  manager.MyListener - The element with locator--->>>By.xpath: //button[text()='Sign Out']<----was found
11:29:54.609 INFO  tests.TestBAse - start testloginSuccessNew1
11:29:54.611 INFO  tests.TestBAse - Testing 'loginSuccessNew1' 
11:29:54.611 INFO  tests.TestBAse - The test starts with emailmissira85@gmail.comand password Passw0rd$
11:29:54.611 INFO  manager.MyListener - Start find element--->>>By.cssSelector: [href='/login']
11:29:54.618 INFO  manager.MyListener - The element with locator--->>>By.cssSelector: [href='/login']<----was found
11:29:55.115 INFO  manager.MyListener - Start find element--->>>By.xpath: //input[1]
11:29:55.122 INFO  manager.MyListener - The element with locator--->>>By.xpath: //input[1]<----was found
11:29:55.879 INFO  manager.MyListener - Start find element--->>>By.xpath: //input[2]
11:29:55.886 INFO  manager.MyListener - The element with locator--->>>By.xpath: //input[2]<----was found
11:29:56.371 INFO  manager.MyListener - Start find element--->>>By.xpath: //*[text()=' Login']
11:29:56.377 INFO  manager.MyListener - The element with locator--->>>By.xpath: //*[text()=' Login']<----was found
11:29:58.090 INFO  manager.MyListener - Start find element--->>>By.xpath: //*[text()='Sign Out']
11:29:58.098 INFO  manager.MyListener - The element with locator--->>>By.xpath: //*[text()='Sign Out']<----was found
11:29:58.100 INFO  tests.TestBAse - End of testloginSuccessNew1
11:29:58.104 INFO  tests.TestBAse - Start test --->addNewContactSuccess
11:29:58.105 INFO  manager.MyListener - Start find element--->>>By.xpath: //*[text()='Sign Out']
11:29:58.113 INFO  manager.MyListener - The element with locator--->>>By.xpath: //*[text()='Sign Out']<----was found
11:29:58.121 INFO  manager.MyListener - Start find element--->>>By.cssSelector: a[href='/add']
11:29:58.128 INFO  manager.MyListener - The element with locator--->>>By.cssSelector: a[href='/add']<----was found
11:29:58.840 INFO  manager.MyListener - Start find element--->>>By.xpath: //a[@class='active']
11:29:58.847 INFO  manager.MyListener - The element with locator--->>>By.xpath: //a[@class='active']<----was found
11:29:59.347 INFO  manager.MyListener - Start find element--->>>By.xpath: //input[@placeholder='Name']
11:29:59.356 INFO  manager.MyListener - The element with locator--->>>By.xpath: //input[@placeholder='Name']<----was found
11:30:00.099 INFO  manager.MyListener - Start find element--->>>By.xpath: //input[@placeholder='Last Name']
11:30:00.107 INFO  manager.MyListener - The element with locator--->>>By.xpath: //input[@placeholder='Last Name']<----was found
11:30:00.610 INFO  manager.MyListener - Start find element--->>>By.xpath: //input[@placeholder='Phone']
11:30:00.617 INFO  manager.MyListener - The element with locator--->>>By.xpath: //input[@placeholder='Phone']<----was found
11:30:01.366 INFO  manager.MyListener - Start find element--->>>By.xpath: //input[@placeholder='email']
11:30:01.373 INFO  manager.MyListener - The element with locator--->>>By.xpath: //input[@placeholder='email']<----was found
11:30:01.880 INFO  manager.MyListener - Start find element--->>>By.xpath: //input[@placeholder='Address']
11:30:01.886 INFO  manager.MyListener - The element with locator--->>>By.xpath: //input[@placeholder='Address']<----was found
11:30:02.645 INFO  manager.MyListener - Start find element--->>>By.xpath: //input[@placeholder='description']
11:30:02.651 INFO  manager.MyListener - The element with locator--->>>By.xpath: //input[@placeholder='description']<----was found
11:30:03.129 INFO  manager.MyListener - Start find element--->>>By.cssSelector: b
11:30:03.136 INFO  manager.MyListener - The element with locator--->>>By.cssSelector: b<----was found
11:30:08.848 INFO  manager.MyListener - Start find element--->>>By.cssSelector: .active
11:30:08.855 INFO  manager.MyListener - The element with locator--->>>By.cssSelector: .active<----was found
11:30:08.856 INFO  manager.MyListener - Start find element--->>>By.cssSelector: .contact-item_card__2SOIM
11:30:08.863 INFO  manager.MyListener - The element with locator--->>>By.cssSelector: .contact-item_card__2SOIM<----was found
11:30:08.863 INFO  manager.MyListener - Start find element--->>>By.cssSelector: h2
11:30:08.869 INFO  manager.MyListener - The element with locator--->>>By.cssSelector: h2<----was found
11:30:08.908 INFO  manager.MyListener - Start find element--->>>By.cssSelector: h3
11:30:08.914 INFO  manager.MyListener - The element with locator--->>>By.cssSelector: h3<----was found
11:30:08.925 INFO  tests.TestBAse - End of testaddNewContactSuccess
11:30:08.927 INFO  tests.TestBAse - Start test --->addNewContactSuccessProviderCSV
11:30:08.928 INFO  manager.MyListener - Start find element--->>>By.xpath: //*[text()='Sign Out']
11:30:08.934 INFO  manager.MyListener - The element with locator--->>>By.xpath: //*[text()='Sign Out']<----was found
11:30:08.960 INFO  tests.TestBAse - Test start with contactContact(name=Mona, lastName=Dow, phone=99988897, email=mona@gmail.com, address=Haifa, description=friend)
11:30:08.960 INFO  manager.MyListener - Start find element--->>>By.cssSelector: a[href='/add']
11:30:08.967 INFO  manager.MyListener - The element with locator--->>>By.cssSelector: a[href='/add']<----was found
11:30:09.676 INFO  manager.MyListener - Start find element--->>>By.xpath: //a[@class='active']
11:30:09.684 INFO  manager.MyListener - The element with locator--->>>By.xpath: //a[@class='active']<----was found
11:30:10.183 INFO  manager.MyListener - Start find element--->>>By.xpath: //input[@placeholder='Name']
11:30:10.190 INFO  manager.MyListener - The element with locator--->>>By.xpath: //input[@placeholder='Name']<----was found
11:30:10.923 INFO  manager.MyListener - Start find element--->>>By.xpath: //input[@placeholder='Last Name']
11:30:10.930 INFO  manager.MyListener - The element with locator--->>>By.xpath: //input[@placeholder='Last Name']<----was found
11:30:11.428 INFO  manager.MyListener - Start find element--->>>By.xpath: //input[@placeholder='Phone']
11:30:11.436 INFO  manager.MyListener - The element with locator--->>>By.xpath: //input[@placeholder='Phone']<----was found
11:30:12.186 INFO  manager.MyListener - Start find element--->>>By.xpath: //input[@placeholder='email']
11:30:12.192 INFO  manager.MyListener - The element with locator--->>>By.xpath: //input[@placeholder='email']<----was found
11:30:12.698 INFO  manager.MyListener - Start find element--->>>By.xpath: //input[@placeholder='Address']
11:30:12.705 INFO  manager.MyListener - The element with locator--->>>By.xpath: //input[@placeholder='Address']<----was found
11:30:13.440 INFO  manager.MyListener - Start find element--->>>By.xpath: //input[@placeholder='description']
11:30:13.446 INFO  manager.MyListener - The element with locator--->>>By.xpath: //input[@placeholder='description']<----was found
11:30:13.947 INFO  manager.MyListener - Start find element--->>>By.cssSelector: b
11:30:13.953 INFO  manager.MyListener - The element with locator--->>>By.cssSelector: b<----was found
11:30:19.664 INFO  tests.TestBAse - End of testaddNewContactSuccessProviderCSV
11:30:19.665 INFO  tests.TestBAse - Start test --->addNewContactSuccessProviderCSV
11:30:19.666 INFO  manager.MyListener - Start find element--->>>By.xpath: //*[text()='Sign Out']
11:30:19.674 INFO  manager.MyListener - The element with locator--->>>By.xpath: //*[text()='Sign Out']<----was found
11:30:19.675 INFO  tests.TestBAse - Test start with contactContact(name=Joe, lastName=Wow, phone=99988899, email=monka@gmail.com, address=Rehovot,Israel, description=friend)
11:30:19.675 INFO  manager.MyListener - Start find element--->>>By.cssSelector: a[href='/add']
11:30:19.682 INFO  manager.MyListener - The element with locator--->>>By.cssSelector: a[href='/add']<----was found
11:30:20.395 INFO  manager.MyListener - Start find element--->>>By.xpath: //a[@class='active']
11:30:20.401 INFO  manager.MyListener - The element with locator--->>>By.xpath: //a[@class='active']<----was found
11:30:20.903 INFO  manager.MyListener - Start find element--->>>By.xpath: //input[@placeholder='Name']
11:30:20.910 INFO  manager.MyListener - The element with locator--->>>By.xpath: //input[@placeholder='Name']<----was found
11:30:21.644 INFO  manager.MyListener - Start find element--->>>By.xpath: //input[@placeholder='Last Name']
11:30:21.652 INFO  manager.MyListener - The element with locator--->>>By.xpath: //input[@placeholder='Last Name']<----was found
11:30:22.148 INFO  manager.MyListener - Start find element--->>>By.xpath: //input[@placeholder='Phone']
11:30:22.155 INFO  manager.MyListener - The element with locator--->>>By.xpath: //input[@placeholder='Phone']<----was found
11:30:22.902 INFO  manager.MyListener - Start find element--->>>By.xpath: //input[@placeholder='email']
11:30:22.909 INFO  manager.MyListener - The element with locator--->>>By.xpath: //input[@placeholder='email']<----was found
11:30:23.418 INFO  manager.MyListener - Start find element--->>>By.xpath: //input[@placeholder='Address']
11:30:23.425 INFO  manager.MyListener - The element with locator--->>>By.xpath: //input[@placeholder='Address']<----was found
11:30:24.178 INFO  manager.MyListener - Start find element--->>>By.xpath: //input[@placeholder='description']
11:30:24.184 INFO  manager.MyListener - The element with locator--->>>By.xpath: //input[@placeholder='description']<----was found
11:30:24.668 INFO  manager.MyListener - Start find element--->>>By.cssSelector: b
11:30:24.675 INFO  manager.MyListener - The element with locator--->>>By.cssSelector: b<----was found
11:30:30.385 INFO  tests.TestBAse - End of testaddNewContactSuccessProviderCSV
11:30:30.386 INFO  tests.TestBAse - Start test --->addNewContactSuccessProviderCSV
11:30:30.387 INFO  manager.MyListener - Start find element--->>>By.xpath: //*[text()='Sign Out']
11:30:30.393 INFO  manager.MyListener - The element with locator--->>>By.xpath: //*[text()='Sign Out']<----was found
11:30:30.393 INFO  tests.TestBAse - Test start with contactContact(name=Moo, lastName=Kow, phone=99988807, email=mo0na@gmail.com, address=TelAviv, description=friend)
11:30:30.393 INFO  manager.MyListener - Start find element--->>>By.cssSelector: a[href='/add']
11:30:30.399 INFO  manager.MyListener - The element with locator--->>>By.cssSelector: a[href='/add']<----was found
11:30:31.111 INFO  manager.MyListener - Start find element--->>>By.xpath: //a[@class='active']
11:30:31.117 INFO  manager.MyListener - The element with locator--->>>By.xpath: //a[@class='active']<----was found
11:30:31.624 INFO  manager.MyListener - Start find element--->>>By.xpath: //input[@placeholder='Name']
11:30:31.633 INFO  manager.MyListener - The element with locator--->>>By.xpath: //input[@placeholder='Name']<----was found
11:30:32.364 INFO  manager.MyListener - Start find element--->>>By.xpath: //input[@placeholder='Last Name']
11:30:32.368 INFO  manager.MyListener - The element with locator--->>>By.xpath: //input[@placeholder='Last Name']<----was found
11:30:32.866 INFO  manager.MyListener - Start find element--->>>By.xpath: //input[@placeholder='Phone']
11:30:32.870 INFO  manager.MyListener - The element with locator--->>>By.xpath: //input[@placeholder='Phone']<----was found
11:30:33.603 INFO  manager.MyListener - Start find element--->>>By.xpath: //input[@placeholder='email']
11:30:33.607 INFO  manager.MyListener - The element with locator--->>>By.xpath: //input[@placeholder='email']<----was found
11:30:34.136 INFO  manager.MyListener - Start find element--->>>By.xpath: //input[@placeholder='Address']
11:30:34.142 INFO  manager.MyListener - The element with locator--->>>By.xpath: //input[@placeholder='Address']<----was found
11:30:34.905 INFO  manager.MyListener - Start find element--->>>By.xpath: //input[@placeholder='description']
11:30:34.911 INFO  manager.MyListener - The element with locator--->>>By.xpath: //input[@placeholder='description']<----was found
11:30:35.391 INFO  manager.MyListener - Start find element--->>>By.cssSelector: b
11:30:35.397 INFO  manager.MyListener - The element with locator--->>>By.cssSelector: b<----was found
11:30:41.110 INFO  tests.TestBAse - End of testaddNewContactSuccessProviderCSV
11:30:41.111 INFO  tests.TestBAse - Start test --->addNewContactSuccessProviderCSV
11:30:41.111 INFO  manager.MyListener - Start find element--->>>By.xpath: //*[text()='Sign Out']
11:30:41.121 INFO  manager.MyListener - The element with locator--->>>By.xpath: //*[text()='Sign Out']<----was found
11:30:41.122 INFO  tests.TestBAse - Test start with contactContact(name=Mana, lastName=Bow, phone=99088897, email=bona@gmail.com, address=Haifa, description=friend)
11:30:41.122 INFO  manager.MyListener - Start find element--->>>By.cssSelector: a[href='/add']
11:30:41.144 INFO  manager.MyListener - The element with locator--->>>By.cssSelector: a[href='/add']<----was found
11:30:41.857 INFO  manager.MyListener - Start find element--->>>By.xpath: //a[@class='active']
11:30:41.865 INFO  manager.MyListener - The element with locator--->>>By.xpath: //a[@class='active']<----was found
11:30:42.368 INFO  manager.MyListener - Start find element--->>>By.xpath: //input[@placeholder='Name']
11:30:42.374 INFO  manager.MyListener - The element with locator--->>>By.xpath: //input[@placeholder='Name']<----was found
11:30:43.112 INFO  manager.MyListener - Start find element--->>>By.xpath: //input[@placeholder='Last Name']
11:30:43.119 INFO  manager.MyListener - The element with locator--->>>By.xpath: //input[@placeholder='Last Name']<----was found
11:30:43.613 INFO  manager.MyListener - Start find element--->>>By.xpath: //input[@placeholder='Phone']
11:30:43.620 INFO  manager.MyListener - The element with locator--->>>By.xpath: //input[@placeholder='Phone']<----was found
11:30:44.370 INFO  manager.MyListener - Start find element--->>>By.xpath: //input[@placeholder='email']
11:30:44.376 INFO  manager.MyListener - The element with locator--->>>By.xpath: //input[@placeholder='email']<----was found
11:30:44.889 INFO  manager.MyListener - Start find element--->>>By.xpath: //input[@placeholder='Address']
11:30:44.896 INFO  manager.MyListener - The element with locator--->>>By.xpath: //input[@placeholder='Address']<----was found
11:30:45.632 INFO  manager.MyListener - Start find element--->>>By.xpath: //input[@placeholder='description']
11:30:45.639 INFO  manager.MyListener - The element with locator--->>>By.xpath: //input[@placeholder='description']<----was found
11:30:46.136 INFO  manager.MyListener - Start find element--->>>By.cssSelector: b
11:30:46.143 INFO  manager.MyListener - The element with locator--->>>By.cssSelector: b<----was found
11:30:51.854 INFO  tests.TestBAse - End of testaddNewContactSuccessProviderCSV
11:30:51.856 INFO  tests.TestBAse - Start test --->registrationSuccess
11:30:51.857 INFO  manager.MyListener - Start find element--->>>By.xpath: //*[text()='Sign Out']
11:30:51.864 INFO  manager.MyListener - The element with locator--->>>By.xpath: //*[text()='Sign Out']<----was found
11:30:51.864 INFO  manager.MyListener - Start find element--->>>By.xpath: //button[text()='Sign Out']
11:30:51.870 INFO  manager.MyListener - The element with locator--->>>By.xpath: //button[text()='Sign Out']<----was found
11:30:52.584 INFO  manager.MyListener - Start find element--->>>By.cssSelector: [href='/login']
11:30:52.590 INFO  manager.MyListener - The element with locator--->>>By.cssSelector: [href='/login']<----was found
11:30:53.089 INFO  manager.MyListener - Start find element--->>>By.xpath: //input[1]
11:30:53.095 INFO  manager.MyListener - The element with locator--->>>By.xpath: //input[1]<----was found
11:30:53.832 INFO  manager.MyListener - Start find element--->>>By.xpath: //input[2]
11:30:53.836 INFO  manager.MyListener - The element with locator--->>>By.xpath: //input[2]<----was found
11:30:54.331 INFO  manager.MyListener - Start find element--->>>By.xpath: //*[text()=' Registration']
11:30:54.335 INFO  manager.MyListener - The element with locator--->>>By.xpath: //*[text()=' Registration']<----was found
11:30:56.043 INFO  manager.MyListener - Start find element--->>>By.xpath: //*[text()='Sign Out']
11:30:56.050 INFO  manager.MyListener - The element with locator--->>>By.xpath: //*[text()='Sign Out']<----was found
11:30:56.051 INFO  tests.TestBAse - End of testregistrationSuccess
11:30:56.053 INFO  tests.TestBAse - Start test --->registrationSuccessModel
11:30:56.053 INFO  manager.MyListener - Start find element--->>>By.xpath: //*[text()='Sign Out']
11:30:56.059 INFO  manager.MyListener - The element with locator--->>>By.xpath: //*[text()='Sign Out']<----was found
11:30:56.060 INFO  manager.MyListener - Start find element--->>>By.xpath: //button[text()='Sign Out']
11:30:56.065 INFO  manager.MyListener - The element with locator--->>>By.xpath: //button[text()='Sign Out']<----was found
11:30:56.775 INFO  manager.MyListener - Start find element--->>>By.cssSelector: [href='/login']
11:30:56.781 INFO  manager.MyListener - The element with locator--->>>By.cssSelector: [href='/login']<----was found
11:30:57.277 INFO  manager.MyListener - Start find element--->>>By.xpath: //input[1]
11:30:57.282 INFO  manager.MyListener - The element with locator--->>>By.xpath: //input[1]<----was found
11:30:58.039 INFO  manager.MyListener - Start find element--->>>By.xpath: //input[2]
11:30:58.045 INFO  manager.MyListener - The element with locator--->>>By.xpath: //input[2]<----was found
11:30:58.523 INFO  manager.MyListener - Start find element--->>>By.xpath: //*[text()=' Registration']
11:30:58.529 INFO  manager.MyListener - The element with locator--->>>By.xpath: //*[text()=' Registration']<----was found
11:31:00.240 INFO  manager.MyListener - Start find element--->>>By.xpath: //*[text()='Sign Out']
11:31:00.248 INFO  manager.MyListener - The element with locator--->>>By.xpath: //*[text()='Sign Out']<----was found
11:31:00.249 INFO  tests.TestBAse - End of testregistrationSuccessModel
11:31:00.250 INFO  tests.TestBAse - Start test --->registrationWrongPasswordModel
11:31:00.251 INFO  manager.MyListener - Start find element--->>>By.xpath: //*[text()='Sign Out']
11:31:00.258 INFO  manager.MyListener - The element with locator--->>>By.xpath: //*[text()='Sign Out']<----was found
11:31:00.258 INFO  manager.MyListener - Start find element--->>>By.xpath: //button[text()='Sign Out']
11:31:00.264 INFO  manager.MyListener - The element with locator--->>>By.xpath: //button[text()='Sign Out']<----was found
11:31:00.976 INFO  manager.MyListener - Start find element--->>>By.cssSelector: [href='/login']
11:31:00.983 INFO  manager.MyListener - The element with locator--->>>By.cssSelector: [href='/login']<----was found
11:31:01.482 INFO  manager.MyListener - Start find element--->>>By.xpath: //input[1]
11:31:01.490 INFO  manager.MyListener - The element with locator--->>>By.xpath: //input[1]<----was found
11:31:02.247 INFO  manager.MyListener - Start find element--->>>By.xpath: //input[2]
11:31:02.253 INFO  manager.MyListener - The element with locator--->>>By.xpath: //input[2]<----was found
11:31:02.731 INFO  manager.MyListener - Start find element--->>>By.xpath: //*[text()=' Registration']
11:31:02.737 INFO  manager.MyListener - The element with locator--->>>By.xpath: //*[text()=' Registration']<----was found
11:31:09.187 INFO  manager.MyListener - Start find element--->>>By.xpath: //*[.='Registration failed with code 400']
11:31:09.192 INFO  manager.MyListener - The element with locator--->>>By.xpath: //*[.='Registration failed with code 400']<----was found
11:31:09.192 INFO  tests.TestBAse - End of testregistrationWrongPasswordModel
11:31:09.193 INFO  tests.TestBAse - Start test --->removeAllContactTaya
11:31:09.193 INFO  manager.MyListener - Start find element--->>>By.xpath: //*[text()='Sign Out']
11:31:14.206 INFO  manager.MyListener - The element with locator--->>>By.xpath: //*[text()='Sign Out']<----was found
11:31:14.206 INFO  manager.MyListener - Start find element--->>>By.cssSelector: [href='/login']
11:31:14.213 INFO  manager.MyListener - The element with locator--->>>By.cssSelector: [href='/login']<----was found
11:31:14.927 INFO  manager.MyListener - Start find element--->>>By.xpath: //input[1]
11:31:14.934 INFO  manager.MyListener - The element with locator--->>>By.xpath: //input[1]<----was found
11:31:15.484 INFO  manager.MyListener - Start find element--->>>By.xpath: //input[2]
11:31:15.491 INFO  manager.MyListener - The element with locator--->>>By.xpath: //input[2]<----was found
11:31:16.237 INFO  manager.MyListener - Start find element--->>>By.xpath: //*[text()=' Login']
11:31:16.245 INFO  manager.MyListener - The element with locator--->>>By.xpath: //*[text()=' Login']<----was found
11:31:16.709 INFO  tests.TestBAse - Start testremoveAllContactTaya
11:31:16.709 INFO  manager.MyListener - Start find element--->>>By.cssSelector: .contact-item_card__2SOIM
11:31:16.791 INFO  manager.MyListener - The element with locator--->>>By.cssSelector: .contact-item_card__2SOIM<----was found
11:31:16.792 INFO  manager.MyListener - Start find element--->>>By.cssSelector: .contact-item_card__2SOIM
11:31:16.798 INFO  manager.MyListener - The element with locator--->>>By.cssSelector: .contact-item_card__2SOIM<----was found
11:31:17.510 INFO  manager.MyListener - Start find element--->>>By.xpath: //button[text()='Remove']
11:31:17.518 INFO  manager.MyListener - The element with locator--->>>By.xpath: //button[text()='Remove']<----was found
11:31:18.518 INFO  manager.MyListener - Start find element--->>>By.cssSelector: .contact-item_card__2SOIM
11:31:18.524 INFO  manager.MyListener - The element with locator--->>>By.cssSelector: .contact-item_card__2SOIM<----was found
11:31:18.524 INFO  manager.MyListener - Start find element--->>>By.cssSelector: .contact-item_card__2SOIM
11:31:18.529 INFO  manager.MyListener - The element with locator--->>>By.cssSelector: .contact-item_card__2SOIM<----was found
11:31:19.236 INFO  manager.MyListener - Start find element--->>>By.xpath: //button[text()='Remove']
11:31:19.241 INFO  manager.MyListener - The element with locator--->>>By.xpath: //button[text()='Remove']<----was found
11:31:20.241 INFO  manager.MyListener - Start find element--->>>By.cssSelector: .contact-item_card__2SOIM
11:31:20.248 INFO  manager.MyListener - The element with locator--->>>By.cssSelector: .contact-item_card__2SOIM<----was found
11:31:20.249 INFO  manager.MyListener - Start find element--->>>By.cssSelector: .contact-item_card__2SOIM
11:31:20.255 INFO  manager.MyListener - The element with locator--->>>By.cssSelector: .contact-item_card__2SOIM<----was found
11:31:20.966 INFO  manager.MyListener - Start find element--->>>By.xpath: //button[text()='Remove']
11:31:20.970 INFO  manager.MyListener - The element with locator--->>>By.xpath: //button[text()='Remove']<----was found
11:31:21.975 INFO  manager.MyListener - Start find element--->>>By.cssSelector: .contact-item_card__2SOIM
11:31:21.982 INFO  manager.MyListener - The element with locator--->>>By.cssSelector: .contact-item_card__2SOIM<----was found
11:31:21.983 INFO  manager.MyListener - Start find element--->>>By.cssSelector: .contact-item_card__2SOIM
11:31:21.990 INFO  manager.MyListener - The element with locator--->>>By.cssSelector: .contact-item_card__2SOIM<----was found
11:31:22.702 INFO  manager.MyListener - Start find element--->>>By.xpath: //button[text()='Remove']
11:31:22.709 INFO  manager.MyListener - The element with locator--->>>By.xpath: //button[text()='Remove']<----was found
11:31:23.709 INFO  manager.MyListener - Start find element--->>>By.cssSelector: .contact-item_card__2SOIM
11:31:23.716 INFO  manager.MyListener - The element with locator--->>>By.cssSelector: .contact-item_card__2SOIM<----was found
11:31:23.716 INFO  manager.MyListener - Start find element--->>>By.cssSelector: .contact-item_card__2SOIM
11:31:23.723 INFO  manager.MyListener - The element with locator--->>>By.cssSelector: .contact-item_card__2SOIM<----was found
11:31:24.435 INFO  manager.MyListener - Start find element--->>>By.xpath: //button[text()='Remove']
11:31:24.442 INFO  manager.MyListener - The element with locator--->>>By.xpath: //button[text()='Remove']<----was found
11:31:25.441 INFO  manager.MyListener - Start find element--->>>By.cssSelector: .contact-item_card__2SOIM
11:31:30.450 INFO  manager.MyListener - The element with locator--->>>By.cssSelector: .contact-item_card__2SOIM<----was found
11:31:30.451 INFO  manager.MyListener - Start find element--->>>By.cssSelector: .contact-page_message__2qafk
11:31:30.464 INFO  manager.MyListener - The element with locator--->>>By.cssSelector: .contact-page_message__2qafk<----was found
11:31:30.466 INFO  tests.TestBAse - End of testremoveAllContactTaya
11:31:30.468 INFO  tests.TestBAse - Start test --->removeOneContactTaya
11:31:30.470 INFO  manager.MyListener - Start find element--->>>By.xpath: //*[text()='Sign Out']
11:31:30.476 INFO  manager.MyListener - The element with locator--->>>By.xpath: //*[text()='Sign Out']<----was found
11:31:30.477 INFO  tests.TestBAse - Test 'removeOneContactTaya' started
11:31:30.477 INFO  manager.MyListener - Start find element--->>>By.cssSelector: .contact-item_card__2SOIM
11:31:35.490 INFO  manager.MyListener - The element with locator--->>>By.cssSelector: .contact-item_card__2SOIM<----was found
11:31:35.490 INFO  manager.MyListener - Start find element--->>>By.cssSelector: .contact-item_card__2SOIM
11:31:40.504 INFO  manager.MyListener - The element with locator--->>>By.cssSelector: .contact-item_card__2SOIM<----was found
11:31:40.504 INFO  manager.MyListener - Start find element--->>>By.cssSelector: .contact-item_card__2SOIM
11:31:40.768 INFO  manager.MyListener - We have a 'throwable'--->>>TypeError: browsingContext.currentWindowGlobal is null
Build info: version: '3.141.59', revision: 'e82be7d358', time: '2018-11-14T08:17:03'
System info: host: 'desktopirina', ip: '127.0.1.1', os.name: 'Linux', os.arch: 'amd64', os.version: '5.14.0-1033-oem', java.version: '11.0.15'
Driver info: org.openqa.selenium.firefox.FirefoxDriver
Capabilities {acceptInsecureCerts: true, browserName: firefox, browserVersion: 99.0, javascriptEnabled: true, moz:accessibilityChecks: false, moz:buildID: 20220330194208, moz:geckodriverVersion: 0.31.0, moz:headless: false, moz:processID: 145875, moz:profile: /tmp/rust_mozprofilez6LI4N, moz:shutdownTimeout: 60000, moz:useNonSpecCompliantPointerOrigin: false, moz:webdriverClick: true, pageLoadStrategy: normal, platform: LINUX, platformName: LINUX, platformVersion: 5.14.0-1033-oem, proxy: Proxy(), setWindowRect: true, strictFileInteractability: false, timeouts: {implicit: 0, pageLoad: 300000, script: 30000}, unhandledPromptBehavior: dismiss and notify}
Session ID: 72916e06-7d9c-42f4-bac9-e2a656614b02
*** Element info: {Using=css selector, value=.contact-item_card__2SOIM}
11:31:40.769 INFO  manager.MyListener - We have a 'fill In Stack Trace'--->>>org.openqa.selenium.WebDriverException: TypeError: browsingContext.currentWindowGlobal is null
Build info: version: '3.141.59', revision: 'e82be7d358', time: '2018-11-14T08:17:03'
System info: host: 'desktopirina', ip: '127.0.1.1', os.name: 'Linux', os.arch: 'amd64', os.version: '5.14.0-1033-oem', java.version: '11.0.15'
Driver info: org.openqa.selenium.firefox.FirefoxDriver
Capabilities {acceptInsecureCerts: true, browserName: firefox, browserVersion: 99.0, javascriptEnabled: true, moz:accessibilityChecks: false, moz:buildID: 20220330194208, moz:geckodriverVersion: 0.31.0, moz:headless: false, moz:processID: 145875, moz:profile: /tmp/rust_mozprofilez6LI4N, moz:shutdownTimeout: 60000, moz:useNonSpecCompliantPointerOrigin: false, moz:webdriverClick: true, pageLoadStrategy: normal, platform: LINUX, platformName: LINUX, platformVersion: 5.14.0-1033-oem, proxy: Proxy(), setWindowRect: true, strictFileInteractability: false, timeouts: {implicit: 0, pageLoad: 300000, script: 30000}, unhandledPromptBehavior: dismiss and notify}
Session ID: 72916e06-7d9c-42f4-bac9-e2a656614b02
*** Element info: {Using=css selector, value=.contact-item_card__2SOIM}
11:31:40.774 INFO  tests.TestBAse - End of testremoveOneContactTaya
