19:11:08.003 INFO  manager.ApplicationManager - All tests start in ChromeDriver
19:11:08.807 INFO  manager.MyListener - Start find element--->>>By.xpath: //*[text()='Sign Out']
19:11:13.880 INFO  manager.MyListener - The element with locator--->>>By.xpath: //*[text()='Sign Out']<----was found
19:11:13.884 INFO  tests.TestBAse - start testloginSuccessNew
19:11:13.886 INFO  tests.TestBAse - Testing 'loginSuccessNew' 
19:11:13.887 INFO  tests.TestBAse - The test starts with data [missira85@gmail.com] & [Irinka777$]
19:11:13.887 INFO  manager.MyListener - Start find element--->>>By.cssSelector: [href='/login!']
19:11:18.942 INFO  manager.MyListener - We have a 'throwable'--->>>no such element: Unable to locate element: {"method":"css selector","selector":"[href='/login!']"}
  (Session info: chrome=96.0.4664.110)
For documentation on this error, please visit: https://www.seleniumhq.org/exceptions/no_such_element.html
Build info: version: '3.141.59', revision: 'e82be7d358', time: '2018-11-14T08:17:03'
System info: host: 'desktopirina', ip: '127.0.1.1', os.name: 'Linux', os.arch: 'amd64', os.version: '5.14.0-1031-oem', java.version: '11.0.14.1'
Driver info: org.openqa.selenium.chrome.ChromeDriver
Capabilities {acceptInsecureCerts: false, browserName: chrome, browserVersion: 96.0.4664.110, chrome: {chromedriverVersion: 96.0.4664.45 (76e4c1bb2ab46..., userDataDir: /tmp/.com.google.Chrome.3XI22B}, goog:chromeOptions: {debuggerAddress: localhost:36677}, javascriptEnabled: true, networkConnectionEnabled: false, pageLoadStrategy: normal, platform: LINUX, platformName: LINUX, proxy: Proxy(), setWindowRect: true, strictFileInteractability: false, timeouts: {implicit: 0, pageLoad: 300000, script: 30000}, unhandledPromptBehavior: dismiss and notify, webauthn:extension:credBlob: true, webauthn:extension:largeBlob: true, webauthn:virtualAuthenticators: true}
Session ID: 3bb43f023e7dce6c44eac53b6bcdab90
*** Element info: {Using=css selector, value=[href='/login!']}
19:11:18.944 INFO  manager.MyListener - We have a 'fill In Stack Trace'--->>>org.openqa.selenium.NoSuchElementException: no such element: Unable to locate element: {"method":"css selector","selector":"[href='/login!']"}
  (Session info: chrome=96.0.4664.110)
For documentation on this error, please visit: https://www.seleniumhq.org/exceptions/no_such_element.html
Build info: version: '3.141.59', revision: 'e82be7d358', time: '2018-11-14T08:17:03'
System info: host: 'desktopirina', ip: '127.0.1.1', os.name: 'Linux', os.arch: 'amd64', os.version: '5.14.0-1031-oem', java.version: '11.0.14.1'
Driver info: org.openqa.selenium.chrome.ChromeDriver
Capabilities {acceptInsecureCerts: false, browserName: chrome, browserVersion: 96.0.4664.110, chrome: {chromedriverVersion: 96.0.4664.45 (76e4c1bb2ab46..., userDataDir: /tmp/.com.google.Chrome.3XI22B}, goog:chromeOptions: {debuggerAddress: localhost:36677}, javascriptEnabled: true, networkConnectionEnabled: false, pageLoadStrategy: normal, platform: LINUX, platformName: LINUX, proxy: Proxy(), setWindowRect: true, strictFileInteractability: false, timeouts: {implicit: 0, pageLoad: 300000, script: 30000}, unhandledPromptBehavior: dismiss and notify, webauthn:extension:credBlob: true, webauthn:extension:largeBlob: true, webauthn:virtualAuthenticators: true}
Session ID: 3bb43f023e7dce6c44eac53b6bcdab90
*** Element info: {Using=css selector, value=[href='/login!']}
19:11:18.948 INFO  tests.TestBAse - End of testloginSuccessNew
