20:23:16.377 INFO  manager.ApplicationManager - All tests start in ChromeDriver
20:23:17.326 INFO  manager.MyListener - Start find element--->>>By.xpath: //*[text()='Sign Out']
20:23:22.372 INFO  manager.MyListener - The element with locator--->>>By.xpath: //*[text()='Sign Out']<----was found
20:23:22.374 INFO  manager.MyListener - Start find element--->>>By.cssSelector: [href='/login']
20:23:22.404 INFO  manager.MyListener - The element with locator--->>>By.cssSelector: [href='/login']<----was found
20:23:22.508 INFO  manager.MyListener - Start find element--->>>By.xpath: //input[1]
20:23:22.544 INFO  manager.MyListener - The element with locator--->>>By.xpath: //input[1]<----was found
20:23:22.704 INFO  manager.MyListener - Start find element--->>>By.xpath: //input[2]
20:23:22.722 INFO  manager.MyListener - The element with locator--->>>By.xpath: //input[2]<----was found
20:23:22.862 INFO  manager.MyListener - Start find element--->>>By.xpath: //*[text()=' Login']
20:23:22.884 INFO  manager.MyListener - The element with locator--->>>By.xpath: //*[text()=' Login']<----was found
20:23:22.947 INFO  tests.TestBAse - start testremoveOneContactTaya
20:23:22.948 INFO  tests.TestBAse - Test 'removeOneContactTaya' started
20:23:22.949 INFO  manager.MyListener - Start find element--->>>By.cssSelector: .contact-item_card__2SOIM
20:23:23.774 INFO  manager.MyListener - The element with locator--->>>By.cssSelector: .contact-item_card__2SOIM<----was found
20:23:23.776 INFO  manager.MyListener - Start find element--->>>By.cssSelector: .contact-item_card__2SOIM
20:23:23.803 INFO  manager.MyListener - The element with locator--->>>By.cssSelector: .contact-item_card__2SOIM<----was found
20:23:23.805 INFO  manager.MyListener - Start find element--->>>By.cssSelector: .contact-item_card__2SOIM
20:23:23.824 INFO  manager.MyListener - The element with locator--->>>By.cssSelector: .contact-item_card__2SOIM<----was found
20:23:23.886 INFO  manager.MyListener - Start find element--->>>By.xpath: //button[normalize-space()='Remove']
20:23:23.910 INFO  manager.MyListener - The element with locator--->>>By.xpath: //button[normalize-space()='Remove']<----was found
20:23:24.463 INFO  manager.MyListener - Start find element--->>>By.cssSelector: .contact-item_card__2SOIM
20:23:24.480 INFO  manager.MyListener - The element with locator--->>>By.cssSelector: .contact-item_card__2SOIM<----was found
20:23:24.487 INFO  tests.TestBAse - End of testremoveOneContactTaya
