11:41:42.410 INFO  manager.ApplicationManager - All tests start in ChromeDriver
11:41:43.149 INFO  tests.TestBAse - Start test --->addNewContactSuccess
11:41:43.154 INFO  manager.MyListener - Start find element--->>>By.xpath: //*[text()='Sign Out']
11:41:48.195 INFO  manager.MyListener - The element with locator--->>>By.xpath: //*[text()='Sign Out']<----was found
11:41:48.196 INFO  manager.MyListener - Start find element--->>>By.cssSelector: [href='/login']
11:41:48.220 INFO  manager.MyListener - The element with locator--->>>By.cssSelector: [href='/login']<----was found
11:41:48.289 INFO  manager.MyListener - Start find element--->>>By.xpath: //input[1]
11:41:48.303 INFO  manager.MyListener - The element with locator--->>>By.xpath: //input[1]<----was found
11:41:48.398 INFO  manager.MyListener - Start find element--->>>By.xpath: //input[2]
11:41:48.411 INFO  manager.MyListener - The element with locator--->>>By.xpath: //input[2]<----was found
11:41:48.485 INFO  manager.MyListener - Start find element--->>>By.xpath: //*[text()=' Login']
11:41:48.498 INFO  manager.MyListener - The element with locator--->>>By.xpath: //*[text()=' Login']<----was found
11:41:48.526 INFO  tests.TestBAse - Start testaddNewContactSuccess
11:41:48.533 INFO  manager.MyListener - Start find element--->>>By.cssSelector: a[href='/add']
11:41:49.285 INFO  manager.MyListener - The element with locator--->>>By.cssSelector: a[href='/add']<----was found
11:41:49.360 INFO  manager.MyListener - Start find element--->>>By.xpath: //a[@class='active']
11:41:49.387 INFO  manager.MyListener - The element with locator--->>>By.xpath: //a[@class='active']<----was found
11:41:49.429 INFO  manager.MyListener - Start find element--->>>By.xpath: //input[@placeholder='Name']
11:41:49.453 INFO  manager.MyListener - The element with locator--->>>By.xpath: //input[@placeholder='Name']<----was found
11:41:49.564 INFO  manager.MyListener - Start find element--->>>By.xpath: //input[@placeholder='Last Name']
11:41:49.576 INFO  manager.MyListener - The element with locator--->>>By.xpath: //input[@placeholder='Last Name']<----was found
11:41:49.674 INFO  manager.MyListener - Start find element--->>>By.xpath: //input[@placeholder='Phone']
11:41:49.685 INFO  manager.MyListener - The element with locator--->>>By.xpath: //input[@placeholder='Phone']<----was found
11:41:49.766 INFO  manager.MyListener - Start find element--->>>By.xpath: //input[@placeholder='email']
11:41:49.778 INFO  manager.MyListener - The element with locator--->>>By.xpath: //input[@placeholder='email']<----was found
11:41:49.857 INFO  manager.MyListener - Start find element--->>>By.xpath: //input[@placeholder='Address']
11:41:49.871 INFO  manager.MyListener - The element with locator--->>>By.xpath: //input[@placeholder='Address']<----was found
11:41:49.954 INFO  manager.MyListener - Start find element--->>>By.xpath: //input[@placeholder='description']
11:41:49.967 INFO  manager.MyListener - The element with locator--->>>By.xpath: //input[@placeholder='description']<----was found
11:41:50.038 INFO  manager.MyListener - Start find element--->>>By.cssSelector: b
11:41:50.050 INFO  manager.MyListener - The element with locator--->>>By.cssSelector: b<----was found
11:41:55.078 INFO  manager.MyListener - Start find element--->>>By.cssSelector: .active
11:41:55.101 INFO  manager.MyListener - The element with locator--->>>By.cssSelector: .active<----was found
11:41:55.107 INFO  manager.MyListener - Start find element--->>>By.cssSelector: .contact-item_card__2SOIM
11:41:55.128 INFO  manager.MyListener - The element with locator--->>>By.cssSelector: .contact-item_card__2SOIM<----was found
11:41:55.129 INFO  manager.MyListener - Start find element--->>>By.cssSelector: h2
11:41:55.150 INFO  manager.MyListener - The element with locator--->>>By.cssSelector: h2<----was found
11:41:55.172 INFO  manager.MyListener - Start find element--->>>By.cssSelector: h3
11:41:55.188 INFO  manager.MyListener - The element with locator--->>>By.cssSelector: h3<----was found
11:41:55.207 INFO  tests.TestBAse - End of testaddNewContactSuccess
11:41:55.213 INFO  tests.TestBAse - Start test --->addNewContactSuccessProviderCSV
11:41:55.214 INFO  manager.MyListener - Start find element--->>>By.xpath: //*[text()='Sign Out']
11:41:55.222 INFO  manager.MyListener - The element with locator--->>>By.xpath: //*[text()='Sign Out']<----was found
11:41:55.238 INFO  tests.TestBAse - Test start with contactContact(name=Mona, lastName=Dow, phone=99988897, email=mona@gmail.com, address=Haifa, description=friend)
11:41:55.238 INFO  manager.MyListener - Start find element--->>>By.cssSelector: a[href='/add']
11:41:55.248 INFO  manager.MyListener - The element with locator--->>>By.cssSelector: a[href='/add']<----was found
11:41:55.272 INFO  manager.MyListener - Start find element--->>>By.xpath: //a[@class='active']
11:41:55.280 INFO  manager.MyListener - The element with locator--->>>By.xpath: //a[@class='active']<----was found
11:41:55.301 INFO  manager.MyListener - Start find element--->>>By.xpath: //input[@placeholder='Name']
11:41:55.310 INFO  manager.MyListener - The element with locator--->>>By.xpath: //input[@placeholder='Name']<----was found
11:41:55.401 INFO  manager.MyListener - Start find element--->>>By.xpath: //input[@placeholder='Last Name']
11:41:55.410 INFO  manager.MyListener - The element with locator--->>>By.xpath: //input[@placeholder='Last Name']<----was found
11:41:55.500 INFO  manager.MyListener - Start find element--->>>By.xpath: //input[@placeholder='Phone']
11:41:55.509 INFO  manager.MyListener - The element with locator--->>>By.xpath: //input[@placeholder='Phone']<----was found
11:41:55.590 INFO  manager.MyListener - Start find element--->>>By.xpath: //input[@placeholder='email']
11:41:55.600 INFO  manager.MyListener - The element with locator--->>>By.xpath: //input[@placeholder='email']<----was found
11:41:55.686 INFO  manager.MyListener - Start find element--->>>By.xpath: //input[@placeholder='Address']
11:41:55.695 INFO  manager.MyListener - The element with locator--->>>By.xpath: //input[@placeholder='Address']<----was found
11:41:55.823 INFO  manager.MyListener - Start find element--->>>By.xpath: //input[@placeholder='description']
11:41:55.833 INFO  manager.MyListener - The element with locator--->>>By.xpath: //input[@placeholder='description']<----was found
11:41:55.908 INFO  manager.MyListener - Start find element--->>>By.cssSelector: b
11:41:55.916 INFO  manager.MyListener - The element with locator--->>>By.cssSelector: b<----was found
11:42:00.948 INFO  tests.TestBAse - End of testaddNewContactSuccessProviderCSV
11:42:00.950 INFO  tests.TestBAse - Start test --->addNewContactSuccessProviderCSV
11:42:00.952 INFO  manager.MyListener - Start find element--->>>By.xpath: //*[text()='Sign Out']
11:42:00.975 INFO  manager.MyListener - The element with locator--->>>By.xpath: //*[text()='Sign Out']<----was found
11:42:00.976 INFO  tests.TestBAse - Test start with contactContact(name=Joe, lastName=Wow, phone=99988899, email=monka@gmail.com, address=Rehovot,Israel, description=friend)
11:42:00.977 INFO  manager.MyListener - Start find element--->>>By.cssSelector: a[href='/add']
11:42:01.000 INFO  manager.MyListener - The element with locator--->>>By.cssSelector: a[href='/add']<----was found
11:42:01.045 INFO  manager.MyListener - Start find element--->>>By.xpath: //a[@class='active']
11:42:01.056 INFO  manager.MyListener - The element with locator--->>>By.xpath: //a[@class='active']<----was found
11:42:01.078 INFO  manager.MyListener - Start find element--->>>By.xpath: //input[@placeholder='Name']
11:42:01.088 INFO  manager.MyListener - The element with locator--->>>By.xpath: //input[@placeholder='Name']<----was found
11:42:01.169 INFO  manager.MyListener - Start find element--->>>By.xpath: //input[@placeholder='Last Name']
11:42:01.183 INFO  manager.MyListener - The element with locator--->>>By.xpath: //input[@placeholder='Last Name']<----was found
11:42:01.263 INFO  manager.MyListener - Start find element--->>>By.xpath: //input[@placeholder='Phone']
11:42:01.275 INFO  manager.MyListener - The element with locator--->>>By.xpath: //input[@placeholder='Phone']<----was found
11:42:01.352 INFO  manager.MyListener - Start find element--->>>By.xpath: //input[@placeholder='email']
11:42:01.363 INFO  manager.MyListener - The element with locator--->>>By.xpath: //input[@placeholder='email']<----was found
11:42:01.452 INFO  manager.MyListener - Start find element--->>>By.xpath: //input[@placeholder='Address']
11:42:01.463 INFO  manager.MyListener - The element with locator--->>>By.xpath: //input[@placeholder='Address']<----was found
11:42:01.546 INFO  manager.MyListener - Start find element--->>>By.xpath: //input[@placeholder='description']
11:42:01.558 INFO  manager.MyListener - The element with locator--->>>By.xpath: //input[@placeholder='description']<----was found
11:42:01.634 INFO  manager.MyListener - Start find element--->>>By.cssSelector: b
11:42:01.644 INFO  manager.MyListener - The element with locator--->>>By.cssSelector: b<----was found
11:42:06.673 INFO  tests.TestBAse - End of testaddNewContactSuccessProviderCSV
11:42:06.675 INFO  tests.TestBAse - Start test --->addNewContactSuccessProviderCSV
11:42:06.676 INFO  manager.MyListener - Start find element--->>>By.xpath: //*[text()='Sign Out']
11:42:06.700 INFO  manager.MyListener - The element with locator--->>>By.xpath: //*[text()='Sign Out']<----was found
11:42:06.701 INFO  tests.TestBAse - Test start with contactContact(name=Moo, lastName=Kow, phone=99988807, email=mo0na@gmail.com, address=TelAviv, description=friend)
11:42:06.702 INFO  manager.MyListener - Start find element--->>>By.cssSelector: a[href='/add']
11:42:06.719 INFO  manager.MyListener - The element with locator--->>>By.cssSelector: a[href='/add']<----was found
11:42:06.772 INFO  manager.MyListener - Start find element--->>>By.xpath: //a[@class='active']
11:42:06.783 INFO  manager.MyListener - The element with locator--->>>By.xpath: //a[@class='active']<----was found
11:42:06.808 INFO  manager.MyListener - Start find element--->>>By.xpath: //input[@placeholder='Name']
11:42:06.819 INFO  manager.MyListener - The element with locator--->>>By.xpath: //input[@placeholder='Name']<----was found
11:42:06.911 INFO  manager.MyListener - Start find element--->>>By.xpath: //input[@placeholder='Last Name']
11:42:06.924 INFO  manager.MyListener - The element with locator--->>>By.xpath: //input[@placeholder='Last Name']<----was found
11:42:07.003 INFO  manager.MyListener - Start find element--->>>By.xpath: //input[@placeholder='Phone']
11:42:07.017 INFO  manager.MyListener - The element with locator--->>>By.xpath: //input[@placeholder='Phone']<----was found
11:42:07.118 INFO  manager.MyListener - Start find element--->>>By.xpath: //input[@placeholder='email']
11:42:07.133 INFO  manager.MyListener - The element with locator--->>>By.xpath: //input[@placeholder='email']<----was found
11:42:07.260 INFO  manager.MyListener - Start find element--->>>By.xpath: //input[@placeholder='Address']
11:42:07.271 INFO  manager.MyListener - The element with locator--->>>By.xpath: //input[@placeholder='Address']<----was found
11:42:07.340 INFO  manager.MyListener - Start find element--->>>By.xpath: //input[@placeholder='description']
11:42:07.351 INFO  manager.MyListener - The element with locator--->>>By.xpath: //input[@placeholder='description']<----was found
11:42:07.458 INFO  manager.MyListener - Start find element--->>>By.cssSelector: b
11:42:07.469 INFO  manager.MyListener - The element with locator--->>>By.cssSelector: b<----was found
11:42:12.499 INFO  tests.TestBAse - End of testaddNewContactSuccessProviderCSV
11:42:12.500 INFO  tests.TestBAse - Start test --->addNewContactSuccessProviderCSV
11:42:12.501 INFO  manager.MyListener - Start find element--->>>By.xpath: //*[text()='Sign Out']
11:42:12.513 INFO  manager.MyListener - The element with locator--->>>By.xpath: //*[text()='Sign Out']<----was found
11:42:12.514 INFO  tests.TestBAse - Test start with contactContact(name=Mana, lastName=Bow, phone=99088897, email=bona@gmail.com, address=Haifa, description=friend)
11:42:12.514 INFO  manager.MyListener - Start find element--->>>By.cssSelector: a[href='/add']
11:42:12.525 INFO  manager.MyListener - The element with locator--->>>By.cssSelector: a[href='/add']<----was found
11:42:12.556 INFO  manager.MyListener - Start find element--->>>By.xpath: //a[@class='active']
11:42:12.566 INFO  manager.MyListener - The element with locator--->>>By.xpath: //a[@class='active']<----was found
11:42:12.589 INFO  manager.MyListener - Start find element--->>>By.xpath: //input[@placeholder='Name']
11:42:12.600 INFO  manager.MyListener - The element with locator--->>>By.xpath: //input[@placeholder='Name']<----was found
11:42:12.673 INFO  manager.MyListener - Start find element--->>>By.xpath: //input[@placeholder='Last Name']
11:42:12.680 INFO  manager.MyListener - The element with locator--->>>By.xpath: //input[@placeholder='Last Name']<----was found
11:42:12.757 INFO  manager.MyListener - Start find element--->>>By.xpath: //input[@placeholder='Phone']
11:42:12.771 INFO  manager.MyListener - The element with locator--->>>By.xpath: //input[@placeholder='Phone']<----was found
11:42:12.852 INFO  manager.MyListener - Start find element--->>>By.xpath: //input[@placeholder='email']
11:42:12.860 INFO  manager.MyListener - The element with locator--->>>By.xpath: //input[@placeholder='email']<----was found
11:42:12.945 INFO  manager.MyListener - Start find element--->>>By.xpath: //input[@placeholder='Address']
11:42:12.954 INFO  manager.MyListener - The element with locator--->>>By.xpath: //input[@placeholder='Address']<----was found
11:42:13.051 INFO  manager.MyListener - Start find element--->>>By.xpath: //input[@placeholder='description']
11:42:13.066 INFO  manager.MyListener - The element with locator--->>>By.xpath: //input[@placeholder='description']<----was found
11:42:13.181 INFO  manager.MyListener - Start find element--->>>By.cssSelector: b
11:42:13.188 INFO  manager.MyListener - The element with locator--->>>By.cssSelector: b<----was found
11:42:18.219 INFO  tests.TestBAse - End of testaddNewContactSuccessProviderCSV
