10:37:20.839 INFO  manager.TestNgListener - onStart(ISuite suite)
10:37:20.864 INFO  manager.TestNgListener - onTestStartnull
10:37:22.664 INFO  manager.TestNgListener - onFinish(ISuite suite)
10:37:23.112 INFO  manager.ApplicationManager - All tests start in ChromeDriver
10:37:23.831 INFO  manager.MyListener - Start find element--->>>By.xpath: //*[text()='Sign Out']
10:37:28.877 INFO  manager.MyListener - The element with locator--->>>By.xpath: //*[text()='Sign Out']<----was found
10:37:28.891 INFO  manager.MyListener - Start find element--->>>By.cssSelector: [href='/login']
10:37:28.914 INFO  manager.MyListener - The element with locator--->>>By.cssSelector: [href='/login']<----was found
10:37:28.979 INFO  manager.MyListener - Start find element--->>>By.xpath: //input[1]
10:37:28.993 INFO  manager.MyListener - The element with locator--->>>By.xpath: //input[1]<----was found
10:37:29.086 INFO  manager.MyListener - Start find element--->>>By.xpath: //input[2]
10:37:29.098 INFO  manager.MyListener - The element with locator--->>>By.xpath: //input[2]<----was found
10:37:29.173 INFO  manager.MyListener - Start find element--->>>By.xpath: //*[text()=' Login']
10:37:29.185 INFO  manager.MyListener - The element with locator--->>>By.xpath: //*[text()=' Login']<----was found
10:37:34.212 INFO  manager.MyListener - Start find element--->>>By.xpath: //*[text()='Sign Out']
10:37:34.229 INFO  manager.MyListener - The element with locator--->>>By.xpath: //*[text()='Sign Out']<----was found
10:37:34.236 INFO  tests.TestBAse - End of testloginModelCSVDataProvider
10:37:34.238 INFO  manager.MyListener - Start find element--->>>By.xpath: //*[text()='Sign Out']
10:37:34.251 INFO  manager.MyListener - The element with locator--->>>By.xpath: //*[text()='Sign Out']<----was found
10:37:34.252 INFO  manager.MyListener - Start find element--->>>By.xpath: //button[text()='Sign Out']
10:37:34.274 INFO  manager.MyListener - The element with locator--->>>By.xpath: //button[text()='Sign Out']<----was found
10:37:34.317 INFO  tests.TestBAse - start testloginModelCSVDataProvider
10:37:34.318 INFO  manager.MyListener - Start find element--->>>By.cssSelector: [href='/login']
10:37:34.326 INFO  manager.MyListener - The element with locator--->>>By.cssSelector: [href='/login']<----was found
10:37:34.352 INFO  manager.MyListener - Start find element--->>>By.xpath: //input[1]
10:37:34.360 INFO  manager.MyListener - The element with locator--->>>By.xpath: //input[1]<----was found
10:37:34.440 INFO  manager.MyListener - Start find element--->>>By.xpath: //input[2]
10:37:34.448 INFO  manager.MyListener - The element with locator--->>>By.xpath: //input[2]<----was found
10:37:34.520 INFO  manager.MyListener - Start find element--->>>By.xpath: //*[text()=' Login']
10:37:34.528 INFO  manager.MyListener - The element with locator--->>>By.xpath: //*[text()=' Login']<----was found
10:37:39.553 INFO  manager.MyListener - Start find element--->>>By.xpath: //*[text()='Sign Out']
10:37:39.568 INFO  manager.MyListener - The element with locator--->>>By.xpath: //*[text()='Sign Out']<----was found
10:37:39.569 INFO  tests.TestBAse - End of testloginModelCSVDataProvider
10:37:39.570 INFO  manager.MyListener - Start find element--->>>By.xpath: //*[text()='Sign Out']
10:37:39.583 INFO  manager.MyListener - The element with locator--->>>By.xpath: //*[text()='Sign Out']<----was found
10:37:39.583 INFO  manager.MyListener - Start find element--->>>By.xpath: //button[text()='Sign Out']
10:37:39.596 INFO  manager.MyListener - The element with locator--->>>By.xpath: //button[text()='Sign Out']<----was found
10:37:39.648 INFO  tests.TestBAse - start testloginModelCSVDataProvider
10:37:39.650 INFO  manager.MyListener - Start find element--->>>By.cssSelector: [href='/login']
10:37:39.657 INFO  manager.MyListener - The element with locator--->>>By.cssSelector: [href='/login']<----was found
10:37:39.691 INFO  manager.MyListener - Start find element--->>>By.xpath: //input[1]
10:37:39.699 INFO  manager.MyListener - The element with locator--->>>By.xpath: //input[1]<----was found
10:37:39.780 INFO  manager.MyListener - Start find element--->>>By.xpath: //input[2]
10:37:39.788 INFO  manager.MyListener - The element with locator--->>>By.xpath: //input[2]<----was found
10:37:39.866 INFO  manager.MyListener - Start find element--->>>By.xpath: //*[text()=' Login']
10:37:39.873 INFO  manager.MyListener - The element with locator--->>>By.xpath: //*[text()=' Login']<----was found
10:37:44.899 INFO  manager.MyListener - Start find element--->>>By.xpath: //*[text()='Sign Out']
10:37:44.915 INFO  manager.MyListener - The element with locator--->>>By.xpath: //*[text()='Sign Out']<----was found
10:37:44.916 INFO  tests.TestBAse - End of testloginModelCSVDataProvider
10:37:44.918 INFO  manager.MyListener - Start find element--->>>By.xpath: //*[text()='Sign Out']
10:37:44.930 INFO  manager.MyListener - The element with locator--->>>By.xpath: //*[text()='Sign Out']<----was found
10:37:44.931 INFO  manager.MyListener - Start find element--->>>By.xpath: //button[text()='Sign Out']
10:37:44.943 INFO  manager.MyListener - The element with locator--->>>By.xpath: //button[text()='Sign Out']<----was found
10:37:44.993 INFO  tests.TestBAse - start testloginModelCSVDataProvider
10:37:44.995 INFO  manager.MyListener - Start find element--->>>By.cssSelector: [href='/login']
10:37:45.003 INFO  manager.MyListener - The element with locator--->>>By.cssSelector: [href='/login']<----was found
10:37:45.031 INFO  manager.MyListener - Start find element--->>>By.xpath: //input[1]
10:37:45.038 INFO  manager.MyListener - The element with locator--->>>By.xpath: //input[1]<----was found
10:37:45.130 INFO  manager.MyListener - Start find element--->>>By.xpath: //input[2]
10:37:45.137 INFO  manager.MyListener - The element with locator--->>>By.xpath: //input[2]<----was found
10:37:45.220 INFO  manager.MyListener - Start find element--->>>By.xpath: //*[text()=' Login']
10:37:45.229 INFO  manager.MyListener - The element with locator--->>>By.xpath: //*[text()=' Login']<----was found
10:37:50.256 INFO  manager.MyListener - Start find element--->>>By.xpath: //*[text()='Sign Out']
10:37:50.271 INFO  manager.MyListener - The element with locator--->>>By.xpath: //*[text()='Sign Out']<----was found
10:37:50.273 INFO  tests.TestBAse - End of testloginModelCSVDataProvider
10:37:50.275 INFO  manager.MyListener - Start find element--->>>By.xpath: //*[text()='Sign Out']
10:37:50.291 INFO  manager.MyListener - The element with locator--->>>By.xpath: //*[text()='Sign Out']<----was found
10:37:50.291 INFO  manager.MyListener - Start find element--->>>By.xpath: //button[text()='Sign Out']
10:37:50.303 INFO  manager.MyListener - The element with locator--->>>By.xpath: //button[text()='Sign Out']<----was found
10:37:50.358 INFO  tests.TestBAse - start testloginModelDataProvider
10:37:50.359 INFO  manager.MyListener - Start find element--->>>By.cssSelector: [href='/login']
10:37:50.371 INFO  manager.MyListener - The element with locator--->>>By.cssSelector: [href='/login']<----was found
10:37:50.415 INFO  manager.MyListener - Start find element--->>>By.xpath: //input[1]
10:37:50.423 INFO  manager.MyListener - The element with locator--->>>By.xpath: //input[1]<----was found
10:37:50.498 INFO  manager.MyListener - Start find element--->>>By.xpath: //input[2]
10:37:50.506 INFO  manager.MyListener - The element with locator--->>>By.xpath: //input[2]<----was found
10:37:50.590 INFO  manager.MyListener - Start find element--->>>By.xpath: //*[text()=' Login']
10:37:50.598 INFO  manager.MyListener - The element with locator--->>>By.xpath: //*[text()=' Login']<----was found
10:37:55.624 INFO  manager.MyListener - Start find element--->>>By.xpath: //*[text()='Sign Out']
10:37:55.640 INFO  manager.MyListener - The element with locator--->>>By.xpath: //*[text()='Sign Out']<----was found
10:37:55.641 INFO  tests.TestBAse - End of testloginModelDataProvider
10:37:55.643 INFO  manager.MyListener - Start find element--->>>By.xpath: //*[text()='Sign Out']
10:37:55.657 INFO  manager.MyListener - The element with locator--->>>By.xpath: //*[text()='Sign Out']<----was found
10:37:55.657 INFO  manager.MyListener - Start find element--->>>By.xpath: //button[text()='Sign Out']
10:37:55.670 INFO  manager.MyListener - The element with locator--->>>By.xpath: //button[text()='Sign Out']<----was found
10:37:55.721 INFO  tests.TestBAse - start testloginModelDataProvider
10:37:55.722 INFO  manager.MyListener - Start find element--->>>By.cssSelector: [href='/login']
10:37:55.729 INFO  manager.MyListener - The element with locator--->>>By.cssSelector: [href='/login']<----was found
10:37:55.770 INFO  manager.MyListener - Start find element--->>>By.xpath: //input[1]
10:37:55.778 INFO  manager.MyListener - The element with locator--->>>By.xpath: //input[1]<----was found
10:37:55.851 INFO  manager.MyListener - Start find element--->>>By.xpath: //input[2]
10:37:55.859 INFO  manager.MyListener - The element with locator--->>>By.xpath: //input[2]<----was found
10:37:55.941 INFO  manager.MyListener - Start find element--->>>By.xpath: //*[text()=' Login']
10:37:55.948 INFO  manager.MyListener - The element with locator--->>>By.xpath: //*[text()=' Login']<----was found
10:38:00.976 INFO  manager.MyListener - Start find element--->>>By.xpath: //*[text()='Sign Out']
10:38:00.991 INFO  manager.MyListener - The element with locator--->>>By.xpath: //*[text()='Sign Out']<----was found
10:38:00.992 INFO  tests.TestBAse - End of testloginModelDataProvider
10:38:00.994 INFO  manager.MyListener - Start find element--->>>By.xpath: //*[text()='Sign Out']
10:38:01.006 INFO  manager.MyListener - The element with locator--->>>By.xpath: //*[text()='Sign Out']<----was found
10:38:01.006 INFO  manager.MyListener - Start find element--->>>By.xpath: //button[text()='Sign Out']
10:38:01.018 INFO  manager.MyListener - The element with locator--->>>By.xpath: //button[text()='Sign Out']<----was found
10:38:01.070 INFO  tests.TestBAse - start testloginModelDataProvider
10:38:01.071 INFO  manager.MyListener - Start find element--->>>By.cssSelector: [href='/login']
10:38:01.078 INFO  manager.MyListener - The element with locator--->>>By.cssSelector: [href='/login']<----was found
10:38:01.109 INFO  manager.MyListener - Start find element--->>>By.xpath: //input[1]
10:38:01.116 INFO  manager.MyListener - The element with locator--->>>By.xpath: //input[1]<----was found
10:38:01.198 INFO  manager.MyListener - Start find element--->>>By.xpath: //input[2]
10:38:01.206 INFO  manager.MyListener - The element with locator--->>>By.xpath: //input[2]<----was found
10:38:01.296 INFO  manager.MyListener - Start find element--->>>By.xpath: //*[text()=' Login']
10:38:01.304 INFO  manager.MyListener - The element with locator--->>>By.xpath: //*[text()=' Login']<----was found
10:38:06.334 INFO  manager.MyListener - Start find element--->>>By.xpath: //*[text()='Sign Out']
10:38:06.349 INFO  manager.MyListener - The element with locator--->>>By.xpath: //*[text()='Sign Out']<----was found
10:38:06.350 INFO  tests.TestBAse - End of testloginModelDataProvider
10:38:06.352 INFO  manager.MyListener - Start find element--->>>By.xpath: //*[text()='Sign Out']
10:38:06.367 INFO  manager.MyListener - The element with locator--->>>By.xpath: //*[text()='Sign Out']<----was found
10:38:06.368 INFO  manager.MyListener - Start find element--->>>By.xpath: //button[text()='Sign Out']
10:38:06.382 INFO  manager.MyListener - The element with locator--->>>By.xpath: //button[text()='Sign Out']<----was found
10:38:06.433 INFO  tests.TestBAse - start testloginModelDataProvider
10:38:06.434 INFO  manager.MyListener - Start find element--->>>By.cssSelector: [href='/login']
10:38:06.441 INFO  manager.MyListener - The element with locator--->>>By.cssSelector: [href='/login']<----was found
10:38:06.467 INFO  manager.MyListener - Start find element--->>>By.xpath: //input[1]
10:38:06.474 INFO  manager.MyListener - The element with locator--->>>By.xpath: //input[1]<----was found
10:38:06.546 INFO  manager.MyListener - Start find element--->>>By.xpath: //input[2]
10:38:06.554 INFO  manager.MyListener - The element with locator--->>>By.xpath: //input[2]<----was found
10:38:06.627 INFO  manager.MyListener - Start find element--->>>By.xpath: //*[text()=' Login']
10:38:06.635 INFO  manager.MyListener - The element with locator--->>>By.xpath: //*[text()=' Login']<----was found
10:38:11.661 INFO  manager.MyListener - Start find element--->>>By.xpath: //*[text()='Sign Out']
10:38:11.677 INFO  manager.MyListener - The element with locator--->>>By.xpath: //*[text()='Sign Out']<----was found
10:38:11.678 INFO  tests.TestBAse - End of testloginModelDataProvider
10:38:11.680 INFO  manager.MyListener - Start find element--->>>By.xpath: //*[text()='Sign Out']
10:38:11.694 INFO  manager.MyListener - The element with locator--->>>By.xpath: //*[text()='Sign Out']<----was found
10:38:11.694 INFO  manager.MyListener - Start find element--->>>By.xpath: //button[text()='Sign Out']
10:38:11.701 INFO  manager.MyListener - The element with locator--->>>By.xpath: //button[text()='Sign Out']<----was found
10:38:11.730 INFO  tests.TestBAse - start testloginNegativePassword
10:38:11.731 INFO  manager.MyListener - Start find element--->>>By.cssSelector: [href='/login']
10:38:11.738 INFO  manager.MyListener - The element with locator--->>>By.cssSelector: [href='/login']<----was found
10:38:11.769 INFO  manager.MyListener - Start find element--->>>By.xpath: //input[1]
10:38:11.776 INFO  manager.MyListener - The element with locator--->>>By.xpath: //input[1]<----was found
10:38:11.859 INFO  manager.MyListener - Start find element--->>>By.xpath: //input[2]
10:38:11.867 INFO  manager.MyListener - The element with locator--->>>By.xpath: //input[2]<----was found
10:38:11.936 INFO  manager.MyListener - Start find element--->>>By.xpath: //*[text()=' Login']
10:38:11.943 INFO  manager.MyListener - The element with locator--->>>By.xpath: //*[text()=' Login']<----was found
10:38:17.005 INFO  tests.TestBAse - End of testloginNegativePassword
10:38:17.007 INFO  manager.MyListener - Start find element--->>>By.xpath: //*[text()='Sign Out']
10:38:22.037 INFO  manager.MyListener - The element with locator--->>>By.xpath: //*[text()='Sign Out']<----was found
10:38:22.039 INFO  tests.TestBAse - End of testloginSuccess
10:38:22.041 INFO  manager.MyListener - Start find element--->>>By.xpath: //*[text()='Sign Out']
10:38:27.048 INFO  manager.MyListener - The element with locator--->>>By.xpath: //*[text()='Sign Out']<----was found
10:38:27.049 INFO  manager.MyListener - Start find element--->>>By.cssSelector: [href='/login']
10:38:27.069 INFO  manager.MyListener - The element with locator--->>>By.cssSelector: [href='/login']<----was found
10:38:27.128 INFO  manager.MyListener - Start find element--->>>By.xpath: //input[1]
10:38:27.138 INFO  manager.MyListener - The element with locator--->>>By.xpath: //input[1]<----was found
10:38:27.231 INFO  manager.MyListener - Start find element--->>>By.xpath: //input[2]
10:38:27.239 INFO  manager.MyListener - The element with locator--->>>By.xpath: //input[2]<----was found
10:38:27.327 INFO  manager.MyListener - Start find element--->>>By.xpath: //*[text()=' Login']
10:38:27.338 INFO  manager.MyListener - The element with locator--->>>By.xpath: //*[text()=' Login']<----was found
10:38:32.367 INFO  manager.MyListener - Start find element--->>>By.xpath: //*[text()='Sign Out']
10:38:32.376 INFO  manager.MyListener - The element with locator--->>>By.xpath: //*[text()='Sign Out']<----was found
10:38:32.377 INFO  tests.TestBAse - End of testloginSuccessModel
10:38:32.378 INFO  manager.MyListener - Start find element--->>>By.xpath: //*[text()='Sign Out']
10:38:32.385 INFO  manager.MyListener - The element with locator--->>>By.xpath: //*[text()='Sign Out']<----was found
10:38:32.385 INFO  manager.MyListener - Start find element--->>>By.xpath: //button[text()='Sign Out']
10:38:32.396 INFO  manager.MyListener - The element with locator--->>>By.xpath: //button[text()='Sign Out']<----was found
10:38:32.424 INFO  tests.TestBAse - start testloginSuccessNew
10:38:32.425 INFO  tests.TestBAse - Testing 'loginSuccessNew' 
10:38:32.425 INFO  tests.TestBAse - The test starts with data [missira85@gmail.com] & [Passw0rd$]
10:38:32.425 INFO  manager.MyListener - Start find element--->>>By.cssSelector: [href='/login']
10:38:32.433 INFO  manager.MyListener - The element with locator--->>>By.cssSelector: [href='/login']<----was found
10:38:32.462 INFO  manager.MyListener - Start find element--->>>By.xpath: //input[1]
10:38:32.469 INFO  manager.MyListener - The element with locator--->>>By.xpath: //input[1]<----was found
10:38:32.548 INFO  manager.MyListener - Start find element--->>>By.xpath: //input[2]
10:38:32.557 INFO  manager.MyListener - The element with locator--->>>By.xpath: //input[2]<----was found
10:38:32.627 INFO  manager.MyListener - Start find element--->>>By.xpath: //*[text()=' Login']
10:38:32.635 INFO  manager.MyListener - The element with locator--->>>By.xpath: //*[text()=' Login']<----was found
10:38:33.662 INFO  manager.MyListener - Start find element--->>>By.xpath: //*[text()='Sign Out']
10:38:33.676 INFO  manager.MyListener - The element with locator--->>>By.xpath: //*[text()='Sign Out']<----was found
10:38:33.677 INFO  tests.TestBAse - Test 'loginSuccessNew' passed successfully
10:38:33.678 INFO  tests.TestBAse - End of testloginSuccessNew
10:38:33.680 INFO  manager.MyListener - Start find element--->>>By.xpath: //*[text()='Sign Out']
10:38:33.693 INFO  manager.MyListener - The element with locator--->>>By.xpath: //*[text()='Sign Out']<----was found
10:38:33.694 INFO  manager.MyListener - Start find element--->>>By.xpath: //button[text()='Sign Out']
10:38:33.703 INFO  manager.MyListener - The element with locator--->>>By.xpath: //button[text()='Sign Out']<----was found
10:38:33.731 INFO  tests.TestBAse - start testloginSuccessNew1
10:38:33.732 INFO  tests.TestBAse - Testing 'loginSuccessNew1' 
10:38:33.736 INFO  tests.TestBAse - The test starts with emailmissira85@gmail.comand password Passw0rd$
10:38:33.736 INFO  manager.MyListener - Start find element--->>>By.cssSelector: [href='/login']
10:38:33.743 INFO  manager.MyListener - The element with locator--->>>By.cssSelector: [href='/login']<----was found
10:38:33.770 INFO  manager.MyListener - Start find element--->>>By.xpath: //input[1]
10:38:33.777 INFO  manager.MyListener - The element with locator--->>>By.xpath: //input[1]<----was found
10:38:33.865 INFO  manager.MyListener - Start find element--->>>By.xpath: //input[2]
10:38:33.873 INFO  manager.MyListener - The element with locator--->>>By.xpath: //input[2]<----was found
10:38:33.952 INFO  manager.MyListener - Start find element--->>>By.xpath: //*[text()=' Login']
10:38:33.959 INFO  manager.MyListener - The element with locator--->>>By.xpath: //*[text()=' Login']<----was found
10:38:34.987 INFO  manager.MyListener - Start find element--->>>By.xpath: //*[text()='Sign Out']
10:38:34.994 INFO  manager.MyListener - The element with locator--->>>By.xpath: //*[text()='Sign Out']<----was found
10:38:34.995 INFO  tests.TestBAse - End of testloginSuccessNew1
10:38:34.996 INFO  manager.MyListener - Start find element--->>>By.xpath: //*[text()='Sign Out']
10:38:35.004 INFO  manager.MyListener - The element with locator--->>>By.xpath: //*[text()='Sign Out']<----was found
10:38:35.004 INFO  manager.MyListener - Start find element--->>>By.xpath: //button[text()='Sign Out']
10:38:35.011 INFO  manager.MyListener - The element with locator--->>>By.xpath: //button[text()='Sign Out']<----was found
10:38:35.044 INFO  tests.TestBAse - start testloginSuccessNew1
10:38:35.044 INFO  tests.TestBAse - Testing 'loginSuccessNew1' 
10:38:35.045 INFO  tests.TestBAse - The test starts with emailmissira85@gmail.comand password Passw0rd$
10:38:35.045 INFO  manager.MyListener - Start find element--->>>By.cssSelector: [href='/login']
10:38:35.052 INFO  manager.MyListener - The element with locator--->>>By.cssSelector: [href='/login']<----was found
10:38:35.083 INFO  manager.MyListener - Start find element--->>>By.xpath: //input[1]
10:38:35.090 INFO  manager.MyListener - The element with locator--->>>By.xpath: //input[1]<----was found
10:38:35.187 INFO  manager.MyListener - Start find element--->>>By.xpath: //input[2]
10:38:35.194 INFO  manager.MyListener - The element with locator--->>>By.xpath: //input[2]<----was found
10:38:35.279 INFO  manager.MyListener - Start find element--->>>By.xpath: //*[text()=' Login']
10:38:35.287 INFO  manager.MyListener - The element with locator--->>>By.xpath: //*[text()=' Login']<----was found
10:38:36.318 INFO  manager.MyListener - Start find element--->>>By.xpath: //*[text()='Sign Out']
10:38:36.327 INFO  manager.MyListener - The element with locator--->>>By.xpath: //*[text()='Sign Out']<----was found
10:38:36.328 INFO  tests.TestBAse - End of testloginSuccessNew1
10:38:36.328 INFO  manager.MyListener - Start find element--->>>By.xpath: //*[text()='Sign Out']
10:38:36.336 INFO  manager.MyListener - The element with locator--->>>By.xpath: //*[text()='Sign Out']<----was found
10:38:36.336 INFO  manager.MyListener - Start find element--->>>By.xpath: //button[text()='Sign Out']
10:38:36.343 INFO  manager.MyListener - The element with locator--->>>By.xpath: //button[text()='Sign Out']<----was found
10:38:36.376 INFO  tests.TestBAse - start testloginSuccessNew1
10:38:36.377 INFO  tests.TestBAse - Testing 'loginSuccessNew1' 
10:38:36.377 INFO  tests.TestBAse - The test starts with emailmissira85@gmail.comand password Passw0rd$
10:38:36.377 INFO  manager.MyListener - Start find element--->>>By.cssSelector: [href='/login']
10:38:36.384 INFO  manager.MyListener - The element with locator--->>>By.cssSelector: [href='/login']<----was found
10:38:36.412 INFO  manager.MyListener - Start find element--->>>By.xpath: //input[1]
10:38:36.419 INFO  manager.MyListener - The element with locator--->>>By.xpath: //input[1]<----was found
10:38:36.491 INFO  manager.MyListener - Start find element--->>>By.xpath: //input[2]
10:38:36.499 INFO  manager.MyListener - The element with locator--->>>By.xpath: //input[2]<----was found
10:38:36.589 INFO  manager.MyListener - Start find element--->>>By.xpath: //*[text()=' Login']
10:38:36.596 INFO  manager.MyListener - The element with locator--->>>By.xpath: //*[text()=' Login']<----was found
10:38:37.622 INFO  manager.MyListener - Start find element--->>>By.xpath: //*[text()='Sign Out']
10:38:37.637 INFO  manager.MyListener - The element with locator--->>>By.xpath: //*[text()='Sign Out']<----was found
10:38:37.639 INFO  tests.TestBAse - End of testloginSuccessNew1
10:38:37.640 INFO  manager.MyListener - Start find element--->>>By.xpath: //*[text()='Sign Out']
10:38:37.652 INFO  manager.MyListener - The element with locator--->>>By.xpath: //*[text()='Sign Out']<----was found
10:38:37.652 INFO  manager.MyListener - Start find element--->>>By.xpath: //button[text()='Sign Out']
10:38:37.664 INFO  manager.MyListener - The element with locator--->>>By.xpath: //button[text()='Sign Out']<----was found
10:38:37.695 INFO  tests.TestBAse - start testloginSuccessNew1
10:38:37.696 INFO  tests.TestBAse - Testing 'loginSuccessNew1' 
10:38:37.696 INFO  tests.TestBAse - The test starts with emailmissira85@gmail.comand password Passw0rd$
10:38:37.696 INFO  manager.MyListener - Start find element--->>>By.cssSelector: [href='/login']
10:38:37.706 INFO  manager.MyListener - The element with locator--->>>By.cssSelector: [href='/login']<----was found
10:38:37.750 INFO  manager.MyListener - Start find element--->>>By.xpath: //input[1]
10:38:37.758 INFO  manager.MyListener - The element with locator--->>>By.xpath: //input[1]<----was found
10:38:37.850 INFO  manager.MyListener - Start find element--->>>By.xpath: //input[2]
10:38:37.857 INFO  manager.MyListener - The element with locator--->>>By.xpath: //input[2]<----was found
10:38:37.930 INFO  manager.MyListener - Start find element--->>>By.xpath: //*[text()=' Login']
10:38:37.938 INFO  manager.MyListener - The element with locator--->>>By.xpath: //*[text()=' Login']<----was found
10:38:38.963 INFO  manager.MyListener - Start find element--->>>By.xpath: //*[text()='Sign Out']
10:38:38.978 INFO  manager.MyListener - The element with locator--->>>By.xpath: //*[text()='Sign Out']<----was found
10:38:38.980 INFO  tests.TestBAse - End of testloginSuccessNew1
10:38:38.982 INFO  manager.MyListener - Start find element--->>>By.xpath: //*[text()='Sign Out']
10:38:38.994 INFO  manager.MyListener - The element with locator--->>>By.xpath: //*[text()='Sign Out']<----was found
10:38:38.999 INFO  manager.MyListener - Start find element--->>>By.cssSelector: a[href='/add']
10:38:39.014 INFO  manager.MyListener - The element with locator--->>>By.cssSelector: a[href='/add']<----was found
10:38:39.072 INFO  manager.MyListener - Start find element--->>>By.xpath: //a[@class='active']
10:38:39.086 INFO  manager.MyListener - The element with locator--->>>By.xpath: //a[@class='active']<----was found
10:38:39.114 INFO  manager.MyListener - Start find element--->>>By.xpath: //input[@placeholder='Name']
10:38:39.125 INFO  manager.MyListener - The element with locator--->>>By.xpath: //input[@placeholder='Name']<----was found
10:38:39.202 INFO  manager.MyListener - Start find element--->>>By.xpath: //input[@placeholder='Last Name']
10:38:39.215 INFO  manager.MyListener - The element with locator--->>>By.xpath: //input[@placeholder='Last Name']<----was found
10:38:39.298 INFO  manager.MyListener - Start find element--->>>By.xpath: //input[@placeholder='Phone']
10:38:39.311 INFO  manager.MyListener - The element with locator--->>>By.xpath: //input[@placeholder='Phone']<----was found
10:38:39.416 INFO  manager.MyListener - Start find element--->>>By.xpath: //input[@placeholder='email']
10:38:39.426 INFO  manager.MyListener - The element with locator--->>>By.xpath: //input[@placeholder='email']<----was found
10:38:39.497 INFO  manager.MyListener - Start find element--->>>By.xpath: //input[@placeholder='Address']
10:38:39.511 INFO  manager.MyListener - The element with locator--->>>By.xpath: //input[@placeholder='Address']<----was found
10:38:39.588 INFO  manager.MyListener - Start find element--->>>By.xpath: //input[@placeholder='description']
10:38:39.599 INFO  manager.MyListener - The element with locator--->>>By.xpath: //input[@placeholder='description']<----was found
10:38:39.685 INFO  manager.MyListener - Start find element--->>>By.cssSelector: b
10:38:39.695 INFO  manager.MyListener - The element with locator--->>>By.cssSelector: b<----was found
10:38:44.721 INFO  manager.MyListener - Start find element--->>>By.cssSelector: .active
10:38:44.743 INFO  manager.MyListener - The element with locator--->>>By.cssSelector: .active<----was found
10:38:44.744 INFO  manager.MyListener - Start find element--->>>By.cssSelector: .contact-item_card__2SOIM
10:38:44.755 INFO  manager.MyListener - The element with locator--->>>By.cssSelector: .contact-item_card__2SOIM<----was found
10:38:44.756 INFO  manager.MyListener - Start find element--->>>By.cssSelector: h2
10:38:44.770 INFO  manager.MyListener - The element with locator--->>>By.cssSelector: h2<----was found
10:38:44.897 INFO  manager.MyListener - Start find element--->>>By.cssSelector: h3
10:38:44.908 INFO  manager.MyListener - The element with locator--->>>By.cssSelector: h3<----was found
10:38:45.022 INFO  tests.TestBAse - End of testaddNewContactSuccess
10:38:45.023 INFO  manager.MyListener - Start find element--->>>By.xpath: //*[text()='Sign Out']
10:38:45.034 INFO  manager.MyListener - The element with locator--->>>By.xpath: //*[text()='Sign Out']<----was found
10:38:45.056 INFO  tests.TestBAse - Test start with contactContact(name=Mona, lastName=Dow, phone=99988897, email=mona@gmail.com, address=Haifa, description=friend)
10:38:45.057 INFO  manager.MyListener - Start find element--->>>By.cssSelector: a[href='/add']
10:38:45.074 INFO  manager.MyListener - The element with locator--->>>By.cssSelector: a[href='/add']<----was found
10:38:45.103 INFO  manager.MyListener - Start find element--->>>By.xpath: //a[@class='active']
10:38:45.113 INFO  manager.MyListener - The element with locator--->>>By.xpath: //a[@class='active']<----was found
10:38:45.143 INFO  manager.MyListener - Start find element--->>>By.xpath: //input[@placeholder='Name']
10:38:45.153 INFO  manager.MyListener - The element with locator--->>>By.xpath: //input[@placeholder='Name']<----was found
10:38:45.244 INFO  manager.MyListener - Start find element--->>>By.xpath: //input[@placeholder='Last Name']
10:38:45.255 INFO  manager.MyListener - The element with locator--->>>By.xpath: //input[@placeholder='Last Name']<----was found
10:38:45.333 INFO  manager.MyListener - Start find element--->>>By.xpath: //input[@placeholder='Phone']
10:38:45.343 INFO  manager.MyListener - The element with locator--->>>By.xpath: //input[@placeholder='Phone']<----was found
10:38:45.422 INFO  manager.MyListener - Start find element--->>>By.xpath: //input[@placeholder='email']
10:38:45.434 INFO  manager.MyListener - The element with locator--->>>By.xpath: //input[@placeholder='email']<----was found
10:38:45.510 INFO  manager.MyListener - Start find element--->>>By.xpath: //input[@placeholder='Address']
10:38:45.522 INFO  manager.MyListener - The element with locator--->>>By.xpath: //input[@placeholder='Address']<----was found
10:38:45.592 INFO  manager.MyListener - Start find element--->>>By.xpath: //input[@placeholder='description']
10:38:45.604 INFO  manager.MyListener - The element with locator--->>>By.xpath: //input[@placeholder='description']<----was found
10:38:45.677 INFO  manager.MyListener - Start find element--->>>By.cssSelector: b
10:38:45.687 INFO  manager.MyListener - The element with locator--->>>By.cssSelector: b<----was found
10:38:50.715 INFO  tests.TestBAse - End of testaddNewContactSuccessProviderCSV
10:38:50.716 INFO  manager.MyListener - Start find element--->>>By.xpath: //*[text()='Sign Out']
10:38:50.729 INFO  manager.MyListener - The element with locator--->>>By.xpath: //*[text()='Sign Out']<----was found
10:38:50.730 INFO  tests.TestBAse - Test start with contactContact(name=Joe, lastName=Wow, phone=99988899, email=monka@gmail.com, address=Rehovot,Israel, description=friend)
10:38:50.731 INFO  manager.MyListener - Start find element--->>>By.cssSelector: a[href='/add']
10:38:50.741 INFO  manager.MyListener - The element with locator--->>>By.cssSelector: a[href='/add']<----was found
10:38:50.763 INFO  manager.MyListener - Start find element--->>>By.xpath: //a[@class='active']
10:38:50.769 INFO  manager.MyListener - The element with locator--->>>By.xpath: //a[@class='active']<----was found
10:38:50.786 INFO  manager.MyListener - Start find element--->>>By.xpath: //input[@placeholder='Name']
10:38:50.792 INFO  manager.MyListener - The element with locator--->>>By.xpath: //input[@placeholder='Name']<----was found
10:38:50.881 INFO  manager.MyListener - Start find element--->>>By.xpath: //input[@placeholder='Last Name']
10:38:50.887 INFO  manager.MyListener - The element with locator--->>>By.xpath: //input[@placeholder='Last Name']<----was found
10:38:50.983 INFO  manager.MyListener - Start find element--->>>By.xpath: //input[@placeholder='Phone']
10:38:50.991 INFO  manager.MyListener - The element with locator--->>>By.xpath: //input[@placeholder='Phone']<----was found
10:38:51.111 INFO  manager.MyListener - Start find element--->>>By.xpath: //input[@placeholder='email']
10:38:51.119 INFO  manager.MyListener - The element with locator--->>>By.xpath: //input[@placeholder='email']<----was found
10:38:51.213 INFO  manager.MyListener - Start find element--->>>By.xpath: //input[@placeholder='Address']
10:38:51.224 INFO  manager.MyListener - The element with locator--->>>By.xpath: //input[@placeholder='Address']<----was found
10:38:51.307 INFO  manager.MyListener - Start find element--->>>By.xpath: //input[@placeholder='description']
10:38:51.314 INFO  manager.MyListener - The element with locator--->>>By.xpath: //input[@placeholder='description']<----was found
10:38:51.383 INFO  manager.MyListener - Start find element--->>>By.cssSelector: b
10:38:51.391 INFO  manager.MyListener - The element with locator--->>>By.cssSelector: b<----was found
10:38:56.422 INFO  tests.TestBAse - End of testaddNewContactSuccessProviderCSV
10:38:56.424 INFO  manager.MyListener - Start find element--->>>By.xpath: //*[text()='Sign Out']
10:38:56.438 INFO  manager.MyListener - The element with locator--->>>By.xpath: //*[text()='Sign Out']<----was found
10:38:56.439 INFO  tests.TestBAse - Test start with contactContact(name=Moo, lastName=Kow, phone=99988807, email=mo0na@gmail.com, address=TelAviv, description=friend)
10:38:56.439 INFO  manager.MyListener - Start find element--->>>By.cssSelector: a[href='/add']
10:38:56.452 INFO  manager.MyListener - The element with locator--->>>By.cssSelector: a[href='/add']<----was found
10:38:56.488 INFO  manager.MyListener - Start find element--->>>By.xpath: //a[@class='active']
10:38:56.499 INFO  manager.MyListener - The element with locator--->>>By.xpath: //a[@class='active']<----was found
10:38:56.529 INFO  manager.MyListener - Start find element--->>>By.xpath: //input[@placeholder='Name']
10:38:56.536 INFO  manager.MyListener - The element with locator--->>>By.xpath: //input[@placeholder='Name']<----was found
10:38:56.626 INFO  manager.MyListener - Start find element--->>>By.xpath: //input[@placeholder='Last Name']
10:38:56.633 INFO  manager.MyListener - The element with locator--->>>By.xpath: //input[@placeholder='Last Name']<----was found
10:38:56.704 INFO  manager.MyListener - Start find element--->>>By.xpath: //input[@placeholder='Phone']
10:38:56.715 INFO  manager.MyListener - The element with locator--->>>By.xpath: //input[@placeholder='Phone']<----was found
10:38:56.791 INFO  manager.MyListener - Start find element--->>>By.xpath: //input[@placeholder='email']
10:38:56.810 INFO  manager.MyListener - The element with locator--->>>By.xpath: //input[@placeholder='email']<----was found
10:38:56.891 INFO  manager.MyListener - Start find element--->>>By.xpath: //input[@placeholder='Address']
10:38:56.902 INFO  manager.MyListener - The element with locator--->>>By.xpath: //input[@placeholder='Address']<----was found
10:38:56.978 INFO  manager.MyListener - Start find element--->>>By.xpath: //input[@placeholder='description']
10:38:56.988 INFO  manager.MyListener - The element with locator--->>>By.xpath: //input[@placeholder='description']<----was found
10:38:57.060 INFO  manager.MyListener - Start find element--->>>By.cssSelector: b
10:38:57.071 INFO  manager.MyListener - The element with locator--->>>By.cssSelector: b<----was found
10:39:02.100 INFO  tests.TestBAse - End of testaddNewContactSuccessProviderCSV
10:39:02.101 INFO  manager.MyListener - Start find element--->>>By.xpath: //*[text()='Sign Out']
10:39:02.123 INFO  manager.MyListener - The element with locator--->>>By.xpath: //*[text()='Sign Out']<----was found
10:39:02.124 INFO  tests.TestBAse - Test start with contactContact(name=Mana, lastName=Bow, phone=99088897, email=bona@gmail.com, address=Haifa, description=friend)
10:39:02.124 INFO  manager.MyListener - Start find element--->>>By.cssSelector: a[href='/add']
10:39:02.143 INFO  manager.MyListener - The element with locator--->>>By.cssSelector: a[href='/add']<----was found
10:39:02.200 INFO  manager.MyListener - Start find element--->>>By.xpath: //a[@class='active']
10:39:02.211 INFO  manager.MyListener - The element with locator--->>>By.xpath: //a[@class='active']<----was found
10:39:02.233 INFO  manager.MyListener - Start find element--->>>By.xpath: //input[@placeholder='Name']
10:39:02.243 INFO  manager.MyListener - The element with locator--->>>By.xpath: //input[@placeholder='Name']<----was found
10:39:02.319 INFO  manager.MyListener - Start find element--->>>By.xpath: //input[@placeholder='Last Name']
10:39:02.329 INFO  manager.MyListener - The element with locator--->>>By.xpath: //input[@placeholder='Last Name']<----was found
10:39:02.401 INFO  manager.MyListener - Start find element--->>>By.xpath: //input[@placeholder='Phone']
10:39:02.412 INFO  manager.MyListener - The element with locator--->>>By.xpath: //input[@placeholder='Phone']<----was found
10:39:02.484 INFO  manager.MyListener - Start find element--->>>By.xpath: //input[@placeholder='email']
10:39:02.491 INFO  manager.MyListener - The element with locator--->>>By.xpath: //input[@placeholder='email']<----was found
10:39:02.565 INFO  manager.MyListener - Start find element--->>>By.xpath: //input[@placeholder='Address']
10:39:02.572 INFO  manager.MyListener - The element with locator--->>>By.xpath: //input[@placeholder='Address']<----was found
10:39:02.642 INFO  manager.MyListener - Start find element--->>>By.xpath: //input[@placeholder='description']
10:39:02.651 INFO  manager.MyListener - The element with locator--->>>By.xpath: //input[@placeholder='description']<----was found
10:39:02.728 INFO  manager.MyListener - Start find element--->>>By.cssSelector: b
10:39:02.734 INFO  manager.MyListener - The element with locator--->>>By.cssSelector: b<----was found
10:39:07.763 INFO  tests.TestBAse - End of testaddNewContactSuccessProviderCSV
