13:20:44.984 INFO  manager.ApplicationManager - All tests start in ChromeDriver
13:20:45.797 INFO  tests.TestBAse - Start test --->addNewContactSuccess
13:20:45.804 INFO  manager.MyListener - Start find element--->>>By.xpath: //*[text()='Sign Out']
13:20:50.834 INFO  manager.MyListener - The element with locator--->>>By.xpath: //*[text()='Sign Out']<----was found
13:20:50.836 INFO  manager.MyListener - Start find element--->>>By.cssSelector: [href='/login']
13:20:50.860 INFO  manager.MyListener - The element with locator--->>>By.cssSelector: [href='/login']<----was found
13:20:50.921 INFO  manager.MyListener - Start find element--->>>By.xpath: //input[1]
13:20:50.937 INFO  manager.MyListener - The element with locator--->>>By.xpath: //input[1]<----was found
13:20:51.042 INFO  manager.MyListener - Start find element--->>>By.xpath: //input[2]
13:20:51.055 INFO  manager.MyListener - The element with locator--->>>By.xpath: //input[2]<----was found
13:20:51.175 INFO  manager.MyListener - Start find element--->>>By.xpath: //*[text()=' Login']
13:20:51.190 INFO  manager.MyListener - The element with locator--->>>By.xpath: //*[text()=' Login']<----was found
13:20:51.242 INFO  tests.TestBAse - Start testaddNewContactSuccess
13:20:51.256 INFO  manager.MyListener - Start find element--->>>By.cssSelector: a[href='/add']
13:20:51.848 INFO  manager.MyListener - The element with locator--->>>By.cssSelector: a[href='/add']<----was found
13:20:51.912 INFO  manager.MyListener - Start find element--->>>By.xpath: //a[@class='active']
13:20:51.932 INFO  manager.MyListener - The element with locator--->>>By.xpath: //a[@class='active']<----was found
13:20:51.973 INFO  manager.MyListener - Start find element--->>>By.xpath: //input[@placeholder='Name']
13:20:51.988 INFO  manager.MyListener - The element with locator--->>>By.xpath: //input[@placeholder='Name']<----was found
13:20:52.125 INFO  manager.MyListener - Start find element--->>>By.xpath: //input[@placeholder='Last Name']
13:20:52.137 INFO  manager.MyListener - The element with locator--->>>By.xpath: //input[@placeholder='Last Name']<----was found
13:20:52.272 INFO  manager.MyListener - Start find element--->>>By.xpath: //input[@placeholder='Phone']
13:20:52.283 INFO  manager.MyListener - The element with locator--->>>By.xpath: //input[@placeholder='Phone']<----was found
13:20:52.406 INFO  manager.MyListener - Start find element--->>>By.xpath: //input[@placeholder='email']
13:20:52.422 INFO  manager.MyListener - The element with locator--->>>By.xpath: //input[@placeholder='email']<----was found
13:20:52.562 INFO  manager.MyListener - Start find element--->>>By.xpath: //input[@placeholder='Address']
13:20:52.575 INFO  manager.MyListener - The element with locator--->>>By.xpath: //input[@placeholder='Address']<----was found
13:20:52.697 INFO  manager.MyListener - Start find element--->>>By.xpath: //input[@placeholder='description']
13:20:52.709 INFO  manager.MyListener - The element with locator--->>>By.xpath: //input[@placeholder='description']<----was found
13:20:52.821 INFO  manager.MyListener - Start find element--->>>By.cssSelector: b
13:20:52.832 INFO  manager.MyListener - The element with locator--->>>By.cssSelector: b<----was found
13:20:57.887 INFO  manager.MyListener - Start find element--->>>By.cssSelector: .active
13:20:57.911 INFO  manager.MyListener - The element with locator--->>>By.cssSelector: .active<----was found
13:20:57.915 INFO  manager.MyListener - Start find element--->>>By.cssSelector: .contact-item_card__2SOIM
13:20:57.936 INFO  manager.MyListener - The element with locator--->>>By.cssSelector: .contact-item_card__2SOIM<----was found
13:20:57.937 INFO  manager.MyListener - Start find element--->>>By.cssSelector: h2
13:20:57.955 INFO  manager.MyListener - The element with locator--->>>By.cssSelector: h2<----was found
13:20:57.978 INFO  manager.MyListener - Start find element--->>>By.cssSelector: h3
13:20:57.998 INFO  manager.MyListener - The element with locator--->>>By.cssSelector: h3<----was found
13:20:58.021 INFO  tests.TestBAse - End of testaddNewContactSuccess
13:20:58.031 INFO  tests.TestBAse - Start test --->addNewContactSuccessProviderCSV
13:20:58.033 INFO  manager.MyListener - Start find element--->>>By.xpath: //*[text()='Sign Out']
13:20:58.065 INFO  manager.MyListener - The element with locator--->>>By.xpath: //*[text()='Sign Out']<----was found
13:20:58.085 INFO  tests.TestBAse - Test start with contactContact(name=Mona, lastName=Dow, phone=99988897, email=mona@gmail.com, address=Haifa, description=friend)
13:20:58.086 INFO  manager.MyListener - Start find element--->>>By.cssSelector: a[href='/add']
13:20:58.098 INFO  manager.MyListener - The element with locator--->>>By.cssSelector: a[href='/add']<----was found
13:20:58.128 INFO  manager.MyListener - Start find element--->>>By.xpath: //a[@class='active']
13:20:58.136 INFO  manager.MyListener - The element with locator--->>>By.xpath: //a[@class='active']<----was found
13:20:58.154 INFO  manager.MyListener - Start find element--->>>By.xpath: //input[@placeholder='Name']
13:20:58.163 INFO  manager.MyListener - The element with locator--->>>By.xpath: //input[@placeholder='Name']<----was found
13:20:58.254 INFO  manager.MyListener - Start find element--->>>By.xpath: //input[@placeholder='Last Name']
13:20:58.264 INFO  manager.MyListener - The element with locator--->>>By.xpath: //input[@placeholder='Last Name']<----was found
13:20:58.342 INFO  manager.MyListener - Start find element--->>>By.xpath: //input[@placeholder='Phone']
13:20:58.354 INFO  manager.MyListener - The element with locator--->>>By.xpath: //input[@placeholder='Phone']<----was found
13:20:58.443 INFO  manager.MyListener - Start find element--->>>By.xpath: //input[@placeholder='email']
13:20:58.454 INFO  manager.MyListener - The element with locator--->>>By.xpath: //input[@placeholder='email']<----was found
13:20:58.585 INFO  manager.MyListener - Start find element--->>>By.xpath: //input[@placeholder='Address']
13:20:58.597 INFO  manager.MyListener - The element with locator--->>>By.xpath: //input[@placeholder='Address']<----was found
13:20:58.702 INFO  manager.MyListener - Start find element--->>>By.xpath: //input[@placeholder='description']
13:20:58.714 INFO  manager.MyListener - The element with locator--->>>By.xpath: //input[@placeholder='description']<----was found
13:20:58.833 INFO  manager.MyListener - Start find element--->>>By.cssSelector: b
13:20:58.853 INFO  manager.MyListener - The element with locator--->>>By.cssSelector: b<----was found
13:21:03.908 INFO  tests.TestBAse - End of testaddNewContactSuccessProviderCSV
13:21:03.911 INFO  tests.TestBAse - Start test --->addNewContactSuccessProviderCSV
13:21:03.913 INFO  manager.MyListener - Start find element--->>>By.xpath: //*[text()='Sign Out']
13:21:03.936 INFO  manager.MyListener - The element with locator--->>>By.xpath: //*[text()='Sign Out']<----was found
13:21:03.938 INFO  tests.TestBAse - Test start with contactContact(name=Joe, lastName=Wow, phone=99988899, email=monka@gmail.com, address=Rehovot,Israel, description=friend)
13:21:03.938 INFO  manager.MyListener - Start find element--->>>By.cssSelector: a[href='/add']
13:21:03.962 INFO  manager.MyListener - The element with locator--->>>By.cssSelector: a[href='/add']<----was found
13:21:04.008 INFO  manager.MyListener - Start find element--->>>By.xpath: //a[@class='active']
13:21:04.019 INFO  manager.MyListener - The element with locator--->>>By.xpath: //a[@class='active']<----was found
13:21:04.043 INFO  manager.MyListener - Start find element--->>>By.xpath: //input[@placeholder='Name']
13:21:04.054 INFO  manager.MyListener - The element with locator--->>>By.xpath: //input[@placeholder='Name']<----was found
13:21:04.140 INFO  manager.MyListener - Start find element--->>>By.xpath: //input[@placeholder='Last Name']
13:21:04.154 INFO  manager.MyListener - The element with locator--->>>By.xpath: //input[@placeholder='Last Name']<----was found
13:21:04.269 INFO  manager.MyListener - Start find element--->>>By.xpath: //input[@placeholder='Phone']
13:21:04.283 INFO  manager.MyListener - The element with locator--->>>By.xpath: //input[@placeholder='Phone']<----was found
13:21:04.398 INFO  manager.MyListener - Start find element--->>>By.xpath: //input[@placeholder='email']
13:21:04.409 INFO  manager.MyListener - The element with locator--->>>By.xpath: //input[@placeholder='email']<----was found
13:21:04.546 INFO  manager.MyListener - Start find element--->>>By.xpath: //input[@placeholder='Address']
13:21:04.558 INFO  manager.MyListener - The element with locator--->>>By.xpath: //input[@placeholder='Address']<----was found
13:21:04.666 INFO  manager.MyListener - Start find element--->>>By.xpath: //input[@placeholder='description']
13:21:04.677 INFO  manager.MyListener - The element with locator--->>>By.xpath: //input[@placeholder='description']<----was found
13:21:04.769 INFO  manager.MyListener - Start find element--->>>By.cssSelector: b
13:21:04.780 INFO  manager.MyListener - The element with locator--->>>By.cssSelector: b<----was found
13:21:09.832 INFO  tests.TestBAse - End of testaddNewContactSuccessProviderCSV
13:21:09.834 INFO  tests.TestBAse - Start test --->addNewContactSuccessProviderCSV
13:21:09.836 INFO  manager.MyListener - Start find element--->>>By.xpath: //*[text()='Sign Out']
13:21:09.862 INFO  manager.MyListener - The element with locator--->>>By.xpath: //*[text()='Sign Out']<----was found
13:21:09.863 INFO  tests.TestBAse - Test start with contactContact(name=Moo, lastName=Kow, phone=99988807, email=mo0na@gmail.com, address=TelAviv, description=friend)
13:21:09.864 INFO  manager.MyListener - Start find element--->>>By.cssSelector: a[href='/add']
13:21:09.886 INFO  manager.MyListener - The element with locator--->>>By.cssSelector: a[href='/add']<----was found
13:21:09.942 INFO  manager.MyListener - Start find element--->>>By.xpath: //a[@class='active']
13:21:09.962 INFO  manager.MyListener - The element with locator--->>>By.xpath: //a[@class='active']<----was found
13:21:10.012 INFO  manager.MyListener - Start find element--->>>By.xpath: //input[@placeholder='Name']
13:21:10.023 INFO  manager.MyListener - The element with locator--->>>By.xpath: //input[@placeholder='Name']<----was found
13:21:10.113 INFO  manager.MyListener - Start find element--->>>By.xpath: //input[@placeholder='Last Name']
13:21:10.134 INFO  manager.MyListener - The element with locator--->>>By.xpath: //input[@placeholder='Last Name']<----was found
13:21:10.239 INFO  manager.MyListener - Start find element--->>>By.xpath: //input[@placeholder='Phone']
13:21:10.251 INFO  manager.MyListener - The element with locator--->>>By.xpath: //input[@placeholder='Phone']<----was found
13:21:10.380 INFO  manager.MyListener - Start find element--->>>By.xpath: //input[@placeholder='email']
13:21:10.395 INFO  manager.MyListener - The element with locator--->>>By.xpath: //input[@placeholder='email']<----was found
13:21:10.508 INFO  manager.MyListener - Start find element--->>>By.xpath: //input[@placeholder='Address']
13:21:10.520 INFO  manager.MyListener - The element with locator--->>>By.xpath: //input[@placeholder='Address']<----was found
13:21:10.636 INFO  manager.MyListener - Start find element--->>>By.xpath: //input[@placeholder='description']
13:21:10.647 INFO  manager.MyListener - The element with locator--->>>By.xpath: //input[@placeholder='description']<----was found
13:21:10.775 INFO  manager.MyListener - Start find element--->>>By.cssSelector: b
13:21:10.790 INFO  manager.MyListener - The element with locator--->>>By.cssSelector: b<----was found
13:21:15.837 INFO  tests.TestBAse - End of testaddNewContactSuccessProviderCSV
13:21:15.839 INFO  tests.TestBAse - Start test --->addNewContactSuccessProviderCSV
13:21:15.840 INFO  manager.MyListener - Start find element--->>>By.xpath: //*[text()='Sign Out']
13:21:15.863 INFO  manager.MyListener - The element with locator--->>>By.xpath: //*[text()='Sign Out']<----was found
13:21:15.864 INFO  tests.TestBAse - Test start with contactContact(name=Mana, lastName=Bow, phone=99088897, email=bona@gmail.com, address=Haifa, description=friend)
13:21:15.864 INFO  manager.MyListener - Start find element--->>>By.cssSelector: a[href='/add']
13:21:15.884 INFO  manager.MyListener - The element with locator--->>>By.cssSelector: a[href='/add']<----was found
13:21:15.937 INFO  manager.MyListener - Start find element--->>>By.xpath: //a[@class='active']
13:21:15.950 INFO  manager.MyListener - The element with locator--->>>By.xpath: //a[@class='active']<----was found
13:21:15.975 INFO  manager.MyListener - Start find element--->>>By.xpath: //input[@placeholder='Name']
13:21:15.986 INFO  manager.MyListener - The element with locator--->>>By.xpath: //input[@placeholder='Name']<----was found
13:21:16.092 INFO  manager.MyListener - Start find element--->>>By.xpath: //input[@placeholder='Last Name']
13:21:16.103 INFO  manager.MyListener - The element with locator--->>>By.xpath: //input[@placeholder='Last Name']<----was found
13:21:16.222 INFO  manager.MyListener - Start find element--->>>By.xpath: //input[@placeholder='Phone']
13:21:16.238 INFO  manager.MyListener - The element with locator--->>>By.xpath: //input[@placeholder='Phone']<----was found
13:21:16.369 INFO  manager.MyListener - Start find element--->>>By.xpath: //input[@placeholder='email']
13:21:16.376 INFO  manager.MyListener - The element with locator--->>>By.xpath: //input[@placeholder='email']<----was found
13:21:16.482 INFO  manager.MyListener - Start find element--->>>By.xpath: //input[@placeholder='Address']
13:21:16.491 INFO  manager.MyListener - The element with locator--->>>By.xpath: //input[@placeholder='Address']<----was found
13:21:16.617 INFO  manager.MyListener - Start find element--->>>By.xpath: //input[@placeholder='description']
13:21:16.635 INFO  manager.MyListener - The element with locator--->>>By.xpath: //input[@placeholder='description']<----was found
13:21:16.766 INFO  manager.MyListener - Start find element--->>>By.cssSelector: b
13:21:16.777 INFO  manager.MyListener - The element with locator--->>>By.cssSelector: b<----was found
13:21:21.828 INFO  tests.TestBAse - End of testaddNewContactSuccessProviderCSV
