23:13:30.669 INFO  manager.ApplicationManager - All tests start in ChromeDriver
23:13:31.593 INFO  manager.MyListener - Start find element--->>>By.xpath: //*[text()='Sign Out']
23:13:36.632 INFO  manager.MyListener - The element with locator--->>>By.xpath: //*[text()='Sign Out']<----was found
23:13:36.633 INFO  manager.MyListener - Start find element--->>>By.cssSelector: [href='/login']
23:13:36.658 INFO  manager.MyListener - The element with locator--->>>By.cssSelector: [href='/login']<----was found
23:13:36.739 INFO  manager.MyListener - Start find element--->>>By.xpath: //input[1]
23:13:36.764 INFO  manager.MyListener - The element with locator--->>>By.xpath: //input[1]<----was found
23:13:36.931 INFO  manager.MyListener - Start find element--->>>By.xpath: //input[2]
23:13:36.950 INFO  manager.MyListener - The element with locator--->>>By.xpath: //input[2]<----was found
23:13:37.083 INFO  manager.MyListener - Start find element--->>>By.xpath: //*[text()=' Login']
23:13:37.102 INFO  manager.MyListener - The element with locator--->>>By.xpath: //*[text()=' Login']<----was found
23:13:37.154 INFO  tests.TestBAse - start testremoveAllConatct
23:13:37.156 INFO  tests.TestBAse - Test 'removeAllContact' started
23:13:37.156 INFO  manager.MyListener - Start find element--->>>By.xpath: //a[@class='active']
23:13:37.175 INFO  manager.MyListener - The element with locator--->>>By.xpath: //a[@class='active']<----was found
23:13:37.221 INFO  manager.MyListener - Start find element--->>>By.cssSelector: div[class='contact-page_leftdiv__yhyke'] div div:nth-child(1)
23:13:37.961 INFO  manager.MyListener - The element with locator--->>>By.cssSelector: div[class='contact-page_leftdiv__yhyke'] div div:nth-child(1)<----was found
23:13:37.985 INFO  manager.MyListener - Start find element--->>>By.xpath: //button[normalize-space()='Remove']
23:13:38.010 INFO  manager.MyListener - The element with locator--->>>By.xpath: //button[normalize-space()='Remove']<----was found
23:13:38.059 INFO  manager.MyListener - Start find element--->>>By.cssSelector: div[class='contact-page_leftdiv__yhyke'] div div:nth-child(1)
23:13:38.079 INFO  manager.MyListener - The element with locator--->>>By.cssSelector: div[class='contact-page_leftdiv__yhyke'] div div:nth-child(1)<----was found
23:13:38.080 INFO  manager.MyListener - Start find element--->>>By.cssSelector: div[class='contact-page_leftdiv__yhyke'] div div:nth-child(1)
23:13:38.092 INFO  manager.MyListener - The element with locator--->>>By.cssSelector: div[class='contact-page_leftdiv__yhyke'] div div:nth-child(1)<----was found
23:13:38.107 INFO  manager.MyListener - Start find element--->>>By.xpath: //button[normalize-space()='Remove']
23:13:38.121 INFO  manager.MyListener - The element with locator--->>>By.xpath: //button[normalize-space()='Remove']<----was found
23:13:38.152 INFO  tests.TestBAse - no cards display at the page
23:13:38.156 INFO  tests.TestBAse - End of testremoveAllConatct
