18:05:33.055 INFO  manager.TestNgListener - onStart(ISuite suite)
18:05:33.920 INFO  manager.ApplicationManager - All tests start in ChromeDriver
18:05:34.718 INFO  tests.TestBAse - Start test --->addNewContactSuccess
18:05:34.721 INFO  manager.MyListener - Start find element--->>>By.xpath: //*[text()='Sign Out']
18:05:39.770 INFO  manager.MyListener - The element with locator--->>>By.xpath: //*[text()='Sign Out']<----was found
18:05:39.771 INFO  manager.MyListener - Start find element--->>>By.cssSelector: [href='/login']
18:05:39.794 INFO  manager.MyListener - The element with locator--->>>By.cssSelector: [href='/login']<----was found
18:05:39.859 INFO  manager.MyListener - Start find element--->>>By.xpath: //input[1]
18:05:39.873 INFO  manager.MyListener - The element with locator--->>>By.xpath: //input[1]<----was found
18:05:39.965 INFO  manager.MyListener - Start find element--->>>By.xpath: //input[2]
18:05:39.977 INFO  manager.MyListener - The element with locator--->>>By.xpath: //input[2]<----was found
18:05:40.052 INFO  manager.MyListener - Start find element--->>>By.xpath: //*[text()=' Login']
18:05:40.064 INFO  manager.MyListener - The element with locator--->>>By.xpath: //*[text()=' Login']<----was found
18:05:40.092 INFO  tests.TestBAse - Start testaddNewContactSuccess
18:05:40.094 INFO  manager.TestNgListener - onTestStartnull
18:05:40.110 INFO  manager.MyListener - Start find element--->>>By.cssSelector: a[href='/add']
18:05:40.691 INFO  manager.MyListener - The element with locator--->>>By.cssSelector: a[href='/add']<----was found
18:05:40.752 INFO  manager.MyListener - Start find element--->>>By.xpath: //a[@class='active']
18:05:40.775 INFO  manager.MyListener - The element with locator--->>>By.xpath: //a[@class='active']<----was found
18:05:40.813 INFO  manager.MyListener - Start find element--->>>By.xpath: //input[@placeholder='Name']
18:05:40.826 INFO  manager.MyListener - The element with locator--->>>By.xpath: //input[@placeholder='Name']<----was found
18:05:40.934 INFO  manager.MyListener - Start find element--->>>By.xpath: //input[@placeholder='Last Name']
18:05:40.970 INFO  manager.MyListener - The element with locator--->>>By.xpath: //input[@placeholder='Last Name']<----was found
18:05:41.087 INFO  manager.MyListener - Start find element--->>>By.xpath: //input[@placeholder='Phone']
18:05:41.098 INFO  manager.MyListener - The element with locator--->>>By.xpath: //input[@placeholder='Phone']<----was found
18:05:41.170 INFO  manager.MyListener - Start find element--->>>By.xpath: //input[@placeholder='email']
18:05:41.183 INFO  manager.MyListener - The element with locator--->>>By.xpath: //input[@placeholder='email']<----was found
18:05:41.265 INFO  manager.MyListener - Start find element--->>>By.xpath: //input[@placeholder='Address']
18:05:41.278 INFO  manager.MyListener - The element with locator--->>>By.xpath: //input[@placeholder='Address']<----was found
18:05:41.363 INFO  manager.MyListener - Start find element--->>>By.xpath: //input[@placeholder='description']
18:05:41.373 INFO  manager.MyListener - The element with locator--->>>By.xpath: //input[@placeholder='description']<----was found
18:05:41.445 INFO  manager.MyListener - Start find element--->>>By.cssSelector: b
18:05:41.456 INFO  manager.MyListener - The element with locator--->>>By.cssSelector: b<----was found
18:05:46.482 INFO  manager.MyListener - Start find element--->>>By.cssSelector: .active
18:05:46.506 INFO  manager.MyListener - The element with locator--->>>By.cssSelector: .active<----was found
18:05:46.512 INFO  manager.MyListener - Start find element--->>>By.cssSelector: .contact-item_card__2SOIM
18:05:46.533 INFO  manager.MyListener - The element with locator--->>>By.cssSelector: .contact-item_card__2SOIM<----was found
18:05:46.534 INFO  manager.MyListener - Start find element--->>>By.cssSelector: h2
18:05:46.553 INFO  manager.MyListener - The element with locator--->>>By.cssSelector: h2<----was found
18:05:46.574 INFO  manager.MyListener - Start find element--->>>By.cssSelector: h3
18:05:46.592 INFO  manager.MyListener - The element with locator--->>>By.cssSelector: h3<----was found
18:05:46.614 INFO  tests.TestBAse - End of testaddNewContactSuccess
18:05:46.635 INFO  tests.TestBAse - Start test --->addNewContactSuccessProviderCSV
18:05:46.637 INFO  manager.MyListener - Start find element--->>>By.xpath: //*[text()='Sign Out']
18:05:46.649 INFO  manager.MyListener - The element with locator--->>>By.xpath: //*[text()='Sign Out']<----was found
18:05:46.650 INFO  manager.TestNgListener - onTestStartnull
18:05:46.680 INFO  tests.TestBAse - Test start with contactContact(name=Mona, lastName=Dow, phone=99988897, email=mona@gmail.com, address=Haifa, description=friend)
18:05:46.681 INFO  manager.MyListener - Start find element--->>>By.cssSelector: a[href='/add']
18:05:46.691 INFO  manager.MyListener - The element with locator--->>>By.cssSelector: a[href='/add']<----was found
18:05:46.722 INFO  manager.MyListener - Start find element--->>>By.xpath: //a[@class='active']
18:05:46.734 INFO  manager.MyListener - The element with locator--->>>By.xpath: //a[@class='active']<----was found
18:05:46.756 INFO  manager.MyListener - Start find element--->>>By.xpath: //input[@placeholder='Name']
18:05:46.766 INFO  manager.MyListener - The element with locator--->>>By.xpath: //input[@placeholder='Name']<----was found
18:05:46.838 INFO  manager.MyListener - Start find element--->>>By.xpath: //input[@placeholder='Last Name']
18:05:46.846 INFO  manager.MyListener - The element with locator--->>>By.xpath: //input[@placeholder='Last Name']<----was found
18:05:46.916 INFO  manager.MyListener - Start find element--->>>By.xpath: //input[@placeholder='Phone']
18:05:46.924 INFO  manager.MyListener - The element with locator--->>>By.xpath: //input[@placeholder='Phone']<----was found
18:05:47.013 INFO  manager.MyListener - Start find element--->>>By.xpath: //input[@placeholder='email']
18:05:47.022 INFO  manager.MyListener - The element with locator--->>>By.xpath: //input[@placeholder='email']<----was found
18:05:47.102 INFO  manager.MyListener - Start find element--->>>By.xpath: //input[@placeholder='Address']
18:05:47.112 INFO  manager.MyListener - The element with locator--->>>By.xpath: //input[@placeholder='Address']<----was found
18:05:47.180 INFO  manager.MyListener - Start find element--->>>By.xpath: //input[@placeholder='description']
18:05:47.188 INFO  manager.MyListener - The element with locator--->>>By.xpath: //input[@placeholder='description']<----was found
18:05:47.263 INFO  manager.MyListener - Start find element--->>>By.cssSelector: b
18:05:47.271 INFO  manager.MyListener - The element with locator--->>>By.cssSelector: b<----was found
18:05:52.298 INFO  tests.TestBAse - End of testaddNewContactSuccessProviderCSV
18:05:52.300 INFO  tests.TestBAse - Start test --->addNewContactSuccessProviderCSV
18:05:52.301 INFO  manager.MyListener - Start find element--->>>By.xpath: //*[text()='Sign Out']
18:05:52.317 INFO  manager.MyListener - The element with locator--->>>By.xpath: //*[text()='Sign Out']<----was found
18:05:52.318 INFO  manager.TestNgListener - onTestStartnull
18:05:52.318 INFO  tests.TestBAse - Test start with contactContact(name=Joe, lastName=Wow, phone=99988899, email=monka@gmail.com, address=Rehovot,Israel, description=friend)
18:05:52.318 INFO  manager.MyListener - Start find element--->>>By.cssSelector: a[href='/add']
18:05:52.334 INFO  manager.MyListener - The element with locator--->>>By.cssSelector: a[href='/add']<----was found
18:05:52.380 INFO  manager.MyListener - Start find element--->>>By.xpath: //a[@class='active']
18:05:52.388 INFO  manager.MyListener - The element with locator--->>>By.xpath: //a[@class='active']<----was found
18:05:52.408 INFO  manager.MyListener - Start find element--->>>By.xpath: //input[@placeholder='Name']
18:05:52.415 INFO  manager.MyListener - The element with locator--->>>By.xpath: //input[@placeholder='Name']<----was found
18:05:52.484 INFO  manager.MyListener - Start find element--->>>By.xpath: //input[@placeholder='Last Name']
18:05:52.492 INFO  manager.MyListener - The element with locator--->>>By.xpath: //input[@placeholder='Last Name']<----was found
18:05:52.586 INFO  manager.MyListener - Start find element--->>>By.xpath: //input[@placeholder='Phone']
18:05:52.594 INFO  manager.MyListener - The element with locator--->>>By.xpath: //input[@placeholder='Phone']<----was found
18:05:52.674 INFO  manager.MyListener - Start find element--->>>By.xpath: //input[@placeholder='email']
18:05:52.682 INFO  manager.MyListener - The element with locator--->>>By.xpath: //input[@placeholder='email']<----was found
18:05:52.763 INFO  manager.MyListener - Start find element--->>>By.xpath: //input[@placeholder='Address']
18:05:52.771 INFO  manager.MyListener - The element with locator--->>>By.xpath: //input[@placeholder='Address']<----was found
18:05:52.851 INFO  manager.MyListener - Start find element--->>>By.xpath: //input[@placeholder='description']
18:05:52.858 INFO  manager.MyListener - The element with locator--->>>By.xpath: //input[@placeholder='description']<----was found
18:05:52.945 INFO  manager.MyListener - Start find element--->>>By.cssSelector: b
18:05:52.952 INFO  manager.MyListener - The element with locator--->>>By.cssSelector: b<----was found
18:05:57.979 INFO  tests.TestBAse - End of testaddNewContactSuccessProviderCSV
18:05:57.981 INFO  tests.TestBAse - Start test --->addNewContactSuccessProviderCSV
18:05:57.982 INFO  manager.MyListener - Start find element--->>>By.xpath: //*[text()='Sign Out']
18:05:57.997 INFO  manager.MyListener - The element with locator--->>>By.xpath: //*[text()='Sign Out']<----was found
18:05:57.998 INFO  manager.TestNgListener - onTestStartnull
18:05:57.998 INFO  tests.TestBAse - Test start with contactContact(name=Moo, lastName=Kow, phone=99988807, email=mo0na@gmail.com, address=TelAviv, description=friend)
18:05:57.999 INFO  manager.MyListener - Start find element--->>>By.cssSelector: a[href='/add']
18:05:58.010 INFO  manager.MyListener - The element with locator--->>>By.cssSelector: a[href='/add']<----was found
18:05:58.051 INFO  manager.MyListener - Start find element--->>>By.xpath: //a[@class='active']
18:05:58.059 INFO  manager.MyListener - The element with locator--->>>By.xpath: //a[@class='active']<----was found
18:05:58.080 INFO  manager.MyListener - Start find element--->>>By.xpath: //input[@placeholder='Name']
18:05:58.088 INFO  manager.MyListener - The element with locator--->>>By.xpath: //input[@placeholder='Name']<----was found
18:05:58.166 INFO  manager.MyListener - Start find element--->>>By.xpath: //input[@placeholder='Last Name']
18:05:58.174 INFO  manager.MyListener - The element with locator--->>>By.xpath: //input[@placeholder='Last Name']<----was found
18:05:58.241 INFO  manager.MyListener - Start find element--->>>By.xpath: //input[@placeholder='Phone']
18:05:58.250 INFO  manager.MyListener - The element with locator--->>>By.xpath: //input[@placeholder='Phone']<----was found
18:05:58.323 INFO  manager.MyListener - Start find element--->>>By.xpath: //input[@placeholder='email']
18:05:58.331 INFO  manager.MyListener - The element with locator--->>>By.xpath: //input[@placeholder='email']<----was found
18:05:58.410 INFO  manager.MyListener - Start find element--->>>By.xpath: //input[@placeholder='Address']
18:05:58.417 INFO  manager.MyListener - The element with locator--->>>By.xpath: //input[@placeholder='Address']<----was found
18:05:58.487 INFO  manager.MyListener - Start find element--->>>By.xpath: //input[@placeholder='description']
18:05:58.495 INFO  manager.MyListener - The element with locator--->>>By.xpath: //input[@placeholder='description']<----was found
18:05:58.565 INFO  manager.MyListener - Start find element--->>>By.cssSelector: b
18:05:58.573 INFO  manager.MyListener - The element with locator--->>>By.cssSelector: b<----was found
18:06:03.600 INFO  tests.TestBAse - End of testaddNewContactSuccessProviderCSV
18:06:03.601 INFO  tests.TestBAse - Start test --->addNewContactSuccessProviderCSV
18:06:03.603 INFO  manager.MyListener - Start find element--->>>By.xpath: //*[text()='Sign Out']
18:06:03.626 INFO  manager.MyListener - The element with locator--->>>By.xpath: //*[text()='Sign Out']<----was found
18:06:03.627 INFO  manager.TestNgListener - onTestStartnull
18:06:03.628 INFO  tests.TestBAse - Test start with contactContact(name=Mana, lastName=Bow, phone=99088897, email=bona@gmail.com, address=Haifa, description=friend)
18:06:03.628 INFO  manager.MyListener - Start find element--->>>By.cssSelector: a[href='/add']
18:06:03.651 INFO  manager.MyListener - The element with locator--->>>By.cssSelector: a[href='/add']<----was found
18:06:03.703 INFO  manager.MyListener - Start find element--->>>By.xpath: //a[@class='active']
18:06:03.716 INFO  manager.MyListener - The element with locator--->>>By.xpath: //a[@class='active']<----was found
18:06:03.743 INFO  manager.MyListener - Start find element--->>>By.xpath: //input[@placeholder='Name']
18:06:03.755 INFO  manager.MyListener - The element with locator--->>>By.xpath: //input[@placeholder='Name']<----was found
18:06:03.825 INFO  manager.MyListener - Start find element--->>>By.xpath: //input[@placeholder='Last Name']
18:06:03.835 INFO  manager.MyListener - The element with locator--->>>By.xpath: //input[@placeholder='Last Name']<----was found
18:06:03.900 INFO  manager.MyListener - Start find element--->>>By.xpath: //input[@placeholder='Phone']
18:06:03.910 INFO  manager.MyListener - The element with locator--->>>By.xpath: //input[@placeholder='Phone']<----was found
18:06:03.987 INFO  manager.MyListener - Start find element--->>>By.xpath: //input[@placeholder='email']
18:06:03.999 INFO  manager.MyListener - The element with locator--->>>By.xpath: //input[@placeholder='email']<----was found
18:06:04.073 INFO  manager.MyListener - Start find element--->>>By.xpath: //input[@placeholder='Address']
18:06:04.084 INFO  manager.MyListener - The element with locator--->>>By.xpath: //input[@placeholder='Address']<----was found
18:06:04.169 INFO  manager.MyListener - Start find element--->>>By.xpath: //input[@placeholder='description']
18:06:04.180 INFO  manager.MyListener - The element with locator--->>>By.xpath: //input[@placeholder='description']<----was found
18:06:04.268 INFO  manager.MyListener - Start find element--->>>By.cssSelector: b
18:06:04.278 INFO  manager.MyListener - The element with locator--->>>By.cssSelector: b<----was found
18:06:09.309 INFO  tests.TestBAse - End of testaddNewContactSuccessProviderCSV
18:06:09.313 INFO  tests.TestBAse - Start test --->loginModelCSVDataProvider
18:06:09.314 INFO  manager.MyListener - Start find element--->>>By.xpath: //*[text()='Sign Out']
18:06:09.329 INFO  manager.MyListener - The element with locator--->>>By.xpath: //*[text()='Sign Out']<----was found
18:06:09.330 INFO  manager.MyListener - Start find element--->>>By.xpath: //button[text()='Sign Out']
18:06:09.349 INFO  manager.MyListener - The element with locator--->>>By.xpath: //button[text()='Sign Out']<----was found
18:06:09.405 INFO  tests.TestBAse - start testloginModelCSVDataProvider
18:06:09.406 INFO  manager.TestNgListener - onTestStartnull
18:06:09.419 INFO  manager.MyListener - Start find element--->>>By.cssSelector: [href='/login']
18:06:09.438 INFO  manager.MyListener - The element with locator--->>>By.cssSelector: [href='/login']<----was found
18:06:09.472 INFO  manager.MyListener - Start find element--->>>By.xpath: //input[1]
18:06:09.483 INFO  manager.MyListener - The element with locator--->>>By.xpath: //input[1]<----was found
18:06:09.554 INFO  manager.MyListener - Start find element--->>>By.xpath: //input[2]
18:06:09.566 INFO  manager.MyListener - The element with locator--->>>By.xpath: //input[2]<----was found
18:06:09.639 INFO  manager.MyListener - Start find element--->>>By.xpath: //*[text()=' Login']
18:06:09.650 INFO  manager.MyListener - The element with locator--->>>By.xpath: //*[text()=' Login']<----was found
18:06:14.682 INFO  manager.MyListener - Start find element--->>>By.xpath: //*[text()='Sign Out']
18:06:14.690 INFO  manager.MyListener - The element with locator--->>>By.xpath: //*[text()='Sign Out']<----was found
18:06:14.692 INFO  tests.TestBAse - End of testloginModelCSVDataProvider
18:06:14.692 INFO  tests.TestBAse - Start test --->loginModelCSVDataProvider
18:06:14.693 INFO  manager.MyListener - Start find element--->>>By.xpath: //*[text()='Sign Out']
18:06:14.700 INFO  manager.MyListener - The element with locator--->>>By.xpath: //*[text()='Sign Out']<----was found
18:06:14.700 INFO  manager.MyListener - Start find element--->>>By.xpath: //button[text()='Sign Out']
18:06:14.707 INFO  manager.MyListener - The element with locator--->>>By.xpath: //button[text()='Sign Out']<----was found
18:06:14.738 INFO  tests.TestBAse - start testloginModelCSVDataProvider
18:06:14.740 INFO  manager.TestNgListener - onTestStartnull
18:06:14.740 INFO  manager.MyListener - Start find element--->>>By.cssSelector: [href='/login']
18:06:14.747 INFO  manager.MyListener - The element with locator--->>>By.cssSelector: [href='/login']<----was found
18:06:14.773 INFO  manager.MyListener - Start find element--->>>By.xpath: //input[1]
18:06:14.780 INFO  manager.MyListener - The element with locator--->>>By.xpath: //input[1]<----was found
18:06:14.859 INFO  manager.MyListener - Start find element--->>>By.xpath: //input[2]
18:06:14.866 INFO  manager.MyListener - The element with locator--->>>By.xpath: //input[2]<----was found
18:06:14.938 INFO  manager.MyListener - Start find element--->>>By.xpath: //*[text()=' Login']
18:06:14.946 INFO  manager.MyListener - The element with locator--->>>By.xpath: //*[text()=' Login']<----was found
18:06:19.971 INFO  manager.MyListener - Start find element--->>>By.xpath: //*[text()='Sign Out']
18:06:19.986 INFO  manager.MyListener - The element with locator--->>>By.xpath: //*[text()='Sign Out']<----was found
18:06:19.989 INFO  tests.TestBAse - End of testloginModelCSVDataProvider
18:06:19.990 INFO  tests.TestBAse - Start test --->loginModelCSVDataProvider
18:06:19.991 INFO  manager.MyListener - Start find element--->>>By.xpath: //*[text()='Sign Out']
18:06:20.003 INFO  manager.MyListener - The element with locator--->>>By.xpath: //*[text()='Sign Out']<----was found
18:06:20.004 INFO  manager.MyListener - Start find element--->>>By.xpath: //button[text()='Sign Out']
18:06:20.015 INFO  manager.MyListener - The element with locator--->>>By.xpath: //button[text()='Sign Out']<----was found
18:06:20.064 INFO  tests.TestBAse - start testloginModelCSVDataProvider
18:06:20.065 INFO  manager.TestNgListener - onTestStartnull
18:06:20.066 INFO  manager.MyListener - Start find element--->>>By.cssSelector: [href='/login']
18:06:20.072 INFO  manager.MyListener - The element with locator--->>>By.cssSelector: [href='/login']<----was found
18:06:20.099 INFO  manager.MyListener - Start find element--->>>By.xpath: //input[1]
18:06:20.107 INFO  manager.MyListener - The element with locator--->>>By.xpath: //input[1]<----was found
18:06:20.180 INFO  manager.MyListener - Start find element--->>>By.xpath: //input[2]
18:06:20.187 INFO  manager.MyListener - The element with locator--->>>By.xpath: //input[2]<----was found
18:06:20.257 INFO  manager.MyListener - Start find element--->>>By.xpath: //*[text()=' Login']
18:06:20.265 INFO  manager.MyListener - The element with locator--->>>By.xpath: //*[text()=' Login']<----was found
18:06:25.292 INFO  manager.MyListener - Start find element--->>>By.xpath: //*[text()='Sign Out']
18:06:25.305 INFO  manager.MyListener - The element with locator--->>>By.xpath: //*[text()='Sign Out']<----was found
18:06:25.307 INFO  tests.TestBAse - End of testloginModelCSVDataProvider
18:06:25.308 INFO  tests.TestBAse - Start test --->loginModelCSVDataProvider
18:06:25.309 INFO  manager.MyListener - Start find element--->>>By.xpath: //*[text()='Sign Out']
18:06:25.321 INFO  manager.MyListener - The element with locator--->>>By.xpath: //*[text()='Sign Out']<----was found
18:06:25.322 INFO  manager.MyListener - Start find element--->>>By.xpath: //button[text()='Sign Out']
18:06:25.333 INFO  manager.MyListener - The element with locator--->>>By.xpath: //button[text()='Sign Out']<----was found
18:06:25.378 INFO  tests.TestBAse - start testloginModelCSVDataProvider
18:06:25.379 INFO  manager.TestNgListener - onTestStartnull
18:06:25.379 INFO  manager.MyListener - Start find element--->>>By.cssSelector: [href='/login']
18:06:25.386 INFO  manager.MyListener - The element with locator--->>>By.cssSelector: [href='/login']<----was found
18:06:25.413 INFO  manager.MyListener - Start find element--->>>By.xpath: //input[1]
18:06:25.421 INFO  manager.MyListener - The element with locator--->>>By.xpath: //input[1]<----was found
18:06:25.499 INFO  manager.MyListener - Start find element--->>>By.xpath: //input[2]
18:06:25.506 INFO  manager.MyListener - The element with locator--->>>By.xpath: //input[2]<----was found
18:06:25.585 INFO  manager.MyListener - Start find element--->>>By.xpath: //*[text()=' Login']
18:06:25.592 INFO  manager.MyListener - The element with locator--->>>By.xpath: //*[text()=' Login']<----was found
18:06:30.618 INFO  manager.MyListener - Start find element--->>>By.xpath: //*[text()='Sign Out']
18:06:30.632 INFO  manager.MyListener - The element with locator--->>>By.xpath: //*[text()='Sign Out']<----was found
18:06:30.634 INFO  tests.TestBAse - End of testloginModelCSVDataProvider
18:06:30.637 INFO  tests.TestBAse - Start test --->loginModelDataProvider
18:06:30.638 INFO  manager.MyListener - Start find element--->>>By.xpath: //*[text()='Sign Out']
18:06:30.654 INFO  manager.MyListener - The element with locator--->>>By.xpath: //*[text()='Sign Out']<----was found
18:06:30.654 INFO  manager.MyListener - Start find element--->>>By.xpath: //button[text()='Sign Out']
18:06:30.669 INFO  manager.MyListener - The element with locator--->>>By.xpath: //button[text()='Sign Out']<----was found
18:06:30.719 INFO  tests.TestBAse - start testloginModelDataProvider
18:06:30.720 INFO  manager.TestNgListener - onTestStartnull
18:06:30.721 INFO  manager.MyListener - Start find element--->>>By.cssSelector: [href='/login']
18:06:30.735 INFO  manager.MyListener - The element with locator--->>>By.cssSelector: [href='/login']<----was found
18:06:30.785 INFO  manager.MyListener - Start find element--->>>By.xpath: //input[1]
18:06:30.793 INFO  manager.MyListener - The element with locator--->>>By.xpath: //input[1]<----was found
18:06:30.864 INFO  manager.MyListener - Start find element--->>>By.xpath: //input[2]
18:06:30.871 INFO  manager.MyListener - The element with locator--->>>By.xpath: //input[2]<----was found
18:06:30.942 INFO  manager.MyListener - Start find element--->>>By.xpath: //*[text()=' Login']
18:06:30.949 INFO  manager.MyListener - The element with locator--->>>By.xpath: //*[text()=' Login']<----was found
18:06:35.975 INFO  manager.MyListener - Start find element--->>>By.xpath: //*[text()='Sign Out']
18:06:35.983 INFO  manager.MyListener - The element with locator--->>>By.xpath: //*[text()='Sign Out']<----was found
18:06:35.984 INFO  tests.TestBAse - End of testloginModelDataProvider
18:06:35.985 INFO  tests.TestBAse - Start test --->loginModelDataProvider
18:06:35.985 INFO  manager.MyListener - Start find element--->>>By.xpath: //*[text()='Sign Out']
18:06:35.992 INFO  manager.MyListener - The element with locator--->>>By.xpath: //*[text()='Sign Out']<----was found
18:06:35.992 INFO  manager.MyListener - Start find element--->>>By.xpath: //button[text()='Sign Out']
18:06:36.000 INFO  manager.MyListener - The element with locator--->>>By.xpath: //button[text()='Sign Out']<----was found
18:06:36.030 INFO  tests.TestBAse - start testloginModelDataProvider
18:06:36.030 INFO  manager.TestNgListener - onTestStartnull
18:06:36.031 INFO  manager.MyListener - Start find element--->>>By.cssSelector: [href='/login']
18:06:36.038 INFO  manager.MyListener - The element with locator--->>>By.cssSelector: [href='/login']<----was found
18:06:36.064 INFO  manager.MyListener - Start find element--->>>By.xpath: //input[1]
18:06:36.071 INFO  manager.MyListener - The element with locator--->>>By.xpath: //input[1]<----was found
18:06:36.153 INFO  manager.MyListener - Start find element--->>>By.xpath: //input[2]
18:06:36.160 INFO  manager.MyListener - The element with locator--->>>By.xpath: //input[2]<----was found
18:06:36.236 INFO  manager.MyListener - Start find element--->>>By.xpath: //*[text()=' Login']
18:06:36.245 INFO  manager.MyListener - The element with locator--->>>By.xpath: //*[text()=' Login']<----was found
18:06:41.270 INFO  manager.MyListener - Start find element--->>>By.xpath: //*[text()='Sign Out']
18:06:41.283 INFO  manager.MyListener - The element with locator--->>>By.xpath: //*[text()='Sign Out']<----was found
18:06:41.284 INFO  tests.TestBAse - End of testloginModelDataProvider
18:06:41.285 INFO  tests.TestBAse - Start test --->loginModelDataProvider
18:06:41.286 INFO  manager.MyListener - Start find element--->>>By.xpath: //*[text()='Sign Out']
18:06:41.298 INFO  manager.MyListener - The element with locator--->>>By.xpath: //*[text()='Sign Out']<----was found
18:06:41.298 INFO  manager.MyListener - Start find element--->>>By.xpath: //button[text()='Sign Out']
18:06:41.309 INFO  manager.MyListener - The element with locator--->>>By.xpath: //button[text()='Sign Out']<----was found
18:06:41.368 INFO  tests.TestBAse - start testloginModelDataProvider
18:06:41.368 INFO  manager.TestNgListener - onTestStartnull
18:06:41.369 INFO  manager.MyListener - Start find element--->>>By.cssSelector: [href='/login']
18:06:41.376 INFO  manager.MyListener - The element with locator--->>>By.cssSelector: [href='/login']<----was found
18:06:41.402 INFO  manager.MyListener - Start find element--->>>By.xpath: //input[1]
18:06:41.412 INFO  manager.MyListener - The element with locator--->>>By.xpath: //input[1]<----was found
18:06:41.487 INFO  manager.MyListener - Start find element--->>>By.xpath: //input[2]
18:06:41.494 INFO  manager.MyListener - The element with locator--->>>By.xpath: //input[2]<----was found
18:06:41.574 INFO  manager.MyListener - Start find element--->>>By.xpath: //*[text()=' Login']
18:06:41.581 INFO  manager.MyListener - The element with locator--->>>By.xpath: //*[text()=' Login']<----was found
18:06:46.607 INFO  manager.MyListener - Start find element--->>>By.xpath: //*[text()='Sign Out']
18:06:46.621 INFO  manager.MyListener - The element with locator--->>>By.xpath: //*[text()='Sign Out']<----was found
18:06:46.622 INFO  tests.TestBAse - End of testloginModelDataProvider
18:06:46.623 INFO  tests.TestBAse - Start test --->loginModelDataProvider
18:06:46.624 INFO  manager.MyListener - Start find element--->>>By.xpath: //*[text()='Sign Out']
18:06:46.635 INFO  manager.MyListener - The element with locator--->>>By.xpath: //*[text()='Sign Out']<----was found
18:06:46.636 INFO  manager.MyListener - Start find element--->>>By.xpath: //button[text()='Sign Out']
18:06:46.646 INFO  manager.MyListener - The element with locator--->>>By.xpath: //button[text()='Sign Out']<----was found
18:06:46.698 INFO  tests.TestBAse - start testloginModelDataProvider
18:06:46.698 INFO  manager.TestNgListener - onTestStartnull
18:06:46.699 INFO  manager.MyListener - Start find element--->>>By.cssSelector: [href='/login']
18:06:46.706 INFO  manager.MyListener - The element with locator--->>>By.cssSelector: [href='/login']<----was found
18:06:46.731 INFO  manager.MyListener - Start find element--->>>By.xpath: //input[1]
18:06:46.739 INFO  manager.MyListener - The element with locator--->>>By.xpath: //input[1]<----was found
18:06:46.812 INFO  manager.MyListener - Start find element--->>>By.xpath: //input[2]
18:06:46.819 INFO  manager.MyListener - The element with locator--->>>By.xpath: //input[2]<----was found
18:06:46.887 INFO  manager.MyListener - Start find element--->>>By.xpath: //*[text()=' Login']
18:06:46.894 INFO  manager.MyListener - The element with locator--->>>By.xpath: //*[text()=' Login']<----was found
18:06:51.920 INFO  manager.MyListener - Start find element--->>>By.xpath: //*[text()='Sign Out']
18:06:51.943 INFO  manager.MyListener - The element with locator--->>>By.xpath: //*[text()='Sign Out']<----was found
18:06:51.944 INFO  tests.TestBAse - End of testloginModelDataProvider
18:06:51.946 INFO  tests.TestBAse - Start test --->loginNegativePassword
18:06:51.947 INFO  manager.MyListener - Start find element--->>>By.xpath: //*[text()='Sign Out']
18:06:51.960 INFO  manager.MyListener - The element with locator--->>>By.xpath: //*[text()='Sign Out']<----was found
18:06:51.961 INFO  manager.MyListener - Start find element--->>>By.xpath: //button[text()='Sign Out']
18:06:51.980 INFO  manager.MyListener - The element with locator--->>>By.xpath: //button[text()='Sign Out']<----was found
18:06:52.019 INFO  tests.TestBAse - start testloginNegativePassword
18:06:52.019 INFO  manager.TestNgListener - onTestStartnull
18:06:52.020 INFO  manager.MyListener - Start find element--->>>By.cssSelector: [href='/login']
18:06:52.031 INFO  manager.MyListener - The element with locator--->>>By.cssSelector: [href='/login']<----was found
18:06:52.057 INFO  manager.MyListener - Start find element--->>>By.xpath: //input[1]
18:06:52.067 INFO  manager.MyListener - The element with locator--->>>By.xpath: //input[1]<----was found
18:06:52.153 INFO  manager.MyListener - Start find element--->>>By.xpath: //input[2]
18:06:52.163 INFO  manager.MyListener - The element with locator--->>>By.xpath: //input[2]<----was found
18:06:52.234 INFO  manager.MyListener - Start find element--->>>By.xpath: //*[text()=' Login']
18:06:52.245 INFO  manager.MyListener - The element with locator--->>>By.xpath: //*[text()=' Login']<----was found
18:06:57.322 INFO  tests.TestBAse - End of testloginNegativePassword
18:06:57.325 INFO  tests.TestBAse - Start test --->loginSuccess
18:06:57.326 INFO  manager.MyListener - Start find element--->>>By.xpath: //*[text()='Sign Out']
18:07:02.387 INFO  manager.MyListener - The element with locator--->>>By.xpath: //*[text()='Sign Out']<----was found
18:07:02.388 INFO  manager.TestNgListener - onTestStartnull
18:07:02.390 INFO  tests.TestBAse - End of testloginSuccess
18:07:02.392 INFO  tests.TestBAse - Start test --->loginSuccessModel
18:07:02.393 INFO  manager.MyListener - Start find element--->>>By.xpath: //*[text()='Sign Out']
18:07:07.445 INFO  manager.MyListener - The element with locator--->>>By.xpath: //*[text()='Sign Out']<----was found
18:07:07.446 INFO  manager.TestNgListener - onTestStartnull
18:07:07.447 INFO  manager.MyListener - Start find element--->>>By.cssSelector: [href='/login']
18:07:07.458 INFO  manager.MyListener - The element with locator--->>>By.cssSelector: [href='/login']<----was found
18:07:07.493 INFO  manager.MyListener - Start find element--->>>By.xpath: //input[1]
18:07:07.500 INFO  manager.MyListener - The element with locator--->>>By.xpath: //input[1]<----was found
18:07:07.585 INFO  manager.MyListener - Start find element--->>>By.xpath: //input[2]
18:07:07.592 INFO  manager.MyListener - The element with locator--->>>By.xpath: //input[2]<----was found
18:07:07.676 INFO  manager.MyListener - Start find element--->>>By.xpath: //*[text()=' Login']
18:07:07.683 INFO  manager.MyListener - The element with locator--->>>By.xpath: //*[text()=' Login']<----was found
18:07:12.708 INFO  manager.MyListener - Start find element--->>>By.xpath: //*[text()='Sign Out']
18:07:12.722 INFO  manager.MyListener - The element with locator--->>>By.xpath: //*[text()='Sign Out']<----was found
18:07:12.724 INFO  tests.TestBAse - End of testloginSuccessModel
18:07:12.726 INFO  tests.TestBAse - Start test --->loginSuccessNew
18:07:12.726 INFO  manager.MyListener - Start find element--->>>By.xpath: //*[text()='Sign Out']
18:07:12.739 INFO  manager.MyListener - The element with locator--->>>By.xpath: //*[text()='Sign Out']<----was found
18:07:12.739 INFO  manager.MyListener - Start find element--->>>By.xpath: //button[text()='Sign Out']
18:07:12.751 INFO  manager.MyListener - The element with locator--->>>By.xpath: //button[text()='Sign Out']<----was found
18:07:12.804 INFO  tests.TestBAse - start testloginSuccessNew
18:07:12.805 INFO  manager.TestNgListener - onTestStartnull
18:07:12.805 INFO  tests.TestBAse - Testing 'loginSuccessNew' 
18:07:12.806 INFO  tests.TestBAse - The test starts with data [missira85@gmail.com] & [Passw0rd$]
18:07:12.806 INFO  manager.MyListener - Start find element--->>>By.cssSelector: [href='/login']
18:07:12.813 INFO  manager.MyListener - The element with locator--->>>By.cssSelector: [href='/login']<----was found
18:07:12.840 INFO  manager.MyListener - Start find element--->>>By.xpath: //input[1]
18:07:12.847 INFO  manager.MyListener - The element with locator--->>>By.xpath: //input[1]<----was found
18:07:12.929 INFO  manager.MyListener - Start find element--->>>By.xpath: //input[2]
18:07:12.936 INFO  manager.MyListener - The element with locator--->>>By.xpath: //input[2]<----was found
18:07:13.016 INFO  manager.MyListener - Start find element--->>>By.xpath: //*[text()=' Login']
18:07:13.023 INFO  manager.MyListener - The element with locator--->>>By.xpath: //*[text()=' Login']<----was found
18:07:14.048 INFO  manager.MyListener - Start find element--->>>By.xpath: //*[text()='Sign Out']
18:07:14.063 INFO  manager.MyListener - The element with locator--->>>By.xpath: //*[text()='Sign Out']<----was found
18:07:14.063 INFO  tests.TestBAse - Test 'loginSuccessNew' passed successfully
18:07:14.064 INFO  tests.TestBAse - End of testloginSuccessNew
18:07:14.066 INFO  tests.TestBAse - Start test --->loginSuccessNew1
18:07:14.067 INFO  manager.MyListener - Start find element--->>>By.xpath: //*[text()='Sign Out']
18:07:14.079 INFO  manager.MyListener - The element with locator--->>>By.xpath: //*[text()='Sign Out']<----was found
18:07:14.079 INFO  manager.MyListener - Start find element--->>>By.xpath: //button[text()='Sign Out']
18:07:14.090 INFO  manager.MyListener - The element with locator--->>>By.xpath: //button[text()='Sign Out']<----was found
18:07:14.144 INFO  tests.TestBAse - start testloginSuccessNew1
18:07:14.145 INFO  manager.TestNgListener - onTestStartnull
18:07:14.145 INFO  tests.TestBAse - Testing 'loginSuccessNew1' 
18:07:14.162 INFO  tests.TestBAse - The test starts with emailnoa@gmail.comand password Nnoa12345$
18:07:14.162 INFO  manager.MyListener - Start find element--->>>By.cssSelector: [href='/login']
18:07:14.172 INFO  manager.MyListener - The element with locator--->>>By.cssSelector: [href='/login']<----was found
18:07:14.200 INFO  manager.MyListener - Start find element--->>>By.xpath: //input[1]
18:07:14.208 INFO  manager.MyListener - The element with locator--->>>By.xpath: //input[1]<----was found
18:07:14.280 INFO  manager.MyListener - Start find element--->>>By.xpath: //input[2]
18:07:14.288 INFO  manager.MyListener - The element with locator--->>>By.xpath: //input[2]<----was found
18:07:14.362 INFO  manager.MyListener - Start find element--->>>By.xpath: //*[text()=' Login']
18:07:14.370 INFO  manager.MyListener - The element with locator--->>>By.xpath: //*[text()=' Login']<----was found
18:07:15.397 INFO  manager.MyListener - Start find element--->>>By.xpath: //*[text()='Sign Out']
18:07:15.411 INFO  manager.MyListener - The element with locator--->>>By.xpath: //*[text()='Sign Out']<----was found
18:07:15.412 INFO  tests.TestBAse - End of testloginSuccessNew1
18:07:15.413 INFO  tests.TestBAse - Start test --->loginSuccessNew1
18:07:15.414 INFO  manager.MyListener - Start find element--->>>By.xpath: //*[text()='Sign Out']
18:07:15.425 INFO  manager.MyListener - The element with locator--->>>By.xpath: //*[text()='Sign Out']<----was found
18:07:15.425 INFO  manager.MyListener - Start find element--->>>By.xpath: //button[text()='Sign Out']
18:07:15.436 INFO  manager.MyListener - The element with locator--->>>By.xpath: //button[text()='Sign Out']<----was found
18:07:15.493 INFO  tests.TestBAse - start testloginSuccessNew1
18:07:15.494 INFO  manager.TestNgListener - onTestStartnull
18:07:15.494 INFO  tests.TestBAse - Testing 'loginSuccessNew1' 
18:07:15.494 INFO  tests.TestBAse - The test starts with emailmona@gmail.comand password Mm12345$
18:07:15.494 INFO  manager.MyListener - Start find element--->>>By.cssSelector: [href='/login']
18:07:15.502 INFO  manager.MyListener - The element with locator--->>>By.cssSelector: [href='/login']<----was found
18:07:15.529 INFO  manager.MyListener - Start find element--->>>By.xpath: //input[1]
18:07:15.536 INFO  manager.MyListener - The element with locator--->>>By.xpath: //input[1]<----was found
18:07:15.608 INFO  manager.MyListener - Start find element--->>>By.xpath: //input[2]
18:07:15.615 INFO  manager.MyListener - The element with locator--->>>By.xpath: //input[2]<----was found
18:07:15.697 INFO  manager.MyListener - Start find element--->>>By.xpath: //*[text()=' Login']
18:07:15.703 INFO  manager.MyListener - The element with locator--->>>By.xpath: //*[text()=' Login']<----was found
18:07:16.729 INFO  manager.MyListener - Start find element--->>>By.xpath: //*[text()='Sign Out']
18:07:16.743 INFO  manager.MyListener - The element with locator--->>>By.xpath: //*[text()='Sign Out']<----was found
18:07:16.744 INFO  tests.TestBAse - End of testloginSuccessNew1
18:07:16.745 INFO  tests.TestBAse - Start test --->loginSuccessNew1
18:07:16.746 INFO  manager.MyListener - Start find element--->>>By.xpath: //*[text()='Sign Out']
18:07:16.760 INFO  manager.MyListener - The element with locator--->>>By.xpath: //*[text()='Sign Out']<----was found
18:07:16.760 INFO  manager.MyListener - Start find element--->>>By.xpath: //button[text()='Sign Out']
18:07:16.772 INFO  manager.MyListener - The element with locator--->>>By.xpath: //button[text()='Sign Out']<----was found
18:07:16.822 INFO  tests.TestBAse - start testloginSuccessNew1
18:07:16.823 INFO  manager.TestNgListener - onTestStartnull
18:07:16.823 INFO  tests.TestBAse - Testing 'loginSuccessNew1' 
18:07:16.823 INFO  tests.TestBAse - The test starts with emailzoa@gmail.comand password Zoa12345$
18:07:16.823 INFO  manager.MyListener - Start find element--->>>By.cssSelector: [href='/login']
18:07:16.830 INFO  manager.MyListener - The element with locator--->>>By.cssSelector: [href='/login']<----was found
18:07:16.858 INFO  manager.MyListener - Start find element--->>>By.xpath: //input[1]
18:07:16.865 INFO  manager.MyListener - The element with locator--->>>By.xpath: //input[1]<----was found
18:07:16.942 INFO  manager.MyListener - Start find element--->>>By.xpath: //input[2]
18:07:16.949 INFO  manager.MyListener - The element with locator--->>>By.xpath: //input[2]<----was found
18:07:17.017 INFO  manager.MyListener - Start find element--->>>By.xpath: //*[text()=' Login']
18:07:17.024 INFO  manager.MyListener - The element with locator--->>>By.xpath: //*[text()=' Login']<----was found
18:07:18.049 INFO  manager.MyListener - Start find element--->>>By.xpath: //*[text()='Sign Out']
18:07:18.062 INFO  manager.MyListener - The element with locator--->>>By.xpath: //*[text()='Sign Out']<----was found
18:07:18.063 INFO  tests.TestBAse - End of testloginSuccessNew1
18:07:18.064 INFO  tests.TestBAse - Start test --->loginSuccessNew1
18:07:18.065 INFO  manager.MyListener - Start find element--->>>By.xpath: //*[text()='Sign Out']
18:07:18.077 INFO  manager.MyListener - The element with locator--->>>By.xpath: //*[text()='Sign Out']<----was found
18:07:18.077 INFO  manager.MyListener - Start find element--->>>By.xpath: //button[text()='Sign Out']
18:07:18.089 INFO  manager.MyListener - The element with locator--->>>By.xpath: //button[text()='Sign Out']<----was found
18:07:18.142 INFO  tests.TestBAse - start testloginSuccessNew1
18:07:18.143 INFO  manager.TestNgListener - onTestStartnull
18:07:18.143 INFO  tests.TestBAse - Testing 'loginSuccessNew1' 
18:07:18.143 INFO  tests.TestBAse - The test starts with emailwick416@gmail.comand password Ww12345$
18:07:18.143 INFO  manager.MyListener - Start find element--->>>By.cssSelector: [href='/login']
18:07:18.149 INFO  manager.MyListener - The element with locator--->>>By.cssSelector: [href='/login']<----was found
18:07:18.179 INFO  manager.MyListener - Start find element--->>>By.xpath: //input[1]
18:07:18.188 INFO  manager.MyListener - The element with locator--->>>By.xpath: //input[1]<----was found
18:07:18.262 INFO  manager.MyListener - Start find element--->>>By.xpath: //input[2]
18:07:18.269 INFO  manager.MyListener - The element with locator--->>>By.xpath: //input[2]<----was found
18:07:18.340 INFO  manager.MyListener - Start find element--->>>By.xpath: //*[text()=' Login']
18:07:18.347 INFO  manager.MyListener - The element with locator--->>>By.xpath: //*[text()=' Login']<----was found
18:07:19.371 INFO  manager.MyListener - Start find element--->>>By.xpath: //*[text()='Sign Out']
18:07:19.386 INFO  manager.MyListener - The element with locator--->>>By.xpath: //*[text()='Sign Out']<----was found
18:07:19.388 INFO  tests.TestBAse - End of testloginSuccessNew1
18:07:19.389 INFO  manager.TestNgListener - onTestStartnull
18:07:20.940 INFO  tests.TestBAse - Start test --->registrationSuccess
18:07:20.941 INFO  manager.MyListener - Start find element--->>>By.xpath: //*[text()='Sign Out']
18:07:20.950 INFO  manager.MyListener - The element with locator--->>>By.xpath: //*[text()='Sign Out']<----was found
18:07:20.951 INFO  manager.MyListener - Start find element--->>>By.xpath: //button[text()='Sign Out']
18:07:20.957 INFO  manager.MyListener - The element with locator--->>>By.xpath: //button[text()='Sign Out']<----was found
18:07:20.987 INFO  manager.TestNgListener - onTestStartnull
18:07:20.988 INFO  manager.MyListener - Start find element--->>>By.cssSelector: [href='/login']
18:07:20.996 INFO  manager.MyListener - The element with locator--->>>By.cssSelector: [href='/login']<----was found
18:07:21.028 INFO  manager.MyListener - Start find element--->>>By.xpath: //input[1]
18:07:21.036 INFO  manager.MyListener - The element with locator--->>>By.xpath: //input[1]<----was found
18:07:21.114 INFO  manager.MyListener - Start find element--->>>By.xpath: //input[2]
18:07:21.122 INFO  manager.MyListener - The element with locator--->>>By.xpath: //input[2]<----was found
18:07:21.192 INFO  manager.MyListener - Start find element--->>>By.xpath: //*[text()=' Registration']
18:07:21.202 INFO  manager.MyListener - The element with locator--->>>By.xpath: //*[text()=' Registration']<----was found
18:07:22.227 INFO  manager.MyListener - Start find element--->>>By.xpath: //*[text()='Sign Out']
18:07:22.241 INFO  manager.MyListener - The element with locator--->>>By.xpath: //*[text()='Sign Out']<----was found
18:07:22.243 INFO  tests.TestBAse - End of testregistrationSuccess
18:07:22.245 INFO  tests.TestBAse - Start test --->registrationSuccessModel
18:07:22.245 INFO  manager.MyListener - Start find element--->>>By.xpath: //*[text()='Sign Out']
18:07:22.260 INFO  manager.MyListener - The element with locator--->>>By.xpath: //*[text()='Sign Out']<----was found
18:07:22.260 INFO  manager.MyListener - Start find element--->>>By.xpath: //button[text()='Sign Out']
18:07:22.272 INFO  manager.MyListener - The element with locator--->>>By.xpath: //button[text()='Sign Out']<----was found
18:07:22.326 INFO  manager.TestNgListener - onTestStartnull
18:07:22.327 INFO  manager.MyListener - Start find element--->>>By.cssSelector: [href='/login']
18:07:22.335 INFO  manager.MyListener - The element with locator--->>>By.cssSelector: [href='/login']<----was found
18:07:22.362 INFO  manager.MyListener - Start find element--->>>By.xpath: //input[1]
18:07:22.370 INFO  manager.MyListener - The element with locator--->>>By.xpath: //input[1]<----was found
18:07:22.452 INFO  manager.MyListener - Start find element--->>>By.xpath: //input[2]
18:07:22.459 INFO  manager.MyListener - The element with locator--->>>By.xpath: //input[2]<----was found
18:07:22.531 INFO  manager.MyListener - Start find element--->>>By.xpath: //*[text()=' Registration']
18:07:22.543 INFO  manager.MyListener - The element with locator--->>>By.xpath: //*[text()=' Registration']<----was found
18:07:23.584 INFO  manager.MyListener - Start find element--->>>By.xpath: //*[text()='Sign Out']
18:07:23.598 INFO  manager.MyListener - The element with locator--->>>By.xpath: //*[text()='Sign Out']<----was found
18:07:23.599 INFO  tests.TestBAse - End of testregistrationSuccessModel
18:07:23.601 INFO  tests.TestBAse - Start test --->registrationWrongPasswordModel
18:07:23.601 INFO  manager.MyListener - Start find element--->>>By.xpath: //*[text()='Sign Out']
18:07:23.613 INFO  manager.MyListener - The element with locator--->>>By.xpath: //*[text()='Sign Out']<----was found
18:07:23.614 INFO  manager.MyListener - Start find element--->>>By.xpath: //button[text()='Sign Out']
18:07:23.622 INFO  manager.MyListener - The element with locator--->>>By.xpath: //button[text()='Sign Out']<----was found
18:07:23.659 INFO  manager.TestNgListener - onTestStartnull
18:07:23.660 INFO  manager.MyListener - Start find element--->>>By.cssSelector: [href='/login']
18:07:23.667 INFO  manager.MyListener - The element with locator--->>>By.cssSelector: [href='/login']<----was found
18:07:23.700 INFO  manager.MyListener - Start find element--->>>By.xpath: //input[1]
18:07:23.708 INFO  manager.MyListener - The element with locator--->>>By.xpath: //input[1]<----was found
18:07:23.781 INFO  manager.MyListener - Start find element--->>>By.xpath: //input[2]
18:07:23.788 INFO  manager.MyListener - The element with locator--->>>By.xpath: //input[2]<----was found
18:07:23.852 INFO  manager.MyListener - Start find element--->>>By.xpath: //*[text()=' Registration']
18:07:23.859 INFO  manager.MyListener - The element with locator--->>>By.xpath: //*[text()=' Registration']<----was found
18:07:29.917 INFO  manager.MyListener - Start find element--->>>By.xpath: //*[.='Registration failed with code 400']
18:07:29.938 INFO  manager.MyListener - The element with locator--->>>By.xpath: //*[.='Registration failed with code 400']<----was found
18:07:29.940 INFO  tests.TestBAse - End of testregistrationWrongPasswordModel
18:07:29.941 INFO  tests.TestBAse - Start test --->removeOneContactTaya
18:07:29.942 INFO  manager.MyListener - Start find element--->>>By.xpath: //*[text()='Sign Out']
18:07:34.967 INFO  manager.MyListener - The element with locator--->>>By.xpath: //*[text()='Sign Out']<----was found
18:07:34.967 INFO  manager.MyListener - Start find element--->>>By.cssSelector: [href='/login']
18:07:34.985 INFO  manager.MyListener - The element with locator--->>>By.cssSelector: [href='/login']<----was found
18:07:35.034 INFO  manager.MyListener - Start find element--->>>By.xpath: //input[1]
18:07:35.051 INFO  manager.MyListener - The element with locator--->>>By.xpath: //input[1]<----was found
18:07:35.179 INFO  manager.MyListener - Start find element--->>>By.xpath: //input[2]
18:07:35.189 INFO  manager.MyListener - The element with locator--->>>By.xpath: //input[2]<----was found
18:07:35.294 INFO  manager.MyListener - Start find element--->>>By.xpath: //*[text()=' Login']
18:07:35.305 INFO  manager.MyListener - The element with locator--->>>By.xpath: //*[text()=' Login']<----was found
18:07:35.337 INFO  tests.TestBAse - Start testremoveOneContactTaya
18:07:35.338 INFO  manager.TestNgListener - onTestStartnull
18:07:35.338 INFO  tests.TestBAse - Test 'removeOneContactTaya' started
18:07:35.338 INFO  manager.MyListener - Start find element--->>>By.cssSelector: .contact-item_card__2SOIM
18:07:35.631 INFO  manager.MyListener - The element with locator--->>>By.cssSelector: .contact-item_card__2SOIM<----was found
18:07:35.632 INFO  manager.MyListener - Start find element--->>>By.cssSelector: .contact-item_card__2SOIM
18:07:35.638 INFO  manager.MyListener - The element with locator--->>>By.cssSelector: .contact-item_card__2SOIM<----was found
18:07:35.639 INFO  manager.MyListener - Start find element--->>>By.cssSelector: .contact-item_card__2SOIM
18:07:35.648 INFO  manager.MyListener - The element with locator--->>>By.cssSelector: .contact-item_card__2SOIM<----was found
18:07:35.684 INFO  manager.MyListener - Start find element--->>>By.xpath: //button[normalize-space()='Remove']
18:07:35.704 INFO  manager.MyListener - The element with locator--->>>By.xpath: //button[normalize-space()='Remove']<----was found
18:07:36.251 INFO  manager.MyListener - Start find element--->>>By.cssSelector: .contact-item_card__2SOIM
18:07:36.265 INFO  manager.MyListener - The element with locator--->>>By.cssSelector: .contact-item_card__2SOIM<----was found
18:07:36.267 INFO  tests.TestBAse - End of testremoveOneContactTaya
18:07:36.269 INFO  tests.TestBAse - Start test --->removeAllContactTaya
18:07:36.269 INFO  manager.MyListener - Start find element--->>>By.xpath: //*[text()='Sign Out']
18:07:36.275 INFO  manager.MyListener - The element with locator--->>>By.xpath: //*[text()='Sign Out']<----was found
18:07:36.276 INFO  manager.TestNgListener - onTestStartnull
18:07:36.276 INFO  manager.MyListener - Start find element--->>>By.cssSelector: .contact-item_card__2SOIM
18:07:36.282 INFO  manager.MyListener - The element with locator--->>>By.cssSelector: .contact-item_card__2SOIM<----was found
18:07:36.282 INFO  manager.MyListener - Start find element--->>>By.cssSelector: .contact-item_card__2SOIM
18:07:36.288 INFO  manager.MyListener - The element with locator--->>>By.cssSelector: .contact-item_card__2SOIM<----was found
18:07:36.310 INFO  manager.MyListener - Start find element--->>>By.xpath: //button[text()='Remove']
18:07:36.321 INFO  manager.MyListener - The element with locator--->>>By.xpath: //button[text()='Remove']<----was found
18:07:36.845 INFO  manager.MyListener - Start find element--->>>By.cssSelector: .contact-item_card__2SOIM
18:07:36.859 INFO  manager.MyListener - The element with locator--->>>By.cssSelector: .contact-item_card__2SOIM<----was found
18:07:36.860 INFO  manager.MyListener - Start find element--->>>By.cssSelector: .contact-item_card__2SOIM
18:07:36.871 INFO  manager.MyListener - The element with locator--->>>By.cssSelector: .contact-item_card__2SOIM<----was found
18:07:36.900 INFO  manager.MyListener - Start find element--->>>By.xpath: //button[text()='Remove']
18:07:36.907 INFO  manager.MyListener - The element with locator--->>>By.xpath: //button[text()='Remove']<----was found
18:07:37.431 INFO  manager.MyListener - Start find element--->>>By.cssSelector: .contact-item_card__2SOIM
18:07:37.445 INFO  manager.MyListener - The element with locator--->>>By.cssSelector: .contact-item_card__2SOIM<----was found
18:07:37.445 INFO  manager.MyListener - Start find element--->>>By.cssSelector: .contact-item_card__2SOIM
18:07:37.456 INFO  manager.MyListener - The element with locator--->>>By.cssSelector: .contact-item_card__2SOIM<----was found
18:07:37.492 INFO  manager.MyListener - Start find element--->>>By.xpath: //button[text()='Remove']
18:07:37.500 INFO  manager.MyListener - The element with locator--->>>By.xpath: //button[text()='Remove']<----was found
18:07:38.025 INFO  manager.MyListener - Start find element--->>>By.cssSelector: .contact-item_card__2SOIM
18:07:38.040 INFO  manager.MyListener - The element with locator--->>>By.cssSelector: .contact-item_card__2SOIM<----was found
18:07:38.040 INFO  manager.MyListener - Start find element--->>>By.cssSelector: .contact-item_card__2SOIM
18:07:38.051 INFO  manager.MyListener - The element with locator--->>>By.cssSelector: .contact-item_card__2SOIM<----was found
18:07:38.119 INFO  manager.MyListener - Start find element--->>>By.xpath: //button[text()='Remove']
18:07:38.131 INFO  manager.MyListener - The element with locator--->>>By.xpath: //button[text()='Remove']<----was found
18:07:38.671 INFO  manager.MyListener - Start find element--->>>By.cssSelector: .contact-item_card__2SOIM
18:07:43.692 INFO  manager.MyListener - The element with locator--->>>By.cssSelector: .contact-item_card__2SOIM<----was found
18:07:43.693 INFO  manager.MyListener - Start find element--->>>By.cssSelector: .contact-page_message__2qafk
18:07:43.711 INFO  manager.MyListener - The element with locator--->>>By.cssSelector: .contact-page_message__2qafk<----was found
18:07:43.712 INFO  tests.TestBAse - End of testremoveAllContactTaya
18:07:43.817 INFO  manager.TestNgListener - onFinish(ISuite suite)
