20:38:03.355 INFO  manager.ApplicationManager - All tests start in ChromeDriver
20:38:04.153 INFO  manager.MyListener - Start find element--->>>By.xpath: //*[text()='Sign Out']
20:38:09.199 INFO  manager.MyListener - The element with locator--->>>By.xpath: //*[text()='Sign Out']<----was found
20:38:09.200 INFO  manager.MyListener - Start find element--->>>By.cssSelector: [href='/login']
20:38:09.223 INFO  manager.MyListener - The element with locator--->>>By.cssSelector: [href='/login']<----was found
20:38:09.322 INFO  manager.MyListener - Start find element--->>>By.xpath: //input[1]
20:38:09.351 INFO  manager.MyListener - The element with locator--->>>By.xpath: //input[1]<----was found
20:38:09.512 INFO  manager.MyListener - Start find element--->>>By.xpath: //input[2]
20:38:09.533 INFO  manager.MyListener - The element with locator--->>>By.xpath: //input[2]<----was found
20:38:09.667 INFO  manager.MyListener - Start find element--->>>By.xpath: //*[text()=' Login']
20:38:09.685 INFO  manager.MyListener - The element with locator--->>>By.xpath: //*[text()=' Login']<----was found
20:38:09.739 INFO  tests.TestBAse - start testremoveAllConatct
20:38:09.741 INFO  tests.TestBAse - Test 'removeAllContact' started
20:38:09.741 INFO  manager.MyListener - Start find element--->>>By.cssSelector: .contact-item_card__2SOIM
20:38:10.554 INFO  manager.MyListener - The element with locator--->>>By.cssSelector: .contact-item_card__2SOIM<----was found
20:38:10.619 INFO  manager.MyListener - Start find element--->>>By.xpath: //button[normalize-space()='Remove']
20:38:10.642 INFO  manager.MyListener - The element with locator--->>>By.xpath: //button[normalize-space()='Remove']<----was found
20:38:11.175 INFO  manager.MyListener - Start find element--->>>By.cssSelector: div[class='contact-page_leftdiv__yhyke'] div div:nth-child(1)
20:38:11.198 INFO  manager.MyListener - The element with locator--->>>By.cssSelector: div[class='contact-page_leftdiv__yhyke'] div div:nth-child(1)<----was found
20:38:11.219 INFO  manager.MyListener - Start find element--->>>By.xpath: //button[normalize-space()='Remove']
20:38:11.235 INFO  manager.MyListener - The element with locator--->>>By.xpath: //button[normalize-space()='Remove']<----was found
20:38:12.284 INFO  manager.MyListener - Start find element--->>>By.cssSelector: div[class='contact-page_leftdiv__yhyke'] div div:nth-child(1)
20:38:12.310 INFO  manager.MyListener - The element with locator--->>>By.cssSelector: div[class='contact-page_leftdiv__yhyke'] div div:nth-child(1)<----was found
20:38:12.311 INFO  manager.MyListener - Start find element--->>>By.cssSelector: div[class='contact-page_leftdiv__yhyke'] div div:nth-child(1)
20:38:12.325 INFO  manager.MyListener - The element with locator--->>>By.cssSelector: div[class='contact-page_leftdiv__yhyke'] div div:nth-child(1)<----was found
20:38:12.343 INFO  manager.MyListener - Start find element--->>>By.xpath: //button[normalize-space()='Remove']
20:38:12.358 INFO  manager.MyListener - The element with locator--->>>By.xpath: //button[normalize-space()='Remove']<----was found
20:38:12.908 INFO  tests.TestBAse - no cards display at the page
20:38:12.912 INFO  tests.TestBAse - End of testremoveAllConatct
