09:18:05.045 INFO  manager.ApplicationManager - All tests start in ChromeDriver
09:18:05.865 INFO  manager.MyListener - Start find element--->>>By.xpath: //*[text()='Sign Out']
09:18:10.919 INFO  manager.MyListener - The element with locator--->>>By.xpath: //*[text()='Sign Out']<----was found
09:18:10.921 INFO  tests.TestBAse - start testloginModelDataProvider
09:18:10.928 INFO  manager.MyListener - Start find element--->>>By.cssSelector: [href='/login']
09:18:10.941 INFO  manager.MyListener - The element with locator--->>>By.cssSelector: [href='/login']<----was found
09:18:11.001 INFO  manager.MyListener - Start find element--->>>By.xpath: //input[1]
09:18:11.015 INFO  manager.MyListener - The element with locator--->>>By.xpath: //input[1]<----was found
09:18:11.111 INFO  manager.MyListener - Start find element--->>>By.xpath: //input[2]
09:18:11.125 INFO  manager.MyListener - The element with locator--->>>By.xpath: //input[2]<----was found
09:18:11.205 INFO  manager.MyListener - Start find element--->>>By.xpath: //*[text()=' Login']
09:18:11.219 INFO  manager.MyListener - The element with locator--->>>By.xpath: //*[text()=' Login']<----was found
09:18:16.249 INFO  manager.MyListener - Start find element--->>>By.xpath: //*[text()='Sign Out']
09:18:16.267 INFO  manager.MyListener - The element with locator--->>>By.xpath: //*[text()='Sign Out']<----was found
09:18:16.275 INFO  tests.TestBAse - End of testloginModelDataProvider
09:18:16.277 INFO  manager.MyListener - Start find element--->>>By.xpath: //*[text()='Sign Out']
09:18:16.293 INFO  manager.MyListener - The element with locator--->>>By.xpath: //*[text()='Sign Out']<----was found
09:18:16.294 INFO  manager.MyListener - Start find element--->>>By.xpath: //button[text()='Sign Out']
09:18:16.315 INFO  manager.MyListener - The element with locator--->>>By.xpath: //button[text()='Sign Out']<----was found
09:18:16.372 INFO  tests.TestBAse - start testloginModelDataProvider
09:18:16.373 INFO  manager.MyListener - Start find element--->>>By.cssSelector: [href='/login']
09:18:16.381 INFO  manager.MyListener - The element with locator--->>>By.cssSelector: [href='/login']<----was found
09:18:16.437 INFO  manager.MyListener - Start find element--->>>By.xpath: //input[1]
09:18:16.452 INFO  manager.MyListener - The element with locator--->>>By.xpath: //input[1]<----was found
09:18:16.588 INFO  manager.MyListener - Start find element--->>>By.xpath: //input[2]
09:18:16.597 INFO  manager.MyListener - The element with locator--->>>By.xpath: //input[2]<----was found
09:18:16.687 INFO  manager.MyListener - Start find element--->>>By.xpath: //*[text()=' Login']
09:18:16.695 INFO  manager.MyListener - The element with locator--->>>By.xpath: //*[text()=' Login']<----was found
09:18:21.724 INFO  manager.MyListener - Start find element--->>>By.xpath: //*[text()='Sign Out']
09:18:21.739 INFO  manager.MyListener - The element with locator--->>>By.xpath: //*[text()='Sign Out']<----was found
09:18:21.742 INFO  tests.TestBAse - End of testloginModelDataProvider
09:18:21.743 INFO  manager.MyListener - Start find element--->>>By.xpath: //*[text()='Sign Out']
09:18:21.758 INFO  manager.MyListener - The element with locator--->>>By.xpath: //*[text()='Sign Out']<----was found
09:18:21.759 INFO  manager.MyListener - Start find element--->>>By.xpath: //button[text()='Sign Out']
09:18:21.772 INFO  manager.MyListener - The element with locator--->>>By.xpath: //button[text()='Sign Out']<----was found
09:18:21.837 INFO  tests.TestBAse - start testloginModelDataProvider
09:18:21.839 INFO  manager.MyListener - Start find element--->>>By.cssSelector: [href='/login']
09:18:21.854 INFO  manager.MyListener - The element with locator--->>>By.cssSelector: [href='/login']<----was found
09:18:21.912 INFO  manager.MyListener - Start find element--->>>By.xpath: //input[1]
09:18:21.920 INFO  manager.MyListener - The element with locator--->>>By.xpath: //input[1]<----was found
09:18:22.009 INFO  manager.MyListener - Start find element--->>>By.xpath: //input[2]
09:18:22.017 INFO  manager.MyListener - The element with locator--->>>By.xpath: //input[2]<----was found
09:18:22.130 INFO  manager.MyListener - Start find element--->>>By.xpath: //*[text()=' Login']
09:18:22.145 INFO  manager.MyListener - The element with locator--->>>By.xpath: //*[text()=' Login']<----was found
09:18:27.200 INFO  manager.MyListener - Start find element--->>>By.xpath: //*[text()='Sign Out']
09:18:27.217 INFO  manager.MyListener - The element with locator--->>>By.xpath: //*[text()='Sign Out']<----was found
09:18:27.219 INFO  tests.TestBAse - End of testloginModelDataProvider
09:18:27.220 INFO  manager.MyListener - Start find element--->>>By.xpath: //*[text()='Sign Out']
09:18:27.233 INFO  manager.MyListener - The element with locator--->>>By.xpath: //*[text()='Sign Out']<----was found
09:18:27.234 INFO  manager.MyListener - Start find element--->>>By.xpath: //button[text()='Sign Out']
09:18:27.245 INFO  manager.MyListener - The element with locator--->>>By.xpath: //button[text()='Sign Out']<----was found
09:18:27.302 INFO  tests.TestBAse - start testloginModelDataProvider
09:18:27.302 INFO  manager.MyListener - Start find element--->>>By.cssSelector: [href='/login']
09:18:27.310 INFO  manager.MyListener - The element with locator--->>>By.cssSelector: [href='/login']<----was found
09:18:27.343 INFO  manager.MyListener - Start find element--->>>By.xpath: //input[1]
09:18:27.350 INFO  manager.MyListener - The element with locator--->>>By.xpath: //input[1]<----was found
09:18:27.435 INFO  manager.MyListener - Start find element--->>>By.xpath: //input[2]
09:18:27.442 INFO  manager.MyListener - The element with locator--->>>By.xpath: //input[2]<----was found
09:18:27.515 INFO  manager.MyListener - Start find element--->>>By.xpath: //*[text()=' Login']
09:18:27.523 INFO  manager.MyListener - The element with locator--->>>By.xpath: //*[text()=' Login']<----was found
09:18:32.552 INFO  manager.MyListener - Start find element--->>>By.xpath: //*[text()='Sign Out']
09:18:32.568 INFO  manager.MyListener - The element with locator--->>>By.xpath: //*[text()='Sign Out']<----was found
09:18:32.569 INFO  tests.TestBAse - End of testloginModelDataProvider
