20:48:47.850 INFO  manager.ApplicationManager - All tests start in ChromeDriver
20:48:48.629 INFO  manager.MyListener - Start find element--->>>By.xpath: //*[text()='Sign Out']
20:48:53.670 INFO  manager.MyListener - The element with locator--->>>By.xpath: //*[text()='Sign Out']<----was found
20:48:53.674 INFO  tests.TestBAse - start testloginSuccessNew1
20:48:53.678 INFO  tests.TestBAse - Testing 'loginSuccessNew1' 
20:48:53.688 INFO  tests.TestBAse - The test starts with missira85@gmail.comPassw0rd$
20:48:53.689 INFO  manager.MyListener - Start find element--->>>By.cssSelector: [href='/login']
20:48:53.716 INFO  manager.MyListener - The element with locator--->>>By.cssSelector: [href='/login']<----was found
20:48:53.772 INFO  manager.MyListener - Start find element--->>>By.xpath: //input[1]
20:48:53.785 INFO  manager.MyListener - The element with locator--->>>By.xpath: //input[1]<----was found
20:48:53.888 INFO  manager.MyListener - Start find element--->>>By.xpath: //input[2]
20:48:53.902 INFO  manager.MyListener - The element with locator--->>>By.xpath: //input[2]<----was found
20:48:53.981 INFO  manager.MyListener - Start find element--->>>By.xpath: //*[text()=' Login']
20:48:53.994 INFO  manager.MyListener - The element with locator--->>>By.xpath: //*[text()=' Login']<----was found
20:48:59.023 INFO  manager.MyListener - Start find element--->>>By.xpath: //*[text()='Sign Out']
20:48:59.041 INFO  manager.MyListener - The element with locator--->>>By.xpath: //*[text()='Sign Out']<----was found
20:48:59.050 INFO  tests.TestBAse - End of testloginSuccessNew1
20:48:59.052 INFO  manager.MyListener - Start find element--->>>By.xpath: //*[text()='Sign Out']
20:48:59.067 INFO  manager.MyListener - The element with locator--->>>By.xpath: //*[text()='Sign Out']<----was found
20:48:59.068 INFO  manager.MyListener - Start find element--->>>By.xpath: //button[text()='Sign Out']
20:48:59.089 INFO  manager.MyListener - The element with locator--->>>By.xpath: //button[text()='Sign Out']<----was found
20:48:59.142 INFO  tests.TestBAse - Test needs logout
20:48:59.144 INFO  tests.TestBAse - start testloginSuccessNew1
20:48:59.145 INFO  tests.TestBAse - Testing 'loginSuccessNew1' 
20:48:59.146 INFO  tests.TestBAse - The test starts with missira85@gmail.comPassw0rd$
20:48:59.146 INFO  manager.MyListener - Start find element--->>>By.cssSelector: [href='/login']
20:48:59.174 INFO  manager.MyListener - The element with locator--->>>By.cssSelector: [href='/login']<----was found
20:48:59.223 INFO  manager.MyListener - Start find element--->>>By.xpath: //input[1]
20:48:59.232 INFO  manager.MyListener - The element with locator--->>>By.xpath: //input[1]<----was found
20:48:59.347 INFO  manager.MyListener - Start find element--->>>By.xpath: //input[2]
20:48:59.356 INFO  manager.MyListener - The element with locator--->>>By.xpath: //input[2]<----was found
20:48:59.477 INFO  manager.MyListener - Start find element--->>>By.xpath: //*[text()=' Login']
20:48:59.485 INFO  manager.MyListener - The element with locator--->>>By.xpath: //*[text()=' Login']<----was found
20:49:04.519 INFO  manager.MyListener - Start find element--->>>By.xpath: //*[text()='Sign Out']
20:49:04.536 INFO  manager.MyListener - The element with locator--->>>By.xpath: //*[text()='Sign Out']<----was found
20:49:04.538 INFO  tests.TestBAse - End of testloginSuccessNew1
20:49:04.540 INFO  manager.MyListener - Start find element--->>>By.xpath: //*[text()='Sign Out']
20:49:04.554 INFO  manager.MyListener - The element with locator--->>>By.xpath: //*[text()='Sign Out']<----was found
20:49:04.555 INFO  manager.MyListener - Start find element--->>>By.xpath: //button[text()='Sign Out']
20:49:04.569 INFO  manager.MyListener - The element with locator--->>>By.xpath: //button[text()='Sign Out']<----was found
20:49:04.626 INFO  tests.TestBAse - Test needs logout
20:49:04.627 INFO  tests.TestBAse - start testloginSuccessNew1
20:49:04.628 INFO  tests.TestBAse - Testing 'loginSuccessNew1' 
20:49:04.628 INFO  tests.TestBAse - The test starts with missira85@gmail.comPassw0rd$
20:49:04.628 INFO  manager.MyListener - Start find element--->>>By.cssSelector: [href='/login']
20:49:04.641 INFO  manager.MyListener - The element with locator--->>>By.cssSelector: [href='/login']<----was found
20:49:04.703 INFO  manager.MyListener - Start find element--->>>By.xpath: //input[1]
20:49:04.718 INFO  manager.MyListener - The element with locator--->>>By.xpath: //input[1]<----was found
20:49:04.860 INFO  manager.MyListener - Start find element--->>>By.xpath: //input[2]
20:49:04.868 INFO  manager.MyListener - The element with locator--->>>By.xpath: //input[2]<----was found
20:49:04.959 INFO  manager.MyListener - Start find element--->>>By.xpath: //*[text()=' Login']
20:49:04.968 INFO  manager.MyListener - The element with locator--->>>By.xpath: //*[text()=' Login']<----was found
20:49:09.994 INFO  manager.MyListener - Start find element--->>>By.xpath: //*[text()='Sign Out']
20:49:10.011 INFO  manager.MyListener - The element with locator--->>>By.xpath: //*[text()='Sign Out']<----was found
20:49:10.012 INFO  tests.TestBAse - End of testloginSuccessNew1
