18:02:31.983 INFO  manager.TestNgListener - onStart(ISuite suite)
18:02:32.890 INFO  manager.ApplicationManager - All tests start in ChromeDriver
18:02:33.664 INFO  tests.TestBAse - Start test --->addNewContactSuccess
18:02:33.667 INFO  manager.MyListener - Start find element--->>>By.xpath: //*[text()='Sign Out']
18:02:38.723 INFO  manager.MyListener - The element with locator--->>>By.xpath: //*[text()='Sign Out']<----was found
18:02:38.723 INFO  manager.MyListener - Start find element--->>>By.cssSelector: [href='/login']
18:02:38.746 INFO  manager.MyListener - The element with locator--->>>By.cssSelector: [href='/login']<----was found
18:02:38.819 INFO  manager.MyListener - Start find element--->>>By.xpath: //input[1]
18:02:38.835 INFO  manager.MyListener - The element with locator--->>>By.xpath: //input[1]<----was found
18:02:38.925 INFO  manager.MyListener - Start find element--->>>By.xpath: //input[2]
18:02:38.938 INFO  manager.MyListener - The element with locator--->>>By.xpath: //input[2]<----was found
18:02:39.009 INFO  manager.MyListener - Start find element--->>>By.xpath: //*[text()=' Login']
18:02:39.022 INFO  manager.MyListener - The element with locator--->>>By.xpath: //*[text()=' Login']<----was found
18:02:39.050 INFO  tests.TestBAse - Start testaddNewContactSuccess
18:02:39.051 INFO  manager.TestNgListener - onTestStartnull
18:02:39.067 INFO  manager.MyListener - Start find element--->>>By.cssSelector: a[href='/add']
18:02:44.122 INFO  manager.MyListener - We have a 'throwable'--->>>no such element: Unable to locate element: {"method":"css selector","selector":"a[href='/add']"}
  (Session info: chrome=96.0.4664.110)
For documentation on this error, please visit: https://www.seleniumhq.org/exceptions/no_such_element.html
Build info: version: '3.141.59', revision: 'e82be7d358', time: '2018-11-14T08:17:03'
System info: host: 'desktopirina', ip: '127.0.1.1', os.name: 'Linux', os.arch: 'amd64', os.version: '5.14.0-1033-oem', java.version: '11.0.15'
Driver info: org.openqa.selenium.chrome.ChromeDriver
Capabilities {acceptInsecureCerts: false, browserName: chrome, browserVersion: 96.0.4664.110, chrome: {chromedriverVersion: 96.0.4664.45 (76e4c1bb2ab46..., userDataDir: /tmp/.com.google.Chrome.jaM5Vf}, goog:chromeOptions: {debuggerAddress: localhost:40733}, javascriptEnabled: true, networkConnectionEnabled: false, pageLoadStrategy: normal, platform: LINUX, platformName: LINUX, proxy: Proxy(), setWindowRect: true, strictFileInteractability: false, timeouts: {implicit: 0, pageLoad: 300000, script: 30000}, unhandledPromptBehavior: dismiss and notify, webauthn:extension:credBlob: true, webauthn:extension:largeBlob: true, webauthn:virtualAuthenticators: true}
Session ID: b42095aefb58abff7c6883a15d513430
*** Element info: {Using=css selector, value=a[href='/add']}
18:02:44.123 INFO  manager.MyListener - We have a 'fill In Stack Trace'--->>>org.openqa.selenium.NoSuchElementException: no such element: Unable to locate element: {"method":"css selector","selector":"a[href='/add']"}
  (Session info: chrome=96.0.4664.110)
For documentation on this error, please visit: https://www.seleniumhq.org/exceptions/no_such_element.html
Build info: version: '3.141.59', revision: 'e82be7d358', time: '2018-11-14T08:17:03'
System info: host: 'desktopirina', ip: '127.0.1.1', os.name: 'Linux', os.arch: 'amd64', os.version: '5.14.0-1033-oem', java.version: '11.0.15'
Driver info: org.openqa.selenium.chrome.ChromeDriver
Capabilities {acceptInsecureCerts: false, browserName: chrome, browserVersion: 96.0.4664.110, chrome: {chromedriverVersion: 96.0.4664.45 (76e4c1bb2ab46..., userDataDir: /tmp/.com.google.Chrome.jaM5Vf}, goog:chromeOptions: {debuggerAddress: localhost:40733}, javascriptEnabled: true, networkConnectionEnabled: false, pageLoadStrategy: normal, platform: LINUX, platformName: LINUX, proxy: Proxy(), setWindowRect: true, strictFileInteractability: false, timeouts: {implicit: 0, pageLoad: 300000, script: 30000}, unhandledPromptBehavior: dismiss and notify, webauthn:extension:credBlob: true, webauthn:extension:largeBlob: true, webauthn:virtualAuthenticators: true}
Session ID: b42095aefb58abff7c6883a15d513430
*** Element info: {Using=css selector, value=a[href='/add']}
18:02:44.677 INFO  manager.MyListener - This is the link to screen with problem-->src/test/screenshots/screen-164.png
18:02:44.679 INFO  tests.TestBAse - End of testaddNewContactSuccess
18:02:44.686 INFO  tests.TestBAse - Start test --->addNewContactSuccessProviderCSV
18:02:44.686 INFO  manager.MyListener - Start find element--->>>By.xpath: //*[text()='Sign Out']
18:02:49.747 INFO  manager.MyListener - The element with locator--->>>By.xpath: //*[text()='Sign Out']<----was found
18:02:49.747 INFO  manager.MyListener - Start find element--->>>By.cssSelector: [href='/login']
18:02:49.769 INFO  manager.MyListener - The element with locator--->>>By.cssSelector: [href='/login']<----was found
18:02:49.825 INFO  manager.MyListener - Start find element--->>>By.xpath: //input[1]
18:02:54.856 INFO  manager.MyListener - We have a 'throwable'--->>>no such element: Unable to locate element: {"method":"xpath","selector":"//input[1]"}
  (Session info: chrome=96.0.4664.110)
For documentation on this error, please visit: https://www.seleniumhq.org/exceptions/no_such_element.html
Build info: version: '3.141.59', revision: 'e82be7d358', time: '2018-11-14T08:17:03'
System info: host: 'desktopirina', ip: '127.0.1.1', os.name: 'Linux', os.arch: 'amd64', os.version: '5.14.0-1033-oem', java.version: '11.0.15'
Driver info: org.openqa.selenium.chrome.ChromeDriver
Capabilities {acceptInsecureCerts: false, browserName: chrome, browserVersion: 96.0.4664.110, chrome: {chromedriverVersion: 96.0.4664.45 (76e4c1bb2ab46..., userDataDir: /tmp/.com.google.Chrome.jaM5Vf}, goog:chromeOptions: {debuggerAddress: localhost:40733}, javascriptEnabled: true, networkConnectionEnabled: false, pageLoadStrategy: normal, platform: LINUX, platformName: LINUX, proxy: Proxy(), setWindowRect: true, strictFileInteractability: false, timeouts: {implicit: 0, pageLoad: 300000, script: 30000}, unhandledPromptBehavior: dismiss and notify, webauthn:extension:credBlob: true, webauthn:extension:largeBlob: true, webauthn:virtualAuthenticators: true}
Session ID: b42095aefb58abff7c6883a15d513430
*** Element info: {Using=xpath, value=//input[1]}
18:02:54.857 INFO  manager.MyListener - We have a 'fill In Stack Trace'--->>>org.openqa.selenium.NoSuchElementException: no such element: Unable to locate element: {"method":"xpath","selector":"//input[1]"}
  (Session info: chrome=96.0.4664.110)
For documentation on this error, please visit: https://www.seleniumhq.org/exceptions/no_such_element.html
Build info: version: '3.141.59', revision: 'e82be7d358', time: '2018-11-14T08:17:03'
System info: host: 'desktopirina', ip: '127.0.1.1', os.name: 'Linux', os.arch: 'amd64', os.version: '5.14.0-1033-oem', java.version: '11.0.15'
Driver info: org.openqa.selenium.chrome.ChromeDriver
Capabilities {acceptInsecureCerts: false, browserName: chrome, browserVersion: 96.0.4664.110, chrome: {chromedriverVersion: 96.0.4664.45 (76e4c1bb2ab46..., userDataDir: /tmp/.com.google.Chrome.jaM5Vf}, goog:chromeOptions: {debuggerAddress: localhost:40733}, javascriptEnabled: true, networkConnectionEnabled: false, pageLoadStrategy: normal, platform: LINUX, platformName: LINUX, proxy: Proxy(), setWindowRect: true, strictFileInteractability: false, timeouts: {implicit: 0, pageLoad: 300000, script: 30000}, unhandledPromptBehavior: dismiss and notify, webauthn:extension:credBlob: true, webauthn:extension:largeBlob: true, webauthn:virtualAuthenticators: true}
Session ID: b42095aefb58abff7c6883a15d513430
*** Element info: {Using=xpath, value=//input[1]}
18:02:55.328 INFO  manager.MyListener - This is the link to screen with problem-->src/test/screenshots/screen-174.png
18:02:55.331 INFO  manager.TestNgListener - onTestStartnull
18:02:55.353 INFO  tests.TestBAse - Start test --->addNewContactSuccessProviderCSV
18:02:55.354 INFO  manager.MyListener - Start find element--->>>By.xpath: //*[text()='Sign Out']
18:02:55.363 INFO  manager.MyListener - The element with locator--->>>By.xpath: //*[text()='Sign Out']<----was found
18:02:55.364 INFO  manager.TestNgListener - onTestStartnull
18:02:55.365 INFO  tests.TestBAse - Start test --->addNewContactSuccessProviderCSV
18:02:55.366 INFO  manager.MyListener - Start find element--->>>By.xpath: //*[text()='Sign Out']
18:02:55.374 INFO  manager.MyListener - The element with locator--->>>By.xpath: //*[text()='Sign Out']<----was found
18:02:55.375 INFO  manager.TestNgListener - onTestStartnull
18:02:55.377 INFO  tests.TestBAse - Start test --->addNewContactSuccessProviderCSV
18:02:55.378 INFO  manager.MyListener - Start find element--->>>By.xpath: //*[text()='Sign Out']
18:02:55.386 INFO  manager.MyListener - The element with locator--->>>By.xpath: //*[text()='Sign Out']<----was found
18:02:55.387 INFO  manager.TestNgListener - onTestStartnull
18:02:55.390 INFO  tests.TestBAse - Start test --->loginModelCSVDataProvider
18:02:55.391 INFO  manager.MyListener - Start find element--->>>By.xpath: //*[text()='Sign Out']
18:02:55.399 INFO  manager.MyListener - The element with locator--->>>By.xpath: //*[text()='Sign Out']<----was found
18:02:55.400 INFO  manager.MyListener - Start find element--->>>By.xpath: //button[text()='Sign Out']
18:02:55.411 INFO  manager.MyListener - The element with locator--->>>By.xpath: //button[text()='Sign Out']<----was found
18:02:55.443 INFO  tests.TestBAse - start testloginModelCSVDataProvider
18:02:55.444 INFO  manager.TestNgListener - onTestStartnull
18:02:55.451 INFO  manager.MyListener - Start find element--->>>By.cssSelector: [href='/login']
18:02:55.459 INFO  manager.MyListener - The element with locator--->>>By.cssSelector: [href='/login']<----was found
18:02:55.493 INFO  manager.MyListener - Start find element--->>>By.xpath: //input[1]
18:02:55.503 INFO  manager.MyListener - The element with locator--->>>By.xpath: //input[1]<----was found
18:02:55.578 INFO  manager.MyListener - Start find element--->>>By.xpath: //input[2]
18:02:55.590 INFO  manager.MyListener - The element with locator--->>>By.xpath: //input[2]<----was found
18:02:55.670 INFO  manager.MyListener - Start find element--->>>By.xpath: //*[text()=' Login']
18:02:55.683 INFO  manager.MyListener - The element with locator--->>>By.xpath: //*[text()=' Login']<----was found
18:03:00.712 INFO  manager.MyListener - Start find element--->>>By.xpath: //*[text()='Sign Out']
18:03:00.729 INFO  manager.MyListener - The element with locator--->>>By.xpath: //*[text()='Sign Out']<----was found
18:03:00.736 INFO  tests.TestBAse - End of testloginModelCSVDataProvider
18:03:00.738 INFO  tests.TestBAse - Start test --->loginModelCSVDataProvider
18:03:00.739 INFO  manager.MyListener - Start find element--->>>By.xpath: //*[text()='Sign Out']
18:03:00.754 INFO  manager.MyListener - The element with locator--->>>By.xpath: //*[text()='Sign Out']<----was found
18:03:00.755 INFO  manager.MyListener - Start find element--->>>By.xpath: //button[text()='Sign Out']
18:03:00.770 INFO  manager.MyListener - The element with locator--->>>By.xpath: //button[text()='Sign Out']<----was found
18:03:00.812 INFO  tests.TestBAse - start testloginModelCSVDataProvider
18:03:00.813 INFO  manager.TestNgListener - onTestStartnull
18:03:00.814 INFO  manager.MyListener - Start find element--->>>By.cssSelector: [href='/login']
18:03:00.823 INFO  manager.MyListener - The element with locator--->>>By.cssSelector: [href='/login']<----was found
18:03:00.856 INFO  manager.MyListener - Start find element--->>>By.xpath: //input[1]
18:03:00.863 INFO  manager.MyListener - The element with locator--->>>By.xpath: //input[1]<----was found
18:03:00.983 INFO  manager.MyListener - Start find element--->>>By.xpath: //input[2]
18:03:00.991 INFO  manager.MyListener - The element with locator--->>>By.xpath: //input[2]<----was found
18:03:01.061 INFO  manager.MyListener - Start find element--->>>By.xpath: //*[text()=' Login']
18:03:01.070 INFO  manager.MyListener - The element with locator--->>>By.xpath: //*[text()=' Login']<----was found
18:03:06.096 INFO  manager.MyListener - Start find element--->>>By.xpath: //*[text()='Sign Out']
18:03:06.111 INFO  manager.MyListener - The element with locator--->>>By.xpath: //*[text()='Sign Out']<----was found
18:03:06.113 INFO  tests.TestBAse - End of testloginModelCSVDataProvider
18:03:06.115 INFO  tests.TestBAse - Start test --->loginModelCSVDataProvider
18:03:06.117 INFO  manager.MyListener - Start find element--->>>By.xpath: //*[text()='Sign Out']
18:03:06.129 INFO  manager.MyListener - The element with locator--->>>By.xpath: //*[text()='Sign Out']<----was found
18:03:06.130 INFO  manager.MyListener - Start find element--->>>By.xpath: //button[text()='Sign Out']
18:03:06.144 INFO  manager.MyListener - The element with locator--->>>By.xpath: //button[text()='Sign Out']<----was found
18:03:06.201 INFO  tests.TestBAse - start testloginModelCSVDataProvider
18:03:06.202 INFO  manager.TestNgListener - onTestStartnull
18:03:06.202 INFO  manager.MyListener - Start find element--->>>By.cssSelector: [href='/login']
18:03:06.218 INFO  manager.MyListener - The element with locator--->>>By.cssSelector: [href='/login']<----was found
18:03:06.270 INFO  manager.MyListener - Start find element--->>>By.xpath: //input[1]
18:03:06.279 INFO  manager.MyListener - The element with locator--->>>By.xpath: //input[1]<----was found
18:03:06.353 INFO  manager.MyListener - Start find element--->>>By.xpath: //input[2]
18:03:06.361 INFO  manager.MyListener - The element with locator--->>>By.xpath: //input[2]<----was found
18:03:06.440 INFO  manager.MyListener - Start find element--->>>By.xpath: //*[text()=' Login']
18:03:06.448 INFO  manager.MyListener - The element with locator--->>>By.xpath: //*[text()=' Login']<----was found
18:03:11.475 INFO  manager.MyListener - Start find element--->>>By.xpath: //*[text()='Sign Out']
18:03:11.490 INFO  manager.MyListener - The element with locator--->>>By.xpath: //*[text()='Sign Out']<----was found
18:03:11.492 INFO  tests.TestBAse - End of testloginModelCSVDataProvider
18:03:11.493 INFO  tests.TestBAse - Start test --->loginModelCSVDataProvider
18:03:11.494 INFO  manager.MyListener - Start find element--->>>By.xpath: //*[text()='Sign Out']
18:03:11.507 INFO  manager.MyListener - The element with locator--->>>By.xpath: //*[text()='Sign Out']<----was found
18:03:11.508 INFO  manager.MyListener - Start find element--->>>By.xpath: //button[text()='Sign Out']
18:03:11.521 INFO  manager.MyListener - The element with locator--->>>By.xpath: //button[text()='Sign Out']<----was found
18:03:11.573 INFO  tests.TestBAse - start testloginModelCSVDataProvider
18:03:11.574 INFO  manager.TestNgListener - onTestStartnull
18:03:11.574 INFO  manager.MyListener - Start find element--->>>By.cssSelector: [href='/login']
18:03:11.591 INFO  manager.MyListener - The element with locator--->>>By.cssSelector: [href='/login']<----was found
18:03:11.623 INFO  manager.MyListener - Start find element--->>>By.xpath: //input[1]
18:03:11.631 INFO  manager.MyListener - The element with locator--->>>By.xpath: //input[1]<----was found
18:03:11.710 INFO  manager.MyListener - Start find element--->>>By.xpath: //input[2]
18:03:11.718 INFO  manager.MyListener - The element with locator--->>>By.xpath: //input[2]<----was found
18:03:11.790 INFO  manager.MyListener - Start find element--->>>By.xpath: //*[text()=' Login']
18:03:11.804 INFO  manager.MyListener - The element with locator--->>>By.xpath: //*[text()=' Login']<----was found
18:03:16.829 INFO  manager.MyListener - Start find element--->>>By.xpath: //*[text()='Sign Out']
18:03:16.844 INFO  manager.MyListener - The element with locator--->>>By.xpath: //*[text()='Sign Out']<----was found
18:03:16.846 INFO  tests.TestBAse - End of testloginModelCSVDataProvider
18:03:16.848 INFO  tests.TestBAse - Start test --->loginModelDataProvider
18:03:16.849 INFO  manager.MyListener - Start find element--->>>By.xpath: //*[text()='Sign Out']
18:03:16.862 INFO  manager.MyListener - The element with locator--->>>By.xpath: //*[text()='Sign Out']<----was found
18:03:16.862 INFO  manager.MyListener - Start find element--->>>By.xpath: //button[text()='Sign Out']
18:03:16.874 INFO  manager.MyListener - The element with locator--->>>By.xpath: //button[text()='Sign Out']<----was found
18:03:16.926 INFO  tests.TestBAse - start testloginModelDataProvider
18:03:16.926 INFO  manager.TestNgListener - onTestStartnull
18:03:16.927 INFO  manager.MyListener - Start find element--->>>By.cssSelector: [href='/login']
18:03:16.936 INFO  manager.MyListener - The element with locator--->>>By.cssSelector: [href='/login']<----was found
18:03:16.970 INFO  manager.MyListener - Start find element--->>>By.xpath: //input[1]
18:03:16.978 INFO  manager.MyListener - The element with locator--->>>By.xpath: //input[1]<----was found
18:03:17.053 INFO  manager.MyListener - Start find element--->>>By.xpath: //input[2]
18:03:17.060 INFO  manager.MyListener - The element with locator--->>>By.xpath: //input[2]<----was found
18:03:17.133 INFO  manager.MyListener - Start find element--->>>By.xpath: //*[text()=' Login']
18:03:17.140 INFO  manager.MyListener - The element with locator--->>>By.xpath: //*[text()=' Login']<----was found
18:03:22.166 INFO  manager.MyListener - Start find element--->>>By.xpath: //*[text()='Sign Out']
18:03:22.189 INFO  manager.MyListener - The element with locator--->>>By.xpath: //*[text()='Sign Out']<----was found
18:03:22.190 INFO  tests.TestBAse - End of testloginModelDataProvider
18:03:22.191 INFO  tests.TestBAse - Start test --->loginModelDataProvider
18:03:22.192 INFO  manager.MyListener - Start find element--->>>By.xpath: //*[text()='Sign Out']
18:03:22.205 INFO  manager.MyListener - The element with locator--->>>By.xpath: //*[text()='Sign Out']<----was found
18:03:22.206 INFO  manager.MyListener - Start find element--->>>By.xpath: //button[text()='Sign Out']
18:03:22.224 INFO  manager.MyListener - The element with locator--->>>By.xpath: //button[text()='Sign Out']<----was found
18:03:22.280 INFO  tests.TestBAse - start testloginModelDataProvider
18:03:22.281 INFO  manager.TestNgListener - onTestStartnull
18:03:22.283 INFO  manager.MyListener - Start find element--->>>By.cssSelector: [href='/login']
18:03:22.302 INFO  manager.MyListener - The element with locator--->>>By.cssSelector: [href='/login']<----was found
18:03:22.355 INFO  manager.MyListener - Start find element--->>>By.xpath: //input[1]
18:03:22.367 INFO  manager.MyListener - The element with locator--->>>By.xpath: //input[1]<----was found
18:03:22.443 INFO  manager.MyListener - Start find element--->>>By.xpath: //input[2]
18:03:22.454 INFO  manager.MyListener - The element with locator--->>>By.xpath: //input[2]<----was found
18:03:22.530 INFO  manager.MyListener - Start find element--->>>By.xpath: //*[text()=' Login']
18:03:22.540 INFO  manager.MyListener - The element with locator--->>>By.xpath: //*[text()=' Login']<----was found
18:03:27.566 INFO  manager.MyListener - Start find element--->>>By.xpath: //*[text()='Sign Out']
18:03:27.580 INFO  manager.MyListener - The element with locator--->>>By.xpath: //*[text()='Sign Out']<----was found
18:03:27.582 INFO  tests.TestBAse - End of testloginModelDataProvider
18:03:27.583 INFO  tests.TestBAse - Start test --->loginModelDataProvider
18:03:27.584 INFO  manager.MyListener - Start find element--->>>By.xpath: //*[text()='Sign Out']
18:03:27.598 INFO  manager.MyListener - The element with locator--->>>By.xpath: //*[text()='Sign Out']<----was found
18:03:27.599 INFO  manager.MyListener - Start find element--->>>By.xpath: //button[text()='Sign Out']
18:03:27.611 INFO  manager.MyListener - The element with locator--->>>By.xpath: //button[text()='Sign Out']<----was found
18:03:27.668 INFO  tests.TestBAse - start testloginModelDataProvider
18:03:27.669 INFO  manager.TestNgListener - onTestStartnull
18:03:27.670 INFO  manager.MyListener - Start find element--->>>By.cssSelector: [href='/login']
18:03:27.685 INFO  manager.MyListener - The element with locator--->>>By.cssSelector: [href='/login']<----was found
18:03:27.728 INFO  manager.MyListener - Start find element--->>>By.xpath: //input[1]
18:03:27.736 INFO  manager.MyListener - The element with locator--->>>By.xpath: //input[1]<----was found
18:03:27.815 INFO  manager.MyListener - Start find element--->>>By.xpath: //input[2]
18:03:27.822 INFO  manager.MyListener - The element with locator--->>>By.xpath: //input[2]<----was found
18:03:27.947 INFO  manager.MyListener - Start find element--->>>By.xpath: //*[text()=' Login']
18:03:27.955 INFO  manager.MyListener - The element with locator--->>>By.xpath: //*[text()=' Login']<----was found
18:03:32.983 INFO  manager.MyListener - Start find element--->>>By.xpath: //*[text()='Sign Out']
18:03:32.997 INFO  manager.MyListener - The element with locator--->>>By.xpath: //*[text()='Sign Out']<----was found
18:03:32.999 INFO  tests.TestBAse - End of testloginModelDataProvider
18:03:33.000 INFO  tests.TestBAse - Start test --->loginModelDataProvider
18:03:33.001 INFO  manager.MyListener - Start find element--->>>By.xpath: //*[text()='Sign Out']
18:03:33.014 INFO  manager.MyListener - The element with locator--->>>By.xpath: //*[text()='Sign Out']<----was found
18:03:33.014 INFO  manager.MyListener - Start find element--->>>By.xpath: //button[text()='Sign Out']
18:03:33.026 INFO  manager.MyListener - The element with locator--->>>By.xpath: //button[text()='Sign Out']<----was found
18:03:33.056 INFO  tests.TestBAse - start testloginModelDataProvider
18:03:33.057 INFO  manager.TestNgListener - onTestStartnull
18:03:33.057 INFO  manager.MyListener - Start find element--->>>By.cssSelector: [href='/login']
18:03:33.066 INFO  manager.MyListener - The element with locator--->>>By.cssSelector: [href='/login']<----was found
18:03:33.102 INFO  manager.MyListener - Start find element--->>>By.xpath: //input[1]
18:03:33.109 INFO  manager.MyListener - The element with locator--->>>By.xpath: //input[1]<----was found
18:03:33.185 INFO  manager.MyListener - Start find element--->>>By.xpath: //input[2]
18:03:33.193 INFO  manager.MyListener - The element with locator--->>>By.xpath: //input[2]<----was found
18:03:33.263 INFO  manager.MyListener - Start find element--->>>By.xpath: //*[text()=' Login']
18:03:33.270 INFO  manager.MyListener - The element with locator--->>>By.xpath: //*[text()=' Login']<----was found
18:03:38.300 INFO  manager.MyListener - Start find element--->>>By.xpath: //*[text()='Sign Out']
18:03:38.314 INFO  manager.MyListener - The element with locator--->>>By.xpath: //*[text()='Sign Out']<----was found
18:03:38.315 INFO  tests.TestBAse - End of testloginModelDataProvider
18:03:38.317 INFO  tests.TestBAse - Start test --->loginNegativePassword
18:03:38.318 INFO  manager.MyListener - Start find element--->>>By.xpath: //*[text()='Sign Out']
18:03:38.330 INFO  manager.MyListener - The element with locator--->>>By.xpath: //*[text()='Sign Out']<----was found
18:03:38.331 INFO  manager.MyListener - Start find element--->>>By.xpath: //button[text()='Sign Out']
18:03:38.342 INFO  manager.MyListener - The element with locator--->>>By.xpath: //button[text()='Sign Out']<----was found
18:03:38.392 INFO  tests.TestBAse - start testloginNegativePassword
18:03:38.393 INFO  manager.TestNgListener - onTestStartnull
18:03:38.393 INFO  manager.MyListener - Start find element--->>>By.cssSelector: [href='/login']
18:03:38.404 INFO  manager.MyListener - The element with locator--->>>By.cssSelector: [href='/login']<----was found
18:03:38.431 INFO  manager.MyListener - Start find element--->>>By.xpath: //input[1]
18:03:38.439 INFO  manager.MyListener - The element with locator--->>>By.xpath: //input[1]<----was found
18:03:38.512 INFO  manager.MyListener - Start find element--->>>By.xpath: //input[2]
18:03:38.519 INFO  manager.MyListener - The element with locator--->>>By.xpath: //input[2]<----was found
18:03:38.597 INFO  manager.MyListener - Start find element--->>>By.xpath: //*[text()=' Login']
18:03:38.605 INFO  manager.MyListener - The element with locator--->>>By.xpath: //*[text()=' Login']<----was found
18:03:43.682 INFO  tests.TestBAse - End of testloginNegativePassword
18:03:43.684 INFO  tests.TestBAse - Start test --->loginSuccess
18:03:43.685 INFO  manager.MyListener - Start find element--->>>By.xpath: //*[text()='Sign Out']
18:03:48.730 INFO  manager.MyListener - The element with locator--->>>By.xpath: //*[text()='Sign Out']<----was found
18:03:48.730 INFO  manager.TestNgListener - onTestStartnull
18:03:48.732 INFO  tests.TestBAse - End of testloginSuccess
18:03:48.734 INFO  tests.TestBAse - Start test --->loginSuccessModel
18:03:48.735 INFO  manager.MyListener - Start find element--->>>By.xpath: //*[text()='Sign Out']
18:03:53.788 INFO  manager.MyListener - The element with locator--->>>By.xpath: //*[text()='Sign Out']<----was found
18:03:53.789 INFO  manager.TestNgListener - onTestStartnull
18:03:53.790 INFO  manager.MyListener - Start find element--->>>By.cssSelector: [href='/login']
18:03:53.803 INFO  manager.MyListener - The element with locator--->>>By.cssSelector: [href='/login']<----was found
18:03:53.843 INFO  manager.MyListener - Start find element--->>>By.xpath: //input[1]
18:03:53.854 INFO  manager.MyListener - The element with locator--->>>By.xpath: //input[1]<----was found
18:03:53.972 INFO  manager.MyListener - Start find element--->>>By.xpath: //input[2]
18:03:53.979 INFO  manager.MyListener - The element with locator--->>>By.xpath: //input[2]<----was found
18:03:54.057 INFO  manager.MyListener - Start find element--->>>By.xpath: //*[text()=' Login']
18:03:54.064 INFO  manager.MyListener - The element with locator--->>>By.xpath: //*[text()=' Login']<----was found
18:03:59.090 INFO  manager.MyListener - Start find element--->>>By.xpath: //*[text()='Sign Out']
18:03:59.105 INFO  manager.MyListener - The element with locator--->>>By.xpath: //*[text()='Sign Out']<----was found
18:03:59.106 INFO  tests.TestBAse - End of testloginSuccessModel
18:03:59.108 INFO  tests.TestBAse - Start test --->loginSuccessNew
18:03:59.109 INFO  manager.MyListener - Start find element--->>>By.xpath: //*[text()='Sign Out']
18:03:59.121 INFO  manager.MyListener - The element with locator--->>>By.xpath: //*[text()='Sign Out']<----was found
18:03:59.121 INFO  manager.MyListener - Start find element--->>>By.xpath: //button[text()='Sign Out']
18:03:59.135 INFO  manager.MyListener - The element with locator--->>>By.xpath: //button[text()='Sign Out']<----was found
18:03:59.189 INFO  tests.TestBAse - start testloginSuccessNew
18:03:59.189 INFO  manager.TestNgListener - onTestStartnull
18:03:59.190 INFO  tests.TestBAse - Testing 'loginSuccessNew' 
18:03:59.190 INFO  tests.TestBAse - The test starts with data [missira85@gmail.com] & [Passw0rd$]
18:03:59.190 INFO  manager.MyListener - Start find element--->>>By.cssSelector: [href='/login']
18:03:59.201 INFO  manager.MyListener - The element with locator--->>>By.cssSelector: [href='/login']<----was found
18:03:59.254 INFO  manager.MyListener - Start find element--->>>By.xpath: //input[1]
18:03:59.265 INFO  manager.MyListener - The element with locator--->>>By.xpath: //input[1]<----was found
18:03:59.370 INFO  manager.MyListener - Start find element--->>>By.xpath: //input[2]
18:03:59.377 INFO  manager.MyListener - The element with locator--->>>By.xpath: //input[2]<----was found
18:03:59.466 INFO  manager.MyListener - Start find element--->>>By.xpath: //*[text()=' Login']
18:03:59.473 INFO  manager.MyListener - The element with locator--->>>By.xpath: //*[text()=' Login']<----was found
18:04:00.497 INFO  manager.MyListener - Start find element--->>>By.xpath: //*[text()='Sign Out']
18:04:00.512 INFO  manager.MyListener - The element with locator--->>>By.xpath: //*[text()='Sign Out']<----was found
18:04:00.512 INFO  tests.TestBAse - Test 'loginSuccessNew' passed successfully
18:04:00.513 INFO  tests.TestBAse - End of testloginSuccessNew
18:04:00.515 INFO  tests.TestBAse - Start test --->loginSuccessNew1
18:04:00.516 INFO  manager.MyListener - Start find element--->>>By.xpath: //*[text()='Sign Out']
18:04:00.528 INFO  manager.MyListener - The element with locator--->>>By.xpath: //*[text()='Sign Out']<----was found
18:04:00.528 INFO  manager.MyListener - Start find element--->>>By.xpath: //button[text()='Sign Out']
18:04:00.540 INFO  manager.MyListener - The element with locator--->>>By.xpath: //button[text()='Sign Out']<----was found
18:04:00.590 INFO  tests.TestBAse - start testloginSuccessNew1
18:04:00.591 INFO  manager.TestNgListener - onTestStartnull
18:04:00.591 INFO  tests.TestBAse - Testing 'loginSuccessNew1' 
18:04:00.600 INFO  tests.TestBAse - The test starts with emailnoa@gmail.comand password Nnoa12345$
18:04:00.600 INFO  manager.MyListener - Start find element--->>>By.cssSelector: [href='/login']
18:04:00.613 INFO  manager.MyListener - The element with locator--->>>By.cssSelector: [href='/login']<----was found
18:04:00.646 INFO  manager.MyListener - Start find element--->>>By.xpath: //input[1]
18:04:00.654 INFO  manager.MyListener - The element with locator--->>>By.xpath: //input[1]<----was found
18:04:00.725 INFO  manager.MyListener - Start find element--->>>By.xpath: //input[2]
18:04:00.733 INFO  manager.MyListener - The element with locator--->>>By.xpath: //input[2]<----was found
18:04:00.801 INFO  manager.MyListener - Start find element--->>>By.xpath: //*[text()=' Login']
18:04:00.808 INFO  manager.MyListener - The element with locator--->>>By.xpath: //*[text()=' Login']<----was found
18:04:01.833 INFO  manager.MyListener - Start find element--->>>By.xpath: //*[text()='Sign Out']
18:04:01.847 INFO  manager.MyListener - The element with locator--->>>By.xpath: //*[text()='Sign Out']<----was found
18:04:01.848 INFO  tests.TestBAse - End of testloginSuccessNew1
18:04:01.849 INFO  tests.TestBAse - Start test --->loginSuccessNew1
18:04:01.850 INFO  manager.MyListener - Start find element--->>>By.xpath: //*[text()='Sign Out']
18:04:01.862 INFO  manager.MyListener - The element with locator--->>>By.xpath: //*[text()='Sign Out']<----was found
18:04:01.862 INFO  manager.MyListener - Start find element--->>>By.xpath: //button[text()='Sign Out']
18:04:01.874 INFO  manager.MyListener - The element with locator--->>>By.xpath: //button[text()='Sign Out']<----was found
18:04:01.921 INFO  tests.TestBAse - start testloginSuccessNew1
18:04:01.922 INFO  manager.TestNgListener - onTestStartnull
18:04:01.922 INFO  tests.TestBAse - Testing 'loginSuccessNew1' 
18:04:01.922 INFO  tests.TestBAse - The test starts with emailmona@gmail.comand password Mm12345$
18:04:01.922 INFO  manager.MyListener - Start find element--->>>By.cssSelector: [href='/login']
18:04:01.930 INFO  manager.MyListener - The element with locator--->>>By.cssSelector: [href='/login']<----was found
18:04:01.963 INFO  manager.MyListener - Start find element--->>>By.xpath: //input[1]
18:04:01.970 INFO  manager.MyListener - The element with locator--->>>By.xpath: //input[1]<----was found
18:04:02.041 INFO  manager.MyListener - Start find element--->>>By.xpath: //input[2]
18:04:02.048 INFO  manager.MyListener - The element with locator--->>>By.xpath: //input[2]<----was found
18:04:02.116 INFO  manager.MyListener - Start find element--->>>By.xpath: //*[text()=' Login']
18:04:02.123 INFO  manager.MyListener - The element with locator--->>>By.xpath: //*[text()=' Login']<----was found
18:04:03.149 INFO  manager.MyListener - Start find element--->>>By.xpath: //*[text()='Sign Out']
18:04:03.164 INFO  manager.MyListener - The element with locator--->>>By.xpath: //*[text()='Sign Out']<----was found
18:04:03.165 INFO  tests.TestBAse - End of testloginSuccessNew1
18:04:03.166 INFO  tests.TestBAse - Start test --->loginSuccessNew1
18:04:03.167 INFO  manager.MyListener - Start find element--->>>By.xpath: //*[text()='Sign Out']
18:04:03.179 INFO  manager.MyListener - The element with locator--->>>By.xpath: //*[text()='Sign Out']<----was found
18:04:03.179 INFO  manager.MyListener - Start find element--->>>By.xpath: //button[text()='Sign Out']
18:04:03.191 INFO  manager.MyListener - The element with locator--->>>By.xpath: //button[text()='Sign Out']<----was found
18:04:03.246 INFO  tests.TestBAse - start testloginSuccessNew1
18:04:03.247 INFO  manager.TestNgListener - onTestStartnull
18:04:03.247 INFO  tests.TestBAse - Testing 'loginSuccessNew1' 
18:04:03.248 INFO  tests.TestBAse - The test starts with emailzoa@gmail.comand password Zoa12345$
18:04:03.248 INFO  manager.MyListener - Start find element--->>>By.cssSelector: [href='/login']
18:04:03.260 INFO  manager.MyListener - The element with locator--->>>By.cssSelector: [href='/login']<----was found
18:04:03.314 INFO  manager.MyListener - Start find element--->>>By.xpath: //input[1]
18:04:03.327 INFO  manager.MyListener - The element with locator--->>>By.xpath: //input[1]<----was found
18:04:03.464 INFO  manager.MyListener - Start find element--->>>By.xpath: //input[2]
18:04:03.474 INFO  manager.MyListener - The element with locator--->>>By.xpath: //input[2]<----was found
18:04:03.586 INFO  manager.MyListener - Start find element--->>>By.xpath: //*[text()=' Login']
18:04:03.593 INFO  manager.MyListener - The element with locator--->>>By.xpath: //*[text()=' Login']<----was found
18:04:04.619 INFO  manager.MyListener - Start find element--->>>By.xpath: //*[text()='Sign Out']
18:04:04.633 INFO  manager.MyListener - The element with locator--->>>By.xpath: //*[text()='Sign Out']<----was found
18:04:04.634 INFO  tests.TestBAse - End of testloginSuccessNew1
18:04:04.635 INFO  tests.TestBAse - Start test --->loginSuccessNew1
18:04:04.636 INFO  manager.MyListener - Start find element--->>>By.xpath: //*[text()='Sign Out']
18:04:04.649 INFO  manager.MyListener - The element with locator--->>>By.xpath: //*[text()='Sign Out']<----was found
18:04:04.649 INFO  manager.MyListener - Start find element--->>>By.xpath: //button[text()='Sign Out']
18:04:04.663 INFO  manager.MyListener - The element with locator--->>>By.xpath: //button[text()='Sign Out']<----was found
18:04:04.717 INFO  tests.TestBAse - start testloginSuccessNew1
18:04:04.718 INFO  manager.TestNgListener - onTestStartnull
18:04:04.719 INFO  tests.TestBAse - Testing 'loginSuccessNew1' 
18:04:04.719 INFO  tests.TestBAse - The test starts with emailwick416@gmail.comand password Ww12345$
18:04:04.719 INFO  manager.MyListener - Start find element--->>>By.cssSelector: [href='/login']
18:04:04.731 INFO  manager.MyListener - The element with locator--->>>By.cssSelector: [href='/login']<----was found
18:04:04.782 INFO  manager.MyListener - Start find element--->>>By.xpath: //input[1]
18:04:04.792 INFO  manager.MyListener - The element with locator--->>>By.xpath: //input[1]<----was found
18:04:04.911 INFO  manager.MyListener - Start find element--->>>By.xpath: //input[2]
18:04:04.919 INFO  manager.MyListener - The element with locator--->>>By.xpath: //input[2]<----was found
18:04:04.990 INFO  manager.MyListener - Start find element--->>>By.xpath: //*[text()=' Login']
18:04:04.997 INFO  manager.MyListener - The element with locator--->>>By.xpath: //*[text()=' Login']<----was found
18:04:06.022 INFO  manager.MyListener - Start find element--->>>By.xpath: //*[text()='Sign Out']
18:04:06.037 INFO  manager.MyListener - The element with locator--->>>By.xpath: //*[text()='Sign Out']<----was found
18:04:06.039 INFO  tests.TestBAse - End of testloginSuccessNew1
18:04:06.041 INFO  manager.TestNgListener - onTestStartnull
18:04:07.488 INFO  tests.TestBAse - Start test --->registrationSuccess
18:04:07.489 INFO  manager.MyListener - Start find element--->>>By.xpath: //*[text()='Sign Out']
18:04:07.499 INFO  manager.MyListener - The element with locator--->>>By.xpath: //*[text()='Sign Out']<----was found
18:04:07.499 INFO  manager.MyListener - Start find element--->>>By.xpath: //button[text()='Sign Out']
18:04:07.509 INFO  manager.MyListener - The element with locator--->>>By.xpath: //button[text()='Sign Out']<----was found
18:04:07.560 INFO  manager.TestNgListener - onTestStartnull
18:04:07.560 INFO  manager.MyListener - Start find element--->>>By.cssSelector: [href='/login']
18:04:07.568 INFO  manager.MyListener - The element with locator--->>>By.cssSelector: [href='/login']<----was found
18:04:07.597 INFO  manager.MyListener - Start find element--->>>By.xpath: //input[1]
18:04:07.604 INFO  manager.MyListener - The element with locator--->>>By.xpath: //input[1]<----was found
18:04:07.682 INFO  manager.MyListener - Start find element--->>>By.xpath: //input[2]
18:04:07.690 INFO  manager.MyListener - The element with locator--->>>By.xpath: //input[2]<----was found
18:04:07.760 INFO  manager.MyListener - Start find element--->>>By.xpath: //*[text()=' Registration']
18:04:07.770 INFO  manager.MyListener - The element with locator--->>>By.xpath: //*[text()=' Registration']<----was found
18:04:08.804 INFO  manager.MyListener - Start find element--->>>By.xpath: //*[text()='Sign Out']
18:04:08.818 INFO  manager.MyListener - The element with locator--->>>By.xpath: //*[text()='Sign Out']<----was found
18:04:08.820 INFO  tests.TestBAse - End of testregistrationSuccess
18:04:08.822 INFO  tests.TestBAse - Start test --->registrationSuccessModel
18:04:08.822 INFO  manager.MyListener - Start find element--->>>By.xpath: //*[text()='Sign Out']
18:04:08.834 INFO  manager.MyListener - The element with locator--->>>By.xpath: //*[text()='Sign Out']<----was found
18:04:08.834 INFO  manager.MyListener - Start find element--->>>By.xpath: //button[text()='Sign Out']
18:04:08.846 INFO  manager.MyListener - The element with locator--->>>By.xpath: //button[text()='Sign Out']<----was found
18:04:08.900 INFO  manager.TestNgListener - onTestStartnull
18:04:08.902 INFO  manager.MyListener - Start find element--->>>By.cssSelector: [href='/login']
18:04:08.912 INFO  manager.MyListener - The element with locator--->>>By.cssSelector: [href='/login']<----was found
18:04:08.968 INFO  manager.MyListener - Start find element--->>>By.xpath: //input[1]
18:04:08.979 INFO  manager.MyListener - The element with locator--->>>By.xpath: //input[1]<----was found
18:04:09.058 INFO  manager.MyListener - Start find element--->>>By.xpath: //input[2]
18:04:09.065 INFO  manager.MyListener - The element with locator--->>>By.xpath: //input[2]<----was found
18:04:09.132 INFO  manager.MyListener - Start find element--->>>By.xpath: //*[text()=' Registration']
18:04:09.139 INFO  manager.MyListener - The element with locator--->>>By.xpath: //*[text()=' Registration']<----was found
18:04:10.164 INFO  manager.MyListener - Start find element--->>>By.xpath: //*[text()='Sign Out']
18:04:10.178 INFO  manager.MyListener - The element with locator--->>>By.xpath: //*[text()='Sign Out']<----was found
18:04:10.179 INFO  tests.TestBAse - End of testregistrationSuccessModel
18:04:10.181 INFO  tests.TestBAse - Start test --->registrationWrongPasswordModel
18:04:10.181 INFO  manager.MyListener - Start find element--->>>By.xpath: //*[text()='Sign Out']
18:04:10.193 INFO  manager.MyListener - The element with locator--->>>By.xpath: //*[text()='Sign Out']<----was found
18:04:10.193 INFO  manager.MyListener - Start find element--->>>By.xpath: //button[text()='Sign Out']
18:04:10.205 INFO  manager.MyListener - The element with locator--->>>By.xpath: //button[text()='Sign Out']<----was found
18:04:10.262 INFO  manager.TestNgListener - onTestStartnull
18:04:10.262 INFO  manager.MyListener - Start find element--->>>By.cssSelector: [href='/login']
18:04:10.275 INFO  manager.MyListener - The element with locator--->>>By.cssSelector: [href='/login']<----was found
18:04:10.328 INFO  manager.MyListener - Start find element--->>>By.xpath: //input[1]
18:04:10.341 INFO  manager.MyListener - The element with locator--->>>By.xpath: //input[1]<----was found
18:04:10.443 INFO  manager.MyListener - Start find element--->>>By.xpath: //input[2]
18:04:10.450 INFO  manager.MyListener - The element with locator--->>>By.xpath: //input[2]<----was found
18:04:10.524 INFO  manager.MyListener - Start find element--->>>By.xpath: //*[text()=' Registration']
18:04:10.531 INFO  manager.MyListener - The element with locator--->>>By.xpath: //*[text()=' Registration']<----was found
18:04:16.590 INFO  manager.MyListener - Start find element--->>>By.xpath: //*[.='Registration failed with code 400']
18:04:16.633 INFO  manager.MyListener - The element with locator--->>>By.xpath: //*[.='Registration failed with code 400']<----was found
18:04:16.635 INFO  tests.TestBAse - End of testregistrationWrongPasswordModel
18:04:16.638 INFO  tests.TestBAse - Start test --->removeOneContactTaya
18:04:16.639 INFO  manager.MyListener - Start find element--->>>By.xpath: //*[text()='Sign Out']
18:04:21.675 INFO  manager.MyListener - The element with locator--->>>By.xpath: //*[text()='Sign Out']<----was found
18:04:21.676 INFO  manager.MyListener - Start find element--->>>By.cssSelector: [href='/login']
18:04:21.694 INFO  manager.MyListener - The element with locator--->>>By.cssSelector: [href='/login']<----was found
18:04:21.744 INFO  manager.MyListener - Start find element--->>>By.xpath: //input[1]
18:04:21.762 INFO  manager.MyListener - The element with locator--->>>By.xpath: //input[1]<----was found
18:04:21.939 INFO  manager.MyListener - Start find element--->>>By.xpath: //input[2]
18:04:21.951 INFO  manager.MyListener - The element with locator--->>>By.xpath: //input[2]<----was found
18:04:22.038 INFO  manager.MyListener - Start find element--->>>By.xpath: //*[text()=' Login']
18:04:22.049 INFO  manager.MyListener - The element with locator--->>>By.xpath: //*[text()=' Login']<----was found
18:04:22.074 INFO  tests.TestBAse - Start testremoveOneContactTaya
18:04:22.075 INFO  manager.TestNgListener - onTestStartnull
18:04:22.075 INFO  tests.TestBAse - Test 'removeOneContactTaya' started
18:04:22.075 INFO  manager.MyListener - Start find element--->>>By.cssSelector: .contact-item_card__2SOIM
18:04:27.103 INFO  manager.MyListener - The element with locator--->>>By.cssSelector: .contact-item_card__2SOIM<----was found
18:04:27.103 INFO  manager.MyListener - Start find element--->>>By.cssSelector: .contact-item_card__2SOIM
18:04:32.164 INFO  manager.MyListener - The element with locator--->>>By.cssSelector: .contact-item_card__2SOIM<----was found
18:04:32.164 INFO  manager.MyListener - Start find element--->>>By.cssSelector: .contact-item_card__2SOIM
18:04:37.194 INFO  manager.MyListener - The element with locator--->>>By.cssSelector: .contact-item_card__2SOIM<----was found
18:04:37.197 INFO  tests.TestBAse - End of testremoveOneContactTaya
18:04:37.200 INFO  tests.TestBAse - Start test --->removeAllContactTaya
18:04:37.200 INFO  manager.MyListener - Start find element--->>>By.xpath: //*[text()='Sign Out']
18:04:37.215 INFO  manager.MyListener - The element with locator--->>>By.xpath: //*[text()='Sign Out']<----was found
18:04:37.216 INFO  manager.TestNgListener - onTestStartnull
18:04:37.216 INFO  manager.MyListener - Start find element--->>>By.cssSelector: .contact-item_card__2SOIM
18:04:42.233 INFO  manager.MyListener - The element with locator--->>>By.cssSelector: .contact-item_card__2SOIM<----was found
18:04:42.234 INFO  manager.MyListener - Start find element--->>>By.cssSelector: .contact-page_message__2qafk
18:04:42.254 INFO  manager.MyListener - The element with locator--->>>By.cssSelector: .contact-page_message__2qafk<----was found
18:04:42.255 INFO  tests.TestBAse - End of testremoveAllContactTaya
18:04:42.346 INFO  manager.TestNgListener - onFinish(ISuite suite)
