10:19:09.448 INFO  manager.TestNgListener - onStart(ISuite suite)
10:19:09.474 INFO  manager.TestNgListener - onTestStartnull
10:19:11.242 INFO  manager.TestNgListener - onFinish(ISuite suite)
10:19:11.771 INFO  manager.ApplicationManager - All tests start in ChromeDriver
10:19:12.448 INFO  manager.MyListener - Start find element--->>>By.xpath: //*[text()='Sign Out']
10:19:17.507 INFO  manager.MyListener - The element with locator--->>>By.xpath: //*[text()='Sign Out']<----was found
10:19:17.522 INFO  manager.MyListener - Start find element--->>>By.cssSelector: [href='/login']
10:19:17.544 INFO  manager.MyListener - The element with locator--->>>By.cssSelector: [href='/login']<----was found
10:19:17.605 INFO  manager.MyListener - Start find element--->>>By.xpath: //input[1]
10:19:17.617 INFO  manager.MyListener - The element with locator--->>>By.xpath: //input[1]<----was found
10:19:17.708 INFO  manager.MyListener - Start find element--->>>By.xpath: //input[2]
10:19:17.723 INFO  manager.MyListener - The element with locator--->>>By.xpath: //input[2]<----was found
10:19:17.802 INFO  manager.MyListener - Start find element--->>>By.xpath: //*[text()=' Login']
10:19:17.815 INFO  manager.MyListener - The element with locator--->>>By.xpath: //*[text()=' Login']<----was found
10:19:22.844 INFO  manager.MyListener - Start find element--->>>By.xpath: //*[text()='Sign Out']
10:19:22.861 INFO  manager.MyListener - The element with locator--->>>By.xpath: //*[text()='Sign Out']<----was found
10:19:22.866 INFO  tests.TestBAse - End of testloginModelCSVDataProvider
10:19:22.868 INFO  manager.MyListener - Start find element--->>>By.xpath: //*[text()='Sign Out']
10:19:22.882 INFO  manager.MyListener - The element with locator--->>>By.xpath: //*[text()='Sign Out']<----was found
10:19:22.883 INFO  manager.MyListener - Start find element--->>>By.xpath: //button[text()='Sign Out']
10:19:22.904 INFO  manager.MyListener - The element with locator--->>>By.xpath: //button[text()='Sign Out']<----was found
10:19:22.961 INFO  tests.TestBAse - start testloginModelCSVDataProvider
10:19:22.963 INFO  manager.MyListener - Start find element--->>>By.cssSelector: [href='/login']
10:19:22.980 INFO  manager.MyListener - The element with locator--->>>By.cssSelector: [href='/login']<----was found
10:19:23.034 INFO  manager.MyListener - Start find element--->>>By.xpath: //input[1]
10:19:23.043 INFO  manager.MyListener - The element with locator--->>>By.xpath: //input[1]<----was found
10:19:23.118 INFO  manager.MyListener - Start find element--->>>By.xpath: //input[2]
10:19:23.126 INFO  manager.MyListener - The element with locator--->>>By.xpath: //input[2]<----was found
10:19:23.198 INFO  manager.MyListener - Start find element--->>>By.xpath: //*[text()=' Login']
10:19:23.205 INFO  manager.MyListener - The element with locator--->>>By.xpath: //*[text()=' Login']<----was found
10:19:28.233 INFO  manager.MyListener - Start find element--->>>By.xpath: //*[text()='Sign Out']
10:19:28.248 INFO  manager.MyListener - The element with locator--->>>By.xpath: //*[text()='Sign Out']<----was found
10:19:28.250 INFO  tests.TestBAse - End of testloginModelCSVDataProvider
10:19:28.251 INFO  manager.MyListener - Start find element--->>>By.xpath: //*[text()='Sign Out']
10:19:28.265 INFO  manager.MyListener - The element with locator--->>>By.xpath: //*[text()='Sign Out']<----was found
10:19:28.266 INFO  manager.MyListener - Start find element--->>>By.xpath: //button[text()='Sign Out']
10:19:28.278 INFO  manager.MyListener - The element with locator--->>>By.xpath: //button[text()='Sign Out']<----was found
10:19:28.336 INFO  tests.TestBAse - start testloginModelCSVDataProvider
10:19:28.338 INFO  manager.MyListener - Start find element--->>>By.cssSelector: [href='/login']
10:19:28.355 INFO  manager.MyListener - The element with locator--->>>By.cssSelector: [href='/login']<----was found
10:19:28.408 INFO  manager.MyListener - Start find element--->>>By.xpath: //input[1]
10:19:28.420 INFO  manager.MyListener - The element with locator--->>>By.xpath: //input[1]<----was found
10:19:28.515 INFO  manager.MyListener - Start find element--->>>By.xpath: //input[2]
10:19:28.523 INFO  manager.MyListener - The element with locator--->>>By.xpath: //input[2]<----was found
10:19:28.596 INFO  manager.MyListener - Start find element--->>>By.xpath: //*[text()=' Login']
10:19:28.604 INFO  manager.MyListener - The element with locator--->>>By.xpath: //*[text()=' Login']<----was found
10:19:33.631 INFO  manager.MyListener - Start find element--->>>By.xpath: //*[text()='Sign Out']
10:19:33.647 INFO  manager.MyListener - The element with locator--->>>By.xpath: //*[text()='Sign Out']<----was found
10:19:33.649 INFO  tests.TestBAse - End of testloginModelCSVDataProvider
10:19:33.651 INFO  manager.MyListener - Start find element--->>>By.xpath: //*[text()='Sign Out']
10:19:33.664 INFO  manager.MyListener - The element with locator--->>>By.xpath: //*[text()='Sign Out']<----was found
10:19:33.665 INFO  manager.MyListener - Start find element--->>>By.xpath: //button[text()='Sign Out']
10:19:33.675 INFO  manager.MyListener - The element with locator--->>>By.xpath: //button[text()='Sign Out']<----was found
10:19:33.714 INFO  tests.TestBAse - start testloginModelCSVDataProvider
10:19:33.714 INFO  manager.MyListener - Start find element--->>>By.cssSelector: [href='/login']
10:19:33.722 INFO  manager.MyListener - The element with locator--->>>By.cssSelector: [href='/login']<----was found
10:19:33.750 INFO  manager.MyListener - Start find element--->>>By.xpath: //input[1]
10:19:33.757 INFO  manager.MyListener - The element with locator--->>>By.xpath: //input[1]<----was found
10:19:33.849 INFO  manager.MyListener - Start find element--->>>By.xpath: //input[2]
10:19:33.857 INFO  manager.MyListener - The element with locator--->>>By.xpath: //input[2]<----was found
10:19:33.932 INFO  manager.MyListener - Start find element--->>>By.xpath: //*[text()=' Login']
10:19:33.941 INFO  manager.MyListener - The element with locator--->>>By.xpath: //*[text()=' Login']<----was found
10:19:38.972 INFO  manager.MyListener - Start find element--->>>By.xpath: //*[text()='Sign Out']
10:19:38.988 INFO  manager.MyListener - The element with locator--->>>By.xpath: //*[text()='Sign Out']<----was found
10:19:38.990 INFO  tests.TestBAse - End of testloginModelCSVDataProvider
10:19:38.992 INFO  manager.MyListener - Start find element--->>>By.xpath: //*[text()='Sign Out']
10:19:39.005 INFO  manager.MyListener - The element with locator--->>>By.xpath: //*[text()='Sign Out']<----was found
10:19:39.006 INFO  manager.MyListener - Start find element--->>>By.xpath: //button[text()='Sign Out']
10:19:39.019 INFO  manager.MyListener - The element with locator--->>>By.xpath: //button[text()='Sign Out']<----was found
10:19:39.073 INFO  tests.TestBAse - start testloginModelDataProvider
10:19:39.074 INFO  manager.MyListener - Start find element--->>>By.cssSelector: [href='/login']
10:19:39.082 INFO  manager.MyListener - The element with locator--->>>By.cssSelector: [href='/login']<----was found
10:19:39.108 INFO  manager.MyListener - Start find element--->>>By.xpath: //input[1]
10:19:39.116 INFO  manager.MyListener - The element with locator--->>>By.xpath: //input[1]<----was found
10:19:39.191 INFO  manager.MyListener - Start find element--->>>By.xpath: //input[2]
10:19:39.202 INFO  manager.MyListener - The element with locator--->>>By.xpath: //input[2]<----was found
10:19:39.274 INFO  manager.MyListener - Start find element--->>>By.xpath: //*[text()=' Login']
10:19:39.282 INFO  manager.MyListener - The element with locator--->>>By.xpath: //*[text()=' Login']<----was found
10:19:44.313 INFO  manager.MyListener - Start find element--->>>By.xpath: //*[text()='Sign Out']
10:19:44.329 INFO  manager.MyListener - The element with locator--->>>By.xpath: //*[text()='Sign Out']<----was found
10:19:44.331 INFO  tests.TestBAse - End of testloginModelDataProvider
10:19:44.332 INFO  manager.MyListener - Start find element--->>>By.xpath: //*[text()='Sign Out']
10:19:44.346 INFO  manager.MyListener - The element with locator--->>>By.xpath: //*[text()='Sign Out']<----was found
10:19:44.346 INFO  manager.MyListener - Start find element--->>>By.xpath: //button[text()='Sign Out']
10:19:44.355 INFO  manager.MyListener - The element with locator--->>>By.xpath: //button[text()='Sign Out']<----was found
10:19:44.386 INFO  tests.TestBAse - start testloginModelDataProvider
10:19:44.387 INFO  manager.MyListener - Start find element--->>>By.cssSelector: [href='/login']
10:19:44.394 INFO  manager.MyListener - The element with locator--->>>By.cssSelector: [href='/login']<----was found
10:19:44.428 INFO  manager.MyListener - Start find element--->>>By.xpath: //input[1]
10:19:44.440 INFO  manager.MyListener - The element with locator--->>>By.xpath: //input[1]<----was found
10:19:44.543 INFO  manager.MyListener - Start find element--->>>By.xpath: //input[2]
10:19:44.551 INFO  manager.MyListener - The element with locator--->>>By.xpath: //input[2]<----was found
10:19:44.646 INFO  manager.MyListener - Start find element--->>>By.xpath: //*[text()=' Login']
10:19:44.654 INFO  manager.MyListener - The element with locator--->>>By.xpath: //*[text()=' Login']<----was found
10:19:49.683 INFO  manager.MyListener - Start find element--->>>By.xpath: //*[text()='Sign Out']
10:19:49.698 INFO  manager.MyListener - The element with locator--->>>By.xpath: //*[text()='Sign Out']<----was found
10:19:49.701 INFO  tests.TestBAse - End of testloginModelDataProvider
10:19:49.702 INFO  manager.MyListener - Start find element--->>>By.xpath: //*[text()='Sign Out']
10:19:49.715 INFO  manager.MyListener - The element with locator--->>>By.xpath: //*[text()='Sign Out']<----was found
10:19:49.716 INFO  manager.MyListener - Start find element--->>>By.xpath: //button[text()='Sign Out']
10:19:49.728 INFO  manager.MyListener - The element with locator--->>>By.xpath: //button[text()='Sign Out']<----was found
10:19:49.778 INFO  tests.TestBAse - start testloginModelDataProvider
10:19:49.779 INFO  manager.MyListener - Start find element--->>>By.cssSelector: [href='/login']
10:19:49.786 INFO  manager.MyListener - The element with locator--->>>By.cssSelector: [href='/login']<----was found
10:19:49.820 INFO  manager.MyListener - Start find element--->>>By.xpath: //input[1]
10:19:49.827 INFO  manager.MyListener - The element with locator--->>>By.xpath: //input[1]<----was found
10:19:49.912 INFO  manager.MyListener - Start find element--->>>By.xpath: //input[2]
10:19:49.920 INFO  manager.MyListener - The element with locator--->>>By.xpath: //input[2]<----was found
10:19:49.989 INFO  manager.MyListener - Start find element--->>>By.xpath: //*[text()=' Login']
10:19:49.996 INFO  manager.MyListener - The element with locator--->>>By.xpath: //*[text()=' Login']<----was found
10:19:55.021 INFO  manager.MyListener - Start find element--->>>By.xpath: //*[text()='Sign Out']
10:19:55.036 INFO  manager.MyListener - The element with locator--->>>By.xpath: //*[text()='Sign Out']<----was found
10:19:55.038 INFO  tests.TestBAse - End of testloginModelDataProvider
10:19:55.040 INFO  manager.MyListener - Start find element--->>>By.xpath: //*[text()='Sign Out']
10:19:55.054 INFO  manager.MyListener - The element with locator--->>>By.xpath: //*[text()='Sign Out']<----was found
10:19:55.054 INFO  manager.MyListener - Start find element--->>>By.xpath: //button[text()='Sign Out']
10:19:55.067 INFO  manager.MyListener - The element with locator--->>>By.xpath: //button[text()='Sign Out']<----was found
10:19:55.125 INFO  tests.TestBAse - start testloginModelDataProvider
10:19:55.127 INFO  manager.MyListener - Start find element--->>>By.cssSelector: [href='/login']
10:19:55.135 INFO  manager.MyListener - The element with locator--->>>By.cssSelector: [href='/login']<----was found
10:19:55.163 INFO  manager.MyListener - Start find element--->>>By.xpath: //input[1]
10:19:55.171 INFO  manager.MyListener - The element with locator--->>>By.xpath: //input[1]<----was found
10:19:55.249 INFO  manager.MyListener - Start find element--->>>By.xpath: //input[2]
10:19:55.258 INFO  manager.MyListener - The element with locator--->>>By.xpath: //input[2]<----was found
10:19:55.331 INFO  manager.MyListener - Start find element--->>>By.xpath: //*[text()=' Login']
10:19:55.339 INFO  manager.MyListener - The element with locator--->>>By.xpath: //*[text()=' Login']<----was found
10:20:00.364 INFO  manager.MyListener - Start find element--->>>By.xpath: //*[text()='Sign Out']
10:20:00.379 INFO  manager.MyListener - The element with locator--->>>By.xpath: //*[text()='Sign Out']<----was found
10:20:00.381 INFO  tests.TestBAse - End of testloginModelDataProvider
10:20:00.382 INFO  manager.MyListener - Start find element--->>>By.xpath: //*[text()='Sign Out']
10:20:00.395 INFO  manager.MyListener - The element with locator--->>>By.xpath: //*[text()='Sign Out']<----was found
10:20:00.396 INFO  manager.MyListener - Start find element--->>>By.xpath: //button[text()='Sign Out']
10:20:00.410 INFO  manager.MyListener - The element with locator--->>>By.xpath: //button[text()='Sign Out']<----was found
10:20:00.471 INFO  tests.TestBAse - start testloginNegativePassword
10:20:00.472 INFO  manager.MyListener - Start find element--->>>By.cssSelector: [href='/login']
10:20:00.480 INFO  manager.MyListener - The element with locator--->>>By.cssSelector: [href='/login']<----was found
10:20:00.506 INFO  manager.MyListener - Start find element--->>>By.xpath: //input[1]
10:20:00.513 INFO  manager.MyListener - The element with locator--->>>By.xpath: //input[1]<----was found
10:20:00.605 INFO  manager.MyListener - Start find element--->>>By.xpath: //input[2]
10:20:00.613 INFO  manager.MyListener - The element with locator--->>>By.xpath: //input[2]<----was found
10:20:00.685 INFO  manager.MyListener - Start find element--->>>By.xpath: //*[text()=' Login']
10:20:00.692 INFO  manager.MyListener - The element with locator--->>>By.xpath: //*[text()=' Login']<----was found
10:20:05.751 INFO  tests.TestBAse - End of testloginNegativePassword
10:20:05.752 INFO  manager.MyListener - Start find element--->>>By.xpath: //*[text()='Sign Out']
10:20:10.764 INFO  manager.MyListener - The element with locator--->>>By.xpath: //*[text()='Sign Out']<----was found
10:20:10.766 INFO  tests.TestBAse - End of testloginSuccess
10:20:10.767 INFO  manager.MyListener - Start find element--->>>By.xpath: //*[text()='Sign Out']
10:20:15.816 INFO  manager.MyListener - The element with locator--->>>By.xpath: //*[text()='Sign Out']<----was found
10:20:15.817 INFO  manager.MyListener - Start find element--->>>By.cssSelector: [href='/login']
10:20:15.828 INFO  manager.MyListener - The element with locator--->>>By.cssSelector: [href='/login']<----was found
10:20:15.848 INFO  manager.MyListener - Start find element--->>>By.xpath: //input[1]
10:20:15.855 INFO  manager.MyListener - The element with locator--->>>By.xpath: //input[1]<----was found
10:20:15.961 INFO  manager.MyListener - Start find element--->>>By.xpath: //input[2]
10:20:15.968 INFO  manager.MyListener - The element with locator--->>>By.xpath: //input[2]<----was found
10:20:16.055 INFO  manager.MyListener - Start find element--->>>By.xpath: //*[text()=' Login']
10:20:16.063 INFO  manager.MyListener - The element with locator--->>>By.xpath: //*[text()=' Login']<----was found
10:20:21.088 INFO  manager.MyListener - Start find element--->>>By.xpath: //*[text()='Sign Out']
10:20:21.102 INFO  manager.MyListener - The element with locator--->>>By.xpath: //*[text()='Sign Out']<----was found
10:20:21.104 INFO  tests.TestBAse - End of testloginSuccessModel
10:20:21.105 INFO  manager.MyListener - Start find element--->>>By.xpath: //*[text()='Sign Out']
10:20:21.118 INFO  manager.MyListener - The element with locator--->>>By.xpath: //*[text()='Sign Out']<----was found
10:20:21.118 INFO  manager.MyListener - Start find element--->>>By.xpath: //button[text()='Sign Out']
10:20:21.137 INFO  manager.MyListener - The element with locator--->>>By.xpath: //button[text()='Sign Out']<----was found
10:20:21.193 INFO  tests.TestBAse - start testloginSuccessNew
10:20:21.193 INFO  tests.TestBAse - Testing 'loginSuccessNew' 
10:20:21.194 INFO  tests.TestBAse - The test starts with data [missira85@gmail.com] & [Passw0rd$]
10:20:21.194 INFO  manager.MyListener - Start find element--->>>By.cssSelector: [href='/login']
10:20:21.201 INFO  manager.MyListener - The element with locator--->>>By.cssSelector: [href='/login']<----was found
10:20:21.228 INFO  manager.MyListener - Start find element--->>>By.xpath: //input[1]
10:20:21.234 INFO  manager.MyListener - The element with locator--->>>By.xpath: //input[1]<----was found
10:20:21.310 INFO  manager.MyListener - Start find element--->>>By.xpath: //input[2]
10:20:21.317 INFO  manager.MyListener - The element with locator--->>>By.xpath: //input[2]<----was found
10:20:21.405 INFO  manager.MyListener - Start find element--->>>By.xpath: //*[text()=' Login']
10:20:21.412 INFO  manager.MyListener - The element with locator--->>>By.xpath: //*[text()=' Login']<----was found
10:20:22.438 INFO  manager.MyListener - Start find element--->>>By.xpath: //*[text()='Sign Out']
10:20:22.452 INFO  manager.MyListener - The element with locator--->>>By.xpath: //*[text()='Sign Out']<----was found
10:20:22.453 INFO  tests.TestBAse - Test 'loginSuccessNew' passed successfully
10:20:22.454 INFO  tests.TestBAse - End of testloginSuccessNew
10:20:22.456 INFO  manager.MyListener - Start find element--->>>By.xpath: //*[text()='Sign Out']
10:20:22.468 INFO  manager.MyListener - The element with locator--->>>By.xpath: //*[text()='Sign Out']<----was found
10:20:22.469 INFO  manager.MyListener - Start find element--->>>By.xpath: //button[text()='Sign Out']
10:20:22.481 INFO  manager.MyListener - The element with locator--->>>By.xpath: //button[text()='Sign Out']<----was found
10:20:22.525 INFO  tests.TestBAse - start testloginSuccessNew1
10:20:22.526 INFO  tests.TestBAse - Testing 'loginSuccessNew1' 
10:20:22.531 INFO  tests.TestBAse - The test starts with emailmissira85@gmail.comand password Passw0rd$
10:20:22.531 INFO  manager.MyListener - Start find element--->>>By.cssSelector: [href='/login']
10:20:22.539 INFO  manager.MyListener - The element with locator--->>>By.cssSelector: [href='/login']<----was found
10:20:22.575 INFO  manager.MyListener - Start find element--->>>By.xpath: //input[1]
10:20:22.582 INFO  manager.MyListener - The element with locator--->>>By.xpath: //input[1]<----was found
10:20:22.663 INFO  manager.MyListener - Start find element--->>>By.xpath: //input[2]
10:20:22.671 INFO  manager.MyListener - The element with locator--->>>By.xpath: //input[2]<----was found
10:20:22.774 INFO  manager.MyListener - Start find element--->>>By.xpath: //*[text()=' Login']
10:20:22.786 INFO  manager.MyListener - The element with locator--->>>By.xpath: //*[text()=' Login']<----was found
10:20:23.820 INFO  manager.MyListener - Start find element--->>>By.xpath: //*[text()='Sign Out']
10:20:23.835 INFO  manager.MyListener - The element with locator--->>>By.xpath: //*[text()='Sign Out']<----was found
10:20:23.836 INFO  tests.TestBAse - End of testloginSuccessNew1
10:20:23.837 INFO  manager.MyListener - Start find element--->>>By.xpath: //*[text()='Sign Out']
10:20:23.850 INFO  manager.MyListener - The element with locator--->>>By.xpath: //*[text()='Sign Out']<----was found
10:20:23.850 INFO  manager.MyListener - Start find element--->>>By.xpath: //button[text()='Sign Out']
10:20:23.858 INFO  manager.MyListener - The element with locator--->>>By.xpath: //button[text()='Sign Out']<----was found
10:20:23.903 INFO  tests.TestBAse - start testloginSuccessNew1
10:20:23.904 INFO  tests.TestBAse - Testing 'loginSuccessNew1' 
10:20:23.905 INFO  tests.TestBAse - The test starts with emailmissira85@gmail.comand password Passw0rd$
10:20:23.905 INFO  manager.MyListener - Start find element--->>>By.cssSelector: [href='/login']
10:20:23.914 INFO  manager.MyListener - The element with locator--->>>By.cssSelector: [href='/login']<----was found
10:20:23.959 INFO  manager.MyListener - Start find element--->>>By.xpath: //input[1]
10:20:23.966 INFO  manager.MyListener - The element with locator--->>>By.xpath: //input[1]<----was found
10:20:24.076 INFO  manager.MyListener - Start find element--->>>By.xpath: //input[2]
10:20:24.083 INFO  manager.MyListener - The element with locator--->>>By.xpath: //input[2]<----was found
10:20:24.154 INFO  manager.MyListener - Start find element--->>>By.xpath: //*[text()=' Login']
10:20:24.161 INFO  manager.MyListener - The element with locator--->>>By.xpath: //*[text()=' Login']<----was found
10:20:25.193 INFO  manager.MyListener - Start find element--->>>By.xpath: //*[text()='Sign Out']
10:20:25.207 INFO  manager.MyListener - The element with locator--->>>By.xpath: //*[text()='Sign Out']<----was found
10:20:25.209 INFO  tests.TestBAse - End of testloginSuccessNew1
10:20:25.210 INFO  manager.MyListener - Start find element--->>>By.xpath: //*[text()='Sign Out']
10:20:25.223 INFO  manager.MyListener - The element with locator--->>>By.xpath: //*[text()='Sign Out']<----was found
10:20:25.224 INFO  manager.MyListener - Start find element--->>>By.xpath: //button[text()='Sign Out']
10:20:25.236 INFO  manager.MyListener - The element with locator--->>>By.xpath: //button[text()='Sign Out']<----was found
10:20:25.291 INFO  tests.TestBAse - start testloginSuccessNew1
10:20:25.292 INFO  tests.TestBAse - Testing 'loginSuccessNew1' 
10:20:25.292 INFO  tests.TestBAse - The test starts with emailmissira85@gmail.comand password Passw0rd$
10:20:25.292 INFO  manager.MyListener - Start find element--->>>By.cssSelector: [href='/login']
10:20:25.299 INFO  manager.MyListener - The element with locator--->>>By.cssSelector: [href='/login']<----was found
10:20:25.334 INFO  manager.MyListener - Start find element--->>>By.xpath: //input[1]
10:20:25.342 INFO  manager.MyListener - The element with locator--->>>By.xpath: //input[1]<----was found
10:20:25.415 INFO  manager.MyListener - Start find element--->>>By.xpath: //input[2]
10:20:25.424 INFO  manager.MyListener - The element with locator--->>>By.xpath: //input[2]<----was found
10:20:25.499 INFO  manager.MyListener - Start find element--->>>By.xpath: //*[text()=' Login']
10:20:25.505 INFO  manager.MyListener - The element with locator--->>>By.xpath: //*[text()=' Login']<----was found
10:20:26.532 INFO  manager.MyListener - Start find element--->>>By.xpath: //*[text()='Sign Out']
10:20:26.547 INFO  manager.MyListener - The element with locator--->>>By.xpath: //*[text()='Sign Out']<----was found
10:20:26.549 INFO  tests.TestBAse - End of testloginSuccessNew1
10:20:26.551 INFO  manager.MyListener - Start find element--->>>By.xpath: //*[text()='Sign Out']
10:20:26.563 INFO  manager.MyListener - The element with locator--->>>By.xpath: //*[text()='Sign Out']<----was found
10:20:26.564 INFO  manager.MyListener - Start find element--->>>By.xpath: //button[text()='Sign Out']
10:20:26.576 INFO  manager.MyListener - The element with locator--->>>By.xpath: //button[text()='Sign Out']<----was found
10:20:26.610 INFO  tests.TestBAse - start testloginSuccessNew1
10:20:26.611 INFO  tests.TestBAse - Testing 'loginSuccessNew1' 
10:20:26.611 INFO  tests.TestBAse - The test starts with emailmissira85@gmail.comand password Passw0rd$
10:20:26.611 INFO  manager.MyListener - Start find element--->>>By.cssSelector: [href='/login']
10:20:26.618 INFO  manager.MyListener - The element with locator--->>>By.cssSelector: [href='/login']<----was found
10:20:26.649 INFO  manager.MyListener - Start find element--->>>By.xpath: //input[1]
10:20:26.657 INFO  manager.MyListener - The element with locator--->>>By.xpath: //input[1]<----was found
10:20:26.734 INFO  manager.MyListener - Start find element--->>>By.xpath: //input[2]
10:20:26.742 INFO  manager.MyListener - The element with locator--->>>By.xpath: //input[2]<----was found
10:20:26.812 INFO  manager.MyListener - Start find element--->>>By.xpath: //*[text()=' Login']
10:20:26.819 INFO  manager.MyListener - The element with locator--->>>By.xpath: //*[text()=' Login']<----was found
10:20:27.845 INFO  manager.MyListener - Start find element--->>>By.xpath: //*[text()='Sign Out']
10:20:27.861 INFO  manager.MyListener - The element with locator--->>>By.xpath: //*[text()='Sign Out']<----was found
10:20:27.863 INFO  tests.TestBAse - End of testloginSuccessNew1
10:20:27.865 INFO  manager.MyListener - Start find element--->>>By.xpath: //*[text()='Sign Out']
10:20:27.879 INFO  manager.MyListener - The element with locator--->>>By.xpath: //*[text()='Sign Out']<----was found
10:20:27.890 INFO  manager.MyListener - Start find element--->>>By.cssSelector: a[href='/add']
10:20:27.910 INFO  manager.MyListener - The element with locator--->>>By.cssSelector: a[href='/add']<----was found
10:20:27.945 INFO  manager.MyListener - Start find element--->>>By.xpath: //a[@class='active']
10:20:27.956 INFO  manager.MyListener - The element with locator--->>>By.xpath: //a[@class='active']<----was found
10:20:27.982 INFO  manager.MyListener - Start find element--->>>By.xpath: //input[@placeholder='Name']
10:20:27.993 INFO  manager.MyListener - The element with locator--->>>By.xpath: //input[@placeholder='Name']<----was found
10:20:28.066 INFO  manager.MyListener - Start find element--->>>By.xpath: //input[@placeholder='Last Name']
10:20:28.077 INFO  manager.MyListener - The element with locator--->>>By.xpath: //input[@placeholder='Last Name']<----was found
10:20:28.153 INFO  manager.MyListener - Start find element--->>>By.xpath: //input[@placeholder='Phone']
10:20:28.164 INFO  manager.MyListener - The element with locator--->>>By.xpath: //input[@placeholder='Phone']<----was found
10:20:28.236 INFO  manager.MyListener - Start find element--->>>By.xpath: //input[@placeholder='email']
10:20:28.249 INFO  manager.MyListener - The element with locator--->>>By.xpath: //input[@placeholder='email']<----was found
10:20:28.329 INFO  manager.MyListener - Start find element--->>>By.xpath: //input[@placeholder='Address']
10:20:28.341 INFO  manager.MyListener - The element with locator--->>>By.xpath: //input[@placeholder='Address']<----was found
10:20:28.419 INFO  manager.MyListener - Start find element--->>>By.xpath: //input[@placeholder='description']
10:20:28.431 INFO  manager.MyListener - The element with locator--->>>By.xpath: //input[@placeholder='description']<----was found
10:20:28.498 INFO  manager.MyListener - Start find element--->>>By.cssSelector: b
10:20:28.514 INFO  manager.MyListener - The element with locator--->>>By.cssSelector: b<----was found
10:20:33.539 INFO  manager.MyListener - Start find element--->>>By.cssSelector: .active
10:20:33.560 INFO  manager.MyListener - The element with locator--->>>By.cssSelector: .active<----was found
10:20:33.560 INFO  manager.MyListener - Start find element--->>>By.cssSelector: .contact-item_card__2SOIM
10:20:33.575 INFO  manager.MyListener - The element with locator--->>>By.cssSelector: .contact-item_card__2SOIM<----was found
10:20:33.575 INFO  manager.MyListener - Start find element--->>>By.cssSelector: h2
10:20:33.588 INFO  manager.MyListener - The element with locator--->>>By.cssSelector: h2<----was found
10:20:33.679 INFO  manager.MyListener - Start find element--->>>By.cssSelector: h3
10:20:33.693 INFO  manager.MyListener - The element with locator--->>>By.cssSelector: h3<----was found
10:20:33.783 INFO  tests.TestBAse - End of testaddNewContactSuccess
10:20:33.784 INFO  manager.MyListener - Start find element--->>>By.xpath: //*[text()='Sign Out']
10:20:33.797 INFO  manager.MyListener - The element with locator--->>>By.xpath: //*[text()='Sign Out']<----was found
10:20:33.814 INFO  tests.TestBAse - Test start with contactContact(name=Mona, lastName=Dow, phone=99988897, email=mona@gmail.com, address=Haifa, description=friend)
10:20:33.814 INFO  manager.MyListener - Start find element--->>>By.cssSelector: a[href='/add']
10:20:33.825 INFO  manager.MyListener - The element with locator--->>>By.cssSelector: a[href='/add']<----was found
10:20:33.860 INFO  manager.MyListener - Start find element--->>>By.xpath: //a[@class='active']
10:20:33.872 INFO  manager.MyListener - The element with locator--->>>By.xpath: //a[@class='active']<----was found
10:20:33.908 INFO  manager.MyListener - Start find element--->>>By.xpath: //input[@placeholder='Name']
10:20:33.922 INFO  manager.MyListener - The element with locator--->>>By.xpath: //input[@placeholder='Name']<----was found
10:20:33.994 INFO  manager.MyListener - Start find element--->>>By.xpath: //input[@placeholder='Last Name']
10:20:34.006 INFO  manager.MyListener - The element with locator--->>>By.xpath: //input[@placeholder='Last Name']<----was found
10:20:34.101 INFO  manager.MyListener - Start find element--->>>By.xpath: //input[@placeholder='Phone']
10:20:34.114 INFO  manager.MyListener - The element with locator--->>>By.xpath: //input[@placeholder='Phone']<----was found
10:20:34.193 INFO  manager.MyListener - Start find element--->>>By.xpath: //input[@placeholder='email']
10:20:34.205 INFO  manager.MyListener - The element with locator--->>>By.xpath: //input[@placeholder='email']<----was found
10:20:34.295 INFO  manager.MyListener - Start find element--->>>By.xpath: //input[@placeholder='Address']
10:20:34.306 INFO  manager.MyListener - The element with locator--->>>By.xpath: //input[@placeholder='Address']<----was found
10:20:34.388 INFO  manager.MyListener - Start find element--->>>By.xpath: //input[@placeholder='description']
10:20:34.399 INFO  manager.MyListener - The element with locator--->>>By.xpath: //input[@placeholder='description']<----was found
10:20:34.484 INFO  manager.MyListener - Start find element--->>>By.cssSelector: b
10:20:34.496 INFO  manager.MyListener - The element with locator--->>>By.cssSelector: b<----was found
10:20:39.526 INFO  tests.TestBAse - End of testaddNewContactSuccessProviderCSV
10:20:39.527 INFO  manager.MyListener - Start find element--->>>By.xpath: //*[text()='Sign Out']
10:20:39.541 INFO  manager.MyListener - The element with locator--->>>By.xpath: //*[text()='Sign Out']<----was found
10:20:39.542 INFO  tests.TestBAse - Test start with contactContact(name=Joe, lastName=Wow, phone=99988899, email=monka@gmail.com, address=Rehovot,Israel, description=friend)
10:20:39.542 INFO  manager.MyListener - Start find element--->>>By.cssSelector: a[href='/add']
10:20:39.556 INFO  manager.MyListener - The element with locator--->>>By.cssSelector: a[href='/add']<----was found
10:20:39.596 INFO  manager.MyListener - Start find element--->>>By.xpath: //a[@class='active']
10:20:39.612 INFO  manager.MyListener - The element with locator--->>>By.xpath: //a[@class='active']<----was found
10:20:39.633 INFO  manager.MyListener - Start find element--->>>By.xpath: //input[@placeholder='Name']
10:20:39.641 INFO  manager.MyListener - The element with locator--->>>By.xpath: //input[@placeholder='Name']<----was found
10:20:39.719 INFO  manager.MyListener - Start find element--->>>By.xpath: //input[@placeholder='Last Name']
10:20:39.728 INFO  manager.MyListener - The element with locator--->>>By.xpath: //input[@placeholder='Last Name']<----was found
10:20:39.823 INFO  manager.MyListener - Start find element--->>>By.xpath: //input[@placeholder='Phone']
10:20:39.837 INFO  manager.MyListener - The element with locator--->>>By.xpath: //input[@placeholder='Phone']<----was found
10:20:39.937 INFO  manager.MyListener - Start find element--->>>By.xpath: //input[@placeholder='email']
10:20:39.945 INFO  manager.MyListener - The element with locator--->>>By.xpath: //input[@placeholder='email']<----was found
10:20:40.063 INFO  manager.MyListener - Start find element--->>>By.xpath: //input[@placeholder='Address']
10:20:40.075 INFO  manager.MyListener - The element with locator--->>>By.xpath: //input[@placeholder='Address']<----was found
10:20:40.177 INFO  manager.MyListener - Start find element--->>>By.xpath: //input[@placeholder='description']
10:20:40.187 INFO  manager.MyListener - The element with locator--->>>By.xpath: //input[@placeholder='description']<----was found
10:20:40.278 INFO  manager.MyListener - Start find element--->>>By.cssSelector: b
10:20:40.286 INFO  manager.MyListener - The element with locator--->>>By.cssSelector: b<----was found
10:20:45.320 INFO  tests.TestBAse - End of testaddNewContactSuccessProviderCSV
10:20:45.322 INFO  manager.MyListener - Start find element--->>>By.xpath: //*[text()='Sign Out']
10:20:45.345 INFO  manager.MyListener - The element with locator--->>>By.xpath: //*[text()='Sign Out']<----was found
10:20:45.346 INFO  tests.TestBAse - Test start with contactContact(name=Moo, lastName=Kow, phone=99988807, email=mo0na@gmail.com, address=TelAviv, description=friend)
10:20:45.347 INFO  manager.MyListener - Start find element--->>>By.cssSelector: a[href='/add']
10:20:45.366 INFO  manager.MyListener - The element with locator--->>>By.cssSelector: a[href='/add']<----was found
10:20:45.416 INFO  manager.MyListener - Start find element--->>>By.xpath: //a[@class='active']
10:20:45.426 INFO  manager.MyListener - The element with locator--->>>By.xpath: //a[@class='active']<----was found
10:20:45.447 INFO  manager.MyListener - Start find element--->>>By.xpath: //input[@placeholder='Name']
10:20:45.457 INFO  manager.MyListener - The element with locator--->>>By.xpath: //input[@placeholder='Name']<----was found
10:20:45.534 INFO  manager.MyListener - Start find element--->>>By.xpath: //input[@placeholder='Last Name']
10:20:45.546 INFO  manager.MyListener - The element with locator--->>>By.xpath: //input[@placeholder='Last Name']<----was found
10:20:45.655 INFO  manager.MyListener - Start find element--->>>By.xpath: //input[@placeholder='Phone']
10:20:45.666 INFO  manager.MyListener - The element with locator--->>>By.xpath: //input[@placeholder='Phone']<----was found
10:20:45.755 INFO  manager.MyListener - Start find element--->>>By.xpath: //input[@placeholder='email']
10:20:45.767 INFO  manager.MyListener - The element with locator--->>>By.xpath: //input[@placeholder='email']<----was found
10:20:45.853 INFO  manager.MyListener - Start find element--->>>By.xpath: //input[@placeholder='Address']
10:20:45.864 INFO  manager.MyListener - The element with locator--->>>By.xpath: //input[@placeholder='Address']<----was found
10:20:45.957 INFO  manager.MyListener - Start find element--->>>By.xpath: //input[@placeholder='description']
10:20:45.967 INFO  manager.MyListener - The element with locator--->>>By.xpath: //input[@placeholder='description']<----was found
10:20:46.040 INFO  manager.MyListener - Start find element--->>>By.cssSelector: b
10:20:46.051 INFO  manager.MyListener - The element with locator--->>>By.cssSelector: b<----was found
10:20:51.082 INFO  tests.TestBAse - End of testaddNewContactSuccessProviderCSV
10:20:51.083 INFO  manager.MyListener - Start find element--->>>By.xpath: //*[text()='Sign Out']
10:20:51.104 INFO  manager.MyListener - The element with locator--->>>By.xpath: //*[text()='Sign Out']<----was found
10:20:51.105 INFO  tests.TestBAse - Test start with contactContact(name=Mana, lastName=Bow, phone=99088897, email=bona@gmail.com, address=Haifa, description=friend)
10:20:51.105 INFO  manager.MyListener - Start find element--->>>By.cssSelector: a[href='/add']
10:20:51.125 INFO  manager.MyListener - The element with locator--->>>By.cssSelector: a[href='/add']<----was found
10:20:51.183 INFO  manager.MyListener - Start find element--->>>By.xpath: //a[@class='active']
10:20:51.193 INFO  manager.MyListener - The element with locator--->>>By.xpath: //a[@class='active']<----was found
10:20:51.216 INFO  manager.MyListener - Start find element--->>>By.xpath: //input[@placeholder='Name']
10:20:51.229 INFO  manager.MyListener - The element with locator--->>>By.xpath: //input[@placeholder='Name']<----was found
10:20:51.315 INFO  manager.MyListener - Start find element--->>>By.xpath: //input[@placeholder='Last Name']
10:20:51.326 INFO  manager.MyListener - The element with locator--->>>By.xpath: //input[@placeholder='Last Name']<----was found
10:20:51.438 INFO  manager.MyListener - Start find element--->>>By.xpath: //input[@placeholder='Phone']
10:20:51.449 INFO  manager.MyListener - The element with locator--->>>By.xpath: //input[@placeholder='Phone']<----was found
10:20:51.526 INFO  manager.MyListener - Start find element--->>>By.xpath: //input[@placeholder='email']
10:20:51.537 INFO  manager.MyListener - The element with locator--->>>By.xpath: //input[@placeholder='email']<----was found
10:20:51.611 INFO  manager.MyListener - Start find element--->>>By.xpath: //input[@placeholder='Address']
10:20:51.623 INFO  manager.MyListener - The element with locator--->>>By.xpath: //input[@placeholder='Address']<----was found
10:20:51.704 INFO  manager.MyListener - Start find element--->>>By.xpath: //input[@placeholder='description']
10:20:51.715 INFO  manager.MyListener - The element with locator--->>>By.xpath: //input[@placeholder='description']<----was found
10:20:51.780 INFO  manager.MyListener - Start find element--->>>By.cssSelector: b
10:20:51.791 INFO  manager.MyListener - The element with locator--->>>By.cssSelector: b<----was found
10:20:56.819 INFO  tests.TestBAse - End of testaddNewContactSuccessProviderCSV
