18:17:14.366 INFO  manager.ApplicationManager - All tests start in ChromeDriver
18:17:14.983 INFO  manager.MyListener - Start find element--->>>By.xpath: //*[text()='Sign Out']
18:17:20.038 INFO  manager.MyListener - The element with locator--->>>By.xpath: //*[text()='Sign Out']<----was found
18:17:20.039 INFO  manager.MyListener - Start find element--->>>By.cssSelector: [href='/login']
18:17:20.062 INFO  manager.MyListener - The element with locator--->>>By.cssSelector: [href='/login']<----was found
18:17:20.151 INFO  manager.MyListener - Start find element--->>>By.xpath: //input[1]
18:17:20.171 INFO  manager.MyListener - The element with locator--->>>By.xpath: //input[1]<----was found
18:17:20.322 INFO  manager.MyListener - Start find element--->>>By.xpath: //input[2]
18:17:20.334 INFO  manager.MyListener - The element with locator--->>>By.xpath: //input[2]<----was found
18:17:20.442 INFO  manager.MyListener - Start find element--->>>By.xpath: //*[text()=' Login']
18:17:20.454 INFO  manager.MyListener - The element with locator--->>>By.xpath: //*[text()=' Login']<----was found
18:17:20.496 INFO  tests.TestBAse - start testremoveOneContact
18:17:20.497 INFO  tests.TestBAse - removeOneContact
18:17:20.497 INFO  manager.MyListener - Start find element--->>>By.xpath: //a[@class='active']
18:17:20.515 INFO  manager.MyListener - The element with locator--->>>By.xpath: //a[@class='active']<----was found
18:17:20.564 INFO  manager.MyListener - Start find element--->>>By.xpath: //div[@class='contact-page_leftdiv__yhyke']
18:17:21.332 INFO  manager.MyListener - The element with locator--->>>By.xpath: //div[@class='contact-page_leftdiv__yhyke']<----was found
18:17:21.332 INFO  manager.MyListener - Start find element--->>>By.xpath: //div[@class='contact-page_leftdiv__yhyke']//div//div[1]
18:17:21.353 INFO  manager.MyListener - The element with locator--->>>By.xpath: //div[@class='contact-page_leftdiv__yhyke']//div//div[1]<----was found
18:17:21.354 INFO  manager.MyListener - Start find element--->>>By.cssSelector: div[class='contact-page_leftdiv__yhyke'] div div:nth-child(1)
18:17:21.374 INFO  manager.MyListener - The element with locator--->>>By.cssSelector: div[class='contact-page_leftdiv__yhyke'] div div:nth-child(1)<----was found
18:17:21.398 INFO  manager.MyListener - Start find element--->>>By.xpath: //button[normalize-space()='Remove']
18:17:21.413 INFO  manager.MyListener - The element with locator--->>>By.xpath: //button[normalize-space()='Remove']<----was found
18:17:21.447 INFO  manager.MyListener - Start find element--->>>By.xpath: //div[@class='contact-page_leftdiv__yhyke']
18:17:21.459 INFO  manager.MyListener - The element with locator--->>>By.xpath: //div[@class='contact-page_leftdiv__yhyke']<----was found
18:17:21.460 INFO  manager.MyListener - Start find element--->>>By.xpath: //div[@class='contact-page_leftdiv__yhyke']//div//div[1]
18:17:21.472 INFO  manager.MyListener - The element with locator--->>>By.xpath: //div[@class='contact-page_leftdiv__yhyke']//div//div[1]<----was found
18:17:21.479 INFO  tests.TestBAse - End of testremoveOneContact
