18:16:16.782 INFO  manager.ApplicationManager - All tests start in ChromeDriver
18:16:17.475 INFO  manager.MyListener - Start find element--->>>By.xpath: //*[text()='Sign Out']
18:16:22.510 INFO  manager.MyListener - The element with locator--->>>By.xpath: //*[text()='Sign Out']<----was found
18:16:22.512 INFO  manager.MyListener - Start find element--->>>By.cssSelector: [href='/login']
18:16:22.539 INFO  manager.MyListener - The element with locator--->>>By.cssSelector: [href='/login']<----was found
18:16:22.606 INFO  manager.MyListener - Start find element--->>>By.xpath: //input[1]
18:16:22.619 INFO  manager.MyListener - The element with locator--->>>By.xpath: //input[1]<----was found
18:16:22.746 INFO  manager.MyListener - Start find element--->>>By.xpath: //input[2]
18:16:22.758 INFO  manager.MyListener - The element with locator--->>>By.xpath: //input[2]<----was found
18:16:22.869 INFO  manager.MyListener - Start find element--->>>By.xpath: //*[text()=' Login']
18:16:22.880 INFO  manager.MyListener - The element with locator--->>>By.xpath: //*[text()=' Login']<----was found
18:16:22.918 INFO  tests.TestBAse - start testremoveOneContact
18:16:22.919 INFO  tests.TestBAse - removeOneContact
18:16:22.920 INFO  manager.MyListener - Start find element--->>>By.xpath: //a[@class='active']
18:16:22.935 INFO  manager.MyListener - The element with locator--->>>By.xpath: //a[@class='active']<----was found
18:16:22.979 INFO  manager.MyListener - Start find element--->>>By.xpath: //div[@class='contact-page_leftdiv__yhyke']
18:16:23.939 INFO  manager.MyListener - The element with locator--->>>By.xpath: //div[@class='contact-page_leftdiv__yhyke']<----was found
18:16:23.940 INFO  manager.MyListener - Start find element--->>>By.xpath: //div[@class='contact-page_leftdiv__yhyke']//div//div[1]
18:16:23.962 INFO  manager.MyListener - The element with locator--->>>By.xpath: //div[@class='contact-page_leftdiv__yhyke']//div//div[1]<----was found
18:16:23.962 INFO  manager.MyListener - Start find element--->>>By.cssSelector: div[class='contact-page_leftdiv__yhyke'] div div:nth-child(1)
18:16:23.981 INFO  manager.MyListener - The element with locator--->>>By.cssSelector: div[class='contact-page_leftdiv__yhyke'] div div:nth-child(1)<----was found
18:16:24.003 INFO  manager.MyListener - Start find element--->>>By.xpath: //button[normalize-space()='Remove']
18:16:24.024 INFO  manager.MyListener - The element with locator--->>>By.xpath: //button[normalize-space()='Remove']<----was found
18:16:24.071 INFO  manager.MyListener - Start find element--->>>By.xpath: //div[@class='contact-page_leftdiv__yhyke']
18:16:24.085 INFO  manager.MyListener - The element with locator--->>>By.xpath: //div[@class='contact-page_leftdiv__yhyke']<----was found
18:16:24.085 INFO  manager.MyListener - Start find element--->>>By.xpath: //div[@class='contact-page_leftdiv__yhyke']//div//div[1]
18:16:24.097 INFO  manager.MyListener - The element with locator--->>>By.xpath: //div[@class='contact-page_leftdiv__yhyke']//div//div[1]<----was found
18:16:24.098 INFO  manager.MyListener - Start find element--->>>By.cssSelector: .contact-item_card__2SOIM
18:16:24.119 INFO  manager.MyListener - The element with locator--->>>By.cssSelector: .contact-item_card__2SOIM<----was found
18:16:24.126 INFO  tests.TestBAse - End of testremoveOneContact
