18:49:35.905 INFO  manager.ApplicationManager - All tests start in ChromeDriver
18:49:36.698 INFO  manager.MyListener - Start find element--->>>By.xpath: //*[text()='Sign Out']
18:49:41.752 INFO  manager.MyListener - The element with locator--->>>By.xpath: //*[text()='Sign Out']<----was found
18:49:41.755 INFO  tests.TestBAse - start testloginModelDataProvider
18:49:41.770 INFO  manager.MyListener - Start find element--->>>By.cssSelector: [href='/login']
18:49:41.793 INFO  manager.MyListener - The element with locator--->>>By.cssSelector: [href='/login']<----was found
18:49:41.882 INFO  manager.MyListener - Start find element--->>>By.xpath: //input[1]
18:49:41.902 INFO  manager.MyListener - The element with locator--->>>By.xpath: //input[1]<----was found
18:49:42.050 INFO  manager.MyListener - Start find element--->>>By.xpath: //input[2]
18:49:42.069 INFO  manager.MyListener - The element with locator--->>>By.xpath: //input[2]<----was found
18:49:42.197 INFO  manager.MyListener - Start find element--->>>By.xpath: //*[text()=' Login']
18:49:42.215 INFO  manager.MyListener - The element with locator--->>>By.xpath: //*[text()=' Login']<----was found
18:49:47.283 INFO  tests.TestBAse - End of testloginModelDataProvider
18:49:47.286 INFO  manager.MyListener - Start find element--->>>By.xpath: //*[text()='Sign Out']
18:49:47.320 INFO  manager.MyListener - We have a 'throwable'--->>>unexpected alert open: {Alert text : Undefined Error 500}
  (Session info: chrome=96.0.4664.110): Undefined Error 500
Build info: version: '3.141.59', revision: 'e82be7d358', time: '2018-11-14T08:17:03'
System info: host: 'desktopirina', ip: '127.0.1.1', os.name: 'Linux', os.arch: 'amd64', os.version: '5.14.0-1031-oem', java.version: '11.0.14.1'
Driver info: org.openqa.selenium.chrome.ChromeDriver
Capabilities {acceptInsecureCerts: false, browserName: chrome, browserVersion: 96.0.4664.110, chrome: {chromedriverVersion: 96.0.4664.45 (76e4c1bb2ab46..., userDataDir: /tmp/.com.google.Chrome.MEvwJ9}, goog:chromeOptions: {debuggerAddress: localhost:33117}, javascriptEnabled: true, networkConnectionEnabled: false, pageLoadStrategy: normal, platform: LINUX, platformName: LINUX, proxy: Proxy(), setWindowRect: true, strictFileInteractability: false, timeouts: {implicit: 0, pageLoad: 300000, script: 30000}, unhandledPromptBehavior: dismiss and notify, webauthn:extension:credBlob: true, webauthn:extension:largeBlob: true, webauthn:virtualAuthenticators: true}
Session ID: 0174a9986464a0013308dc3ca0aee606
*** Element info: {Using=xpath, value=//*[text()='Sign Out']}
18:49:47.322 INFO  manager.MyListener - We have a 'fill In Stack Trace'--->>>org.openqa.selenium.UnhandledAlertException: unexpected alert open: {Alert text : Undefined Error 500}
  (Session info: chrome=96.0.4664.110): Undefined Error 500
Build info: version: '3.141.59', revision: 'e82be7d358', time: '2018-11-14T08:17:03'
System info: host: 'desktopirina', ip: '127.0.1.1', os.name: 'Linux', os.arch: 'amd64', os.version: '5.14.0-1031-oem', java.version: '11.0.14.1'
Driver info: org.openqa.selenium.chrome.ChromeDriver
Capabilities {acceptInsecureCerts: false, browserName: chrome, browserVersion: 96.0.4664.110, chrome: {chromedriverVersion: 96.0.4664.45 (76e4c1bb2ab46..., userDataDir: /tmp/.com.google.Chrome.MEvwJ9}, goog:chromeOptions: {debuggerAddress: localhost:33117}, javascriptEnabled: true, networkConnectionEnabled: false, pageLoadStrategy: normal, platform: LINUX, platformName: LINUX, proxy: Proxy(), setWindowRect: true, strictFileInteractability: false, timeouts: {implicit: 0, pageLoad: 300000, script: 30000}, unhandledPromptBehavior: dismiss and notify, webauthn:extension:credBlob: true, webauthn:extension:largeBlob: true, webauthn:virtualAuthenticators: true}
Session ID: 0174a9986464a0013308dc3ca0aee606
*** Element info: {Using=xpath, value=//*[text()='Sign Out']}
18:49:47.715 INFO  manager.MyListener - This is the link to screen with problem-->src/test/screenshots/screen-2987.png
