20:40:22.971 INFO  manager.ApplicationManager - All tests start in ChromeDriver
20:40:23.715 INFO  manager.MyListener - Start find element--->>>By.xpath: //*[text()='Sign Out']
20:40:28.779 INFO  manager.MyListener - The element with locator--->>>By.xpath: //*[text()='Sign Out']<----was found
20:40:28.780 INFO  manager.MyListener - Start find element--->>>By.cssSelector: [href='/login']
20:40:28.804 INFO  manager.MyListener - The element with locator--->>>By.cssSelector: [href='/login']<----was found
20:40:28.883 INFO  manager.MyListener - Start find element--->>>By.xpath: //input[1]
20:40:28.905 INFO  manager.MyListener - The element with locator--->>>By.xpath: //input[1]<----was found
20:40:29.066 INFO  manager.MyListener - Start find element--->>>By.xpath: //input[2]
20:40:29.088 INFO  manager.MyListener - The element with locator--->>>By.xpath: //input[2]<----was found
20:40:29.223 INFO  manager.MyListener - Start find element--->>>By.xpath: //*[text()=' Login']
20:40:29.241 INFO  manager.MyListener - The element with locator--->>>By.xpath: //*[text()=' Login']<----was found
20:40:29.295 INFO  tests.TestBAse - start testremoveAllConatct
20:40:29.298 INFO  tests.TestBAse - Test 'removeAllContact' started
20:40:29.298 INFO  manager.MyListener - Start find element--->>>By.cssSelector: .contact-item_card__2SOIM
20:40:30.061 INFO  manager.MyListener - The element with locator--->>>By.cssSelector: .contact-item_card__2SOIM<----was found
20:40:30.132 INFO  manager.MyListener - Start find element--->>>By.xpath: //button[normalize-space()='Remove']
20:40:30.160 INFO  manager.MyListener - The element with locator--->>>By.xpath: //button[normalize-space()='Remove']<----was found
20:40:31.210 INFO  manager.MyListener - Start find element--->>>By.cssSelector: div[class='contact-page_leftdiv__yhyke'] div div:nth-child(1)
20:40:31.234 INFO  manager.MyListener - The element with locator--->>>By.cssSelector: div[class='contact-page_leftdiv__yhyke'] div div:nth-child(1)<----was found
20:40:31.255 INFO  manager.MyListener - Start find element--->>>By.xpath: //button[normalize-space()='Remove']
20:40:31.271 INFO  manager.MyListener - The element with locator--->>>By.xpath: //button[normalize-space()='Remove']<----was found
20:40:32.322 INFO  manager.MyListener - Start find element--->>>By.cssSelector: div[class='contact-page_leftdiv__yhyke'] div div:nth-child(1)
20:40:32.346 INFO  manager.MyListener - The element with locator--->>>By.cssSelector: div[class='contact-page_leftdiv__yhyke'] div div:nth-child(1)<----was found
20:40:32.346 INFO  manager.MyListener - Start find element--->>>By.cssSelector: div[class='contact-page_leftdiv__yhyke'] div div:nth-child(1)
20:40:32.359 INFO  manager.MyListener - The element with locator--->>>By.cssSelector: div[class='contact-page_leftdiv__yhyke'] div div:nth-child(1)<----was found
20:40:32.377 INFO  manager.MyListener - Start find element--->>>By.xpath: //button[normalize-space()='Remove']
20:40:32.393 INFO  manager.MyListener - The element with locator--->>>By.xpath: //button[normalize-space()='Remove']<----was found
20:40:33.946 INFO  tests.TestBAse - no cards display at the page
20:40:33.951 INFO  tests.TestBAse - End of testremoveAllConatct
