17:05:46.348 INFO  manager.ApplicationManager - All tests start in ChromeDriver
17:05:47.063 INFO  manager.MyListener - Start find element--->>>By.xpath: //*[text()='Sign Out']
17:05:52.130 INFO  manager.MyListener - The element with locator--->>>By.xpath: //*[text()='Sign Out']<----was found
17:05:52.131 INFO  manager.MyListener - Start find element--->>>By.cssSelector: [href='/login']
17:05:52.159 INFO  manager.MyListener - The element with locator--->>>By.cssSelector: [href='/login']<----was found
17:05:52.242 INFO  manager.MyListener - Start find element--->>>By.xpath: //input[1]
17:05:52.263 INFO  manager.MyListener - The element with locator--->>>By.xpath: //input[1]<----was found
17:05:52.427 INFO  manager.MyListener - Start find element--->>>By.xpath: //input[2]
17:05:52.439 INFO  manager.MyListener - The element with locator--->>>By.xpath: //input[2]<----was found
17:05:52.564 INFO  manager.MyListener - Start find element--->>>By.xpath: //*[text()=' Login']
17:05:52.576 INFO  manager.MyListener - The element with locator--->>>By.xpath: //*[text()=' Login']<----was found
17:05:52.618 INFO  tests.TestBAse - start testremoveOneConatct
17:05:52.620 INFO  tests.TestBAse - removeOneConatct' 
17:05:52.621 INFO  manager.MyListener - Start find element--->>>By.xpath: //a[@class='active']
17:05:52.642 INFO  manager.MyListener - The element with locator--->>>By.xpath: //a[@class='active']<----was found
17:05:52.689 INFO  manager.MyListener - Start find element--->>>By.cssSelector: .boards-page-board-section-list-item
17:05:57.701 INFO  manager.MyListener - The element with locator--->>>By.cssSelector: .boards-page-board-section-list-item<----was found
17:05:57.701 INFO  manager.MyListener - Start find element--->>>By.xpath: //div[@class='contact-page_leftdiv__yhyke']
17:06:02.727 INFO  manager.MyListener - The element with locator--->>>By.xpath: //div[@class='contact-page_leftdiv__yhyke']<----was found
17:06:02.728 INFO  manager.MyListener - Start find element--->>>By.cssSelector: div[class='contact-page_leftdiv__yhyke'] div div:nth-child(1)
17:06:07.799 INFO  manager.MyListener - We have a 'throwable'--->>>no such element: Unable to locate element: {"method":"css selector","selector":"div[class='contact-page_leftdiv__yhyke'] div div:nth-child(1)"}
  (Session info: chrome=96.0.4664.110)
For documentation on this error, please visit: https://www.seleniumhq.org/exceptions/no_such_element.html
Build info: version: '3.141.59', revision: 'e82be7d358', time: '2018-11-14T08:17:03'
System info: host: 'desktopirina', ip: '127.0.1.1', os.name: 'Linux', os.arch: 'amd64', os.version: '5.14.0-1031-oem', java.version: '11.0.14.1'
Driver info: org.openqa.selenium.chrome.ChromeDriver
Capabilities {acceptInsecureCerts: false, browserName: chrome, browserVersion: 96.0.4664.110, chrome: {chromedriverVersion: 96.0.4664.45 (76e4c1bb2ab46..., userDataDir: /tmp/.com.google.Chrome.3W4JIm}, goog:chromeOptions: {debuggerAddress: localhost:40787}, javascriptEnabled: true, networkConnectionEnabled: false, pageLoadStrategy: normal, platform: LINUX, platformName: LINUX, proxy: Proxy(), setWindowRect: true, strictFileInteractability: false, timeouts: {implicit: 0, pageLoad: 300000, script: 30000}, unhandledPromptBehavior: dismiss and notify, webauthn:extension:credBlob: true, webauthn:extension:largeBlob: true, webauthn:virtualAuthenticators: true}
Session ID: 323a99e4db4303af99bde7ce53dd0660
*** Element info: {Using=css selector, value=div[class='contact-page_leftdiv__yhyke'] div div:nth-child(1)}
17:06:07.801 INFO  manager.MyListener - We have a 'fill In Stack Trace'--->>>org.openqa.selenium.NoSuchElementException: no such element: Unable to locate element: {"method":"css selector","selector":"div[class='contact-page_leftdiv__yhyke'] div div:nth-child(1)"}
  (Session info: chrome=96.0.4664.110)
For documentation on this error, please visit: https://www.seleniumhq.org/exceptions/no_such_element.html
Build info: version: '3.141.59', revision: 'e82be7d358', time: '2018-11-14T08:17:03'
System info: host: 'desktopirina', ip: '127.0.1.1', os.name: 'Linux', os.arch: 'amd64', os.version: '5.14.0-1031-oem', java.version: '11.0.14.1'
Driver info: org.openqa.selenium.chrome.ChromeDriver
Capabilities {acceptInsecureCerts: false, browserName: chrome, browserVersion: 96.0.4664.110, chrome: {chromedriverVersion: 96.0.4664.45 (76e4c1bb2ab46..., userDataDir: /tmp/.com.google.Chrome.3W4JIm}, goog:chromeOptions: {debuggerAddress: localhost:40787}, javascriptEnabled: true, networkConnectionEnabled: false, pageLoadStrategy: normal, platform: LINUX, platformName: LINUX, proxy: Proxy(), setWindowRect: true, strictFileInteractability: false, timeouts: {implicit: 0, pageLoad: 300000, script: 30000}, unhandledPromptBehavior: dismiss and notify, webauthn:extension:credBlob: true, webauthn:extension:largeBlob: true, webauthn:virtualAuthenticators: true}
Session ID: 323a99e4db4303af99bde7ce53dd0660
*** Element info: {Using=css selector, value=div[class='contact-page_leftdiv__yhyke'] div div:nth-child(1)}
17:06:08.361 INFO  manager.MyListener - This is the link to screen with problem-->src/test/screenshots/screen-367.png
17:06:08.363 INFO  tests.TestBAse - End of testremoveOneConatct
