09:13:04.028 INFO  manager.ApplicationManager - All tests start in ChromeDriver
09:13:04.857 INFO  manager.MyListener - Start find element--->>>By.xpath: //*[text()='Sign Out']
09:13:09.910 INFO  manager.MyListener - The element with locator--->>>By.xpath: //*[text()='Sign Out']<----was found
09:13:09.914 INFO  manager.MyListener - Start find element--->>>By.cssSelector: [href='/login']
09:13:09.937 INFO  manager.MyListener - The element with locator--->>>By.cssSelector: [href='/login']<----was found
09:13:10.021 INFO  manager.MyListener - Start find element--->>>By.xpath: //input[1]
09:13:10.032 INFO  manager.MyListener - The element with locator--->>>By.xpath: //input[1]<----was found
09:13:10.123 INFO  manager.MyListener - Start find element--->>>By.xpath: //input[2]
09:13:10.135 INFO  manager.MyListener - The element with locator--->>>By.xpath: //input[2]<----was found
09:13:10.240 INFO  manager.MyListener - Start find element--->>>By.xpath: //*[text()=' Login']
09:13:10.252 INFO  manager.MyListener - The element with locator--->>>By.xpath: //*[text()=' Login']<----was found
09:13:15.282 INFO  manager.MyListener - Start find element--->>>By.xpath: //*[text()='Sign Out']
09:13:15.321 INFO  manager.MyListener - We have a 'throwable'--->>>unexpected alert open: {Alert text : Wrong email or password format
            Email must contains one @ and minimum 2 symbols after last dot
            Password must contain at least one uppercase letter!
            Password must contain at least one lowercase letter!
            Password must contain at least one digit!
            Password must contain at least one special symbol from [‘$’,’~’,’-‘,’_’]!}
  (Session info: chrome=96.0.4664.110): Wrong email or password format
            Email must contains one @ and minimum 2 symbols after last dot
            Password must contain at least one uppercase letter!
            Password must contain at least one lowercase letter!
            Password must contain at least one digit!
            Password must contain at least one special symbol from [‘$’,’~’,’-‘,’_’]!
Build info: version: '3.141.59', revision: 'e82be7d358', time: '2018-11-14T08:17:03'
System info: host: 'desktopirina', ip: '127.0.1.1', os.name: 'Linux', os.arch: 'amd64', os.version: '5.14.0-1033-oem', java.version: '11.0.15'
Driver info: org.openqa.selenium.chrome.ChromeDriver
Capabilities {acceptInsecureCerts: false, browserName: chrome, browserVersion: 96.0.4664.110, chrome: {chromedriverVersion: 96.0.4664.45 (76e4c1bb2ab46..., userDataDir: /tmp/.com.google.Chrome.Uui0ui}, goog:chromeOptions: {debuggerAddress: localhost:41367}, javascriptEnabled: true, networkConnectionEnabled: false, pageLoadStrategy: normal, platform: LINUX, platformName: LINUX, proxy: Proxy(), setWindowRect: true, strictFileInteractability: false, timeouts: {implicit: 0, pageLoad: 300000, script: 30000}, unhandledPromptBehavior: dismiss and notify, webauthn:extension:credBlob: true, webauthn:extension:largeBlob: true, webauthn:virtualAuthenticators: true}
Session ID: 7b2192a461ea2c8b07fdc27d365603f0
*** Element info: {Using=xpath, value=//*[text()='Sign Out']}
09:13:15.325 INFO  manager.MyListener - We have a 'fill In Stack Trace'--->>>org.openqa.selenium.UnhandledAlertException: unexpected alert open: {Alert text : Wrong email or password format
            Email must contains one @ and minimum 2 symbols after last dot
            Password must contain at least one uppercase letter!
            Password must contain at least one lowercase letter!
            Password must contain at least one digit!
            Password must contain at least one special symbol from [‘$’,’~’,’-‘,’_’]!}
  (Session info: chrome=96.0.4664.110): Wrong email or password format
            Email must contains one @ and minimum 2 symbols after last dot
            Password must contain at least one uppercase letter!
            Password must contain at least one lowercase letter!
            Password must contain at least one digit!
            Password must contain at least one special symbol from [‘$’,’~’,’-‘,’_’]!
Build info: version: '3.141.59', revision: 'e82be7d358', time: '2018-11-14T08:17:03'
System info: host: 'desktopirina', ip: '127.0.1.1', os.name: 'Linux', os.arch: 'amd64', os.version: '5.14.0-1033-oem', java.version: '11.0.15'
Driver info: org.openqa.selenium.chrome.ChromeDriver
Capabilities {acceptInsecureCerts: false, browserName: chrome, browserVersion: 96.0.4664.110, chrome: {chromedriverVersion: 96.0.4664.45 (76e4c1bb2ab46..., userDataDir: /tmp/.com.google.Chrome.Uui0ui}, goog:chromeOptions: {debuggerAddress: localhost:41367}, javascriptEnabled: true, networkConnectionEnabled: false, pageLoadStrategy: normal, platform: LINUX, platformName: LINUX, proxy: Proxy(), setWindowRect: true, strictFileInteractability: false, timeouts: {implicit: 0, pageLoad: 300000, script: 30000}, unhandledPromptBehavior: dismiss and notify, webauthn:extension:credBlob: true, webauthn:extension:largeBlob: true, webauthn:virtualAuthenticators: true}
Session ID: 7b2192a461ea2c8b07fdc27d365603f0
*** Element info: {Using=xpath, value=//*[text()='Sign Out']}
09:13:15.914 INFO  manager.MyListener - This is the link to screen with problem-->src/test/screenshots/screen-795.png
09:13:15.916 INFO  tests.TestBAse - End of testloginNegativePassword
