20:50:11.317 INFO  manager.TestNgListener - onStart(ISuite suite)
20:50:12.406 INFO  manager.ApplicationManager - All tests start in ChromeDriver
20:50:13.230 INFO  manager.MyListener - Start find element--->>>By.xpath: //*[text()='Sign Out']
20:50:18.291 INFO  manager.MyListener - The element with locator--->>>By.xpath: //*[text()='Sign Out']<----was found
20:50:18.292 INFO  manager.MyListener - Start find element--->>>By.cssSelector: [href='/login']
20:50:18.316 INFO  manager.MyListener - The element with locator--->>>By.cssSelector: [href='/login']<----was found
20:50:18.396 INFO  manager.MyListener - Start find element--->>>By.xpath: //input[1]
20:50:18.423 INFO  manager.MyListener - The element with locator--->>>By.xpath: //input[1]<----was found
20:50:18.589 INFO  manager.MyListener - Start find element--->>>By.xpath: //input[2]
20:50:18.611 INFO  manager.MyListener - The element with locator--->>>By.xpath: //input[2]<----was found
20:50:18.758 INFO  manager.MyListener - Start find element--->>>By.xpath: //*[text()=' Login']
20:50:18.780 INFO  manager.MyListener - The element with locator--->>>By.xpath: //*[text()=' Login']<----was found
20:50:18.833 INFO  manager.TestNgListener - onTestStartnull
20:50:18.843 INFO  manager.MyListener - Start find element--->>>By.cssSelector: a[href='/add']
20:50:19.376 INFO  manager.MyListener - The element with locator--->>>By.cssSelector: a[href='/add']<----was found
20:50:19.442 INFO  manager.MyListener - Start find element--->>>By.xpath: //a[@class='active']
20:50:19.469 INFO  manager.MyListener - The element with locator--->>>By.xpath: //a[@class='active']<----was found
20:50:19.519 INFO  manager.MyListener - Start find element--->>>By.xpath: //input[@placeholder='Name']
20:50:19.538 INFO  manager.MyListener - The element with locator--->>>By.xpath: //input[@placeholder='Name']<----was found
20:50:19.682 INFO  manager.MyListener - Start find element--->>>By.xpath: //input[@placeholder='Last Name']
20:50:19.698 INFO  manager.MyListener - The element with locator--->>>By.xpath: //input[@placeholder='Last Name']<----was found
20:50:19.817 INFO  manager.MyListener - Start find element--->>>By.xpath: //input[@placeholder='Phone']
20:50:19.834 INFO  manager.MyListener - The element with locator--->>>By.xpath: //input[@placeholder='Phone']<----was found
20:50:19.970 INFO  manager.MyListener - Start find element--->>>By.xpath: //input[@placeholder='email']
20:50:19.990 INFO  manager.MyListener - The element with locator--->>>By.xpath: //input[@placeholder='email']<----was found
20:50:20.126 INFO  manager.MyListener - Start find element--->>>By.xpath: //input[@placeholder='Address']
20:50:20.142 INFO  manager.MyListener - The element with locator--->>>By.xpath: //input[@placeholder='Address']<----was found
20:50:20.272 INFO  manager.MyListener - Start find element--->>>By.xpath: //input[@placeholder='description']
20:50:20.288 INFO  manager.MyListener - The element with locator--->>>By.xpath: //input[@placeholder='description']<----was found
20:50:20.418 INFO  manager.MyListener - Start find element--->>>By.cssSelector: div[class='add_form__2rsm2'] button
20:50:20.434 INFO  manager.MyListener - The element with locator--->>>By.cssSelector: div[class='add_form__2rsm2'] button<----was found
20:50:25.477 INFO  manager.MyListener - Start find element--->>>By.cssSelector: .active
20:50:25.500 INFO  manager.MyListener - The element with locator--->>>By.cssSelector: .active<----was found
20:50:25.505 INFO  manager.MyListener - Start find element--->>>By.cssSelector: .contact-item_card__2SOIM
20:50:25.526 INFO  manager.MyListener - The element with locator--->>>By.cssSelector: .contact-item_card__2SOIM<----was found
20:50:25.528 INFO  manager.MyListener - Start find element--->>>By.cssSelector: h2
20:50:25.547 INFO  manager.MyListener - The element with locator--->>>By.cssSelector: h2<----was found
20:50:25.622 INFO  manager.MyListener - Start find element--->>>By.cssSelector: h3
20:50:25.640 INFO  manager.MyListener - The element with locator--->>>By.cssSelector: h3<----was found
20:50:25.719 INFO  manager.MyListener - Start find element--->>>By.xpath: //*[text()='Sign Out']
20:50:25.735 INFO  manager.MyListener - The element with locator--->>>By.xpath: //*[text()='Sign Out']<----was found
20:50:25.736 INFO  manager.TestNgListener - onTestStartnull
20:50:25.788 INFO  manager.MyListener - Start find element--->>>By.cssSelector: a[href='/add']
20:50:25.800 INFO  manager.MyListener - The element with locator--->>>By.cssSelector: a[href='/add']<----was found
20:50:25.836 INFO  manager.MyListener - Start find element--->>>By.xpath: //a[@class='active']
20:50:25.852 INFO  manager.MyListener - The element with locator--->>>By.xpath: //a[@class='active']<----was found
20:50:25.887 INFO  manager.MyListener - Start find element--->>>By.xpath: //input[@placeholder='Name']
20:50:25.900 INFO  manager.MyListener - The element with locator--->>>By.xpath: //input[@placeholder='Name']<----was found
20:50:26.027 INFO  manager.MyListener - Start find element--->>>By.xpath: //input[@placeholder='Last Name']
20:50:26.038 INFO  manager.MyListener - The element with locator--->>>By.xpath: //input[@placeholder='Last Name']<----was found
20:50:26.164 INFO  manager.MyListener - Start find element--->>>By.xpath: //input[@placeholder='Phone']
20:50:26.176 INFO  manager.MyListener - The element with locator--->>>By.xpath: //input[@placeholder='Phone']<----was found
20:50:26.318 INFO  manager.MyListener - Start find element--->>>By.xpath: //input[@placeholder='email']
20:50:26.333 INFO  manager.MyListener - The element with locator--->>>By.xpath: //input[@placeholder='email']<----was found
20:50:26.478 INFO  manager.MyListener - Start find element--->>>By.xpath: //input[@placeholder='Address']
20:50:26.489 INFO  manager.MyListener - The element with locator--->>>By.xpath: //input[@placeholder='Address']<----was found
20:50:26.610 INFO  manager.MyListener - Start find element--->>>By.xpath: //input[@placeholder='description']
20:50:26.621 INFO  manager.MyListener - The element with locator--->>>By.xpath: //input[@placeholder='description']<----was found
20:50:26.745 INFO  manager.MyListener - Start find element--->>>By.cssSelector: div[class='add_form__2rsm2'] button
20:50:26.760 INFO  manager.MyListener - The element with locator--->>>By.cssSelector: div[class='add_form__2rsm2'] button<----was found
20:50:31.810 INFO  manager.MyListener - Start find element--->>>By.xpath: //*[text()='Sign Out']
20:50:31.826 INFO  manager.MyListener - The element with locator--->>>By.xpath: //*[text()='Sign Out']<----was found
20:50:31.827 INFO  manager.TestNgListener - onTestStartnull
20:50:31.828 INFO  manager.MyListener - Start find element--->>>By.cssSelector: a[href='/add']
20:50:31.842 INFO  manager.MyListener - The element with locator--->>>By.cssSelector: a[href='/add']<----was found
20:50:31.884 INFO  manager.MyListener - Start find element--->>>By.xpath: //a[@class='active']
20:50:31.896 INFO  manager.MyListener - The element with locator--->>>By.xpath: //a[@class='active']<----was found
20:50:31.934 INFO  manager.MyListener - Start find element--->>>By.xpath: //input[@placeholder='Name']
20:50:31.948 INFO  manager.MyListener - The element with locator--->>>By.xpath: //input[@placeholder='Name']<----was found
20:50:32.096 INFO  manager.MyListener - Start find element--->>>By.xpath: //input[@placeholder='Last Name']
20:50:32.106 INFO  manager.MyListener - The element with locator--->>>By.xpath: //input[@placeholder='Last Name']<----was found
20:50:32.239 INFO  manager.MyListener - Start find element--->>>By.xpath: //input[@placeholder='Phone']
20:50:32.250 INFO  manager.MyListener - The element with locator--->>>By.xpath: //input[@placeholder='Phone']<----was found
20:50:32.382 INFO  manager.MyListener - Start find element--->>>By.xpath: //input[@placeholder='email']
20:50:32.393 INFO  manager.MyListener - The element with locator--->>>By.xpath: //input[@placeholder='email']<----was found
20:50:32.538 INFO  manager.MyListener - Start find element--->>>By.xpath: //input[@placeholder='Address']
20:50:32.549 INFO  manager.MyListener - The element with locator--->>>By.xpath: //input[@placeholder='Address']<----was found
20:50:32.685 INFO  manager.MyListener - Start find element--->>>By.xpath: //input[@placeholder='description']
20:50:32.697 INFO  manager.MyListener - The element with locator--->>>By.xpath: //input[@placeholder='description']<----was found
20:50:32.829 INFO  manager.MyListener - Start find element--->>>By.cssSelector: div[class='add_form__2rsm2'] button
20:50:32.840 INFO  manager.MyListener - The element with locator--->>>By.cssSelector: div[class='add_form__2rsm2'] button<----was found
20:50:37.886 INFO  manager.MyListener - Start find element--->>>By.xpath: //*[text()='Sign Out']
20:50:37.902 INFO  manager.MyListener - The element with locator--->>>By.xpath: //*[text()='Sign Out']<----was found
20:50:37.903 INFO  manager.TestNgListener - onTestStartnull
20:50:37.904 INFO  manager.MyListener - Start find element--->>>By.cssSelector: a[href='/add']
20:50:37.917 INFO  manager.MyListener - The element with locator--->>>By.cssSelector: a[href='/add']<----was found
20:50:37.957 INFO  manager.MyListener - Start find element--->>>By.xpath: //a[@class='active']
20:50:37.972 INFO  manager.MyListener - The element with locator--->>>By.xpath: //a[@class='active']<----was found
20:50:38.007 INFO  manager.MyListener - Start find element--->>>By.xpath: //input[@placeholder='Name']
20:50:38.020 INFO  manager.MyListener - The element with locator--->>>By.xpath: //input[@placeholder='Name']<----was found
20:50:38.155 INFO  manager.MyListener - Start find element--->>>By.xpath: //input[@placeholder='Last Name']
20:50:38.166 INFO  manager.MyListener - The element with locator--->>>By.xpath: //input[@placeholder='Last Name']<----was found
20:50:38.291 INFO  manager.MyListener - Start find element--->>>By.xpath: //input[@placeholder='Phone']
20:50:38.303 INFO  manager.MyListener - The element with locator--->>>By.xpath: //input[@placeholder='Phone']<----was found
20:50:38.425 INFO  manager.MyListener - Start find element--->>>By.xpath: //input[@placeholder='email']
20:50:38.434 INFO  manager.MyListener - The element with locator--->>>By.xpath: //input[@placeholder='email']<----was found
20:50:38.575 INFO  manager.MyListener - Start find element--->>>By.xpath: //input[@placeholder='Address']
20:50:38.584 INFO  manager.MyListener - The element with locator--->>>By.xpath: //input[@placeholder='Address']<----was found
20:50:38.714 INFO  manager.MyListener - Start find element--->>>By.xpath: //input[@placeholder='description']
20:50:38.725 INFO  manager.MyListener - The element with locator--->>>By.xpath: //input[@placeholder='description']<----was found
20:50:38.869 INFO  manager.MyListener - Start find element--->>>By.cssSelector: div[class='add_form__2rsm2'] button
20:50:38.881 INFO  manager.MyListener - The element with locator--->>>By.cssSelector: div[class='add_form__2rsm2'] button<----was found
20:50:43.926 INFO  manager.MyListener - Start find element--->>>By.xpath: //*[text()='Sign Out']
20:50:43.942 INFO  manager.MyListener - The element with locator--->>>By.xpath: //*[text()='Sign Out']<----was found
20:50:43.943 INFO  manager.TestNgListener - onTestStartnull
20:50:43.944 INFO  manager.MyListener - Start find element--->>>By.cssSelector: a[href='/add']
20:50:43.957 INFO  manager.MyListener - The element with locator--->>>By.cssSelector: a[href='/add']<----was found
20:50:43.985 INFO  manager.MyListener - Start find element--->>>By.xpath: //a[@class='active']
20:50:43.998 INFO  manager.MyListener - The element with locator--->>>By.xpath: //a[@class='active']<----was found
20:50:44.032 INFO  manager.MyListener - Start find element--->>>By.xpath: //input[@placeholder='Name']
20:50:44.041 INFO  manager.MyListener - The element with locator--->>>By.xpath: //input[@placeholder='Name']<----was found
20:50:44.176 INFO  manager.MyListener - Start find element--->>>By.xpath: //input[@placeholder='Last Name']
20:50:44.188 INFO  manager.MyListener - The element with locator--->>>By.xpath: //input[@placeholder='Last Name']<----was found
20:50:44.321 INFO  manager.MyListener - Start find element--->>>By.xpath: //input[@placeholder='Phone']
20:50:44.333 INFO  manager.MyListener - The element with locator--->>>By.xpath: //input[@placeholder='Phone']<----was found
20:50:44.475 INFO  manager.MyListener - Start find element--->>>By.xpath: //input[@placeholder='email']
20:50:44.485 INFO  manager.MyListener - The element with locator--->>>By.xpath: //input[@placeholder='email']<----was found
20:50:44.625 INFO  manager.MyListener - Start find element--->>>By.xpath: //input[@placeholder='Address']
20:50:44.637 INFO  manager.MyListener - The element with locator--->>>By.xpath: //input[@placeholder='Address']<----was found
20:50:44.755 INFO  manager.MyListener - Start find element--->>>By.xpath: //input[@placeholder='description']
20:50:44.767 INFO  manager.MyListener - The element with locator--->>>By.xpath: //input[@placeholder='description']<----was found
20:50:44.900 INFO  manager.MyListener - Start find element--->>>By.cssSelector: div[class='add_form__2rsm2'] button
20:50:44.911 INFO  manager.MyListener - The element with locator--->>>By.cssSelector: div[class='add_form__2rsm2'] button<----was found
20:50:49.963 INFO  manager.MyListener - Start find element--->>>By.xpath: //*[text()='Sign Out']
20:50:49.978 INFO  manager.MyListener - The element with locator--->>>By.xpath: //*[text()='Sign Out']<----was found
20:50:49.979 INFO  manager.MyListener - Start find element--->>>By.xpath: //button[text()='Sign Out']
20:50:50.004 INFO  manager.MyListener - The element with locator--->>>By.xpath: //button[text()='Sign Out']<----was found
20:50:50.058 INFO  tests.TestBAse - start testloginModelDataProvider
20:50:50.059 INFO  manager.TestNgListener - onTestStartnull
20:50:50.076 INFO  manager.MyListener - Start find element--->>>By.cssSelector: [href='/login']
20:50:50.096 INFO  manager.MyListener - The element with locator--->>>By.cssSelector: [href='/login']<----was found
20:50:50.148 INFO  manager.MyListener - Start find element--->>>By.xpath: //input[1]
20:50:50.170 INFO  manager.MyListener - The element with locator--->>>By.xpath: //input[1]<----was found
20:50:50.282 INFO  manager.MyListener - Start find element--->>>By.xpath: //input[2]
20:50:50.301 INFO  manager.MyListener - The element with locator--->>>By.xpath: //input[2]<----was found
20:50:50.433 INFO  manager.MyListener - Start find element--->>>By.xpath: //*[text()=' Login']
20:50:50.452 INFO  manager.MyListener - The element with locator--->>>By.xpath: //*[text()=' Login']<----was found
20:50:55.497 INFO  manager.MyListener - Start find element--->>>By.xpath: //*[text()='Sign Out']
20:50:55.513 INFO  manager.MyListener - The element with locator--->>>By.xpath: //*[text()='Sign Out']<----was found
20:50:55.515 INFO  tests.TestBAse - End of testloginModelDataProvider
20:50:55.517 INFO  manager.MyListener - Start find element--->>>By.xpath: //*[text()='Sign Out']
20:50:55.531 INFO  manager.MyListener - The element with locator--->>>By.xpath: //*[text()='Sign Out']<----was found
20:50:55.532 INFO  manager.MyListener - Start find element--->>>By.xpath: //button[text()='Sign Out']
20:50:55.543 INFO  manager.MyListener - The element with locator--->>>By.xpath: //button[text()='Sign Out']<----was found
20:50:55.622 INFO  tests.TestBAse - start testloginModelDataProvider
20:50:55.622 INFO  manager.TestNgListener - onTestStartnull
20:50:55.623 INFO  manager.MyListener - Start find element--->>>By.cssSelector: [href='/login']
20:50:55.636 INFO  manager.MyListener - The element with locator--->>>By.cssSelector: [href='/login']<----was found
20:50:55.689 INFO  manager.MyListener - Start find element--->>>By.xpath: //input[1]
20:50:55.704 INFO  manager.MyListener - The element with locator--->>>By.xpath: //input[1]<----was found
20:50:55.843 INFO  manager.MyListener - Start find element--->>>By.xpath: //input[2]
20:50:55.854 INFO  manager.MyListener - The element with locator--->>>By.xpath: //input[2]<----was found
20:50:55.992 INFO  manager.MyListener - Start find element--->>>By.xpath: //*[text()=' Login']
20:50:56.002 INFO  manager.MyListener - The element with locator--->>>By.xpath: //*[text()=' Login']<----was found
20:51:01.053 INFO  manager.MyListener - Start find element--->>>By.xpath: //*[text()='Sign Out']
20:51:01.068 INFO  manager.MyListener - The element with locator--->>>By.xpath: //*[text()='Sign Out']<----was found
20:51:01.070 INFO  tests.TestBAse - End of testloginModelDataProvider
20:51:01.071 INFO  manager.MyListener - Start find element--->>>By.xpath: //*[text()='Sign Out']
20:51:01.084 INFO  manager.MyListener - The element with locator--->>>By.xpath: //*[text()='Sign Out']<----was found
20:51:01.084 INFO  manager.MyListener - Start find element--->>>By.xpath: //button[text()='Sign Out']
20:51:01.096 INFO  manager.MyListener - The element with locator--->>>By.xpath: //button[text()='Sign Out']<----was found
20:51:01.152 INFO  tests.TestBAse - start testloginModelDataProvider
20:51:01.152 INFO  manager.TestNgListener - onTestStartnull
20:51:01.153 INFO  manager.MyListener - Start find element--->>>By.cssSelector: [href='/login']
20:51:01.165 INFO  manager.MyListener - The element with locator--->>>By.cssSelector: [href='/login']<----was found
20:51:01.212 INFO  manager.MyListener - Start find element--->>>By.xpath: //input[1]
20:51:01.224 INFO  manager.MyListener - The element with locator--->>>By.xpath: //input[1]<----was found
20:51:01.357 INFO  manager.MyListener - Start find element--->>>By.xpath: //input[2]
20:51:01.370 INFO  manager.MyListener - The element with locator--->>>By.xpath: //input[2]<----was found
20:51:01.492 INFO  manager.MyListener - Start find element--->>>By.xpath: //*[text()=' Login']
20:51:01.503 INFO  manager.MyListener - The element with locator--->>>By.xpath: //*[text()=' Login']<----was found
20:51:06.550 INFO  manager.MyListener - Start find element--->>>By.xpath: //*[text()='Sign Out']
20:51:06.567 INFO  manager.MyListener - The element with locator--->>>By.xpath: //*[text()='Sign Out']<----was found
20:51:06.568 INFO  tests.TestBAse - End of testloginModelDataProvider
20:51:06.570 INFO  manager.MyListener - Start find element--->>>By.xpath: //*[text()='Sign Out']
20:51:06.584 INFO  manager.MyListener - The element with locator--->>>By.xpath: //*[text()='Sign Out']<----was found
20:51:06.585 INFO  manager.MyListener - Start find element--->>>By.xpath: //button[text()='Sign Out']
20:51:06.594 INFO  manager.MyListener - The element with locator--->>>By.xpath: //button[text()='Sign Out']<----was found
20:51:06.644 INFO  tests.TestBAse - start testloginModelDataProvider
20:51:06.645 INFO  manager.TestNgListener - onTestStartnull
20:51:06.646 INFO  manager.MyListener - Start find element--->>>By.cssSelector: [href='/login']
20:51:06.660 INFO  manager.MyListener - The element with locator--->>>By.cssSelector: [href='/login']<----was found
20:51:06.713 INFO  manager.MyListener - Start find element--->>>By.xpath: //input[1]
20:51:06.725 INFO  manager.MyListener - The element with locator--->>>By.xpath: //input[1]<----was found
20:51:06.877 INFO  manager.MyListener - Start find element--->>>By.xpath: //input[2]
20:51:06.889 INFO  manager.MyListener - The element with locator--->>>By.xpath: //input[2]<----was found
20:51:07.006 INFO  manager.MyListener - Start find element--->>>By.xpath: //*[text()=' Login']
20:51:07.018 INFO  manager.MyListener - The element with locator--->>>By.xpath: //*[text()=' Login']<----was found
20:51:12.064 INFO  manager.MyListener - Start find element--->>>By.xpath: //*[text()='Sign Out']
20:51:12.082 INFO  manager.MyListener - The element with locator--->>>By.xpath: //*[text()='Sign Out']<----was found
20:51:12.083 INFO  tests.TestBAse - End of testloginModelDataProvider
20:51:12.085 INFO  manager.MyListener - Start find element--->>>By.xpath: //*[text()='Sign Out']
20:51:12.097 INFO  manager.MyListener - The element with locator--->>>By.xpath: //*[text()='Sign Out']<----was found
20:51:12.098 INFO  manager.MyListener - Start find element--->>>By.xpath: //button[text()='Sign Out']
20:51:12.111 INFO  manager.MyListener - The element with locator--->>>By.xpath: //button[text()='Sign Out']<----was found
20:51:12.167 INFO  tests.TestBAse - start testloginNegativePassword
20:51:12.167 INFO  manager.TestNgListener - onTestStartnull
20:51:12.168 INFO  manager.MyListener - Start find element--->>>By.cssSelector: [href='/login']
20:51:12.182 INFO  manager.MyListener - The element with locator--->>>By.cssSelector: [href='/login']<----was found
20:51:12.233 INFO  manager.MyListener - Start find element--->>>By.xpath: //input[1]
20:51:12.247 INFO  manager.MyListener - The element with locator--->>>By.xpath: //input[1]<----was found
20:51:12.389 INFO  manager.MyListener - Start find element--->>>By.xpath: //input[2]
20:51:12.406 INFO  manager.MyListener - The element with locator--->>>By.xpath: //input[2]<----was found
20:51:12.532 INFO  manager.MyListener - Start find element--->>>By.xpath: //*[text()=' Login']
20:51:12.543 INFO  manager.MyListener - The element with locator--->>>By.xpath: //*[text()=' Login']<----was found
20:51:17.645 INFO  tests.TestBAse - End of testloginNegativePassword
20:51:17.647 INFO  manager.MyListener - Start find element--->>>By.xpath: //*[text()='Sign Out']
20:51:22.694 INFO  manager.MyListener - The element with locator--->>>By.xpath: //*[text()='Sign Out']<----was found
20:51:22.695 INFO  tests.TestBAse - start testloginSuccess
20:51:22.696 INFO  manager.TestNgListener - onTestStartnull
20:51:22.697 INFO  tests.TestBAse - End of testloginSuccess
20:51:22.699 INFO  manager.MyListener - Start find element--->>>By.xpath: //*[text()='Sign Out']
20:51:27.737 INFO  manager.MyListener - The element with locator--->>>By.xpath: //*[text()='Sign Out']<----was found
20:51:27.738 INFO  tests.TestBAse - start testloginSuccessModel
20:51:27.739 INFO  manager.TestNgListener - onTestStartnull
20:51:27.739 INFO  manager.MyListener - Start find element--->>>By.cssSelector: [href='/login']
20:51:27.753 INFO  manager.MyListener - The element with locator--->>>By.cssSelector: [href='/login']<----was found
20:51:27.785 INFO  manager.MyListener - Start find element--->>>By.xpath: //input[1]
20:51:27.796 INFO  manager.MyListener - The element with locator--->>>By.xpath: //input[1]<----was found
20:51:27.956 INFO  manager.MyListener - Start find element--->>>By.xpath: //input[2]
20:51:27.967 INFO  manager.MyListener - The element with locator--->>>By.xpath: //input[2]<----was found
20:51:28.118 INFO  manager.MyListener - Start find element--->>>By.xpath: //*[text()=' Login']
20:51:28.129 INFO  manager.MyListener - The element with locator--->>>By.xpath: //*[text()=' Login']<----was found
20:51:33.171 INFO  manager.MyListener - Start find element--->>>By.xpath: //*[text()='Sign Out']
20:51:33.187 INFO  manager.MyListener - The element with locator--->>>By.xpath: //*[text()='Sign Out']<----was found
20:51:33.189 INFO  tests.TestBAse - End of testloginSuccessModel
20:51:33.190 INFO  manager.MyListener - Start find element--->>>By.xpath: //*[text()='Sign Out']
20:51:33.202 INFO  manager.MyListener - The element with locator--->>>By.xpath: //*[text()='Sign Out']<----was found
20:51:33.202 INFO  manager.MyListener - Start find element--->>>By.xpath: //button[text()='Sign Out']
20:51:33.213 INFO  manager.MyListener - The element with locator--->>>By.xpath: //button[text()='Sign Out']<----was found
20:51:33.266 INFO  tests.TestBAse - start testloginSuccessNew
20:51:33.267 INFO  manager.TestNgListener - onTestStartnull
20:51:33.267 INFO  tests.TestBAse - Testing 'loginSuccessNew' 
20:51:33.268 INFO  tests.TestBAse - The test starts with data [missira85@gmail.com] & [Passw0rd$]
20:51:33.268 INFO  manager.MyListener - Start find element--->>>By.cssSelector: [href='/login']
20:51:33.284 INFO  manager.MyListener - The element with locator--->>>By.cssSelector: [href='/login']<----was found
20:51:33.336 INFO  manager.MyListener - Start find element--->>>By.xpath: //input[1]
20:51:33.346 INFO  manager.MyListener - The element with locator--->>>By.xpath: //input[1]<----was found
20:51:33.487 INFO  manager.MyListener - Start find element--->>>By.xpath: //input[2]
20:51:33.499 INFO  manager.MyListener - The element with locator--->>>By.xpath: //input[2]<----was found
20:51:33.630 INFO  manager.MyListener - Start find element--->>>By.xpath: //*[text()=' Login']
20:51:33.640 INFO  manager.MyListener - The element with locator--->>>By.xpath: //*[text()=' Login']<----was found
20:51:34.683 INFO  manager.MyListener - Start find element--->>>By.xpath: //*[text()='Sign Out']
20:51:34.701 INFO  manager.MyListener - The element with locator--->>>By.xpath: //*[text()='Sign Out']<----was found
20:51:34.702 INFO  tests.TestBAse - Test 'loginSuccessNew' passed successfully
20:51:34.703 INFO  tests.TestBAse - End of testloginSuccessNew
20:51:34.706 INFO  manager.MyListener - Start find element--->>>By.xpath: //*[text()='Sign Out']
20:51:34.718 INFO  manager.MyListener - The element with locator--->>>By.xpath: //*[text()='Sign Out']<----was found
20:51:34.718 INFO  manager.MyListener - Start find element--->>>By.xpath: //button[text()='Sign Out']
20:51:34.730 INFO  manager.MyListener - The element with locator--->>>By.xpath: //button[text()='Sign Out']<----was found
20:51:34.787 INFO  tests.TestBAse - start testloginSuccessNew1
20:51:34.788 INFO  manager.TestNgListener - onTestStartnull
20:51:34.788 INFO  tests.TestBAse - Testing 'loginSuccessNew1' 
20:51:34.807 INFO  tests.TestBAse - The test starts with emailmissira85@gmail.comand password Passw0rd$
20:51:34.807 INFO  manager.MyListener - Start find element--->>>By.cssSelector: [href='/login']
20:51:34.819 INFO  manager.MyListener - The element with locator--->>>By.cssSelector: [href='/login']<----was found
20:51:34.859 INFO  manager.MyListener - Start find element--->>>By.xpath: //input[1]
20:51:34.873 INFO  manager.MyListener - The element with locator--->>>By.xpath: //input[1]<----was found
20:51:35.012 INFO  manager.MyListener - Start find element--->>>By.xpath: //input[2]
20:51:35.024 INFO  manager.MyListener - The element with locator--->>>By.xpath: //input[2]<----was found
20:51:35.164 INFO  manager.MyListener - Start find element--->>>By.xpath: //*[text()=' Login']
20:51:35.175 INFO  manager.MyListener - The element with locator--->>>By.xpath: //*[text()=' Login']<----was found
20:51:36.218 INFO  manager.MyListener - Start find element--->>>By.xpath: //*[text()='Sign Out']
20:51:36.234 INFO  manager.MyListener - The element with locator--->>>By.xpath: //*[text()='Sign Out']<----was found
20:51:36.236 INFO  tests.TestBAse - End of testloginSuccessNew1
20:51:36.238 INFO  manager.MyListener - Start find element--->>>By.xpath: //*[text()='Sign Out']
20:51:36.250 INFO  manager.MyListener - The element with locator--->>>By.xpath: //*[text()='Sign Out']<----was found
20:51:36.250 INFO  manager.MyListener - Start find element--->>>By.xpath: //button[text()='Sign Out']
20:51:36.261 INFO  manager.MyListener - The element with locator--->>>By.xpath: //button[text()='Sign Out']<----was found
20:51:36.318 INFO  tests.TestBAse - start testloginSuccessNew1
20:51:36.319 INFO  manager.TestNgListener - onTestStartnull
20:51:36.320 INFO  tests.TestBAse - Testing 'loginSuccessNew1' 
20:51:36.320 INFO  tests.TestBAse - The test starts with emailmissira85@gmail.comand password Passw0rd$
20:51:36.320 INFO  manager.MyListener - Start find element--->>>By.cssSelector: [href='/login']
20:51:36.333 INFO  manager.MyListener - The element with locator--->>>By.cssSelector: [href='/login']<----was found
20:51:36.388 INFO  manager.MyListener - Start find element--->>>By.xpath: //input[1]
20:51:36.401 INFO  manager.MyListener - The element with locator--->>>By.xpath: //input[1]<----was found
20:51:36.544 INFO  manager.MyListener - Start find element--->>>By.xpath: //input[2]
20:51:36.554 INFO  manager.MyListener - The element with locator--->>>By.xpath: //input[2]<----was found
20:51:36.685 INFO  manager.MyListener - Start find element--->>>By.xpath: //*[text()=' Login']
20:51:36.697 INFO  manager.MyListener - The element with locator--->>>By.xpath: //*[text()=' Login']<----was found
20:51:37.756 INFO  manager.MyListener - Start find element--->>>By.xpath: //*[text()='Sign Out']
20:51:37.770 INFO  manager.MyListener - The element with locator--->>>By.xpath: //*[text()='Sign Out']<----was found
20:51:37.771 INFO  tests.TestBAse - End of testloginSuccessNew1
20:51:37.772 INFO  manager.MyListener - Start find element--->>>By.xpath: //*[text()='Sign Out']
20:51:37.784 INFO  manager.MyListener - The element with locator--->>>By.xpath: //*[text()='Sign Out']<----was found
20:51:37.785 INFO  manager.MyListener - Start find element--->>>By.xpath: //button[text()='Sign Out']
20:51:37.796 INFO  manager.MyListener - The element with locator--->>>By.xpath: //button[text()='Sign Out']<----was found
20:51:37.853 INFO  tests.TestBAse - start testloginSuccessNew1
20:51:37.854 INFO  manager.TestNgListener - onTestStartnull
20:51:37.855 INFO  tests.TestBAse - Testing 'loginSuccessNew1' 
20:51:37.856 INFO  tests.TestBAse - The test starts with emailmissira85@gmail.comand password Passw0rd$
20:51:37.856 INFO  manager.MyListener - Start find element--->>>By.cssSelector: [href='/login']
20:51:37.868 INFO  manager.MyListener - The element with locator--->>>By.cssSelector: [href='/login']<----was found
20:51:37.921 INFO  manager.MyListener - Start find element--->>>By.xpath: //input[1]
20:51:37.932 INFO  manager.MyListener - The element with locator--->>>By.xpath: //input[1]<----was found
20:51:38.075 INFO  manager.MyListener - Start find element--->>>By.xpath: //input[2]
20:51:38.086 INFO  manager.MyListener - The element with locator--->>>By.xpath: //input[2]<----was found
20:51:38.214 INFO  manager.MyListener - Start find element--->>>By.xpath: //*[text()=' Login']
20:51:38.226 INFO  manager.MyListener - The element with locator--->>>By.xpath: //*[text()=' Login']<----was found
20:51:39.276 INFO  manager.MyListener - Start find element--->>>By.xpath: //*[text()='Sign Out']
20:51:39.290 INFO  manager.MyListener - The element with locator--->>>By.xpath: //*[text()='Sign Out']<----was found
20:51:39.292 INFO  tests.TestBAse - End of testloginSuccessNew1
20:51:39.293 INFO  manager.MyListener - Start find element--->>>By.xpath: //*[text()='Sign Out']
20:51:39.305 INFO  manager.MyListener - The element with locator--->>>By.xpath: //*[text()='Sign Out']<----was found
20:51:39.305 INFO  manager.MyListener - Start find element--->>>By.xpath: //button[text()='Sign Out']
20:51:39.317 INFO  manager.MyListener - The element with locator--->>>By.xpath: //button[text()='Sign Out']<----was found
20:51:39.390 INFO  tests.TestBAse - start testloginSuccessNew1
20:51:39.391 INFO  manager.TestNgListener - onTestStartnull
20:51:39.392 INFO  tests.TestBAse - Testing 'loginSuccessNew1' 
20:51:39.392 INFO  tests.TestBAse - The test starts with emailmissira85@gmail.comand password Passw0rd$
20:51:39.392 INFO  manager.MyListener - Start find element--->>>By.cssSelector: [href='/login']
20:51:39.406 INFO  manager.MyListener - The element with locator--->>>By.cssSelector: [href='/login']<----was found
20:51:39.460 INFO  manager.MyListener - Start find element--->>>By.xpath: //input[1]
20:51:39.475 INFO  manager.MyListener - The element with locator--->>>By.xpath: //input[1]<----was found
20:51:39.620 INFO  manager.MyListener - Start find element--->>>By.xpath: //input[2]
20:51:39.629 INFO  manager.MyListener - The element with locator--->>>By.xpath: //input[2]<----was found
20:51:39.751 INFO  manager.MyListener - Start find element--->>>By.xpath: //*[text()=' Login']
20:51:39.761 INFO  manager.MyListener - The element with locator--->>>By.xpath: //*[text()=' Login']<----was found
20:51:40.799 INFO  manager.MyListener - Start find element--->>>By.xpath: //*[text()='Sign Out']
20:51:40.814 INFO  manager.MyListener - The element with locator--->>>By.xpath: //*[text()='Sign Out']<----was found
20:51:40.815 INFO  tests.TestBAse - End of testloginSuccessNew1
20:51:40.816 INFO  manager.TestNgListener - onTestStartnull
20:51:42.544 INFO  manager.MyListener - Start find element--->>>By.xpath: //*[text()='Sign Out']
20:51:42.562 INFO  manager.MyListener - The element with locator--->>>By.xpath: //*[text()='Sign Out']<----was found
20:51:42.562 INFO  manager.MyListener - Start find element--->>>By.xpath: //button[text()='Sign Out']
20:51:42.581 INFO  manager.MyListener - The element with locator--->>>By.xpath: //button[text()='Sign Out']<----was found
20:51:42.643 INFO  manager.TestNgListener - onTestStartnull
20:51:42.643 INFO  manager.MyListener - Start find element--->>>By.cssSelector: [href='/login']
20:51:42.661 INFO  manager.MyListener - The element with locator--->>>By.cssSelector: [href='/login']<----was found
20:51:42.715 INFO  manager.MyListener - Start find element--->>>By.xpath: //input[1]
20:51:42.729 INFO  manager.MyListener - The element with locator--->>>By.xpath: //input[1]<----was found
20:51:42.878 INFO  manager.MyListener - Start find element--->>>By.xpath: //input[2]
20:51:42.889 INFO  manager.MyListener - The element with locator--->>>By.xpath: //input[2]<----was found
20:51:43.029 INFO  manager.MyListener - Start find element--->>>By.xpath: //*[text()=' Registration']
20:51:43.048 INFO  manager.MyListener - The element with locator--->>>By.xpath: //*[text()=' Registration']<----was found
20:51:44.098 INFO  manager.MyListener - Start find element--->>>By.xpath: //*[text()='Sign Out']
20:51:44.112 INFO  manager.MyListener - The element with locator--->>>By.xpath: //*[text()='Sign Out']<----was found
20:51:44.114 INFO  manager.MyListener - Start find element--->>>By.xpath: //*[text()='Sign Out']
20:51:44.127 INFO  manager.MyListener - The element with locator--->>>By.xpath: //*[text()='Sign Out']<----was found
20:51:44.127 INFO  manager.MyListener - Start find element--->>>By.xpath: //button[text()='Sign Out']
20:51:44.138 INFO  manager.MyListener - The element with locator--->>>By.xpath: //button[text()='Sign Out']<----was found
20:51:44.196 INFO  manager.TestNgListener - onTestStartnull
20:51:44.197 INFO  manager.MyListener - Start find element--->>>By.cssSelector: [href='/login']
20:51:44.209 INFO  manager.MyListener - The element with locator--->>>By.cssSelector: [href='/login']<----was found
20:51:44.257 INFO  manager.MyListener - Start find element--->>>By.xpath: //input[1]
20:51:44.268 INFO  manager.MyListener - The element with locator--->>>By.xpath: //input[1]<----was found
20:51:44.425 INFO  manager.MyListener - Start find element--->>>By.xpath: //input[2]
20:51:44.450 INFO  manager.MyListener - The element with locator--->>>By.xpath: //input[2]<----was found
20:51:44.581 INFO  manager.MyListener - Start find element--->>>By.xpath: //*[text()=' Registration']
20:51:44.592 INFO  manager.MyListener - The element with locator--->>>By.xpath: //*[text()=' Registration']<----was found
20:51:45.639 INFO  manager.MyListener - Start find element--->>>By.xpath: //*[text()='Sign Out']
20:51:45.652 INFO  manager.MyListener - The element with locator--->>>By.xpath: //*[text()='Sign Out']<----was found
20:51:45.654 INFO  manager.MyListener - Start find element--->>>By.xpath: //*[text()='Sign Out']
20:51:45.665 INFO  manager.MyListener - The element with locator--->>>By.xpath: //*[text()='Sign Out']<----was found
20:51:45.666 INFO  manager.MyListener - Start find element--->>>By.xpath: //button[text()='Sign Out']
20:51:45.677 INFO  manager.MyListener - The element with locator--->>>By.xpath: //button[text()='Sign Out']<----was found
20:51:45.738 INFO  manager.TestNgListener - onTestStartnull
20:51:45.739 INFO  manager.MyListener - Start find element--->>>By.cssSelector: [href='/login']
20:51:45.750 INFO  manager.MyListener - The element with locator--->>>By.cssSelector: [href='/login']<----was found
20:51:45.806 INFO  manager.MyListener - Start find element--->>>By.xpath: //input[1]
20:51:45.817 INFO  manager.MyListener - The element with locator--->>>By.xpath: //input[1]<----was found
20:51:45.961 INFO  manager.MyListener - Start find element--->>>By.xpath: //input[2]
20:51:45.973 INFO  manager.MyListener - The element with locator--->>>By.xpath: //input[2]<----was found
20:51:46.104 INFO  manager.MyListener - Start find element--->>>By.xpath: //*[text()=' Registration']
20:51:46.114 INFO  manager.MyListener - The element with locator--->>>By.xpath: //*[text()=' Registration']<----was found
20:51:52.197 INFO  manager.MyListener - Start find element--->>>By.xpath: //*[.='Registration failed with code 400']
20:51:52.220 INFO  manager.MyListener - The element with locator--->>>By.xpath: //*[.='Registration failed with code 400']<----was found
20:51:52.222 INFO  manager.MyListener - Start find element--->>>By.xpath: //*[text()='Sign Out']
20:51:57.243 INFO  manager.MyListener - The element with locator--->>>By.xpath: //*[text()='Sign Out']<----was found
20:51:57.244 INFO  manager.MyListener - Start find element--->>>By.cssSelector: [href='/login']
20:51:57.256 INFO  manager.MyListener - The element with locator--->>>By.cssSelector: [href='/login']<----was found
20:51:57.292 INFO  manager.MyListener - Start find element--->>>By.xpath: //input[1]
20:51:57.303 INFO  manager.MyListener - The element with locator--->>>By.xpath: //input[1]<----was found
20:51:57.479 INFO  manager.MyListener - Start find element--->>>By.xpath: //input[2]
20:51:57.490 INFO  manager.MyListener - The element with locator--->>>By.xpath: //input[2]<----was found
20:51:57.628 INFO  manager.MyListener - Start find element--->>>By.xpath: //*[text()=' Login']
20:51:57.639 INFO  manager.MyListener - The element with locator--->>>By.xpath: //*[text()=' Login']<----was found
20:51:57.686 INFO  tests.TestBAse - start testremoveAllConatct
20:51:57.687 INFO  manager.TestNgListener - onTestStartnull
20:51:57.687 INFO  tests.TestBAse - Test 'removeAllContact' started
20:51:57.687 INFO  manager.MyListener - Start find element--->>>By.cssSelector: .contact-item_card__2SOIM
20:51:57.985 INFO  manager.MyListener - The element with locator--->>>By.cssSelector: .contact-item_card__2SOIM<----was found
20:51:58.045 INFO  manager.MyListener - Start find element--->>>By.xpath: //button[normalize-space()='Remove']
20:51:58.066 INFO  manager.MyListener - The element with locator--->>>By.xpath: //button[normalize-space()='Remove']<----was found
20:51:59.111 INFO  manager.MyListener - Start find element--->>>By.cssSelector: div[class='contact-page_leftdiv__yhyke'] div div:nth-child(1)
20:51:59.134 INFO  manager.MyListener - The element with locator--->>>By.cssSelector: div[class='contact-page_leftdiv__yhyke'] div div:nth-child(1)<----was found
20:51:59.164 INFO  manager.MyListener - Start find element--->>>By.xpath: //button[normalize-space()='Remove']
20:51:59.174 INFO  manager.MyListener - The element with locator--->>>By.xpath: //button[normalize-space()='Remove']<----was found
20:52:00.221 INFO  manager.MyListener - Start find element--->>>By.cssSelector: div[class='contact-page_leftdiv__yhyke'] div div:nth-child(1)
20:52:00.241 INFO  manager.MyListener - The element with locator--->>>By.cssSelector: div[class='contact-page_leftdiv__yhyke'] div div:nth-child(1)<----was found
20:52:00.241 INFO  manager.MyListener - Start find element--->>>By.cssSelector: div[class='contact-page_leftdiv__yhyke'] div div:nth-child(1)
20:52:00.251 INFO  manager.MyListener - The element with locator--->>>By.cssSelector: div[class='contact-page_leftdiv__yhyke'] div div:nth-child(1)<----was found
20:52:00.269 INFO  manager.MyListener - Start find element--->>>By.xpath: //button[normalize-space()='Remove']
20:52:00.282 INFO  manager.MyListener - The element with locator--->>>By.xpath: //button[normalize-space()='Remove']<----was found
20:52:01.829 INFO  tests.TestBAse - no cards display at the page
20:52:01.831 INFO  tests.TestBAse - End of testremoveAllConatct
20:52:01.832 INFO  manager.MyListener - Start find element--->>>By.xpath: //*[text()='Sign Out']
20:52:01.850 INFO  manager.MyListener - The element with locator--->>>By.xpath: //*[text()='Sign Out']<----was found
20:52:01.851 INFO  tests.TestBAse - start testremoveAllContactTaya
20:52:01.852 INFO  manager.TestNgListener - onTestStartnull
20:52:01.852 INFO  tests.TestBAse - End of testremoveAllContactTaya
20:52:01.854 INFO  manager.MyListener - Start find element--->>>By.xpath: //*[text()='Sign Out']
20:52:01.868 INFO  manager.MyListener - The element with locator--->>>By.xpath: //*[text()='Sign Out']<----was found
20:52:01.869 INFO  tests.TestBAse - start testremoveOneContact
20:52:01.869 INFO  manager.TestNgListener - onTestStartnull
20:52:01.870 INFO  tests.TestBAse - Test 'removeOneContact' started
20:52:01.870 INFO  manager.MyListener - Start find element--->>>By.cssSelector: .contact-item_card__2SOIM
20:52:01.883 INFO  manager.MyListener - The element with locator--->>>By.cssSelector: .contact-item_card__2SOIM<----was found
20:52:01.918 INFO  manager.MyListener - Start find element--->>>By.xpath: //button[normalize-space()='Remove']
20:52:01.929 INFO  manager.MyListener - The element with locator--->>>By.xpath: //button[normalize-space()='Remove']<----was found
20:52:02.979 INFO  manager.MyListener - Start find element--->>>By.xpath: //div[@class='contact-page_leftdiv__yhyke']
20:52:03.005 INFO  manager.MyListener - The element with locator--->>>By.xpath: //div[@class='contact-page_leftdiv__yhyke']<----was found
20:52:03.005 INFO  manager.MyListener - Start find element--->>>By.xpath: //div[@class='contact-page_leftdiv__yhyke']//div//div[1]
20:52:03.024 INFO  manager.MyListener - The element with locator--->>>By.xpath: //div[@class='contact-page_leftdiv__yhyke']//div//div[1]<----was found
20:52:03.025 INFO  manager.MyListener - Start find element--->>>By.cssSelector: div[class='contact-page_leftdiv__yhyke'] div div:nth-child(1)
20:52:03.035 INFO  manager.MyListener - The element with locator--->>>By.cssSelector: div[class='contact-page_leftdiv__yhyke'] div div:nth-child(1)<----was found
20:52:03.055 INFO  manager.MyListener - Start find element--->>>By.xpath: //button[normalize-space()='Remove']
20:52:03.065 INFO  manager.MyListener - The element with locator--->>>By.xpath: //button[normalize-space()='Remove']<----was found
20:52:03.609 INFO  manager.MyListener - Start find element--->>>By.xpath: //div[@class='contact-page_leftdiv__yhyke']
20:52:03.625 INFO  manager.MyListener - The element with locator--->>>By.xpath: //div[@class='contact-page_leftdiv__yhyke']<----was found
20:52:03.625 INFO  manager.MyListener - Start find element--->>>By.xpath: //div[@class='contact-page_leftdiv__yhyke']//div//div[1]
20:52:03.636 INFO  manager.MyListener - The element with locator--->>>By.xpath: //div[@class='contact-page_leftdiv__yhyke']//div//div[1]<----was found
20:52:03.636 INFO  manager.MyListener - Start find element--->>>By.cssSelector: .contact-item_card__2SOIM
20:52:03.655 INFO  manager.MyListener - The element with locator--->>>By.cssSelector: .contact-item_card__2SOIM<----was found
20:52:03.656 INFO  tests.TestBAse - End of testremoveOneContact
20:52:03.657 INFO  manager.MyListener - Start find element--->>>By.xpath: //*[text()='Sign Out']
20:52:03.669 INFO  manager.MyListener - The element with locator--->>>By.xpath: //*[text()='Sign Out']<----was found
20:52:03.670 INFO  tests.TestBAse - start testremoveOneContactTaya
20:52:03.670 INFO  manager.TestNgListener - onTestStartnull
20:52:03.670 INFO  tests.TestBAse - Test 'removeOneContactTaya' started
20:52:03.670 INFO  manager.MyListener - Start find element--->>>By.cssSelector: .contact-item_card__2SOIM
20:52:03.681 INFO  manager.MyListener - The element with locator--->>>By.cssSelector: .contact-item_card__2SOIM<----was found
20:52:03.681 INFO  manager.MyListener - Start find element--->>>By.cssSelector: .contact-item_card__2SOIM
20:52:03.691 INFO  manager.MyListener - The element with locator--->>>By.cssSelector: .contact-item_card__2SOIM<----was found
20:52:03.692 INFO  manager.MyListener - Start find element--->>>By.cssSelector: .contact-item_card__2SOIM
20:52:03.702 INFO  manager.MyListener - The element with locator--->>>By.cssSelector: .contact-item_card__2SOIM<----was found
20:52:03.749 INFO  manager.MyListener - Start find element--->>>By.xpath: //button[normalize-space()='Remove']
20:52:03.763 INFO  manager.MyListener - The element with locator--->>>By.xpath: //button[normalize-space()='Remove']<----was found
20:52:04.314 INFO  manager.MyListener - Start find element--->>>By.cssSelector: .contact-item_card__2SOIM
20:52:04.328 INFO  manager.MyListener - The element with locator--->>>By.cssSelector: .contact-item_card__2SOIM<----was found
20:52:04.329 INFO  tests.TestBAse - End of testremoveOneContactTaya
20:52:04.345 INFO  manager.TestNgListener - onFinish(ISuite suite)
