20:17:41.444 INFO  manager.ApplicationManager - All tests start in ChromeDriver
20:17:42.183 INFO  manager.MyListener - Start find element--->>>By.xpath: //*[text()='Sign Out']
20:17:47.233 INFO  manager.MyListener - The element with locator--->>>By.xpath: //*[text()='Sign Out']<----was found
20:17:47.235 INFO  manager.MyListener - Start find element--->>>By.cssSelector: [href='/login']
20:17:47.258 INFO  manager.MyListener - The element with locator--->>>By.cssSelector: [href='/login']<----was found
20:17:47.340 INFO  manager.MyListener - Start find element--->>>By.xpath: //input[1]
20:17:47.366 INFO  manager.MyListener - The element with locator--->>>By.xpath: //input[1]<----was found
20:17:47.515 INFO  manager.MyListener - Start find element--->>>By.xpath: //input[2]
20:17:47.536 INFO  manager.MyListener - The element with locator--->>>By.xpath: //input[2]<----was found
20:17:47.680 INFO  manager.MyListener - Start find element--->>>By.xpath: //*[text()=' Login']
20:17:47.704 INFO  manager.MyListener - The element with locator--->>>By.xpath: //*[text()=' Login']<----was found
20:17:47.770 INFO  tests.TestBAse - start testremoveOneContact
20:17:47.772 INFO  tests.TestBAse - Test 'removeOneContact' started
20:17:47.772 INFO  manager.MyListener - Start find element--->>>By.cssSelector: .contact-item_card__2SOIM
20:17:48.541 INFO  manager.MyListener - The element with locator--->>>By.cssSelector: .contact-item_card__2SOIM<----was found
20:17:48.608 INFO  manager.MyListener - Start find element--->>>By.xpath: //button[normalize-space()='Remove']
20:17:48.630 INFO  manager.MyListener - The element with locator--->>>By.xpath: //button[normalize-space()='Remove']<----was found
20:17:48.682 INFO  manager.MyListener - Start find element--->>>By.xpath: //div[@class='contact-page_leftdiv__yhyke']
20:17:48.704 INFO  manager.MyListener - The element with locator--->>>By.xpath: //div[@class='contact-page_leftdiv__yhyke']<----was found
20:17:48.705 INFO  manager.MyListener - Start find element--->>>By.xpath: //div[@class='contact-page_leftdiv__yhyke']//div//div[1]
20:17:48.720 INFO  manager.MyListener - The element with locator--->>>By.xpath: //div[@class='contact-page_leftdiv__yhyke']//div//div[1]<----was found
20:17:48.720 INFO  manager.MyListener - Start find element--->>>By.cssSelector: div[class='contact-page_leftdiv__yhyke'] div div:nth-child(1)
20:17:48.736 INFO  manager.MyListener - The element with locator--->>>By.cssSelector: div[class='contact-page_leftdiv__yhyke'] div div:nth-child(1)<----was found
20:17:48.753 INFO  manager.MyListener - Start find element--->>>By.xpath: //button[normalize-space()='Remove']
20:17:48.766 INFO  manager.MyListener - The element with locator--->>>By.xpath: //button[normalize-space()='Remove']<----was found
20:17:48.795 INFO  manager.MyListener - Start find element--->>>By.xpath: //div[@class='contact-page_leftdiv__yhyke']
20:17:48.809 INFO  manager.MyListener - The element with locator--->>>By.xpath: //div[@class='contact-page_leftdiv__yhyke']<----was found
20:17:48.810 INFO  manager.MyListener - Start find element--->>>By.xpath: //div[@class='contact-page_leftdiv__yhyke']//div//div[1]
20:17:48.823 INFO  manager.MyListener - The element with locator--->>>By.xpath: //div[@class='contact-page_leftdiv__yhyke']//div//div[1]<----was found
20:17:48.831 INFO  tests.TestBAse - End of testremoveOneContact
