19:36:36.227 INFO  manager.ApplicationManager - All tests start in ChromeDriver
19:36:37.320 INFO  manager.MyListener - Start find element--->>>By.xpath: //*[text()='Sign Out']
19:36:42.383 INFO  manager.MyListener - The element with locator--->>>By.xpath: //*[text()='Sign Out']<----was found
19:36:42.387 INFO  tests.TestBAse - start testloginModelDataProvider
19:36:42.400 INFO  manager.MyListener - Start find element--->>>By.cssSelector: [href='/login']
19:36:42.421 INFO  manager.MyListener - The element with locator--->>>By.cssSelector: [href='/login']<----was found
19:36:42.502 INFO  manager.MyListener - Start find element--->>>By.xpath: //input[1]
19:36:42.528 INFO  manager.MyListener - The element with locator--->>>By.xpath: //input[1]<----was found
19:36:42.703 INFO  manager.MyListener - Start find element--->>>By.xpath: //input[2]
19:36:42.721 INFO  manager.MyListener - The element with locator--->>>By.xpath: //input[2]<----was found
19:36:42.841 INFO  manager.MyListener - Start find element--->>>By.xpath: //*[text()=' Login']
19:36:42.858 INFO  manager.MyListener - The element with locator--->>>By.xpath: //*[text()=' Login']<----was found
19:36:47.908 INFO  manager.MyListener - Start find element--->>>By.xpath: //*[text()='Sign Out']
19:36:52.945 INFO  manager.MyListener - The element with locator--->>>By.xpath: //*[text()='Sign Out']<----was found
19:36:52.955 INFO  tests.TestBAse - End of testloginModelDataProvider
19:36:52.957 INFO  manager.MyListener - Start find element--->>>By.xpath: //*[text()='Sign Out']
19:36:57.978 INFO  manager.MyListener - The element with locator--->>>By.xpath: //*[text()='Sign Out']<----was found
19:36:57.980 INFO  tests.TestBAse - start testloginModelDataProvider
19:36:57.982 INFO  manager.MyListener - Start find element--->>>By.cssSelector: [href='/login']
19:36:58.004 INFO  manager.MyListener - The element with locator--->>>By.cssSelector: [href='/login']<----was found
19:36:58.059 INFO  manager.MyListener - Start find element--->>>By.xpath: //input[1]
19:36:58.075 INFO  manager.MyListener - The element with locator--->>>By.xpath: //input[1]<----was found
19:36:58.245 INFO  manager.MyListener - Start find element--->>>By.xpath: //input[2]
19:36:58.261 INFO  manager.MyListener - The element with locator--->>>By.xpath: //input[2]<----was found
19:36:58.417 INFO  manager.MyListener - Start find element--->>>By.xpath: //*[text()=' Login']
19:36:58.435 INFO  manager.MyListener - The element with locator--->>>By.xpath: //*[text()=' Login']<----was found
19:37:03.488 INFO  manager.MyListener - Start find element--->>>By.xpath: //*[text()='Sign Out']
19:37:03.509 INFO  manager.MyListener - We have a 'throwable'--->>>unexpected alert open: {Alert text : Undefined Error 500}
  (Session info: chrome=96.0.4664.110): Undefined Error 500
Build info: version: '3.141.59', revision: 'e82be7d358', time: '2018-11-14T08:17:03'
System info: host: 'desktopirina', ip: '127.0.1.1', os.name: 'Linux', os.arch: 'amd64', os.version: '5.14.0-1031-oem', java.version: '11.0.14.1'
Driver info: org.openqa.selenium.chrome.ChromeDriver
Capabilities {acceptInsecureCerts: false, browserName: chrome, browserVersion: 96.0.4664.110, chrome: {chromedriverVersion: 96.0.4664.45 (76e4c1bb2ab46..., userDataDir: /tmp/.com.google.Chrome.iQzoUq}, goog:chromeOptions: {debuggerAddress: localhost:45639}, javascriptEnabled: true, networkConnectionEnabled: false, pageLoadStrategy: normal, platform: LINUX, platformName: LINUX, proxy: Proxy(), setWindowRect: true, strictFileInteractability: false, timeouts: {implicit: 0, pageLoad: 300000, script: 30000}, unhandledPromptBehavior: dismiss and notify, webauthn:extension:credBlob: true, webauthn:extension:largeBlob: true, webauthn:virtualAuthenticators: true}
Session ID: 4814bf71b9bb40836a51551535cf4102
*** Element info: {Using=xpath, value=//*[text()='Sign Out']}
19:37:03.511 INFO  manager.MyListener - We have a 'fill In Stack Trace'--->>>org.openqa.selenium.UnhandledAlertException: unexpected alert open: {Alert text : Undefined Error 500}
  (Session info: chrome=96.0.4664.110): Undefined Error 500
Build info: version: '3.141.59', revision: 'e82be7d358', time: '2018-11-14T08:17:03'
System info: host: 'desktopirina', ip: '127.0.1.1', os.name: 'Linux', os.arch: 'amd64', os.version: '5.14.0-1031-oem', java.version: '11.0.14.1'
Driver info: org.openqa.selenium.chrome.ChromeDriver
Capabilities {acceptInsecureCerts: false, browserName: chrome, browserVersion: 96.0.4664.110, chrome: {chromedriverVersion: 96.0.4664.45 (76e4c1bb2ab46..., userDataDir: /tmp/.com.google.Chrome.iQzoUq}, goog:chromeOptions: {debuggerAddress: localhost:45639}, javascriptEnabled: true, networkConnectionEnabled: false, pageLoadStrategy: normal, platform: LINUX, platformName: LINUX, proxy: Proxy(), setWindowRect: true, strictFileInteractability: false, timeouts: {implicit: 0, pageLoad: 300000, script: 30000}, unhandledPromptBehavior: dismiss and notify, webauthn:extension:credBlob: true, webauthn:extension:largeBlob: true, webauthn:virtualAuthenticators: true}
Session ID: 4814bf71b9bb40836a51551535cf4102
*** Element info: {Using=xpath, value=//*[text()='Sign Out']}
19:37:04.398 INFO  manager.MyListener - This is the link to screen with problem-->src/test/screenshots/screen-2223.png
19:37:04.400 INFO  tests.TestBAse - End of testloginModelDataProvider
19:37:04.402 INFO  manager.MyListener - Start find element--->>>By.xpath: //*[text()='Sign Out']
19:37:09.426 INFO  manager.MyListener - The element with locator--->>>By.xpath: //*[text()='Sign Out']<----was found
19:37:09.428 INFO  tests.TestBAse - start testloginModelDataProvider
19:37:09.428 INFO  manager.MyListener - Start find element--->>>By.cssSelector: [href='/login']
19:37:09.440 INFO  manager.MyListener - The element with locator--->>>By.cssSelector: [href='/login']<----was found
19:37:09.472 INFO  manager.MyListener - Start find element--->>>By.xpath: //input[1]
19:37:09.483 INFO  manager.MyListener - The element with locator--->>>By.xpath: //input[1]<----was found
19:37:09.665 INFO  manager.MyListener - Start find element--->>>By.xpath: //input[2]
19:37:09.681 INFO  manager.MyListener - The element with locator--->>>By.xpath: //input[2]<----was found
19:37:09.841 INFO  manager.MyListener - Start find element--->>>By.xpath: //*[text()=' Login']
19:37:09.856 INFO  manager.MyListener - The element with locator--->>>By.xpath: //*[text()=' Login']<----was found
19:37:14.904 INFO  manager.MyListener - Start find element--->>>By.xpath: //*[text()='Sign Out']
19:37:14.919 INFO  manager.MyListener - We have a 'throwable'--->>>chrome not reachable
  (Session info: chrome=96.0.4664.110)
Build info: version: '3.141.59', revision: 'e82be7d358', time: '2018-11-14T08:17:03'
System info: host: 'desktopirina', ip: '127.0.1.1', os.name: 'Linux', os.arch: 'amd64', os.version: '5.14.0-1031-oem', java.version: '11.0.14.1'
Driver info: org.openqa.selenium.chrome.ChromeDriver
Capabilities {acceptInsecureCerts: false, browserName: chrome, browserVersion: 96.0.4664.110, chrome: {chromedriverVersion: 96.0.4664.45 (76e4c1bb2ab46..., userDataDir: /tmp/.com.google.Chrome.iQzoUq}, goog:chromeOptions: {debuggerAddress: localhost:45639}, javascriptEnabled: true, networkConnectionEnabled: false, pageLoadStrategy: normal, platform: LINUX, platformName: LINUX, proxy: Proxy(), setWindowRect: true, strictFileInteractability: false, timeouts: {implicit: 0, pageLoad: 300000, script: 30000}, unhandledPromptBehavior: dismiss and notify, webauthn:extension:credBlob: true, webauthn:extension:largeBlob: true, webauthn:virtualAuthenticators: true}
Session ID: 4814bf71b9bb40836a51551535cf4102
*** Element info: {Using=xpath, value=//*[text()='Sign Out']}
19:37:14.920 INFO  manager.MyListener - We have a 'fill In Stack Trace'--->>>org.openqa.selenium.WebDriverException: chrome not reachable
  (Session info: chrome=96.0.4664.110)
Build info: version: '3.141.59', revision: 'e82be7d358', time: '2018-11-14T08:17:03'
System info: host: 'desktopirina', ip: '127.0.1.1', os.name: 'Linux', os.arch: 'amd64', os.version: '5.14.0-1031-oem', java.version: '11.0.14.1'
Driver info: org.openqa.selenium.chrome.ChromeDriver
Capabilities {acceptInsecureCerts: false, browserName: chrome, browserVersion: 96.0.4664.110, chrome: {chromedriverVersion: 96.0.4664.45 (76e4c1bb2ab46..., userDataDir: /tmp/.com.google.Chrome.iQzoUq}, goog:chromeOptions: {debuggerAddress: localhost:45639}, javascriptEnabled: true, networkConnectionEnabled: false, pageLoadStrategy: normal, platform: LINUX, platformName: LINUX, proxy: Proxy(), setWindowRect: true, strictFileInteractability: false, timeouts: {implicit: 0, pageLoad: 300000, script: 30000}, unhandledPromptBehavior: dismiss and notify, webauthn:extension:credBlob: true, webauthn:extension:largeBlob: true, webauthn:virtualAuthenticators: true}
Session ID: 4814bf71b9bb40836a51551535cf4102
*** Element info: {Using=xpath, value=//*[text()='Sign Out']}
19:37:14.934 INFO  tests.TestBAse - End of testloginModelDataProvider
19:37:14.936 INFO  manager.MyListener - Start find element--->>>By.xpath: //*[text()='Sign Out']
19:37:14.948 INFO  manager.MyListener - We have a 'throwable'--->>>chrome not reachable
  (Session info: chrome=96.0.4664.110)
Build info: version: '3.141.59', revision: 'e82be7d358', time: '2018-11-14T08:17:03'
System info: host: 'desktopirina', ip: '127.0.1.1', os.name: 'Linux', os.arch: 'amd64', os.version: '5.14.0-1031-oem', java.version: '11.0.14.1'
Driver info: org.openqa.selenium.chrome.ChromeDriver
Capabilities {acceptInsecureCerts: false, browserName: chrome, browserVersion: 96.0.4664.110, chrome: {chromedriverVersion: 96.0.4664.45 (76e4c1bb2ab46..., userDataDir: /tmp/.com.google.Chrome.iQzoUq}, goog:chromeOptions: {debuggerAddress: localhost:45639}, javascriptEnabled: true, networkConnectionEnabled: false, pageLoadStrategy: normal, platform: LINUX, platformName: LINUX, proxy: Proxy(), setWindowRect: true, strictFileInteractability: false, timeouts: {implicit: 0, pageLoad: 300000, script: 30000}, unhandledPromptBehavior: dismiss and notify, webauthn:extension:credBlob: true, webauthn:extension:largeBlob: true, webauthn:virtualAuthenticators: true}
Session ID: 4814bf71b9bb40836a51551535cf4102
*** Element info: {Using=xpath, value=//*[text()='Sign Out']}
19:37:14.949 INFO  manager.MyListener - We have a 'fill In Stack Trace'--->>>org.openqa.selenium.WebDriverException: chrome not reachable
  (Session info: chrome=96.0.4664.110)
Build info: version: '3.141.59', revision: 'e82be7d358', time: '2018-11-14T08:17:03'
System info: host: 'desktopirina', ip: '127.0.1.1', os.name: 'Linux', os.arch: 'amd64', os.version: '5.14.0-1031-oem', java.version: '11.0.14.1'
Driver info: org.openqa.selenium.chrome.ChromeDriver
Capabilities {acceptInsecureCerts: false, browserName: chrome, browserVersion: 96.0.4664.110, chrome: {chromedriverVersion: 96.0.4664.45 (76e4c1bb2ab46..., userDataDir: /tmp/.com.google.Chrome.iQzoUq}, goog:chromeOptions: {debuggerAddress: localhost:45639}, javascriptEnabled: true, networkConnectionEnabled: false, pageLoadStrategy: normal, platform: LINUX, platformName: LINUX, proxy: Proxy(), setWindowRect: true, strictFileInteractability: false, timeouts: {implicit: 0, pageLoad: 300000, script: 30000}, unhandledPromptBehavior: dismiss and notify, webauthn:extension:credBlob: true, webauthn:extension:largeBlob: true, webauthn:virtualAuthenticators: true}
Session ID: 4814bf71b9bb40836a51551535cf4102
*** Element info: {Using=xpath, value=//*[text()='Sign Out']}
