22:52:43.767 INFO  manager.ApplicationManager - All tests start in ChromeDriver
22:52:44.643 INFO  manager.MyListener - Start find element--->>>By.xpath: //*[text()='Sign Out']
22:52:49.715 INFO  manager.MyListener - The element with locator--->>>By.xpath: //*[text()='Sign Out']<----was found
22:52:49.716 INFO  manager.MyListener - Start find element--->>>By.cssSelector: [href='/login']
22:52:49.740 INFO  manager.MyListener - The element with locator--->>>By.cssSelector: [href='/login']<----was found
22:52:49.825 INFO  manager.MyListener - Start find element--->>>By.xpath: //input[1]
22:52:49.849 INFO  manager.MyListener - The element with locator--->>>By.xpath: //input[1]<----was found
22:52:49.995 INFO  manager.MyListener - Start find element--->>>By.xpath: //input[2]
22:52:50.012 INFO  manager.MyListener - The element with locator--->>>By.xpath: //input[2]<----was found
22:52:50.151 INFO  manager.MyListener - Start find element--->>>By.xpath: //*[text()=' Login']
22:52:50.169 INFO  manager.MyListener - The element with locator--->>>By.xpath: //*[text()=' Login']<----was found
22:52:50.223 INFO  tests.TestBAse - start testremoveAllConatct
22:52:50.225 INFO  tests.TestBAse - removeAllContact
22:52:50.226 INFO  manager.MyListener - Start find element--->>>By.xpath: //a[@class='active']
22:52:50.246 INFO  manager.MyListener - The element with locator--->>>By.xpath: //a[@class='active']<----was found
22:52:50.289 INFO  manager.MyListener - Start find element--->>>By.cssSelector: div[class='contact-page_leftdiv__yhyke'] div div:nth-child(1)
22:52:51.019 INFO  manager.MyListener - The element with locator--->>>By.cssSelector: div[class='contact-page_leftdiv__yhyke'] div div:nth-child(1)<----was found
22:52:51.048 INFO  manager.MyListener - Start find element--->>>By.xpath: //button[normalize-space()='Remove']
22:52:51.072 INFO  manager.MyListener - The element with locator--->>>By.xpath: //button[normalize-space()='Remove']<----was found
22:52:51.118 INFO  manager.MyListener - Start find element--->>>By.cssSelector: div[class='contact-page_leftdiv__yhyke'] div div:nth-child(1)
22:52:51.139 INFO  manager.MyListener - The element with locator--->>>By.cssSelector: div[class='contact-page_leftdiv__yhyke'] div div:nth-child(1)<----was found
22:52:51.139 INFO  manager.MyListener - Start find element--->>>By.cssSelector: div[class='contact-page_leftdiv__yhyke'] div div:nth-child(1)
22:52:51.152 INFO  manager.MyListener - The element with locator--->>>By.cssSelector: div[class='contact-page_leftdiv__yhyke'] div div:nth-child(1)<----was found
22:52:51.166 INFO  manager.MyListener - Start find element--->>>By.xpath: //button[normalize-space()='Remove']
22:52:51.181 INFO  manager.MyListener - The element with locator--->>>By.xpath: //button[normalize-space()='Remove']<----was found
22:52:51.216 INFO  tests.TestBAse - End of testremoveAllConatct
