20:33:35.632 INFO  manager.ApplicationManager - All tests start in ChromeDriver
20:33:36.512 INFO  manager.MyListener - Start find element--->>>By.xpath: //*[text()='Sign Out']
20:33:41.560 INFO  manager.MyListener - The element with locator--->>>By.xpath: //*[text()='Sign Out']<----was found
20:33:41.561 INFO  manager.MyListener - Start find element--->>>By.cssSelector: [href='/login']
20:33:41.584 INFO  manager.MyListener - The element with locator--->>>By.cssSelector: [href='/login']<----was found
20:33:41.665 INFO  manager.MyListener - Start find element--->>>By.xpath: //input[1]
20:33:41.688 INFO  manager.MyListener - The element with locator--->>>By.xpath: //input[1]<----was found
20:33:41.848 INFO  manager.MyListener - Start find element--->>>By.xpath: //input[2]
20:33:41.871 INFO  manager.MyListener - The element with locator--->>>By.xpath: //input[2]<----was found
20:33:42.004 INFO  manager.MyListener - Start find element--->>>By.xpath: //*[text()=' Login']
20:33:42.023 INFO  manager.MyListener - The element with locator--->>>By.xpath: //*[text()=' Login']<----was found
20:33:42.079 INFO  tests.TestBAse - start testremoveAllConatct
20:33:42.082 INFO  tests.TestBAse - Test 'removeAllContact' started
20:33:42.082 INFO  manager.MyListener - Start find element--->>>By.xpath: //a[@class='active']
20:33:42.104 INFO  manager.MyListener - The element with locator--->>>By.xpath: //a[@class='active']<----was found
20:33:42.152 INFO  manager.MyListener - Start find element--->>>By.cssSelector: div[class='contact-page_leftdiv__yhyke'] div div:nth-child(1)
20:33:42.827 INFO  manager.MyListener - The element with locator--->>>By.cssSelector: div[class='contact-page_leftdiv__yhyke'] div div:nth-child(1)<----was found
20:33:42.855 INFO  manager.MyListener - Start find element--->>>By.xpath: //button[normalize-space()='Remove']
20:33:42.875 INFO  manager.MyListener - The element with locator--->>>By.xpath: //button[normalize-space()='Remove']<----was found
20:33:43.927 INFO  manager.MyListener - Start find element--->>>By.cssSelector: div[class='contact-page_leftdiv__yhyke'] div div:nth-child(1)
20:33:43.951 INFO  manager.MyListener - The element with locator--->>>By.cssSelector: div[class='contact-page_leftdiv__yhyke'] div div:nth-child(1)<----was found
20:33:43.952 INFO  manager.MyListener - Start find element--->>>By.cssSelector: div[class='contact-page_leftdiv__yhyke'] div div:nth-child(1)
20:33:43.968 INFO  manager.MyListener - The element with locator--->>>By.cssSelector: div[class='contact-page_leftdiv__yhyke'] div div:nth-child(1)<----was found
20:33:43.987 INFO  manager.MyListener - Start find element--->>>By.xpath: //button[normalize-space()='Remove']
20:33:44.001 INFO  manager.MyListener - The element with locator--->>>By.xpath: //button[normalize-space()='Remove']<----was found
20:33:44.549 INFO  tests.TestBAse - no cards display at the page
20:33:44.554 INFO  tests.TestBAse - End of testremoveAllConatct
