11:56:24.360 INFO  manager.ApplicationManager - All tests start in ChromeDriver
11:56:25.139 INFO  tests.TestBAse - Start test --->removeAllContactTaya
11:56:25.142 INFO  manager.MyListener - Start find element--->>>By.xpath: //*[text()='Sign Out']
11:56:30.217 INFO  manager.MyListener - The element with locator--->>>By.xpath: //*[text()='Sign Out']<----was found
11:56:30.218 INFO  manager.MyListener - Start find element--->>>By.cssSelector: [href='/login']
11:56:30.243 INFO  manager.MyListener - The element with locator--->>>By.cssSelector: [href='/login']<----was found
11:56:30.326 INFO  manager.MyListener - Start find element--->>>By.xpath: //input[1]
11:56:30.338 INFO  manager.MyListener - The element with locator--->>>By.xpath: //input[1]<----was found
11:56:30.425 INFO  manager.MyListener - Start find element--->>>By.xpath: //input[2]
11:56:30.437 INFO  manager.MyListener - The element with locator--->>>By.xpath: //input[2]<----was found
11:56:30.508 INFO  manager.MyListener - Start find element--->>>By.xpath: //*[text()=' Login']
11:56:30.520 INFO  manager.MyListener - The element with locator--->>>By.xpath: //*[text()=' Login']<----was found
11:56:30.548 INFO  tests.TestBAse - Start testremoveAllContactTaya
11:56:30.549 INFO  manager.MyListener - Start find element--->>>By.cssSelector: .contact-item_card__2SOIM
11:56:31.308 INFO  manager.MyListener - The element with locator--->>>By.cssSelector: .contact-item_card__2SOIM<----was found
11:56:31.309 INFO  manager.MyListener - Start find element--->>>By.cssSelector: .contact-item_card__2SOIM
11:56:31.338 INFO  manager.MyListener - The element with locator--->>>By.cssSelector: .contact-item_card__2SOIM<----was found
11:56:31.393 INFO  manager.MyListener - Start find element--->>>By.xpath: //button[text()='Remove']
11:56:31.412 INFO  manager.MyListener - The element with locator--->>>By.xpath: //button[text()='Remove']<----was found
11:56:31.937 INFO  manager.MyListener - Start find element--->>>By.cssSelector: .contact-item_card__2SOIM
11:56:31.954 INFO  manager.MyListener - The element with locator--->>>By.cssSelector: .contact-item_card__2SOIM<----was found
11:56:31.955 INFO  manager.MyListener - Start find element--->>>By.cssSelector: .contact-item_card__2SOIM
11:56:31.968 INFO  manager.MyListener - The element with locator--->>>By.cssSelector: .contact-item_card__2SOIM<----was found
11:56:32.015 INFO  manager.MyListener - Start find element--->>>By.xpath: //button[text()='Remove']
11:56:32.029 INFO  manager.MyListener - The element with locator--->>>By.xpath: //button[text()='Remove']<----was found
11:56:32.559 INFO  manager.MyListener - Start find element--->>>By.cssSelector: .contact-item_card__2SOIM
11:56:32.577 INFO  manager.MyListener - The element with locator--->>>By.cssSelector: .contact-item_card__2SOIM<----was found
11:56:32.578 INFO  manager.MyListener - Start find element--->>>By.cssSelector: .contact-item_card__2SOIM
11:56:32.590 INFO  manager.MyListener - The element with locator--->>>By.cssSelector: .contact-item_card__2SOIM<----was found
11:56:32.631 INFO  manager.MyListener - Start find element--->>>By.xpath: //button[text()='Remove']
11:56:32.645 INFO  manager.MyListener - The element with locator--->>>By.xpath: //button[text()='Remove']<----was found
11:56:33.195 INFO  manager.MyListener - Start find element--->>>By.cssSelector: .contact-item_card__2SOIM
11:56:33.211 INFO  manager.MyListener - The element with locator--->>>By.cssSelector: .contact-item_card__2SOIM<----was found
11:56:33.212 INFO  manager.MyListener - Start find element--->>>By.cssSelector: .contact-item_card__2SOIM
11:56:33.226 INFO  manager.MyListener - The element with locator--->>>By.cssSelector: .contact-item_card__2SOIM<----was found
11:56:33.256 INFO  manager.MyListener - Start find element--->>>By.xpath: //button[text()='Remove']
11:56:33.265 INFO  manager.MyListener - The element with locator--->>>By.xpath: //button[text()='Remove']<----was found
11:56:33.795 INFO  manager.MyListener - Start find element--->>>By.cssSelector: .contact-item_card__2SOIM
11:56:33.810 INFO  manager.MyListener - The element with locator--->>>By.cssSelector: .contact-item_card__2SOIM<----was found
11:56:33.810 INFO  manager.MyListener - Start find element--->>>By.cssSelector: .contact-item_card__2SOIM
11:56:33.823 INFO  manager.MyListener - The element with locator--->>>By.cssSelector: .contact-item_card__2SOIM<----was found
11:56:33.858 INFO  manager.MyListener - Start find element--->>>By.xpath: //button[text()='Remove']
11:56:33.866 INFO  manager.MyListener - The element with locator--->>>By.xpath: //button[text()='Remove']<----was found
11:56:34.393 INFO  manager.MyListener - Start find element--->>>By.cssSelector: .contact-item_card__2SOIM
11:56:39.417 INFO  manager.MyListener - The element with locator--->>>By.cssSelector: .contact-item_card__2SOIM<----was found
11:56:39.418 INFO  manager.MyListener - Start find element--->>>By.cssSelector: .contact-page_message__2qafk
11:56:39.438 INFO  manager.MyListener - The element with locator--->>>By.cssSelector: .contact-page_message__2qafk<----was found
11:56:39.445 INFO  tests.TestBAse - End of testremoveAllContactTaya
11:56:39.449 INFO  tests.TestBAse - Start test --->removeOneContactTaya
11:56:39.450 INFO  manager.MyListener - Start find element--->>>By.xpath: //*[text()='Sign Out']
11:56:39.463 INFO  manager.MyListener - The element with locator--->>>By.xpath: //*[text()='Sign Out']<----was found
11:56:39.465 INFO  tests.TestBAse - Test 'removeOneContactTaya' started
11:56:39.465 INFO  manager.MyListener - Start find element--->>>By.cssSelector: .contact-item_card__2SOIM
11:56:44.507 INFO  manager.MyListener - The element with locator--->>>By.cssSelector: .contact-item_card__2SOIM<----was found
11:56:44.507 INFO  manager.MyListener - Start find element--->>>By.cssSelector: .contact-item_card__2SOIM
11:56:49.534 INFO  manager.MyListener - The element with locator--->>>By.cssSelector: .contact-item_card__2SOIM<----was found
11:56:49.534 INFO  manager.MyListener - Start find element--->>>By.cssSelector: .contact-item_card__2SOIM
11:56:54.569 INFO  manager.MyListener - The element with locator--->>>By.cssSelector: .contact-item_card__2SOIM<----was found
11:56:54.572 INFO  tests.TestBAse - End of testremoveOneContactTaya
