18:09:46.978 INFO  manager.ApplicationManager - All tests start in ChromeDriver
18:09:47.696 INFO  manager.MyListener - Start find element--->>>By.xpath: //*[text()='Sign Out']
18:09:52.759 INFO  manager.MyListener - The element with locator--->>>By.xpath: //*[text()='Sign Out']<----was found
18:09:52.760 INFO  manager.MyListener - Start find element--->>>By.cssSelector: [href='/login']
18:09:52.783 INFO  manager.MyListener - The element with locator--->>>By.cssSelector: [href='/login']<----was found
18:09:52.869 INFO  manager.MyListener - Start find element--->>>By.xpath: //input[1]
18:09:52.891 INFO  manager.MyListener - The element with locator--->>>By.xpath: //input[1]<----was found
18:09:53.043 INFO  manager.MyListener - Start find element--->>>By.xpath: //input[2]
18:09:53.055 INFO  manager.MyListener - The element with locator--->>>By.xpath: //input[2]<----was found
18:09:53.166 INFO  manager.MyListener - Start find element--->>>By.xpath: //*[text()=' Login']
18:09:53.178 INFO  manager.MyListener - The element with locator--->>>By.xpath: //*[text()=' Login']<----was found
18:09:53.215 INFO  tests.TestBAse - start testremoveOneConatct
18:09:53.216 INFO  tests.TestBAse - removeOneConatct' 
18:09:53.217 INFO  manager.MyListener - Start find element--->>>By.xpath: //a[@class='active']
18:09:53.237 INFO  manager.MyListener - The element with locator--->>>By.xpath: //a[@class='active']<----was found
18:09:53.282 INFO  manager.MyListener - Start find element--->>>By.xpath: //div[@class='contact-page_leftdiv__yhyke']
18:09:54.017 INFO  manager.MyListener - The element with locator--->>>By.xpath: //div[@class='contact-page_leftdiv__yhyke']<----was found
18:09:54.018 INFO  manager.MyListener - Start find element--->>>By.xpath: //div[@class='contact-page_leftdiv__yhyke']//div//div[1]
18:09:54.038 INFO  manager.MyListener - The element with locator--->>>By.xpath: //div[@class='contact-page_leftdiv__yhyke']//div//div[1]<----was found
18:09:54.039 INFO  manager.MyListener - Start find element--->>>By.cssSelector: div[class='contact-page_leftdiv__yhyke'] div div:nth-child(1)
18:09:54.058 INFO  manager.MyListener - The element with locator--->>>By.cssSelector: div[class='contact-page_leftdiv__yhyke'] div div:nth-child(1)<----was found
18:09:54.081 INFO  manager.MyListener - Start find element--->>>By.xpath: //button[normalize-space()='Remove']
18:09:54.103 INFO  manager.MyListener - The element with locator--->>>By.xpath: //button[normalize-space()='Remove']<----was found
18:09:54.152 INFO  manager.MyListener - Start find element--->>>By.xpath: //div[@class='contact-page_leftdiv__yhyke']
18:09:54.166 INFO  manager.MyListener - The element with locator--->>>By.xpath: //div[@class='contact-page_leftdiv__yhyke']<----was found
18:09:54.167 INFO  manager.MyListener - Start find element--->>>By.xpath: //div[@class='contact-page_leftdiv__yhyke']//div//div[1]
18:09:54.181 INFO  manager.MyListener - The element with locator--->>>By.xpath: //div[@class='contact-page_leftdiv__yhyke']//div//div[1]<----was found
18:09:54.185 INFO  tests.TestBAse - End of testremoveOneConatct
