20:39:42.464 INFO  manager.ApplicationManager - All tests start in ChromeDriver
20:39:43.436 INFO  manager.MyListener - Start find element--->>>By.xpath: //*[text()='Sign Out']
20:39:48.488 INFO  manager.MyListener - The element with locator--->>>By.xpath: //*[text()='Sign Out']<----was found
20:39:48.489 INFO  manager.MyListener - Start find element--->>>By.cssSelector: [href='/login']
20:39:48.511 INFO  manager.MyListener - The element with locator--->>>By.cssSelector: [href='/login']<----was found
20:39:48.590 INFO  manager.MyListener - Start find element--->>>By.xpath: //input[1]
20:39:48.608 INFO  manager.MyListener - The element with locator--->>>By.xpath: //input[1]<----was found
20:39:48.756 INFO  manager.MyListener - Start find element--->>>By.xpath: //input[2]
20:39:48.774 INFO  manager.MyListener - The element with locator--->>>By.xpath: //input[2]<----was found
20:39:48.916 INFO  manager.MyListener - Start find element--->>>By.xpath: //*[text()=' Login']
20:39:48.938 INFO  manager.MyListener - The element with locator--->>>By.xpath: //*[text()=' Login']<----was found
20:39:49.039 INFO  manager.MyListener - Start find element--->>>By.cssSelector: a[href='/add']
20:39:49.636 INFO  manager.MyListener - The element with locator--->>>By.cssSelector: a[href='/add']<----was found
20:39:49.707 INFO  manager.MyListener - Start find element--->>>By.xpath: //a[@class='active']
20:39:49.758 INFO  manager.MyListener - The element with locator--->>>By.xpath: //a[@class='active']<----was found
20:39:49.832 INFO  manager.MyListener - Start find element--->>>By.xpath: //input[@placeholder='Name']
20:39:49.860 INFO  manager.MyListener - The element with locator--->>>By.xpath: //input[@placeholder='Name']<----was found
20:39:50.012 INFO  manager.MyListener - Start find element--->>>By.xpath: //input[@placeholder='Last Name']
20:39:50.040 INFO  manager.MyListener - The element with locator--->>>By.xpath: //input[@placeholder='Last Name']<----was found
20:39:50.173 INFO  manager.MyListener - Start find element--->>>By.xpath: //input[@placeholder='Phone']
20:39:50.191 INFO  manager.MyListener - The element with locator--->>>By.xpath: //input[@placeholder='Phone']<----was found
20:39:50.342 INFO  manager.MyListener - Start find element--->>>By.xpath: //input[@placeholder='email']
20:39:50.359 INFO  manager.MyListener - The element with locator--->>>By.xpath: //input[@placeholder='email']<----was found
20:39:50.508 INFO  manager.MyListener - Start find element--->>>By.xpath: //input[@placeholder='Address']
20:39:50.533 INFO  manager.MyListener - The element with locator--->>>By.xpath: //input[@placeholder='Address']<----was found
20:39:50.662 INFO  manager.MyListener - Start find element--->>>By.xpath: //input[@placeholder='description']
20:39:50.683 INFO  manager.MyListener - The element with locator--->>>By.xpath: //input[@placeholder='description']<----was found
20:39:50.816 INFO  manager.MyListener - Start find element--->>>By.cssSelector: div[class='add_form__2rsm2'] button
20:39:50.836 INFO  manager.MyListener - The element with locator--->>>By.cssSelector: div[class='add_form__2rsm2'] button<----was found
20:39:55.891 INFO  manager.MyListener - Start find element--->>>By.xpath: //*[text()='Sign Out']
20:39:55.908 INFO  manager.MyListener - The element with locator--->>>By.xpath: //*[text()='Sign Out']<----was found
20:39:55.910 INFO  manager.MyListener - Start find element--->>>By.cssSelector: a[href='/add']
20:39:55.923 INFO  manager.MyListener - The element with locator--->>>By.cssSelector: a[href='/add']<----was found
20:39:55.966 INFO  manager.MyListener - Start find element--->>>By.xpath: //a[@class='active']
20:39:55.985 INFO  manager.MyListener - The element with locator--->>>By.xpath: //a[@class='active']<----was found
20:39:56.031 INFO  manager.MyListener - Start find element--->>>By.xpath: //input[@placeholder='Name']
20:39:56.047 INFO  manager.MyListener - The element with locator--->>>By.xpath: //input[@placeholder='Name']<----was found
20:39:56.193 INFO  manager.MyListener - Start find element--->>>By.xpath: //input[@placeholder='Last Name']
20:39:56.209 INFO  manager.MyListener - The element with locator--->>>By.xpath: //input[@placeholder='Last Name']<----was found
20:39:56.342 INFO  manager.MyListener - Start find element--->>>By.xpath: //input[@placeholder='Phone']
20:39:56.354 INFO  manager.MyListener - The element with locator--->>>By.xpath: //input[@placeholder='Phone']<----was found
20:39:56.496 INFO  manager.MyListener - Start find element--->>>By.xpath: //input[@placeholder='email']
20:39:56.509 INFO  manager.MyListener - The element with locator--->>>By.xpath: //input[@placeholder='email']<----was found
20:39:56.670 INFO  manager.MyListener - Start find element--->>>By.xpath: //input[@placeholder='Address']
20:39:56.689 INFO  manager.MyListener - The element with locator--->>>By.xpath: //input[@placeholder='Address']<----was found
20:39:56.850 INFO  manager.MyListener - Start find element--->>>By.xpath: //input[@placeholder='description']
20:39:56.863 INFO  manager.MyListener - The element with locator--->>>By.xpath: //input[@placeholder='description']<----was found
20:39:57.005 INFO  manager.MyListener - Start find element--->>>By.cssSelector: div[class='add_form__2rsm2'] button
20:39:57.016 INFO  manager.MyListener - The element with locator--->>>By.cssSelector: div[class='add_form__2rsm2'] button<----was found
20:40:02.065 INFO  manager.MyListener - Start find element--->>>By.xpath: //*[text()='Sign Out']
20:40:02.082 INFO  manager.MyListener - The element with locator--->>>By.xpath: //*[text()='Sign Out']<----was found
20:40:02.083 INFO  manager.MyListener - Start find element--->>>By.cssSelector: a[href='/add']
20:40:02.096 INFO  manager.MyListener - The element with locator--->>>By.cssSelector: a[href='/add']<----was found
20:40:02.133 INFO  manager.MyListener - Start find element--->>>By.xpath: //a[@class='active']
20:40:02.146 INFO  manager.MyListener - The element with locator--->>>By.xpath: //a[@class='active']<----was found
20:40:02.181 INFO  manager.MyListener - Start find element--->>>By.xpath: //input[@placeholder='Name']
20:40:02.193 INFO  manager.MyListener - The element with locator--->>>By.xpath: //input[@placeholder='Name']<----was found
20:40:02.319 INFO  manager.MyListener - Start find element--->>>By.xpath: //input[@placeholder='Last Name']
20:40:02.330 INFO  manager.MyListener - The element with locator--->>>By.xpath: //input[@placeholder='Last Name']<----was found
20:40:02.467 INFO  manager.MyListener - Start find element--->>>By.xpath: //input[@placeholder='Phone']
20:40:02.480 INFO  manager.MyListener - The element with locator--->>>By.xpath: //input[@placeholder='Phone']<----was found
20:40:02.618 INFO  manager.MyListener - Start find element--->>>By.xpath: //input[@placeholder='email']
20:40:02.630 INFO  manager.MyListener - The element with locator--->>>By.xpath: //input[@placeholder='email']<----was found
20:40:02.775 INFO  manager.MyListener - Start find element--->>>By.xpath: //input[@placeholder='Address']
20:40:02.788 INFO  manager.MyListener - The element with locator--->>>By.xpath: //input[@placeholder='Address']<----was found
20:40:02.921 INFO  manager.MyListener - Start find element--->>>By.xpath: //input[@placeholder='description']
20:40:02.932 INFO  manager.MyListener - The element with locator--->>>By.xpath: //input[@placeholder='description']<----was found
20:40:03.058 INFO  manager.MyListener - Start find element--->>>By.cssSelector: div[class='add_form__2rsm2'] button
20:40:03.070 INFO  manager.MyListener - The element with locator--->>>By.cssSelector: div[class='add_form__2rsm2'] button<----was found
20:40:08.117 INFO  manager.MyListener - Start find element--->>>By.xpath: //*[text()='Sign Out']
20:40:08.133 INFO  manager.MyListener - The element with locator--->>>By.xpath: //*[text()='Sign Out']<----was found
20:40:08.134 INFO  manager.MyListener - Start find element--->>>By.cssSelector: a[href='/add']
20:40:08.147 INFO  manager.MyListener - The element with locator--->>>By.cssSelector: a[href='/add']<----was found
20:40:08.187 INFO  manager.MyListener - Start find element--->>>By.xpath: //a[@class='active']
20:40:08.210 INFO  manager.MyListener - The element with locator--->>>By.xpath: //a[@class='active']<----was found
20:40:08.247 INFO  manager.MyListener - Start find element--->>>By.xpath: //input[@placeholder='Name']
20:40:08.263 INFO  manager.MyListener - The element with locator--->>>By.xpath: //input[@placeholder='Name']<----was found
20:40:08.411 INFO  manager.MyListener - Start find element--->>>By.xpath: //input[@placeholder='Last Name']
20:40:08.427 INFO  manager.MyListener - The element with locator--->>>By.xpath: //input[@placeholder='Last Name']<----was found
20:40:08.556 INFO  manager.MyListener - Start find element--->>>By.xpath: //input[@placeholder='Phone']
20:40:08.569 INFO  manager.MyListener - The element with locator--->>>By.xpath: //input[@placeholder='Phone']<----was found
20:40:08.703 INFO  manager.MyListener - Start find element--->>>By.xpath: //input[@placeholder='email']
20:40:08.718 INFO  manager.MyListener - The element with locator--->>>By.xpath: //input[@placeholder='email']<----was found
20:40:08.868 INFO  manager.MyListener - Start find element--->>>By.xpath: //input[@placeholder='Address']
20:40:08.879 INFO  manager.MyListener - The element with locator--->>>By.xpath: //input[@placeholder='Address']<----was found
20:40:09.004 INFO  manager.MyListener - Start find element--->>>By.xpath: //input[@placeholder='description']
20:40:09.015 INFO  manager.MyListener - The element with locator--->>>By.xpath: //input[@placeholder='description']<----was found
20:40:09.142 INFO  manager.MyListener - Start find element--->>>By.cssSelector: div[class='add_form__2rsm2'] button
20:40:09.153 INFO  manager.MyListener - The element with locator--->>>By.cssSelector: div[class='add_form__2rsm2'] button<----was found
