18:14:40.067 INFO  manager.ApplicationManager - All tests start in ChromeDriver
18:14:40.716 INFO  manager.MyListener - Start find element--->>>By.xpath: //*[text()='Sign Out']
18:14:45.808 INFO  manager.MyListener - The element with locator--->>>By.xpath: //*[text()='Sign Out']<----was found
18:14:45.809 INFO  manager.MyListener - Start find element--->>>By.cssSelector: [href='/login']
18:14:45.832 INFO  manager.MyListener - The element with locator--->>>By.cssSelector: [href='/login']<----was found
18:14:45.918 INFO  manager.MyListener - Start find element--->>>By.xpath: //input[1]
18:14:45.936 INFO  manager.MyListener - The element with locator--->>>By.xpath: //input[1]<----was found
18:14:46.080 INFO  manager.MyListener - Start find element--->>>By.xpath: //input[2]
18:14:46.092 INFO  manager.MyListener - The element with locator--->>>By.xpath: //input[2]<----was found
18:14:46.173 INFO  manager.MyListener - Start find element--->>>By.xpath: //*[text()=' Login']
18:14:46.185 INFO  manager.MyListener - The element with locator--->>>By.xpath: //*[text()=' Login']<----was found
18:14:46.229 INFO  tests.TestBAse - start testremoveOneContact
18:14:46.232 INFO  tests.TestBAse - removeOneContact
18:14:46.233 INFO  manager.MyListener - Start find element--->>>By.xpath: //a[@class='active']
18:14:46.254 INFO  manager.MyListener - The element with locator--->>>By.xpath: //a[@class='active']<----was found
18:14:46.300 INFO  manager.MyListener - Start find element--->>>By.xpath: //div[@class='contact-page_leftdiv__yhyke']
18:14:47.086 INFO  manager.MyListener - The element with locator--->>>By.xpath: //div[@class='contact-page_leftdiv__yhyke']<----was found
18:14:47.087 INFO  manager.MyListener - Start find element--->>>By.xpath: //div[@class='contact-page_leftdiv__yhyke']//div//div[1]
18:14:47.111 INFO  manager.MyListener - The element with locator--->>>By.xpath: //div[@class='contact-page_leftdiv__yhyke']//div//div[1]<----was found
18:14:47.112 INFO  manager.MyListener - Start find element--->>>By.cssSelector: div[class='contact-page_leftdiv__yhyke'] div div:nth-child(1)
18:14:47.133 INFO  manager.MyListener - The element with locator--->>>By.cssSelector: div[class='contact-page_leftdiv__yhyke'] div div:nth-child(1)<----was found
18:14:47.156 INFO  manager.MyListener - Start find element--->>>By.xpath: //button[normalize-space()='Remove']
18:14:47.177 INFO  manager.MyListener - The element with locator--->>>By.xpath: //button[normalize-space()='Remove']<----was found
18:14:47.224 INFO  manager.MyListener - Start find element--->>>By.xpath: //div[@class='contact-page_leftdiv__yhyke']
18:14:47.237 INFO  manager.MyListener - The element with locator--->>>By.xpath: //div[@class='contact-page_leftdiv__yhyke']<----was found
18:14:47.238 INFO  manager.MyListener - Start find element--->>>By.xpath: //div[@class='contact-page_leftdiv__yhyke']//div//div[1]
18:14:47.249 INFO  manager.MyListener - The element with locator--->>>By.xpath: //div[@class='contact-page_leftdiv__yhyke']//div//div[1]<----was found
18:14:47.256 INFO  tests.TestBAse - End of testremoveOneContact
