20:35:41.121 INFO  manager.ApplicationManager - All tests start in ChromeDriver
20:35:41.955 INFO  manager.MyListener - Start find element--->>>By.xpath: //*[text()='Sign Out']
20:35:47.000 INFO  manager.MyListener - The element with locator--->>>By.xpath: //*[text()='Sign Out']<----was found
20:35:47.001 INFO  manager.MyListener - Start find element--->>>By.cssSelector: [href='/login']
20:35:47.030 INFO  manager.MyListener - The element with locator--->>>By.cssSelector: [href='/login']<----was found
20:35:47.117 INFO  manager.MyListener - Start find element--->>>By.xpath: //input[1]
20:35:47.138 INFO  manager.MyListener - The element with locator--->>>By.xpath: //input[1]<----was found
20:35:47.297 INFO  manager.MyListener - Start find element--->>>By.xpath: //input[2]
20:35:47.316 INFO  manager.MyListener - The element with locator--->>>By.xpath: //input[2]<----was found
20:35:47.451 INFO  manager.MyListener - Start find element--->>>By.xpath: //*[text()=' Login']
20:35:47.471 INFO  manager.MyListener - The element with locator--->>>By.xpath: //*[text()=' Login']<----was found
20:35:47.563 INFO  manager.MyListener - Start find element--->>>By.cssSelector: a[href='/add']
20:35:48.213 INFO  manager.MyListener - The element with locator--->>>By.cssSelector: a[href='/add']<----was found
20:35:48.279 INFO  manager.MyListener - Start find element--->>>By.xpath: //a[@class='active']
20:35:48.307 INFO  manager.MyListener - The element with locator--->>>By.xpath: //a[@class='active']<----was found
20:35:48.360 INFO  manager.MyListener - Start find element--->>>By.xpath: //input[@placeholder='Name']
20:35:48.381 INFO  manager.MyListener - The element with locator--->>>By.xpath: //input[@placeholder='Name']<----was found
20:35:48.519 INFO  manager.MyListener - Start find element--->>>By.xpath: //input[@placeholder='Last Name']
20:35:48.538 INFO  manager.MyListener - The element with locator--->>>By.xpath: //input[@placeholder='Last Name']<----was found
20:35:48.668 INFO  manager.MyListener - Start find element--->>>By.xpath: //input[@placeholder='Phone']
20:35:48.686 INFO  manager.MyListener - The element with locator--->>>By.xpath: //input[@placeholder='Phone']<----was found
20:35:48.819 INFO  manager.MyListener - Start find element--->>>By.xpath: //input[@placeholder='email']
20:35:48.841 INFO  manager.MyListener - The element with locator--->>>By.xpath: //input[@placeholder='email']<----was found
20:35:48.994 INFO  manager.MyListener - Start find element--->>>By.xpath: //input[@placeholder='Address']
20:35:49.014 INFO  manager.MyListener - The element with locator--->>>By.xpath: //input[@placeholder='Address']<----was found
20:35:49.137 INFO  manager.MyListener - Start find element--->>>By.xpath: //input[@placeholder='description']
20:35:49.155 INFO  manager.MyListener - The element with locator--->>>By.xpath: //input[@placeholder='description']<----was found
20:35:49.286 INFO  manager.MyListener - Start find element--->>>By.cssSelector: div[class='add_form__2rsm2'] button
20:35:49.308 INFO  manager.MyListener - The element with locator--->>>By.cssSelector: div[class='add_form__2rsm2'] button<----was found
20:35:54.366 INFO  manager.MyListener - Start find element--->>>By.xpath: //*[text()='Sign Out']
20:35:54.383 INFO  manager.MyListener - The element with locator--->>>By.xpath: //*[text()='Sign Out']<----was found
20:35:54.385 INFO  manager.MyListener - Start find element--->>>By.cssSelector: a[href='/add']
20:35:54.399 INFO  manager.MyListener - The element with locator--->>>By.cssSelector: a[href='/add']<----was found
20:35:54.447 INFO  manager.MyListener - Start find element--->>>By.xpath: //a[@class='active']
20:35:54.466 INFO  manager.MyListener - The element with locator--->>>By.xpath: //a[@class='active']<----was found
20:35:54.505 INFO  manager.MyListener - Start find element--->>>By.xpath: //input[@placeholder='Name']
20:35:54.523 INFO  manager.MyListener - The element with locator--->>>By.xpath: //input[@placeholder='Name']<----was found
20:35:54.655 INFO  manager.MyListener - Start find element--->>>By.xpath: //input[@placeholder='Last Name']
20:35:54.667 INFO  manager.MyListener - The element with locator--->>>By.xpath: //input[@placeholder='Last Name']<----was found
20:35:54.797 INFO  manager.MyListener - Start find element--->>>By.xpath: //input[@placeholder='Phone']
20:35:54.809 INFO  manager.MyListener - The element with locator--->>>By.xpath: //input[@placeholder='Phone']<----was found
20:35:54.954 INFO  manager.MyListener - Start find element--->>>By.xpath: //input[@placeholder='email']
20:35:54.968 INFO  manager.MyListener - The element with locator--->>>By.xpath: //input[@placeholder='email']<----was found
20:35:55.126 INFO  manager.MyListener - Start find element--->>>By.xpath: //input[@placeholder='Address']
20:35:55.141 INFO  manager.MyListener - The element with locator--->>>By.xpath: //input[@placeholder='Address']<----was found
20:35:55.283 INFO  manager.MyListener - Start find element--->>>By.xpath: //input[@placeholder='description']
20:35:55.297 INFO  manager.MyListener - The element with locator--->>>By.xpath: //input[@placeholder='description']<----was found
20:35:55.435 INFO  manager.MyListener - Start find element--->>>By.cssSelector: div[class='add_form__2rsm2'] button
20:35:55.449 INFO  manager.MyListener - The element with locator--->>>By.cssSelector: div[class='add_form__2rsm2'] button<----was found
20:36:00.492 INFO  manager.MyListener - Start find element--->>>By.xpath: //*[text()='Sign Out']
20:36:00.507 INFO  manager.MyListener - The element with locator--->>>By.xpath: //*[text()='Sign Out']<----was found
20:36:00.509 INFO  manager.MyListener - Start find element--->>>By.cssSelector: a[href='/add']
20:36:00.522 INFO  manager.MyListener - The element with locator--->>>By.cssSelector: a[href='/add']<----was found
20:36:00.574 INFO  manager.MyListener - Start find element--->>>By.xpath: //a[@class='active']
20:36:00.588 INFO  manager.MyListener - The element with locator--->>>By.xpath: //a[@class='active']<----was found
20:36:00.627 INFO  manager.MyListener - Start find element--->>>By.xpath: //input[@placeholder='Name']
20:36:00.641 INFO  manager.MyListener - The element with locator--->>>By.xpath: //input[@placeholder='Name']<----was found
20:36:00.771 INFO  manager.MyListener - Start find element--->>>By.xpath: //input[@placeholder='Last Name']
20:36:00.785 INFO  manager.MyListener - The element with locator--->>>By.xpath: //input[@placeholder='Last Name']<----was found
20:36:00.924 INFO  manager.MyListener - Start find element--->>>By.xpath: //input[@placeholder='Phone']
20:36:00.938 INFO  manager.MyListener - The element with locator--->>>By.xpath: //input[@placeholder='Phone']<----was found
20:36:01.077 INFO  manager.MyListener - Start find element--->>>By.xpath: //input[@placeholder='email']
20:36:01.090 INFO  manager.MyListener - The element with locator--->>>By.xpath: //input[@placeholder='email']<----was found
20:36:01.231 INFO  manager.MyListener - Start find element--->>>By.xpath: //input[@placeholder='Address']
20:36:01.243 INFO  manager.MyListener - The element with locator--->>>By.xpath: //input[@placeholder='Address']<----was found
20:36:01.377 INFO  manager.MyListener - Start find element--->>>By.xpath: //input[@placeholder='description']
20:36:01.390 INFO  manager.MyListener - The element with locator--->>>By.xpath: //input[@placeholder='description']<----was found
20:36:01.514 INFO  manager.MyListener - Start find element--->>>By.cssSelector: div[class='add_form__2rsm2'] button
20:36:01.525 INFO  manager.MyListener - The element with locator--->>>By.cssSelector: div[class='add_form__2rsm2'] button<----was found
20:36:06.571 INFO  manager.MyListener - Start find element--->>>By.xpath: //*[text()='Sign Out']
20:36:06.587 INFO  manager.MyListener - The element with locator--->>>By.xpath: //*[text()='Sign Out']<----was found
20:36:06.589 INFO  manager.MyListener - Start find element--->>>By.cssSelector: a[href='/add']
20:36:06.601 INFO  manager.MyListener - The element with locator--->>>By.cssSelector: a[href='/add']<----was found
20:36:06.640 INFO  manager.MyListener - Start find element--->>>By.xpath: //a[@class='active']
20:36:06.655 INFO  manager.MyListener - The element with locator--->>>By.xpath: //a[@class='active']<----was found
20:36:06.692 INFO  manager.MyListener - Start find element--->>>By.xpath: //input[@placeholder='Name']
20:36:06.703 INFO  manager.MyListener - The element with locator--->>>By.xpath: //input[@placeholder='Name']<----was found
20:36:06.842 INFO  manager.MyListener - Start find element--->>>By.xpath: //input[@placeholder='Last Name']
20:36:06.857 INFO  manager.MyListener - The element with locator--->>>By.xpath: //input[@placeholder='Last Name']<----was found
20:36:07.003 INFO  manager.MyListener - Start find element--->>>By.xpath: //input[@placeholder='Phone']
20:36:07.020 INFO  manager.MyListener - The element with locator--->>>By.xpath: //input[@placeholder='Phone']<----was found
20:36:07.154 INFO  manager.MyListener - Start find element--->>>By.xpath: //input[@placeholder='email']
20:36:07.168 INFO  manager.MyListener - The element with locator--->>>By.xpath: //input[@placeholder='email']<----was found
20:36:07.314 INFO  manager.MyListener - Start find element--->>>By.xpath: //input[@placeholder='Address']
20:36:07.325 INFO  manager.MyListener - The element with locator--->>>By.xpath: //input[@placeholder='Address']<----was found
20:36:07.458 INFO  manager.MyListener - Start find element--->>>By.xpath: //input[@placeholder='description']
20:36:07.471 INFO  manager.MyListener - The element with locator--->>>By.xpath: //input[@placeholder='description']<----was found
20:36:07.601 INFO  manager.MyListener - Start find element--->>>By.cssSelector: div[class='add_form__2rsm2'] button
20:36:07.613 INFO  manager.MyListener - The element with locator--->>>By.cssSelector: div[class='add_form__2rsm2'] button<----was found
