17:03:13.780 INFO  manager.ApplicationManager - All tests start in ChromeDriver
17:03:14.574 INFO  tests.TestBAse - start testremoveOneConatct
17:03:14.577 INFO  tests.TestBAse - removeOneConatct' 
17:03:14.578 INFO  manager.MyListener - Start find element--->>>By.xpath: //a[@class='active']
17:03:14.601 INFO  manager.MyListener - The element with locator--->>>By.xpath: //a[@class='active']<----was found
17:03:14.659 INFO  manager.MyListener - Start find element--->>>By.cssSelector: .boards-page-board-section-list-item
17:03:19.712 INFO  manager.MyListener - The element with locator--->>>By.cssSelector: .boards-page-board-section-list-item<----was found
17:03:19.713 INFO  manager.MyListener - Start find element--->>>By.xpath: //div[@class='contact-page_leftdiv__yhyke']
17:03:24.762 INFO  manager.MyListener - The element with locator--->>>By.xpath: //div[@class='contact-page_leftdiv__yhyke']<----was found
17:03:24.763 INFO  manager.MyListener - Start find element--->>>By.cssSelector: div[class='contact-page_leftdiv__yhyke'] div div:nth-child(1)
17:03:29.790 INFO  manager.MyListener - We have a 'throwable'--->>>no such element: Unable to locate element: {"method":"css selector","selector":"div[class='contact-page_leftdiv__yhyke'] div div:nth-child(1)"}
  (Session info: chrome=96.0.4664.110)
For documentation on this error, please visit: https://www.seleniumhq.org/exceptions/no_such_element.html
Build info: version: '3.141.59', revision: 'e82be7d358', time: '2018-11-14T08:17:03'
System info: host: 'desktopirina', ip: '127.0.1.1', os.name: 'Linux', os.arch: 'amd64', os.version: '5.14.0-1031-oem', java.version: '11.0.14.1'
Driver info: org.openqa.selenium.chrome.ChromeDriver
Capabilities {acceptInsecureCerts: false, browserName: chrome, browserVersion: 96.0.4664.110, chrome: {chromedriverVersion: 96.0.4664.45 (76e4c1bb2ab46..., userDataDir: /tmp/.com.google.Chrome.LjPRb5}, goog:chromeOptions: {debuggerAddress: localhost:42543}, javascriptEnabled: true, networkConnectionEnabled: false, pageLoadStrategy: normal, platform: LINUX, platformName: LINUX, proxy: Proxy(), setWindowRect: true, strictFileInteractability: false, timeouts: {implicit: 0, pageLoad: 300000, script: 30000}, unhandledPromptBehavior: dismiss and notify, webauthn:extension:credBlob: true, webauthn:extension:largeBlob: true, webauthn:virtualAuthenticators: true}
Session ID: d3bf6084264b9dc33a8d0debcf4e8576
*** Element info: {Using=css selector, value=div[class='contact-page_leftdiv__yhyke'] div div:nth-child(1)}
17:03:29.792 INFO  manager.MyListener - We have a 'fill In Stack Trace'--->>>org.openqa.selenium.NoSuchElementException: no such element: Unable to locate element: {"method":"css selector","selector":"div[class='contact-page_leftdiv__yhyke'] div div:nth-child(1)"}
  (Session info: chrome=96.0.4664.110)
For documentation on this error, please visit: https://www.seleniumhq.org/exceptions/no_such_element.html
Build info: version: '3.141.59', revision: 'e82be7d358', time: '2018-11-14T08:17:03'
System info: host: 'desktopirina', ip: '127.0.1.1', os.name: 'Linux', os.arch: 'amd64', os.version: '5.14.0-1031-oem', java.version: '11.0.14.1'
Driver info: org.openqa.selenium.chrome.ChromeDriver
Capabilities {acceptInsecureCerts: false, browserName: chrome, browserVersion: 96.0.4664.110, chrome: {chromedriverVersion: 96.0.4664.45 (76e4c1bb2ab46..., userDataDir: /tmp/.com.google.Chrome.LjPRb5}, goog:chromeOptions: {debuggerAddress: localhost:42543}, javascriptEnabled: true, networkConnectionEnabled: false, pageLoadStrategy: normal, platform: LINUX, platformName: LINUX, proxy: Proxy(), setWindowRect: true, strictFileInteractability: false, timeouts: {implicit: 0, pageLoad: 300000, script: 30000}, unhandledPromptBehavior: dismiss and notify, webauthn:extension:credBlob: true, webauthn:extension:largeBlob: true, webauthn:virtualAuthenticators: true}
Session ID: d3bf6084264b9dc33a8d0debcf4e8576
*** Element info: {Using=css selector, value=div[class='contact-page_leftdiv__yhyke'] div div:nth-child(1)}
17:03:30.339 INFO  manager.MyListener - This is the link to screen with problem-->src/test/screenshots/screen-209.png
17:03:30.342 INFO  tests.TestBAse - End of testremoveOneConatct
