20:24:48.540 INFO  manager.ApplicationManager - All tests start in ChromeDriver
20:24:49.274 INFO  manager.MyListener - Start find element--->>>By.xpath: //*[text()='Sign Out']
20:24:54.322 INFO  manager.MyListener - The element with locator--->>>By.xpath: //*[text()='Sign Out']<----was found
20:24:54.324 INFO  manager.MyListener - Start find element--->>>By.cssSelector: [href='/login']
20:24:54.347 INFO  manager.MyListener - The element with locator--->>>By.cssSelector: [href='/login']<----was found
20:24:54.434 INFO  manager.MyListener - Start find element--->>>By.xpath: //input[1]
20:24:54.459 INFO  manager.MyListener - The element with locator--->>>By.xpath: //input[1]<----was found
20:24:54.623 INFO  manager.MyListener - Start find element--->>>By.xpath: //input[2]
20:24:54.643 INFO  manager.MyListener - The element with locator--->>>By.xpath: //input[2]<----was found
20:24:54.762 INFO  manager.MyListener - Start find element--->>>By.xpath: //*[text()=' Login']
20:24:54.780 INFO  manager.MyListener - The element with locator--->>>By.xpath: //*[text()=' Login']<----was found
20:24:54.839 INFO  tests.TestBAse - start testremoveOneContact
20:24:54.841 INFO  tests.TestBAse - Test 'removeOneContact' started
20:24:54.841 INFO  manager.MyListener - Start find element--->>>By.cssSelector: .contact-item_card__2SOIM
20:24:55.602 INFO  manager.MyListener - The element with locator--->>>By.cssSelector: .contact-item_card__2SOIM<----was found
20:24:55.666 INFO  manager.MyListener - Start find element--->>>By.xpath: //button[normalize-space()='Remove']
20:24:55.691 INFO  manager.MyListener - The element with locator--->>>By.xpath: //button[normalize-space()='Remove']<----was found
20:24:55.740 INFO  manager.MyListener - Start find element--->>>By.xpath: //div[@class='contact-page_leftdiv__yhyke']
20:24:55.760 INFO  manager.MyListener - The element with locator--->>>By.xpath: //div[@class='contact-page_leftdiv__yhyke']<----was found
20:24:55.760 INFO  manager.MyListener - Start find element--->>>By.xpath: //div[@class='contact-page_leftdiv__yhyke']//div//div[1]
20:24:55.775 INFO  manager.MyListener - The element with locator--->>>By.xpath: //div[@class='contact-page_leftdiv__yhyke']//div//div[1]<----was found
20:24:55.775 INFO  manager.MyListener - Start find element--->>>By.cssSelector: div[class='contact-page_leftdiv__yhyke'] div div:nth-child(1)
20:24:55.790 INFO  manager.MyListener - The element with locator--->>>By.cssSelector: div[class='contact-page_leftdiv__yhyke'] div div:nth-child(1)<----was found
20:24:55.809 INFO  manager.MyListener - Start find element--->>>By.xpath: //button[normalize-space()='Remove']
20:24:55.822 INFO  manager.MyListener - The element with locator--->>>By.xpath: //button[normalize-space()='Remove']<----was found
20:24:56.354 INFO  manager.MyListener - Start find element--->>>By.xpath: //div[@class='contact-page_leftdiv__yhyke']
20:24:56.371 INFO  manager.MyListener - The element with locator--->>>By.xpath: //div[@class='contact-page_leftdiv__yhyke']<----was found
20:24:56.372 INFO  manager.MyListener - Start find element--->>>By.xpath: //div[@class='contact-page_leftdiv__yhyke']//div//div[1]
20:24:56.387 INFO  manager.MyListener - The element with locator--->>>By.xpath: //div[@class='contact-page_leftdiv__yhyke']//div//div[1]<----was found
20:24:56.396 INFO  tests.TestBAse - End of testremoveOneContact
