21:06:36.418 INFO  manager.ApplicationManager - All tests start in ChromeDriver
21:06:37.200 INFO  manager.MyListener - Start find element--->>>By.xpath: //*[text()='Sign Out']
21:06:42.265 INFO  manager.MyListener - The element with locator--->>>By.xpath: //*[text()='Sign Out']<----was found
21:06:42.269 INFO  manager.MyListener - Start find element--->>>By.cssSelector: [href='/login']
21:06:42.292 INFO  manager.MyListener - The element with locator--->>>By.cssSelector: [href='/login']<----was found
21:06:42.363 INFO  manager.MyListener - Start find element--->>>By.xpath: //input[1]
21:06:42.376 INFO  manager.MyListener - The element with locator--->>>By.xpath: //input[1]<----was found
21:06:42.466 INFO  manager.MyListener - Start find element--->>>By.xpath: //input[2]
21:06:42.477 INFO  manager.MyListener - The element with locator--->>>By.xpath: //input[2]<----was found
21:06:42.590 INFO  manager.MyListener - Start find element--->>>By.xpath: //*[text()=' Registration']
21:06:42.602 INFO  manager.MyListener - The element with locator--->>>By.xpath: //*[text()=' Registration']<----was found
21:06:43.637 INFO  manager.MyListener - Start find element--->>>By.xpath: //*[text()='Sign Out']
21:06:43.654 INFO  manager.MyListener - The element with locator--->>>By.xpath: //*[text()='Sign Out']<----was found
21:06:43.665 INFO  manager.MyListener - Start find element--->>>By.xpath: //*[text()='Sign Out']
21:06:43.678 INFO  manager.MyListener - The element with locator--->>>By.xpath: //*[text()='Sign Out']<----was found
21:06:43.679 INFO  manager.MyListener - Start find element--->>>By.xpath: //button[text()='Sign Out']
21:06:43.699 INFO  manager.MyListener - The element with locator--->>>By.xpath: //button[text()='Sign Out']<----was found
21:06:43.755 INFO  manager.MyListener - Start find element--->>>By.cssSelector: [href='/login']
21:06:43.772 INFO  manager.MyListener - The element with locator--->>>By.cssSelector: [href='/login']<----was found
21:06:43.826 INFO  manager.MyListener - Start find element--->>>By.xpath: //input[1]
21:06:43.840 INFO  manager.MyListener - The element with locator--->>>By.xpath: //input[1]<----was found
21:06:43.993 INFO  manager.MyListener - Start find element--->>>By.xpath: //input[2]
21:06:44.002 INFO  manager.MyListener - The element with locator--->>>By.xpath: //input[2]<----was found
21:06:44.093 INFO  manager.MyListener - Start find element--->>>By.xpath: //*[text()=' Registration']
21:06:44.105 INFO  manager.MyListener - The element with locator--->>>By.xpath: //*[text()=' Registration']<----was found
21:06:45.156 INFO  manager.MyListener - Start find element--->>>By.xpath: //*[text()='Sign Out']
21:06:45.174 INFO  manager.MyListener - The element with locator--->>>By.xpath: //*[text()='Sign Out']<----was found
21:06:45.177 INFO  manager.MyListener - Start find element--->>>By.xpath: //*[text()='Sign Out']
21:06:45.193 INFO  manager.MyListener - The element with locator--->>>By.xpath: //*[text()='Sign Out']<----was found
21:06:45.194 INFO  manager.MyListener - Start find element--->>>By.xpath: //button[text()='Sign Out']
21:06:45.207 INFO  manager.MyListener - The element with locator--->>>By.xpath: //button[text()='Sign Out']<----was found
21:06:45.267 INFO  manager.MyListener - Start find element--->>>By.cssSelector: [href='/login']
21:06:45.283 INFO  manager.MyListener - The element with locator--->>>By.cssSelector: [href='/login']<----was found
21:06:45.340 INFO  manager.MyListener - Start find element--->>>By.xpath: //input[1]
21:06:45.348 INFO  manager.MyListener - The element with locator--->>>By.xpath: //input[1]<----was found
21:06:45.468 INFO  manager.MyListener - Start find element--->>>By.xpath: //input[2]
21:06:45.476 INFO  manager.MyListener - The element with locator--->>>By.xpath: //input[2]<----was found
21:06:45.555 INFO  manager.MyListener - Start find element--->>>By.xpath: //*[text()=' Registration']
21:06:45.563 INFO  manager.MyListener - The element with locator--->>>By.xpath: //*[text()=' Registration']<----was found
21:06:51.623 INFO  manager.MyListener - Start find element--->>>By.xpath: //*[.='Registration failed with code 400']
21:06:51.650 INFO  manager.MyListener - The element with locator--->>>By.xpath: //*[.='Registration failed with code 400']<----was found
