22:47:11.061 INFO  manager.ApplicationManager - All tests start in ChromeDriver
22:47:11.965 INFO  manager.MyListener - Start find element--->>>By.xpath: //*[text()='Sign Out']
22:47:16.994 INFO  manager.MyListener - The element with locator--->>>By.xpath: //*[text()='Sign Out']<----was found
22:47:16.995 INFO  manager.MyListener - Start find element--->>>By.cssSelector: [href='/login']
22:47:17.022 INFO  manager.MyListener - The element with locator--->>>By.cssSelector: [href='/login']<----was found
22:47:17.100 INFO  manager.MyListener - Start find element--->>>By.xpath: //input[1]
22:47:17.124 INFO  manager.MyListener - The element with locator--->>>By.xpath: //input[1]<----was found
22:47:17.276 INFO  manager.MyListener - Start find element--->>>By.xpath: //input[2]
22:47:17.295 INFO  manager.MyListener - The element with locator--->>>By.xpath: //input[2]<----was found
22:47:17.431 INFO  manager.MyListener - Start find element--->>>By.xpath: //*[text()=' Login']
22:47:17.449 INFO  manager.MyListener - The element with locator--->>>By.xpath: //*[text()=' Login']<----was found
22:47:17.501 INFO  tests.TestBAse - start testremoveAllConatct
22:47:17.503 INFO  tests.TestBAse - removeAllContact
22:47:17.503 INFO  manager.MyListener - Start find element--->>>By.xpath: //a[@class='active']
22:47:17.523 INFO  manager.MyListener - The element with locator--->>>By.xpath: //a[@class='active']<----was found
22:47:17.566 INFO  manager.MyListener - Start find element--->>>By.cssSelector: div[class='contact-page_leftdiv__yhyke'] div div:nth-child(1)
22:47:18.271 INFO  manager.MyListener - The element with locator--->>>By.cssSelector: div[class='contact-page_leftdiv__yhyke'] div div:nth-child(1)<----was found
22:47:18.296 INFO  manager.MyListener - Start find element--->>>By.xpath: //button[normalize-space()='Remove']
22:47:18.322 INFO  manager.MyListener - The element with locator--->>>By.xpath: //button[normalize-space()='Remove']<----was found
22:47:18.372 INFO  manager.MyListener - Start find element--->>>By.cssSelector: div[class='contact-page_leftdiv__yhyke'] div div:nth-child(1)
22:47:18.394 INFO  manager.MyListener - The element with locator--->>>By.cssSelector: div[class='contact-page_leftdiv__yhyke'] div div:nth-child(1)<----was found
22:47:18.395 INFO  manager.MyListener - Start find element--->>>By.cssSelector: div[class='contact-page_leftdiv__yhyke'] div div:nth-child(1)
22:47:18.407 INFO  manager.MyListener - The element with locator--->>>By.cssSelector: div[class='contact-page_leftdiv__yhyke'] div div:nth-child(1)<----was found
22:47:18.421 INFO  manager.MyListener - Start find element--->>>By.xpath: //button[normalize-space()='Remove']
22:47:18.436 INFO  manager.MyListener - The element with locator--->>>By.xpath: //button[normalize-space()='Remove']<----was found
22:47:18.471 INFO  tests.TestBAse - End of testremoveAllConatct
