20:34:14.480 INFO  manager.ApplicationManager - All tests start in ChromeDriver
20:34:15.217 INFO  manager.MyListener - Start find element--->>>By.xpath: //*[text()='Sign Out']
20:34:20.276 INFO  manager.MyListener - The element with locator--->>>By.xpath: //*[text()='Sign Out']<----was found
20:34:20.278 INFO  manager.MyListener - Start find element--->>>By.cssSelector: [href='/login']
20:34:20.302 INFO  manager.MyListener - The element with locator--->>>By.cssSelector: [href='/login']<----was found
20:34:20.395 INFO  manager.MyListener - Start find element--->>>By.xpath: //input[1]
20:34:20.420 INFO  manager.MyListener - The element with locator--->>>By.xpath: //input[1]<----was found
20:34:20.578 INFO  manager.MyListener - Start find element--->>>By.xpath: //input[2]
20:34:20.601 INFO  manager.MyListener - The element with locator--->>>By.xpath: //input[2]<----was found
20:34:20.741 INFO  manager.MyListener - Start find element--->>>By.xpath: //*[text()=' Login']
20:34:20.760 INFO  manager.MyListener - The element with locator--->>>By.xpath: //*[text()=' Login']<----was found
20:34:20.805 INFO  tests.TestBAse - start testremoveAllConatct
20:34:20.807 INFO  tests.TestBAse - Test 'removeAllContact' started
20:34:20.808 INFO  manager.MyListener - Start find element--->>>By.cssSelector: .contact-item_card__2SOIM
20:34:21.570 INFO  manager.MyListener - The element with locator--->>>By.cssSelector: .contact-item_card__2SOIM<----was found
20:34:21.630 INFO  manager.MyListener - Start find element--->>>By.xpath: //button[normalize-space()='Remove']
20:34:21.654 INFO  manager.MyListener - The element with locator--->>>By.xpath: //button[normalize-space()='Remove']<----was found
20:34:21.710 INFO  manager.MyListener - Start find element--->>>By.cssSelector: div[class='contact-page_leftdiv__yhyke'] div div:nth-child(1)
20:34:21.734 INFO  manager.MyListener - The element with locator--->>>By.cssSelector: div[class='contact-page_leftdiv__yhyke'] div div:nth-child(1)<----was found
20:34:21.752 INFO  manager.MyListener - Start find element--->>>By.xpath: //button[normalize-space()='Remove']
20:34:21.770 INFO  manager.MyListener - The element with locator--->>>By.xpath: //button[normalize-space()='Remove']<----was found
20:34:22.804 INFO  manager.MyListener - Start find element--->>>By.cssSelector: div[class='contact-page_leftdiv__yhyke'] div div:nth-child(1)
20:34:22.831 INFO  manager.MyListener - The element with locator--->>>By.cssSelector: div[class='contact-page_leftdiv__yhyke'] div div:nth-child(1)<----was found
20:34:22.832 INFO  manager.MyListener - Start find element--->>>By.cssSelector: div[class='contact-page_leftdiv__yhyke'] div div:nth-child(1)
20:34:22.845 INFO  manager.MyListener - The element with locator--->>>By.cssSelector: div[class='contact-page_leftdiv__yhyke'] div div:nth-child(1)<----was found
20:34:22.861 INFO  manager.MyListener - Start find element--->>>By.xpath: //button[normalize-space()='Remove']
20:34:22.877 INFO  manager.MyListener - The element with locator--->>>By.xpath: //button[normalize-space()='Remove']<----was found
20:34:23.428 INFO  tests.TestBAse - no cards display at the page
20:34:23.433 INFO  tests.TestBAse - End of testremoveAllConatct
