19:38:28.081 INFO  manager.ApplicationManager - All tests start in ChromeDriver
19:38:29.042 INFO  manager.MyListener - Start find element--->>>By.xpath: //*[text()='Sign Out']
19:38:34.100 INFO  manager.MyListener - The element with locator--->>>By.xpath: //*[text()='Sign Out']<----was found
19:38:34.104 INFO  tests.TestBAse - start testloginModelDataProvider
19:38:34.118 INFO  manager.MyListener - Start find element--->>>By.cssSelector: [href='/login']
19:38:34.140 INFO  manager.MyListener - The element with locator--->>>By.cssSelector: [href='/login']<----was found
19:38:34.219 INFO  manager.MyListener - Start find element--->>>By.xpath: //input[1]
19:38:34.247 INFO  manager.MyListener - The element with locator--->>>By.xpath: //input[1]<----was found
19:38:34.389 INFO  manager.MyListener - Start find element--->>>By.xpath: //input[2]
19:38:34.409 INFO  manager.MyListener - The element with locator--->>>By.xpath: //input[2]<----was found
19:38:34.549 INFO  manager.MyListener - Start find element--->>>By.xpath: //*[text()=' Login']
19:38:34.568 INFO  manager.MyListener - The element with locator--->>>By.xpath: //*[text()=' Login']<----was found
19:38:39.615 INFO  manager.MyListener - Start find element--->>>By.xpath: //*[text()='Sign Out']
19:38:39.633 INFO  manager.MyListener - The element with locator--->>>By.xpath: //*[text()='Sign Out']<----was found
19:38:39.643 INFO  tests.TestBAse - End of testloginModelDataProvider
19:38:39.645 INFO  manager.MyListener - Start find element--->>>By.xpath: //*[text()='Sign Out']
19:38:39.661 INFO  manager.MyListener - The element with locator--->>>By.xpath: //*[text()='Sign Out']<----was found
19:38:39.662 INFO  manager.MyListener - Start find element--->>>By.xpath: //button[text()='Sign Out']
19:38:39.684 INFO  manager.MyListener - The element with locator--->>>By.xpath: //button[text()='Sign Out']<----was found
19:38:39.742 INFO  tests.TestBAse - start testloginModelDataProvider
19:38:39.743 INFO  manager.MyListener - Start find element--->>>By.cssSelector: [href='/login']
19:38:39.762 INFO  manager.MyListener - The element with locator--->>>By.cssSelector: [href='/login']<----was found
19:38:39.820 INFO  manager.MyListener - Start find element--->>>By.xpath: //input[1]
19:38:39.835 INFO  manager.MyListener - The element with locator--->>>By.xpath: //input[1]<----was found
19:38:39.979 INFO  manager.MyListener - Start find element--->>>By.xpath: //input[2]
19:38:39.992 INFO  manager.MyListener - The element with locator--->>>By.xpath: //input[2]<----was found
19:38:40.120 INFO  manager.MyListener - Start find element--->>>By.xpath: //*[text()=' Login']
19:38:40.134 INFO  manager.MyListener - The element with locator--->>>By.xpath: //*[text()=' Login']<----was found
19:38:45.187 INFO  manager.MyListener - Start find element--->>>By.xpath: //*[text()='Sign Out']
19:38:45.203 INFO  manager.MyListener - The element with locator--->>>By.xpath: //*[text()='Sign Out']<----was found
19:38:45.205 INFO  tests.TestBAse - End of testloginModelDataProvider
19:38:45.207 INFO  manager.MyListener - Start find element--->>>By.xpath: //*[text()='Sign Out']
19:38:45.221 INFO  manager.MyListener - The element with locator--->>>By.xpath: //*[text()='Sign Out']<----was found
19:38:45.221 INFO  manager.MyListener - Start find element--->>>By.xpath: //button[text()='Sign Out']
19:38:45.233 INFO  manager.MyListener - The element with locator--->>>By.xpath: //button[text()='Sign Out']<----was found
19:38:45.284 INFO  tests.TestBAse - start testloginModelDataProvider
19:38:45.287 INFO  manager.MyListener - Start find element--->>>By.cssSelector: [href='/login']
19:38:45.302 INFO  manager.MyListener - The element with locator--->>>By.cssSelector: [href='/login']<----was found
19:38:45.358 INFO  manager.MyListener - Start find element--->>>By.xpath: //input[1]
19:38:45.371 INFO  manager.MyListener - The element with locator--->>>By.xpath: //input[1]<----was found
19:38:45.512 INFO  manager.MyListener - Start find element--->>>By.xpath: //input[2]
19:38:45.527 INFO  manager.MyListener - The element with locator--->>>By.xpath: //input[2]<----was found
19:38:45.657 INFO  manager.MyListener - Start find element--->>>By.xpath: //*[text()=' Login']
19:38:45.671 INFO  manager.MyListener - The element with locator--->>>By.xpath: //*[text()=' Login']<----was found
19:38:50.724 INFO  manager.MyListener - Start find element--->>>By.xpath: //*[text()='Sign Out']
19:38:50.739 INFO  manager.MyListener - The element with locator--->>>By.xpath: //*[text()='Sign Out']<----was found
19:38:50.741 INFO  tests.TestBAse - End of testloginModelDataProvider
19:38:50.743 INFO  manager.MyListener - Start find element--->>>By.xpath: //*[text()='Sign Out']
19:38:50.756 INFO  manager.MyListener - The element with locator--->>>By.xpath: //*[text()='Sign Out']<----was found
19:38:50.757 INFO  manager.MyListener - Start find element--->>>By.xpath: //button[text()='Sign Out']
19:38:50.769 INFO  manager.MyListener - The element with locator--->>>By.xpath: //button[text()='Sign Out']<----was found
19:38:50.833 INFO  tests.TestBAse - start testloginModelDataProvider
19:38:50.836 INFO  manager.MyListener - Start find element--->>>By.cssSelector: [href='/login']
19:38:50.853 INFO  manager.MyListener - The element with locator--->>>By.cssSelector: [href='/login']<----was found
19:38:50.913 INFO  manager.MyListener - Start find element--->>>By.xpath: //input[1]
19:38:50.927 INFO  manager.MyListener - The element with locator--->>>By.xpath: //input[1]<----was found
19:38:51.071 INFO  manager.MyListener - Start find element--->>>By.xpath: //input[2]
19:38:51.085 INFO  manager.MyListener - The element with locator--->>>By.xpath: //input[2]<----was found
19:38:51.212 INFO  manager.MyListener - Start find element--->>>By.xpath: //*[text()=' Login']
19:38:51.225 INFO  manager.MyListener - The element with locator--->>>By.xpath: //*[text()=' Login']<----was found
19:38:56.267 INFO  manager.MyListener - Start find element--->>>By.xpath: //*[text()='Sign Out']
19:38:56.284 INFO  manager.MyListener - The element with locator--->>>By.xpath: //*[text()='Sign Out']<----was found
19:38:56.285 INFO  tests.TestBAse - End of testloginModelDataProvider
