09:20:11.841 INFO  manager.ApplicationManager - All tests start in ChromeDriver
09:20:12.685 INFO  manager.MyListener - Start find element--->>>By.xpath: //*[text()='Sign Out']
09:20:17.771 INFO  manager.MyListener - The element with locator--->>>By.xpath: //*[text()='Sign Out']<----was found
09:20:17.772 INFO  manager.MyListener - Start find element--->>>By.cssSelector: [href='/login']
09:20:17.797 INFO  manager.MyListener - The element with locator--->>>By.cssSelector: [href='/login']<----was found
09:20:17.866 INFO  manager.MyListener - Start find element--->>>By.xpath: //input[1]
09:20:17.878 INFO  manager.MyListener - The element with locator--->>>By.xpath: //input[1]<----was found
09:20:17.992 INFO  manager.MyListener - Start find element--->>>By.xpath: //input[2]
09:20:18.004 INFO  manager.MyListener - The element with locator--->>>By.xpath: //input[2]<----was found
09:20:18.108 INFO  manager.MyListener - Start find element--->>>By.xpath: //*[text()=' Login']
09:20:18.121 INFO  manager.MyListener - The element with locator--->>>By.xpath: //*[text()=' Login']<----was found
09:20:18.158 INFO  tests.TestBAse - Start testaddNewContactSuccess
09:20:18.165 INFO  manager.MyListener - Start find element--->>>By.cssSelector: a[href='/add']
09:20:18.749 INFO  manager.MyListener - The element with locator--->>>By.cssSelector: a[href='/add']<----was found
09:20:18.815 INFO  manager.MyListener - Start find element--->>>By.xpath: //a[@class='active']
09:20:18.838 INFO  manager.MyListener - The element with locator--->>>By.xpath: //a[@class='active']<----was found
09:20:18.892 INFO  manager.MyListener - Start find element--->>>By.xpath: //input[@placeholder='Name']
09:20:18.914 INFO  manager.MyListener - The element with locator--->>>By.xpath: //input[@placeholder='Name']<----was found
09:20:19.057 INFO  manager.MyListener - Start find element--->>>By.xpath: //input[@placeholder='Last Name']
09:20:19.070 INFO  manager.MyListener - The element with locator--->>>By.xpath: //input[@placeholder='Last Name']<----was found
09:20:19.191 INFO  manager.MyListener - Start find element--->>>By.xpath: //input[@placeholder='Phone']
09:20:19.203 INFO  manager.MyListener - The element with locator--->>>By.xpath: //input[@placeholder='Phone']<----was found
09:20:19.330 INFO  manager.MyListener - Start find element--->>>By.xpath: //input[@placeholder='email']
09:20:19.342 INFO  manager.MyListener - The element with locator--->>>By.xpath: //input[@placeholder='email']<----was found
09:20:19.453 INFO  manager.MyListener - Start find element--->>>By.xpath: //input[@placeholder='Address']
09:20:19.465 INFO  manager.MyListener - The element with locator--->>>By.xpath: //input[@placeholder='Address']<----was found
09:20:19.571 INFO  manager.MyListener - Start find element--->>>By.xpath: //input[@placeholder='description']
09:20:19.582 INFO  manager.MyListener - The element with locator--->>>By.xpath: //input[@placeholder='description']<----was found
09:20:19.676 INFO  manager.MyListener - Start find element--->>>By.cssSelector: b
09:20:19.687 INFO  manager.MyListener - The element with locator--->>>By.cssSelector: b<----was found
09:20:24.711 INFO  manager.MyListener - Start find element--->>>By.cssSelector: .active
09:20:24.725 INFO  manager.MyListener - The element with locator--->>>By.cssSelector: .active<----was found
09:20:24.728 INFO  manager.MyListener - Start find element--->>>By.cssSelector: .contact-item_card__2SOIM
09:20:24.739 INFO  manager.MyListener - The element with locator--->>>By.cssSelector: .contact-item_card__2SOIM<----was found
09:20:24.739 INFO  manager.MyListener - Start find element--->>>By.cssSelector: h2
09:20:24.750 INFO  manager.MyListener - The element with locator--->>>By.cssSelector: h2<----was found
09:20:24.767 INFO  manager.MyListener - Start find element--->>>By.cssSelector: h3
09:20:24.785 INFO  manager.MyListener - The element with locator--->>>By.cssSelector: h3<----was found
09:20:24.811 INFO  manager.MyListener - Start find element--->>>By.xpath: //*[text()='Sign Out']
09:20:24.819 INFO  manager.MyListener - The element with locator--->>>By.xpath: //*[text()='Sign Out']<----was found
09:20:24.837 INFO  tests.TestBAse - Test start with contactContact(name=Mona, lastName=Dow, phone=99988897, email=mona@gmail.com, address=Haifa, description=friend)
09:20:24.838 INFO  manager.MyListener - Start find element--->>>By.cssSelector: a[href='/add']
09:20:24.845 INFO  manager.MyListener - The element with locator--->>>By.cssSelector: a[href='/add']<----was found
09:20:24.873 INFO  manager.MyListener - Start find element--->>>By.xpath: //a[@class='active']
09:20:24.881 INFO  manager.MyListener - The element with locator--->>>By.xpath: //a[@class='active']<----was found
09:20:24.906 INFO  manager.MyListener - Start find element--->>>By.xpath: //input[@placeholder='Name']
09:20:24.914 INFO  manager.MyListener - The element with locator--->>>By.xpath: //input[@placeholder='Name']<----was found
09:20:24.991 INFO  manager.MyListener - Start find element--->>>By.xpath: //input[@placeholder='Last Name']
09:20:24.999 INFO  manager.MyListener - The element with locator--->>>By.xpath: //input[@placeholder='Last Name']<----was found
09:20:25.081 INFO  manager.MyListener - Start find element--->>>By.xpath: //input[@placeholder='Phone']
09:20:25.090 INFO  manager.MyListener - The element with locator--->>>By.xpath: //input[@placeholder='Phone']<----was found
09:20:25.172 INFO  manager.MyListener - Start find element--->>>By.xpath: //input[@placeholder='email']
09:20:25.180 INFO  manager.MyListener - The element with locator--->>>By.xpath: //input[@placeholder='email']<----was found
09:20:25.274 INFO  manager.MyListener - Start find element--->>>By.xpath: //input[@placeholder='Address']
09:20:25.283 INFO  manager.MyListener - The element with locator--->>>By.xpath: //input[@placeholder='Address']<----was found
09:20:25.395 INFO  manager.MyListener - Start find element--->>>By.xpath: //input[@placeholder='description']
09:20:25.404 INFO  manager.MyListener - The element with locator--->>>By.xpath: //input[@placeholder='description']<----was found
09:20:25.566 INFO  manager.MyListener - Start find element--->>>By.cssSelector: b
09:20:25.575 INFO  manager.MyListener - The element with locator--->>>By.cssSelector: b<----was found
09:20:30.612 INFO  manager.MyListener - Start find element--->>>By.xpath: //*[text()='Sign Out']
09:20:30.628 INFO  manager.MyListener - The element with locator--->>>By.xpath: //*[text()='Sign Out']<----was found
09:20:30.630 INFO  tests.TestBAse - Test start with contactContact(name=Joe, lastName=Wow, phone=99988899, email=monka@gmail.com, address=Rehovot,Israel, description=friend)
09:20:30.630 INFO  manager.MyListener - Start find element--->>>By.cssSelector: a[href='/add']
09:20:30.651 INFO  manager.MyListener - The element with locator--->>>By.cssSelector: a[href='/add']<----was found
09:20:30.697 INFO  manager.MyListener - Start find element--->>>By.xpath: //a[@class='active']
09:20:30.710 INFO  manager.MyListener - The element with locator--->>>By.xpath: //a[@class='active']<----was found
09:20:30.753 INFO  manager.MyListener - Start find element--->>>By.xpath: //input[@placeholder='Name']
09:20:30.765 INFO  manager.MyListener - The element with locator--->>>By.xpath: //input[@placeholder='Name']<----was found
09:20:30.845 INFO  manager.MyListener - Start find element--->>>By.xpath: //input[@placeholder='Last Name']
09:20:30.853 INFO  manager.MyListener - The element with locator--->>>By.xpath: //input[@placeholder='Last Name']<----was found
09:20:30.938 INFO  manager.MyListener - Start find element--->>>By.xpath: //input[@placeholder='Phone']
09:20:30.945 INFO  manager.MyListener - The element with locator--->>>By.xpath: //input[@placeholder='Phone']<----was found
09:20:31.032 INFO  manager.MyListener - Start find element--->>>By.xpath: //input[@placeholder='email']
09:20:31.040 INFO  manager.MyListener - The element with locator--->>>By.xpath: //input[@placeholder='email']<----was found
09:20:31.115 INFO  manager.MyListener - Start find element--->>>By.xpath: //input[@placeholder='Address']
09:20:31.123 INFO  manager.MyListener - The element with locator--->>>By.xpath: //input[@placeholder='Address']<----was found
09:20:31.228 INFO  manager.MyListener - Start find element--->>>By.xpath: //input[@placeholder='description']
09:20:31.236 INFO  manager.MyListener - The element with locator--->>>By.xpath: //input[@placeholder='description']<----was found
09:20:31.348 INFO  manager.MyListener - Start find element--->>>By.cssSelector: b
09:20:31.355 INFO  manager.MyListener - The element with locator--->>>By.cssSelector: b<----was found
09:20:36.389 INFO  manager.MyListener - Start find element--->>>By.xpath: //*[text()='Sign Out']
09:20:36.404 INFO  manager.MyListener - The element with locator--->>>By.xpath: //*[text()='Sign Out']<----was found
09:20:36.405 INFO  tests.TestBAse - Test start with contactContact(name=Moo, lastName=Kow, phone=99988807, email=mo0na@gmail.com, address=TelAviv, description=friend)
09:20:36.405 INFO  manager.MyListener - Start find element--->>>By.cssSelector: a[href='/add']
09:20:36.419 INFO  manager.MyListener - The element with locator--->>>By.cssSelector: a[href='/add']<----was found
09:20:36.459 INFO  manager.MyListener - Start find element--->>>By.xpath: //a[@class='active']
09:20:36.473 INFO  manager.MyListener - The element with locator--->>>By.xpath: //a[@class='active']<----was found
09:20:36.508 INFO  manager.MyListener - Start find element--->>>By.xpath: //input[@placeholder='Name']
09:20:36.516 INFO  manager.MyListener - The element with locator--->>>By.xpath: //input[@placeholder='Name']<----was found
09:20:36.627 INFO  manager.MyListener - Start find element--->>>By.xpath: //input[@placeholder='Last Name']
09:20:36.635 INFO  manager.MyListener - The element with locator--->>>By.xpath: //input[@placeholder='Last Name']<----was found
09:20:36.744 INFO  manager.MyListener - Start find element--->>>By.xpath: //input[@placeholder='Phone']
09:20:36.753 INFO  manager.MyListener - The element with locator--->>>By.xpath: //input[@placeholder='Phone']<----was found
09:20:36.859 INFO  manager.MyListener - Start find element--->>>By.xpath: //input[@placeholder='email']
09:20:36.867 INFO  manager.MyListener - The element with locator--->>>By.xpath: //input[@placeholder='email']<----was found
09:20:36.971 INFO  manager.MyListener - Start find element--->>>By.xpath: //input[@placeholder='Address']
09:20:36.978 INFO  manager.MyListener - The element with locator--->>>By.xpath: //input[@placeholder='Address']<----was found
09:20:37.093 INFO  manager.MyListener - Start find element--->>>By.xpath: //input[@placeholder='description']
09:20:37.101 INFO  manager.MyListener - The element with locator--->>>By.xpath: //input[@placeholder='description']<----was found
09:20:37.209 INFO  manager.MyListener - Start find element--->>>By.cssSelector: b
09:20:37.221 INFO  manager.MyListener - The element with locator--->>>By.cssSelector: b<----was found
09:20:42.253 INFO  manager.MyListener - Start find element--->>>By.xpath: //*[text()='Sign Out']
09:20:42.270 INFO  manager.MyListener - The element with locator--->>>By.xpath: //*[text()='Sign Out']<----was found
09:20:42.271 INFO  tests.TestBAse - Test start with contactContact(name=Mana, lastName=Bow, phone=99088897, email=bona@gmail.com, address=Haifa, description=friend)
09:20:42.272 INFO  manager.MyListener - Start find element--->>>By.cssSelector: a[href='/add']
09:20:42.283 INFO  manager.MyListener - The element with locator--->>>By.cssSelector: a[href='/add']<----was found
09:20:42.324 INFO  manager.MyListener - Start find element--->>>By.xpath: //a[@class='active']
09:20:42.339 INFO  manager.MyListener - The element with locator--->>>By.xpath: //a[@class='active']<----was found
09:20:42.373 INFO  manager.MyListener - Start find element--->>>By.xpath: //input[@placeholder='Name']
09:20:42.380 INFO  manager.MyListener - The element with locator--->>>By.xpath: //input[@placeholder='Name']<----was found
09:20:42.482 INFO  manager.MyListener - Start find element--->>>By.xpath: //input[@placeholder='Last Name']
09:20:42.489 INFO  manager.MyListener - The element with locator--->>>By.xpath: //input[@placeholder='Last Name']<----was found
09:20:42.601 INFO  manager.MyListener - Start find element--->>>By.xpath: //input[@placeholder='Phone']
09:20:42.612 INFO  manager.MyListener - The element with locator--->>>By.xpath: //input[@placeholder='Phone']<----was found
09:20:42.730 INFO  manager.MyListener - Start find element--->>>By.xpath: //input[@placeholder='email']
09:20:42.738 INFO  manager.MyListener - The element with locator--->>>By.xpath: //input[@placeholder='email']<----was found
09:20:42.853 INFO  manager.MyListener - Start find element--->>>By.xpath: //input[@placeholder='Address']
09:20:42.859 INFO  manager.MyListener - The element with locator--->>>By.xpath: //input[@placeholder='Address']<----was found
09:20:42.969 INFO  manager.MyListener - Start find element--->>>By.xpath: //input[@placeholder='description']
09:20:42.977 INFO  manager.MyListener - The element with locator--->>>By.xpath: //input[@placeholder='description']<----was found
09:20:43.101 INFO  manager.MyListener - Start find element--->>>By.cssSelector: b
09:20:43.124 INFO  manager.MyListener - The element with locator--->>>By.cssSelector: b<----was found
