18:08:58.475 INFO  manager.ApplicationManager - All tests start in ChromeDriver
18:08:59.338 INFO  manager.MyListener - Start find element--->>>By.xpath: //*[text()='Sign Out']
18:09:04.407 INFO  manager.MyListener - The element with locator--->>>By.xpath: //*[text()='Sign Out']<----was found
18:09:04.408 INFO  manager.MyListener - Start find element--->>>By.cssSelector: [href='/login']
18:09:04.431 INFO  manager.MyListener - The element with locator--->>>By.cssSelector: [href='/login']<----was found
18:09:04.498 INFO  manager.MyListener - Start find element--->>>By.xpath: //input[1]
18:09:04.511 INFO  manager.MyListener - The element with locator--->>>By.xpath: //input[1]<----was found
18:09:04.629 INFO  manager.MyListener - Start find element--->>>By.xpath: //input[2]
18:09:04.641 INFO  manager.MyListener - The element with locator--->>>By.xpath: //input[2]<----was found
18:09:04.764 INFO  manager.MyListener - Start find element--->>>By.xpath: //*[text()=' Login']
18:09:04.776 INFO  manager.MyListener - The element with locator--->>>By.xpath: //*[text()=' Login']<----was found
18:09:04.822 INFO  tests.TestBAse - start testremoveOneConatct
18:09:04.824 INFO  tests.TestBAse - removeOneConatct' 
18:09:04.824 INFO  manager.MyListener - Start find element--->>>By.xpath: //a[@class='active']
18:09:04.844 INFO  manager.MyListener - The element with locator--->>>By.xpath: //a[@class='active']<----was found
18:09:04.891 INFO  manager.MyListener - Start find element--->>>By.cssSelector: //div[@class='contact-page_leftdiv__yhyke']
18:09:04.934 INFO  manager.MyListener - We have a 'throwable'--->>>invalid selector: An invalid or illegal selector was specified
  (Session info: chrome=96.0.4664.110)
For documentation on this error, please visit: https://www.seleniumhq.org/exceptions/invalid_selector_exception.html
Build info: version: '3.141.59', revision: 'e82be7d358', time: '2018-11-14T08:17:03'
System info: host: 'desktopirina', ip: '127.0.1.1', os.name: 'Linux', os.arch: 'amd64', os.version: '5.14.0-1031-oem', java.version: '11.0.14.1'
Driver info: org.openqa.selenium.chrome.ChromeDriver
Capabilities {acceptInsecureCerts: false, browserName: chrome, browserVersion: 96.0.4664.110, chrome: {chromedriverVersion: 96.0.4664.45 (76e4c1bb2ab46..., userDataDir: /tmp/.com.google.Chrome.3KH4Bu}, goog:chromeOptions: {debuggerAddress: localhost:35477}, javascriptEnabled: true, networkConnectionEnabled: false, pageLoadStrategy: normal, platform: LINUX, platformName: LINUX, proxy: Proxy(), setWindowRect: true, strictFileInteractability: false, timeouts: {implicit: 0, pageLoad: 300000, script: 30000}, unhandledPromptBehavior: dismiss and notify, webauthn:extension:credBlob: true, webauthn:extension:largeBlob: true, webauthn:virtualAuthenticators: true}
Session ID: 43093afbeb5590f3253edd04d18a01a5
*** Element info: {Using=css selector, value=//div[@class='contact-page_leftdiv__yhyke']}
18:09:04.935 INFO  manager.MyListener - We have a 'fill In Stack Trace'--->>>org.openqa.selenium.InvalidSelectorException: invalid selector: An invalid or illegal selector was specified
  (Session info: chrome=96.0.4664.110)
For documentation on this error, please visit: https://www.seleniumhq.org/exceptions/invalid_selector_exception.html
Build info: version: '3.141.59', revision: 'e82be7d358', time: '2018-11-14T08:17:03'
System info: host: 'desktopirina', ip: '127.0.1.1', os.name: 'Linux', os.arch: 'amd64', os.version: '5.14.0-1031-oem', java.version: '11.0.14.1'
Driver info: org.openqa.selenium.chrome.ChromeDriver
Capabilities {acceptInsecureCerts: false, browserName: chrome, browserVersion: 96.0.4664.110, chrome: {chromedriverVersion: 96.0.4664.45 (76e4c1bb2ab46..., userDataDir: /tmp/.com.google.Chrome.3KH4Bu}, goog:chromeOptions: {debuggerAddress: localhost:35477}, javascriptEnabled: true, networkConnectionEnabled: false, pageLoadStrategy: normal, platform: LINUX, platformName: LINUX, proxy: Proxy(), setWindowRect: true, strictFileInteractability: false, timeouts: {implicit: 0, pageLoad: 300000, script: 30000}, unhandledPromptBehavior: dismiss and notify, webauthn:extension:credBlob: true, webauthn:extension:largeBlob: true, webauthn:virtualAuthenticators: true}
Session ID: 43093afbeb5590f3253edd04d18a01a5
*** Element info: {Using=css selector, value=//div[@class='contact-page_leftdiv__yhyke']}
18:09:05.464 INFO  manager.MyListener - This is the link to screen with problem-->src/test/screenshots/screen-544.png
18:09:05.467 INFO  tests.TestBAse - End of testremoveOneConatct
