10:55:40.328 INFO  manager.TestNgListener - onStart(ISuite suite)
10:55:40.364 INFO  manager.TestNgListener - onTestStartnull
10:55:42.158 INFO  manager.TestNgListener - onFinish(ISuite suite)
10:55:42.537 INFO  manager.ApplicationManager - All tests start in ChromeDriver
10:55:43.301 INFO  tests.TestBAse - Start test --->loginModelCSVDataProvider
10:55:43.303 INFO  manager.MyListener - Start find element--->>>By.xpath: //*[text()='Sign Out']
10:55:48.338 INFO  manager.MyListener - The element with locator--->>>By.xpath: //*[text()='Sign Out']<----was found
10:55:48.352 INFO  manager.MyListener - Start find element--->>>By.cssSelector: [href='/login']
10:55:48.374 INFO  manager.MyListener - The element with locator--->>>By.cssSelector: [href='/login']<----was found
10:55:48.431 INFO  manager.MyListener - Start find element--->>>By.xpath: //input[1]
10:55:48.445 INFO  manager.MyListener - The element with locator--->>>By.xpath: //input[1]<----was found
10:55:48.534 INFO  manager.MyListener - Start find element--->>>By.xpath: //input[2]
10:55:48.548 INFO  manager.MyListener - The element with locator--->>>By.xpath: //input[2]<----was found
10:55:48.628 INFO  manager.MyListener - Start find element--->>>By.xpath: //*[text()=' Login']
10:55:48.641 INFO  manager.MyListener - The element with locator--->>>By.xpath: //*[text()=' Login']<----was found
10:55:53.671 INFO  manager.MyListener - Start find element--->>>By.xpath: //*[text()='Sign Out']
10:55:53.687 INFO  manager.MyListener - The element with locator--->>>By.xpath: //*[text()='Sign Out']<----was found
10:55:53.693 INFO  tests.TestBAse - End of testloginModelCSVDataProvider
10:55:53.695 INFO  tests.TestBAse - Start test --->loginModelCSVDataProvider
10:55:53.696 INFO  manager.MyListener - Start find element--->>>By.xpath: //*[text()='Sign Out']
10:55:53.711 INFO  manager.MyListener - The element with locator--->>>By.xpath: //*[text()='Sign Out']<----was found
10:55:53.712 INFO  manager.MyListener - Start find element--->>>By.xpath: //button[text()='Sign Out']
10:55:53.733 INFO  manager.MyListener - The element with locator--->>>By.xpath: //button[text()='Sign Out']<----was found
10:55:53.766 INFO  tests.TestBAse - start testloginModelCSVDataProvider
10:55:53.767 INFO  manager.MyListener - Start find element--->>>By.cssSelector: [href='/login']
10:55:53.776 INFO  manager.MyListener - The element with locator--->>>By.cssSelector: [href='/login']<----was found
10:55:53.804 INFO  manager.MyListener - Start find element--->>>By.xpath: //input[1]
10:55:53.812 INFO  manager.MyListener - The element with locator--->>>By.xpath: //input[1]<----was found
10:55:53.891 INFO  manager.MyListener - Start find element--->>>By.xpath: //input[2]
10:55:53.898 INFO  manager.MyListener - The element with locator--->>>By.xpath: //input[2]<----was found
10:55:53.974 INFO  manager.MyListener - Start find element--->>>By.xpath: //*[text()=' Login']
10:55:53.981 INFO  manager.MyListener - The element with locator--->>>By.xpath: //*[text()=' Login']<----was found
10:55:59.009 INFO  manager.MyListener - Start find element--->>>By.xpath: //*[text()='Sign Out']
10:55:59.026 INFO  manager.MyListener - The element with locator--->>>By.xpath: //*[text()='Sign Out']<----was found
10:55:59.028 INFO  tests.TestBAse - End of testloginModelCSVDataProvider
10:55:59.029 INFO  tests.TestBAse - Start test --->loginModelCSVDataProvider
10:55:59.030 INFO  manager.MyListener - Start find element--->>>By.xpath: //*[text()='Sign Out']
10:55:59.043 INFO  manager.MyListener - The element with locator--->>>By.xpath: //*[text()='Sign Out']<----was found
10:55:59.044 INFO  manager.MyListener - Start find element--->>>By.xpath: //button[text()='Sign Out']
10:55:59.055 INFO  manager.MyListener - The element with locator--->>>By.xpath: //button[text()='Sign Out']<----was found
10:55:59.107 INFO  tests.TestBAse - start testloginModelCSVDataProvider
10:55:59.108 INFO  manager.MyListener - Start find element--->>>By.cssSelector: [href='/login']
10:55:59.116 INFO  manager.MyListener - The element with locator--->>>By.cssSelector: [href='/login']<----was found
10:55:59.143 INFO  manager.MyListener - Start find element--->>>By.xpath: //input[1]
10:55:59.150 INFO  manager.MyListener - The element with locator--->>>By.xpath: //input[1]<----was found
10:55:59.227 INFO  manager.MyListener - Start find element--->>>By.xpath: //input[2]
10:55:59.235 INFO  manager.MyListener - The element with locator--->>>By.xpath: //input[2]<----was found
10:55:59.350 INFO  manager.MyListener - Start find element--->>>By.xpath: //*[text()=' Login']
10:55:59.364 INFO  manager.MyListener - The element with locator--->>>By.xpath: //*[text()=' Login']<----was found
10:56:04.411 INFO  manager.MyListener - Start find element--->>>By.xpath: //*[text()='Sign Out']
10:56:04.426 INFO  manager.MyListener - The element with locator--->>>By.xpath: //*[text()='Sign Out']<----was found
10:56:04.428 INFO  tests.TestBAse - End of testloginModelCSVDataProvider
10:56:04.430 INFO  tests.TestBAse - Start test --->loginModelCSVDataProvider
10:56:04.431 INFO  manager.MyListener - Start find element--->>>By.xpath: //*[text()='Sign Out']
10:56:04.444 INFO  manager.MyListener - The element with locator--->>>By.xpath: //*[text()='Sign Out']<----was found
10:56:04.444 INFO  manager.MyListener - Start find element--->>>By.xpath: //button[text()='Sign Out']
10:56:04.455 INFO  manager.MyListener - The element with locator--->>>By.xpath: //button[text()='Sign Out']<----was found
10:56:04.506 INFO  tests.TestBAse - start testloginModelCSVDataProvider
10:56:04.506 INFO  manager.MyListener - Start find element--->>>By.cssSelector: [href='/login']
10:56:04.514 INFO  manager.MyListener - The element with locator--->>>By.cssSelector: [href='/login']<----was found
10:56:04.549 INFO  manager.MyListener - Start find element--->>>By.xpath: //input[1]
10:56:04.557 INFO  manager.MyListener - The element with locator--->>>By.xpath: //input[1]<----was found
10:56:04.668 INFO  manager.MyListener - Start find element--->>>By.xpath: //input[2]
10:56:04.675 INFO  manager.MyListener - The element with locator--->>>By.xpath: //input[2]<----was found
10:56:04.748 INFO  manager.MyListener - Start find element--->>>By.xpath: //*[text()=' Login']
10:56:04.756 INFO  manager.MyListener - The element with locator--->>>By.xpath: //*[text()=' Login']<----was found
10:56:09.783 INFO  manager.MyListener - Start find element--->>>By.xpath: //*[text()='Sign Out']
10:56:09.798 INFO  manager.MyListener - The element with locator--->>>By.xpath: //*[text()='Sign Out']<----was found
10:56:09.800 INFO  tests.TestBAse - End of testloginModelCSVDataProvider
10:56:09.802 INFO  tests.TestBAse - Start test --->loginModelDataProvider
10:56:09.803 INFO  manager.MyListener - Start find element--->>>By.xpath: //*[text()='Sign Out']
10:56:09.815 INFO  manager.MyListener - The element with locator--->>>By.xpath: //*[text()='Sign Out']<----was found
10:56:09.816 INFO  manager.MyListener - Start find element--->>>By.xpath: //button[text()='Sign Out']
10:56:09.827 INFO  manager.MyListener - The element with locator--->>>By.xpath: //button[text()='Sign Out']<----was found
10:56:09.889 INFO  tests.TestBAse - start testloginModelDataProvider
10:56:09.890 INFO  manager.MyListener - Start find element--->>>By.cssSelector: [href='/login']
10:56:09.900 INFO  manager.MyListener - The element with locator--->>>By.cssSelector: [href='/login']<----was found
10:56:09.928 INFO  manager.MyListener - Start find element--->>>By.xpath: //input[1]
10:56:09.937 INFO  manager.MyListener - The element with locator--->>>By.xpath: //input[1]<----was found
10:56:10.044 INFO  manager.MyListener - Start find element--->>>By.xpath: //input[2]
10:56:10.051 INFO  manager.MyListener - The element with locator--->>>By.xpath: //input[2]<----was found
10:56:10.140 INFO  manager.MyListener - Start find element--->>>By.xpath: //*[text()=' Login']
10:56:10.148 INFO  manager.MyListener - The element with locator--->>>By.xpath: //*[text()=' Login']<----was found
10:56:15.178 INFO  manager.MyListener - Start find element--->>>By.xpath: //*[text()='Sign Out']
10:56:15.193 INFO  manager.MyListener - The element with locator--->>>By.xpath: //*[text()='Sign Out']<----was found
10:56:15.195 INFO  tests.TestBAse - End of testloginModelDataProvider
10:56:15.197 INFO  tests.TestBAse - Start test --->loginModelDataProvider
10:56:15.198 INFO  manager.MyListener - Start find element--->>>By.xpath: //*[text()='Sign Out']
10:56:15.210 INFO  manager.MyListener - The element with locator--->>>By.xpath: //*[text()='Sign Out']<----was found
10:56:15.210 INFO  manager.MyListener - Start find element--->>>By.xpath: //button[text()='Sign Out']
10:56:15.225 INFO  manager.MyListener - The element with locator--->>>By.xpath: //button[text()='Sign Out']<----was found
10:56:15.282 INFO  tests.TestBAse - start testloginModelDataProvider
10:56:15.283 INFO  manager.MyListener - Start find element--->>>By.cssSelector: [href='/login']
10:56:15.295 INFO  manager.MyListener - The element with locator--->>>By.cssSelector: [href='/login']<----was found
10:56:15.345 INFO  manager.MyListener - Start find element--->>>By.xpath: //input[1]
10:56:15.352 INFO  manager.MyListener - The element with locator--->>>By.xpath: //input[1]<----was found
10:56:15.428 INFO  manager.MyListener - Start find element--->>>By.xpath: //input[2]
10:56:15.437 INFO  manager.MyListener - The element with locator--->>>By.xpath: //input[2]<----was found
10:56:15.507 INFO  manager.MyListener - Start find element--->>>By.xpath: //*[text()=' Login']
10:56:15.514 INFO  manager.MyListener - The element with locator--->>>By.xpath: //*[text()=' Login']<----was found
10:56:20.539 INFO  manager.MyListener - Start find element--->>>By.xpath: //*[text()='Sign Out']
10:56:20.560 INFO  manager.MyListener - The element with locator--->>>By.xpath: //*[text()='Sign Out']<----was found
10:56:20.562 INFO  tests.TestBAse - End of testloginModelDataProvider
10:56:20.563 INFO  tests.TestBAse - Start test --->loginModelDataProvider
10:56:20.564 INFO  manager.MyListener - Start find element--->>>By.xpath: //*[text()='Sign Out']
10:56:20.577 INFO  manager.MyListener - The element with locator--->>>By.xpath: //*[text()='Sign Out']<----was found
10:56:20.577 INFO  manager.MyListener - Start find element--->>>By.xpath: //button[text()='Sign Out']
10:56:20.589 INFO  manager.MyListener - The element with locator--->>>By.xpath: //button[text()='Sign Out']<----was found
10:56:20.618 INFO  tests.TestBAse - start testloginModelDataProvider
10:56:20.619 INFO  manager.MyListener - Start find element--->>>By.cssSelector: [href='/login']
10:56:20.625 INFO  manager.MyListener - The element with locator--->>>By.cssSelector: [href='/login']<----was found
10:56:20.651 INFO  manager.MyListener - Start find element--->>>By.xpath: //input[1]
10:56:20.660 INFO  manager.MyListener - The element with locator--->>>By.xpath: //input[1]<----was found
10:56:20.740 INFO  manager.MyListener - Start find element--->>>By.xpath: //input[2]
10:56:20.747 INFO  manager.MyListener - The element with locator--->>>By.xpath: //input[2]<----was found
10:56:20.822 INFO  manager.MyListener - Start find element--->>>By.xpath: //*[text()=' Login']
10:56:20.830 INFO  manager.MyListener - The element with locator--->>>By.xpath: //*[text()=' Login']<----was found
10:56:25.856 INFO  manager.MyListener - Start find element--->>>By.xpath: //*[text()='Sign Out']
10:56:25.872 INFO  manager.MyListener - The element with locator--->>>By.xpath: //*[text()='Sign Out']<----was found
10:56:25.873 INFO  tests.TestBAse - End of testloginModelDataProvider
10:56:25.875 INFO  tests.TestBAse - Start test --->loginModelDataProvider
10:56:25.875 INFO  manager.MyListener - Start find element--->>>By.xpath: //*[text()='Sign Out']
10:56:25.888 INFO  manager.MyListener - The element with locator--->>>By.xpath: //*[text()='Sign Out']<----was found
10:56:25.889 INFO  manager.MyListener - Start find element--->>>By.xpath: //button[text()='Sign Out']
10:56:25.900 INFO  manager.MyListener - The element with locator--->>>By.xpath: //button[text()='Sign Out']<----was found
10:56:25.953 INFO  tests.TestBAse - start testloginModelDataProvider
10:56:25.954 INFO  manager.MyListener - Start find element--->>>By.cssSelector: [href='/login']
10:56:25.961 INFO  manager.MyListener - The element with locator--->>>By.cssSelector: [href='/login']<----was found
10:56:26.008 INFO  manager.MyListener - Start find element--->>>By.xpath: //input[1]
10:56:26.015 INFO  manager.MyListener - The element with locator--->>>By.xpath: //input[1]<----was found
10:56:26.108 INFO  manager.MyListener - Start find element--->>>By.xpath: //input[2]
10:56:26.118 INFO  manager.MyListener - The element with locator--->>>By.xpath: //input[2]<----was found
10:56:26.190 INFO  manager.MyListener - Start find element--->>>By.xpath: //*[text()=' Login']
10:56:26.197 INFO  manager.MyListener - The element with locator--->>>By.xpath: //*[text()=' Login']<----was found
10:56:31.223 INFO  manager.MyListener - Start find element--->>>By.xpath: //*[text()='Sign Out']
10:56:31.239 INFO  manager.MyListener - The element with locator--->>>By.xpath: //*[text()='Sign Out']<----was found
10:56:31.240 INFO  tests.TestBAse - End of testloginModelDataProvider
10:56:31.242 INFO  tests.TestBAse - Start test --->loginNegativePassword
10:56:31.243 INFO  manager.MyListener - Start find element--->>>By.xpath: //*[text()='Sign Out']
10:56:31.257 INFO  manager.MyListener - The element with locator--->>>By.xpath: //*[text()='Sign Out']<----was found
10:56:31.257 INFO  manager.MyListener - Start find element--->>>By.xpath: //button[text()='Sign Out']
10:56:31.271 INFO  manager.MyListener - The element with locator--->>>By.xpath: //button[text()='Sign Out']<----was found
10:56:31.328 INFO  tests.TestBAse - start testloginNegativePassword
10:56:31.329 INFO  manager.MyListener - Start find element--->>>By.cssSelector: [href='/login']
10:56:31.336 INFO  manager.MyListener - The element with locator--->>>By.cssSelector: [href='/login']<----was found
10:56:31.370 INFO  manager.MyListener - Start find element--->>>By.xpath: //input[1]
10:56:31.377 INFO  manager.MyListener - The element with locator--->>>By.xpath: //input[1]<----was found
10:56:31.455 INFO  manager.MyListener - Start find element--->>>By.xpath: //input[2]
10:56:31.462 INFO  manager.MyListener - The element with locator--->>>By.xpath: //input[2]<----was found
10:56:31.529 INFO  manager.MyListener - Start find element--->>>By.xpath: //*[text()=' Login']
10:56:31.536 INFO  manager.MyListener - The element with locator--->>>By.xpath: //*[text()=' Login']<----was found
10:56:36.600 INFO  tests.TestBAse - End of testloginNegativePassword
10:56:36.603 INFO  tests.TestBAse - Start test --->loginSuccess
10:56:36.604 INFO  manager.MyListener - Start find element--->>>By.xpath: //*[text()='Sign Out']
10:56:41.642 INFO  manager.MyListener - The element with locator--->>>By.xpath: //*[text()='Sign Out']<----was found
10:56:41.644 INFO  tests.TestBAse - End of testloginSuccess
10:56:41.645 INFO  tests.TestBAse - Start test --->loginSuccessModel
10:56:41.646 INFO  manager.MyListener - Start find element--->>>By.xpath: //*[text()='Sign Out']
10:56:46.699 INFO  manager.MyListener - The element with locator--->>>By.xpath: //*[text()='Sign Out']<----was found
10:56:46.701 INFO  manager.MyListener - Start find element--->>>By.cssSelector: [href='/login']
10:56:46.722 INFO  manager.MyListener - The element with locator--->>>By.cssSelector: [href='/login']<----was found
10:56:46.775 INFO  manager.MyListener - Start find element--->>>By.xpath: //input[1]
10:56:46.790 INFO  manager.MyListener - The element with locator--->>>By.xpath: //input[1]<----was found
10:56:46.898 INFO  manager.MyListener - Start find element--->>>By.xpath: //input[2]
10:56:46.909 INFO  manager.MyListener - The element with locator--->>>By.xpath: //input[2]<----was found
10:56:46.993 INFO  manager.MyListener - Start find element--->>>By.xpath: //*[text()=' Login']
10:56:47.004 INFO  manager.MyListener - The element with locator--->>>By.xpath: //*[text()=' Login']<----was found
10:56:52.030 INFO  manager.MyListener - Start find element--->>>By.xpath: //*[text()='Sign Out']
10:56:52.046 INFO  manager.MyListener - The element with locator--->>>By.xpath: //*[text()='Sign Out']<----was found
10:56:52.047 INFO  tests.TestBAse - End of testloginSuccessModel
10:56:52.049 INFO  tests.TestBAse - Start test --->loginSuccessNew
10:56:52.050 INFO  manager.MyListener - Start find element--->>>By.xpath: //*[text()='Sign Out']
10:56:52.063 INFO  manager.MyListener - The element with locator--->>>By.xpath: //*[text()='Sign Out']<----was found
10:56:52.064 INFO  manager.MyListener - Start find element--->>>By.xpath: //button[text()='Sign Out']
10:56:52.085 INFO  manager.MyListener - The element with locator--->>>By.xpath: //button[text()='Sign Out']<----was found
10:56:52.137 INFO  tests.TestBAse - start testloginSuccessNew
10:56:52.138 INFO  tests.TestBAse - Testing 'loginSuccessNew' 
10:56:52.138 INFO  tests.TestBAse - The test starts with data [missira85@gmail.com] & [Passw0rd$]
10:56:52.138 INFO  manager.MyListener - Start find element--->>>By.cssSelector: [href='/login']
10:56:52.146 INFO  manager.MyListener - The element with locator--->>>By.cssSelector: [href='/login']<----was found
10:56:52.180 INFO  manager.MyListener - Start find element--->>>By.xpath: //input[1]
10:56:52.188 INFO  manager.MyListener - The element with locator--->>>By.xpath: //input[1]<----was found
10:56:52.297 INFO  manager.MyListener - Start find element--->>>By.xpath: //input[2]
10:56:52.304 INFO  manager.MyListener - The element with locator--->>>By.xpath: //input[2]<----was found
10:56:52.378 INFO  manager.MyListener - Start find element--->>>By.xpath: //*[text()=' Login']
10:56:52.385 INFO  manager.MyListener - The element with locator--->>>By.xpath: //*[text()=' Login']<----was found
10:56:53.412 INFO  manager.MyListener - Start find element--->>>By.xpath: //*[text()='Sign Out']
10:56:53.426 INFO  manager.MyListener - The element with locator--->>>By.xpath: //*[text()='Sign Out']<----was found
10:56:53.427 INFO  tests.TestBAse - Test 'loginSuccessNew' passed successfully
10:56:53.428 INFO  tests.TestBAse - End of testloginSuccessNew
10:56:53.430 INFO  tests.TestBAse - Start test --->loginSuccessNew1
10:56:53.431 INFO  manager.MyListener - Start find element--->>>By.xpath: //*[text()='Sign Out']
10:56:53.443 INFO  manager.MyListener - The element with locator--->>>By.xpath: //*[text()='Sign Out']<----was found
10:56:53.444 INFO  manager.MyListener - Start find element--->>>By.xpath: //button[text()='Sign Out']
10:56:53.455 INFO  manager.MyListener - The element with locator--->>>By.xpath: //button[text()='Sign Out']<----was found
10:56:53.510 INFO  tests.TestBAse - start testloginSuccessNew1
10:56:53.511 INFO  tests.TestBAse - Testing 'loginSuccessNew1' 
10:56:53.515 INFO  tests.TestBAse - The test starts with emailmissira85@gmail.comand password Passw0rd$
10:56:53.515 INFO  manager.MyListener - Start find element--->>>By.cssSelector: [href='/login']
10:56:53.523 INFO  manager.MyListener - The element with locator--->>>By.cssSelector: [href='/login']<----was found
10:56:53.554 INFO  manager.MyListener - Start find element--->>>By.xpath: //input[1]
10:56:53.561 INFO  manager.MyListener - The element with locator--->>>By.xpath: //input[1]<----was found
10:56:53.675 INFO  manager.MyListener - Start find element--->>>By.xpath: //input[2]
10:56:53.683 INFO  manager.MyListener - The element with locator--->>>By.xpath: //input[2]<----was found
10:56:53.755 INFO  manager.MyListener - Start find element--->>>By.xpath: //*[text()=' Login']
10:56:53.764 INFO  manager.MyListener - The element with locator--->>>By.xpath: //*[text()=' Login']<----was found
10:56:54.792 INFO  manager.MyListener - Start find element--->>>By.xpath: //*[text()='Sign Out']
10:56:54.806 INFO  manager.MyListener - The element with locator--->>>By.xpath: //*[text()='Sign Out']<----was found
10:56:54.807 INFO  tests.TestBAse - End of testloginSuccessNew1
10:56:54.809 INFO  tests.TestBAse - Start test --->loginSuccessNew1
10:56:54.809 INFO  manager.MyListener - Start find element--->>>By.xpath: //*[text()='Sign Out']
10:56:54.821 INFO  manager.MyListener - The element with locator--->>>By.xpath: //*[text()='Sign Out']<----was found
10:56:54.821 INFO  manager.MyListener - Start find element--->>>By.xpath: //button[text()='Sign Out']
10:56:54.832 INFO  manager.MyListener - The element with locator--->>>By.xpath: //button[text()='Sign Out']<----was found
10:56:54.885 INFO  tests.TestBAse - start testloginSuccessNew1
10:56:54.886 INFO  tests.TestBAse - Testing 'loginSuccessNew1' 
10:56:54.886 INFO  tests.TestBAse - The test starts with emailmissira85@gmail.comand password Passw0rd$
10:56:54.886 INFO  manager.MyListener - Start find element--->>>By.cssSelector: [href='/login']
10:56:54.892 INFO  manager.MyListener - The element with locator--->>>By.cssSelector: [href='/login']<----was found
10:56:54.927 INFO  manager.MyListener - Start find element--->>>By.xpath: //input[1]
10:56:54.934 INFO  manager.MyListener - The element with locator--->>>By.xpath: //input[1]<----was found
10:56:55.006 INFO  manager.MyListener - Start find element--->>>By.xpath: //input[2]
10:56:55.012 INFO  manager.MyListener - The element with locator--->>>By.xpath: //input[2]<----was found
10:56:55.091 INFO  manager.MyListener - Start find element--->>>By.xpath: //*[text()=' Login']
10:56:55.098 INFO  manager.MyListener - The element with locator--->>>By.xpath: //*[text()=' Login']<----was found
10:56:56.123 INFO  manager.MyListener - Start find element--->>>By.xpath: //*[text()='Sign Out']
10:56:56.138 INFO  manager.MyListener - The element with locator--->>>By.xpath: //*[text()='Sign Out']<----was found
10:56:56.139 INFO  tests.TestBAse - End of testloginSuccessNew1
10:56:56.141 INFO  tests.TestBAse - Start test --->loginSuccessNew1
10:56:56.141 INFO  manager.MyListener - Start find element--->>>By.xpath: //*[text()='Sign Out']
10:56:56.153 INFO  manager.MyListener - The element with locator--->>>By.xpath: //*[text()='Sign Out']<----was found
10:56:56.154 INFO  manager.MyListener - Start find element--->>>By.xpath: //button[text()='Sign Out']
10:56:56.165 INFO  manager.MyListener - The element with locator--->>>By.xpath: //button[text()='Sign Out']<----was found
10:56:56.218 INFO  tests.TestBAse - start testloginSuccessNew1
10:56:56.219 INFO  tests.TestBAse - Testing 'loginSuccessNew1' 
10:56:56.219 INFO  tests.TestBAse - The test starts with emailmissira85@gmail.comand password Passw0rd$
10:56:56.220 INFO  manager.MyListener - Start find element--->>>By.cssSelector: [href='/login']
10:56:56.226 INFO  manager.MyListener - The element with locator--->>>By.cssSelector: [href='/login']<----was found
10:56:56.255 INFO  manager.MyListener - Start find element--->>>By.xpath: //input[1]
10:56:56.263 INFO  manager.MyListener - The element with locator--->>>By.xpath: //input[1]<----was found
10:56:56.349 INFO  manager.MyListener - Start find element--->>>By.xpath: //input[2]
10:56:56.357 INFO  manager.MyListener - The element with locator--->>>By.xpath: //input[2]<----was found
10:56:56.436 INFO  manager.MyListener - Start find element--->>>By.xpath: //*[text()=' Login']
10:56:56.443 INFO  manager.MyListener - The element with locator--->>>By.xpath: //*[text()=' Login']<----was found
10:56:57.469 INFO  manager.MyListener - Start find element--->>>By.xpath: //*[text()='Sign Out']
10:56:57.484 INFO  manager.MyListener - The element with locator--->>>By.xpath: //*[text()='Sign Out']<----was found
10:56:57.486 INFO  tests.TestBAse - End of testloginSuccessNew1
10:56:57.488 INFO  tests.TestBAse - Start test --->loginSuccessNew1
10:56:57.489 INFO  manager.MyListener - Start find element--->>>By.xpath: //*[text()='Sign Out']
10:56:57.501 INFO  manager.MyListener - The element with locator--->>>By.xpath: //*[text()='Sign Out']<----was found
10:56:57.501 INFO  manager.MyListener - Start find element--->>>By.xpath: //button[text()='Sign Out']
10:56:57.512 INFO  manager.MyListener - The element with locator--->>>By.xpath: //button[text()='Sign Out']<----was found
10:56:57.556 INFO  tests.TestBAse - start testloginSuccessNew1
10:56:57.557 INFO  tests.TestBAse - Testing 'loginSuccessNew1' 
10:56:57.557 INFO  tests.TestBAse - The test starts with emailmissira85@gmail.comand password Passw0rd$
10:56:57.557 INFO  manager.MyListener - Start find element--->>>By.cssSelector: [href='/login']
10:56:57.565 INFO  manager.MyListener - The element with locator--->>>By.cssSelector: [href='/login']<----was found
10:56:57.617 INFO  manager.MyListener - Start find element--->>>By.xpath: //input[1]
10:56:57.629 INFO  manager.MyListener - The element with locator--->>>By.xpath: //input[1]<----was found
10:56:57.734 INFO  manager.MyListener - Start find element--->>>By.xpath: //input[2]
10:56:57.741 INFO  manager.MyListener - The element with locator--->>>By.xpath: //input[2]<----was found
10:56:57.809 INFO  manager.MyListener - Start find element--->>>By.xpath: //*[text()=' Login']
10:56:57.815 INFO  manager.MyListener - The element with locator--->>>By.xpath: //*[text()=' Login']<----was found
10:56:58.840 INFO  manager.MyListener - Start find element--->>>By.xpath: //*[text()='Sign Out']
10:56:58.854 INFO  manager.MyListener - The element with locator--->>>By.xpath: //*[text()='Sign Out']<----was found
10:56:58.856 INFO  tests.TestBAse - End of testloginSuccessNew1
10:56:58.858 INFO  tests.TestBAse - Start test --->addNewContactSuccess
10:56:58.859 INFO  manager.MyListener - Start find element--->>>By.xpath: //*[text()='Sign Out']
10:56:58.871 INFO  manager.MyListener - The element with locator--->>>By.xpath: //*[text()='Sign Out']<----was found
10:56:58.879 INFO  manager.MyListener - Start find element--->>>By.cssSelector: a[href='/add']
10:56:58.899 INFO  manager.MyListener - The element with locator--->>>By.cssSelector: a[href='/add']<----was found
10:56:58.962 INFO  manager.MyListener - Start find element--->>>By.xpath: //a[@class='active']
10:56:58.974 INFO  manager.MyListener - The element with locator--->>>By.xpath: //a[@class='active']<----was found
10:56:58.995 INFO  manager.MyListener - Start find element--->>>By.xpath: //input[@placeholder='Name']
10:56:59.006 INFO  manager.MyListener - The element with locator--->>>By.xpath: //input[@placeholder='Name']<----was found
10:56:59.110 INFO  manager.MyListener - Start find element--->>>By.xpath: //input[@placeholder='Last Name']
10:56:59.121 INFO  manager.MyListener - The element with locator--->>>By.xpath: //input[@placeholder='Last Name']<----was found
10:56:59.206 INFO  manager.MyListener - Start find element--->>>By.xpath: //input[@placeholder='Phone']
10:56:59.216 INFO  manager.MyListener - The element with locator--->>>By.xpath: //input[@placeholder='Phone']<----was found
10:56:59.295 INFO  manager.MyListener - Start find element--->>>By.xpath: //input[@placeholder='email']
10:56:59.305 INFO  manager.MyListener - The element with locator--->>>By.xpath: //input[@placeholder='email']<----was found
10:56:59.427 INFO  manager.MyListener - Start find element--->>>By.xpath: //input[@placeholder='Address']
10:56:59.448 INFO  manager.MyListener - The element with locator--->>>By.xpath: //input[@placeholder='Address']<----was found
10:56:59.542 INFO  manager.MyListener - Start find element--->>>By.xpath: //input[@placeholder='description']
10:56:59.553 INFO  manager.MyListener - The element with locator--->>>By.xpath: //input[@placeholder='description']<----was found
10:56:59.620 INFO  manager.MyListener - Start find element--->>>By.cssSelector: b
10:56:59.630 INFO  manager.MyListener - The element with locator--->>>By.cssSelector: b<----was found
10:57:04.655 INFO  manager.MyListener - Start find element--->>>By.cssSelector: .active
10:57:04.678 INFO  manager.MyListener - The element with locator--->>>By.cssSelector: .active<----was found
10:57:04.679 INFO  manager.MyListener - Start find element--->>>By.cssSelector: .contact-item_card__2SOIM
10:57:04.706 INFO  manager.MyListener - The element with locator--->>>By.cssSelector: .contact-item_card__2SOIM<----was found
10:57:04.707 INFO  manager.MyListener - Start find element--->>>By.cssSelector: h2
10:57:04.727 INFO  manager.MyListener - The element with locator--->>>By.cssSelector: h2<----was found
10:57:04.857 INFO  manager.MyListener - Start find element--->>>By.cssSelector: h3
10:57:04.867 INFO  manager.MyListener - The element with locator--->>>By.cssSelector: h3<----was found
10:57:05.032 INFO  tests.TestBAse - End of testaddNewContactSuccess
10:57:05.034 INFO  tests.TestBAse - Start test --->addNewContactSuccessProviderCSV
10:57:05.035 INFO  manager.MyListener - Start find element--->>>By.xpath: //*[text()='Sign Out']
10:57:05.053 INFO  manager.MyListener - The element with locator--->>>By.xpath: //*[text()='Sign Out']<----was found
10:57:05.081 INFO  tests.TestBAse - Test start with contactContact(name=Mona, lastName=Dow, phone=99988897, email=mona@gmail.com, address=Haifa, description=friend)
10:57:05.082 INFO  manager.MyListener - Start find element--->>>By.cssSelector: a[href='/add']
10:57:05.099 INFO  manager.MyListener - The element with locator--->>>By.cssSelector: a[href='/add']<----was found
10:57:05.130 INFO  manager.MyListener - Start find element--->>>By.xpath: //a[@class='active']
10:57:05.140 INFO  manager.MyListener - The element with locator--->>>By.xpath: //a[@class='active']<----was found
10:57:05.161 INFO  manager.MyListener - Start find element--->>>By.xpath: //input[@placeholder='Name']
10:57:05.172 INFO  manager.MyListener - The element with locator--->>>By.xpath: //input[@placeholder='Name']<----was found
10:57:05.262 INFO  manager.MyListener - Start find element--->>>By.xpath: //input[@placeholder='Last Name']
10:57:05.273 INFO  manager.MyListener - The element with locator--->>>By.xpath: //input[@placeholder='Last Name']<----was found
10:57:05.357 INFO  manager.MyListener - Start find element--->>>By.xpath: //input[@placeholder='Phone']
10:57:05.371 INFO  manager.MyListener - The element with locator--->>>By.xpath: //input[@placeholder='Phone']<----was found
10:57:05.450 INFO  manager.MyListener - Start find element--->>>By.xpath: //input[@placeholder='email']
10:57:05.460 INFO  manager.MyListener - The element with locator--->>>By.xpath: //input[@placeholder='email']<----was found
10:57:05.547 INFO  manager.MyListener - Start find element--->>>By.xpath: //input[@placeholder='Address']
10:57:05.558 INFO  manager.MyListener - The element with locator--->>>By.xpath: //input[@placeholder='Address']<----was found
10:57:05.645 INFO  manager.MyListener - Start find element--->>>By.xpath: //input[@placeholder='description']
10:57:05.656 INFO  manager.MyListener - The element with locator--->>>By.xpath: //input[@placeholder='description']<----was found
10:57:05.749 INFO  manager.MyListener - Start find element--->>>By.cssSelector: b
10:57:05.759 INFO  manager.MyListener - The element with locator--->>>By.cssSelector: b<----was found
10:57:10.785 INFO  tests.TestBAse - End of testaddNewContactSuccessProviderCSV
10:57:10.786 INFO  tests.TestBAse - Start test --->addNewContactSuccessProviderCSV
10:57:10.787 INFO  manager.MyListener - Start find element--->>>By.xpath: //*[text()='Sign Out']
10:57:10.803 INFO  manager.MyListener - The element with locator--->>>By.xpath: //*[text()='Sign Out']<----was found
10:57:10.804 INFO  tests.TestBAse - Test start with contactContact(name=Joe, lastName=Wow, phone=99988899, email=monka@gmail.com, address=Rehovot,Israel, description=friend)
10:57:10.804 INFO  manager.MyListener - Start find element--->>>By.cssSelector: a[href='/add']
10:57:10.817 INFO  manager.MyListener - The element with locator--->>>By.cssSelector: a[href='/add']<----was found
10:57:10.851 INFO  manager.MyListener - Start find element--->>>By.xpath: //a[@class='active']
10:57:10.858 INFO  manager.MyListener - The element with locator--->>>By.xpath: //a[@class='active']<----was found
10:57:10.875 INFO  manager.MyListener - Start find element--->>>By.xpath: //input[@placeholder='Name']
10:57:10.882 INFO  manager.MyListener - The element with locator--->>>By.xpath: //input[@placeholder='Name']<----was found
10:57:10.958 INFO  manager.MyListener - Start find element--->>>By.xpath: //input[@placeholder='Last Name']
10:57:10.965 INFO  manager.MyListener - The element with locator--->>>By.xpath: //input[@placeholder='Last Name']<----was found
10:57:11.056 INFO  manager.MyListener - Start find element--->>>By.xpath: //input[@placeholder='Phone']
10:57:11.064 INFO  manager.MyListener - The element with locator--->>>By.xpath: //input[@placeholder='Phone']<----was found
10:57:11.140 INFO  manager.MyListener - Start find element--->>>By.xpath: //input[@placeholder='email']
10:57:11.146 INFO  manager.MyListener - The element with locator--->>>By.xpath: //input[@placeholder='email']<----was found
10:57:11.236 INFO  manager.MyListener - Start find element--->>>By.xpath: //input[@placeholder='Address']
10:57:11.243 INFO  manager.MyListener - The element with locator--->>>By.xpath: //input[@placeholder='Address']<----was found
10:57:11.317 INFO  manager.MyListener - Start find element--->>>By.xpath: //input[@placeholder='description']
10:57:11.324 INFO  manager.MyListener - The element with locator--->>>By.xpath: //input[@placeholder='description']<----was found
10:57:11.393 INFO  manager.MyListener - Start find element--->>>By.cssSelector: b
10:57:11.400 INFO  manager.MyListener - The element with locator--->>>By.cssSelector: b<----was found
10:57:16.434 INFO  tests.TestBAse - End of testaddNewContactSuccessProviderCSV
10:57:16.435 INFO  tests.TestBAse - Start test --->addNewContactSuccessProviderCSV
10:57:16.436 INFO  manager.MyListener - Start find element--->>>By.xpath: //*[text()='Sign Out']
10:57:16.457 INFO  manager.MyListener - The element with locator--->>>By.xpath: //*[text()='Sign Out']<----was found
10:57:16.458 INFO  tests.TestBAse - Test start with contactContact(name=Moo, lastName=Kow, phone=99988807, email=mo0na@gmail.com, address=TelAviv, description=friend)
10:57:16.459 INFO  manager.MyListener - Start find element--->>>By.cssSelector: a[href='/add']
10:57:16.477 INFO  manager.MyListener - The element with locator--->>>By.cssSelector: a[href='/add']<----was found
10:57:16.529 INFO  manager.MyListener - Start find element--->>>By.xpath: //a[@class='active']
10:57:16.540 INFO  manager.MyListener - The element with locator--->>>By.xpath: //a[@class='active']<----was found
10:57:16.560 INFO  manager.MyListener - Start find element--->>>By.xpath: //input[@placeholder='Name']
10:57:16.571 INFO  manager.MyListener - The element with locator--->>>By.xpath: //input[@placeholder='Name']<----was found
10:57:16.644 INFO  manager.MyListener - Start find element--->>>By.xpath: //input[@placeholder='Last Name']
10:57:16.655 INFO  manager.MyListener - The element with locator--->>>By.xpath: //input[@placeholder='Last Name']<----was found
10:57:16.769 INFO  manager.MyListener - Start find element--->>>By.xpath: //input[@placeholder='Phone']
10:57:16.779 INFO  manager.MyListener - The element with locator--->>>By.xpath: //input[@placeholder='Phone']<----was found
10:57:16.853 INFO  manager.MyListener - Start find element--->>>By.xpath: //input[@placeholder='email']
10:57:16.865 INFO  manager.MyListener - The element with locator--->>>By.xpath: //input[@placeholder='email']<----was found
10:57:16.956 INFO  manager.MyListener - Start find element--->>>By.xpath: //input[@placeholder='Address']
10:57:16.967 INFO  manager.MyListener - The element with locator--->>>By.xpath: //input[@placeholder='Address']<----was found
10:57:17.034 INFO  manager.MyListener - Start find element--->>>By.xpath: //input[@placeholder='description']
10:57:17.044 INFO  manager.MyListener - The element with locator--->>>By.xpath: //input[@placeholder='description']<----was found
10:57:17.108 INFO  manager.MyListener - Start find element--->>>By.cssSelector: b
10:57:17.120 INFO  manager.MyListener - The element with locator--->>>By.cssSelector: b<----was found
10:57:22.149 INFO  tests.TestBAse - End of testaddNewContactSuccessProviderCSV
10:57:22.150 INFO  tests.TestBAse - Start test --->addNewContactSuccessProviderCSV
10:57:22.150 INFO  manager.MyListener - Start find element--->>>By.xpath: //*[text()='Sign Out']
10:57:22.171 INFO  manager.MyListener - The element with locator--->>>By.xpath: //*[text()='Sign Out']<----was found
10:57:22.172 INFO  tests.TestBAse - Test start with contactContact(name=Mana, lastName=Bow, phone=99088897, email=bona@gmail.com, address=Haifa, description=friend)
10:57:22.172 INFO  manager.MyListener - Start find element--->>>By.cssSelector: a[href='/add']
10:57:22.191 INFO  manager.MyListener - The element with locator--->>>By.cssSelector: a[href='/add']<----was found
10:57:22.236 INFO  manager.MyListener - Start find element--->>>By.xpath: //a[@class='active']
10:57:22.245 INFO  manager.MyListener - The element with locator--->>>By.xpath: //a[@class='active']<----was found
10:57:22.268 INFO  manager.MyListener - Start find element--->>>By.xpath: //input[@placeholder='Name']
10:57:22.278 INFO  manager.MyListener - The element with locator--->>>By.xpath: //input[@placeholder='Name']<----was found
10:57:22.367 INFO  manager.MyListener - Start find element--->>>By.xpath: //input[@placeholder='Last Name']
10:57:22.377 INFO  manager.MyListener - The element with locator--->>>By.xpath: //input[@placeholder='Last Name']<----was found
10:57:22.456 INFO  manager.MyListener - Start find element--->>>By.xpath: //input[@placeholder='Phone']
10:57:22.466 INFO  manager.MyListener - The element with locator--->>>By.xpath: //input[@placeholder='Phone']<----was found
10:57:22.536 INFO  manager.MyListener - Start find element--->>>By.xpath: //input[@placeholder='email']
10:57:22.551 INFO  manager.MyListener - The element with locator--->>>By.xpath: //input[@placeholder='email']<----was found
10:57:22.635 INFO  manager.MyListener - Start find element--->>>By.xpath: //input[@placeholder='Address']
10:57:22.645 INFO  manager.MyListener - The element with locator--->>>By.xpath: //input[@placeholder='Address']<----was found
10:57:22.718 INFO  manager.MyListener - Start find element--->>>By.xpath: //input[@placeholder='description']
10:57:22.728 INFO  manager.MyListener - The element with locator--->>>By.xpath: //input[@placeholder='description']<----was found
10:57:22.800 INFO  manager.MyListener - Start find element--->>>By.cssSelector: b
10:57:22.810 INFO  manager.MyListener - The element with locator--->>>By.cssSelector: b<----was found
10:57:27.835 INFO  tests.TestBAse - End of testaddNewContactSuccessProviderCSV
