09:18:57.852 INFO  manager.ApplicationManager - All tests start in ChromeDriver
09:18:58.608 INFO  manager.MyListener - Start find element--->>>By.xpath: //*[text()='Sign Out']
09:19:03.636 INFO  manager.MyListener - The element with locator--->>>By.xpath: //*[text()='Sign Out']<----was found
09:19:03.640 INFO  tests.TestBAse - start testloginModelDataProvider
09:19:03.656 INFO  manager.MyListener - Start find element--->>>By.cssSelector: [href='/login']
09:19:03.678 INFO  manager.MyListener - The element with locator--->>>By.cssSelector: [href='/login']<----was found
09:19:03.742 INFO  manager.MyListener - Start find element--->>>By.xpath: //input[1]
09:19:03.755 INFO  manager.MyListener - The element with locator--->>>By.xpath: //input[1]<----was found
09:19:03.846 INFO  manager.MyListener - Start find element--->>>By.xpath: //input[2]
09:19:03.858 INFO  manager.MyListener - The element with locator--->>>By.xpath: //input[2]<----was found
09:19:03.967 INFO  manager.MyListener - Start find element--->>>By.xpath: //*[text()=' Login']
09:19:03.979 INFO  manager.MyListener - The element with locator--->>>By.xpath: //*[text()=' Login']<----was found
09:19:09.009 INFO  manager.MyListener - Start find element--->>>By.xpath: //*[text()='Sign Out']
09:19:09.026 INFO  manager.MyListener - The element with locator--->>>By.xpath: //*[text()='Sign Out']<----was found
09:19:09.034 INFO  tests.TestBAse - End of testloginModelDataProvider
09:19:09.035 INFO  manager.MyListener - Start find element--->>>By.xpath: //*[text()='Sign Out']
09:19:09.053 INFO  manager.MyListener - The element with locator--->>>By.xpath: //*[text()='Sign Out']<----was found
09:19:09.054 INFO  manager.MyListener - Start find element--->>>By.xpath: //button[text()='Sign Out']
09:19:09.077 INFO  manager.MyListener - The element with locator--->>>By.xpath: //button[text()='Sign Out']<----was found
09:19:09.116 INFO  tests.TestBAse - start testloginModelDataProvider
09:19:09.116 INFO  manager.MyListener - Start find element--->>>By.cssSelector: [href='/login']
09:19:09.125 INFO  manager.MyListener - The element with locator--->>>By.cssSelector: [href='/login']<----was found
09:19:09.163 INFO  manager.MyListener - Start find element--->>>By.xpath: //input[1]
09:19:09.171 INFO  manager.MyListener - The element with locator--->>>By.xpath: //input[1]<----was found
09:19:09.254 INFO  manager.MyListener - Start find element--->>>By.xpath: //input[2]
09:19:09.263 INFO  manager.MyListener - The element with locator--->>>By.xpath: //input[2]<----was found
09:19:09.342 INFO  manager.MyListener - Start find element--->>>By.xpath: //*[text()=' Login']
09:19:09.352 INFO  manager.MyListener - The element with locator--->>>By.xpath: //*[text()=' Login']<----was found
09:19:14.399 INFO  manager.MyListener - Start find element--->>>By.xpath: //*[text()='Sign Out']
09:19:14.416 INFO  manager.MyListener - The element with locator--->>>By.xpath: //*[text()='Sign Out']<----was found
09:19:14.418 INFO  tests.TestBAse - End of testloginModelDataProvider
09:19:14.420 INFO  manager.MyListener - Start find element--->>>By.xpath: //*[text()='Sign Out']
09:19:14.433 INFO  manager.MyListener - The element with locator--->>>By.xpath: //*[text()='Sign Out']<----was found
09:19:14.434 INFO  manager.MyListener - Start find element--->>>By.xpath: //button[text()='Sign Out']
09:19:14.447 INFO  manager.MyListener - The element with locator--->>>By.xpath: //button[text()='Sign Out']<----was found
09:19:14.506 INFO  tests.TestBAse - start testloginModelDataProvider
09:19:14.508 INFO  manager.MyListener - Start find element--->>>By.cssSelector: [href='/login']
09:19:14.525 INFO  manager.MyListener - The element with locator--->>>By.cssSelector: [href='/login']<----was found
09:19:14.574 INFO  manager.MyListener - Start find element--->>>By.xpath: //input[1]
09:19:14.581 INFO  manager.MyListener - The element with locator--->>>By.xpath: //input[1]<----was found
09:19:14.691 INFO  manager.MyListener - Start find element--->>>By.xpath: //input[2]
09:19:14.699 INFO  manager.MyListener - The element with locator--->>>By.xpath: //input[2]<----was found
09:19:14.820 INFO  manager.MyListener - Start find element--->>>By.xpath: //*[text()=' Login']
09:19:14.831 INFO  manager.MyListener - The element with locator--->>>By.xpath: //*[text()=' Login']<----was found
09:19:19.862 INFO  manager.MyListener - Start find element--->>>By.xpath: //*[text()='Sign Out']
09:19:19.879 INFO  manager.MyListener - The element with locator--->>>By.xpath: //*[text()='Sign Out']<----was found
09:19:19.881 INFO  tests.TestBAse - End of testloginModelDataProvider
09:19:19.883 INFO  manager.MyListener - Start find element--->>>By.xpath: //*[text()='Sign Out']
09:19:19.897 INFO  manager.MyListener - The element with locator--->>>By.xpath: //*[text()='Sign Out']<----was found
09:19:19.898 INFO  manager.MyListener - Start find element--->>>By.xpath: //button[text()='Sign Out']
09:19:19.911 INFO  manager.MyListener - The element with locator--->>>By.xpath: //button[text()='Sign Out']<----was found
09:19:19.967 INFO  tests.TestBAse - start testloginModelDataProvider
09:19:19.968 INFO  manager.MyListener - Start find element--->>>By.cssSelector: [href='/login']
09:19:19.976 INFO  manager.MyListener - The element with locator--->>>By.cssSelector: [href='/login']<----was found
09:19:20.003 INFO  manager.MyListener - Start find element--->>>By.xpath: //input[1]
09:19:20.011 INFO  manager.MyListener - The element with locator--->>>By.xpath: //input[1]<----was found
09:19:20.110 INFO  manager.MyListener - Start find element--->>>By.xpath: //input[2]
09:19:20.118 INFO  manager.MyListener - The element with locator--->>>By.xpath: //input[2]<----was found
09:19:20.240 INFO  manager.MyListener - Start find element--->>>By.xpath: //*[text()=' Login']
09:19:20.253 INFO  manager.MyListener - The element with locator--->>>By.xpath: //*[text()=' Login']<----was found
09:19:25.289 INFO  manager.MyListener - Start find element--->>>By.xpath: //*[text()='Sign Out']
09:19:25.305 INFO  manager.MyListener - The element with locator--->>>By.xpath: //*[text()='Sign Out']<----was found
09:19:25.307 INFO  tests.TestBAse - End of testloginModelDataProvider
