21:04:49.146 INFO  manager.ApplicationManager - All tests start in ChromeDriver
21:04:49.903 INFO  manager.MyListener - Start find element--->>>By.xpath: //*[text()='Sign Out']
21:04:54.931 INFO  manager.MyListener - The element with locator--->>>By.xpath: //*[text()='Sign Out']<----was found
21:04:54.947 INFO  manager.MyListener - Start find element--->>>By.cssSelector: [href='/login']
21:04:54.969 INFO  manager.MyListener - The element with locator--->>>By.cssSelector: [href='/login']<----was found
21:04:55.042 INFO  manager.MyListener - Start find element--->>>By.xpath: //input[1]
21:04:55.055 INFO  manager.MyListener - The element with locator--->>>By.xpath: //input[1]<----was found
21:04:55.174 INFO  manager.MyListener - Start find element--->>>By.xpath: //input[2]
21:04:55.187 INFO  manager.MyListener - The element with locator--->>>By.xpath: //input[2]<----was found
21:04:55.305 INFO  manager.MyListener - Start find element--->>>By.xpath: //*[text()=' Login']
21:04:55.316 INFO  manager.MyListener - The element with locator--->>>By.xpath: //*[text()=' Login']<----was found
21:05:00.349 INFO  manager.MyListener - Start find element--->>>By.xpath: //*[text()='Sign Out']
21:05:00.369 INFO  manager.MyListener - The element with locator--->>>By.xpath: //*[text()='Sign Out']<----was found
21:05:00.378 INFO  tests.TestBAse - End of testloginModelCSVDataProvider
21:05:00.380 INFO  manager.MyListener - Start find element--->>>By.xpath: //*[text()='Sign Out']
21:05:00.395 INFO  manager.MyListener - The element with locator--->>>By.xpath: //*[text()='Sign Out']<----was found
21:05:00.396 INFO  manager.MyListener - Start find element--->>>By.xpath: //button[text()='Sign Out']
21:05:00.417 INFO  manager.MyListener - The element with locator--->>>By.xpath: //button[text()='Sign Out']<----was found
21:05:00.466 INFO  tests.TestBAse - start testloginModelCSVDataProvider
21:05:00.467 INFO  manager.MyListener - Start find element--->>>By.cssSelector: [href='/login']
21:05:00.476 INFO  manager.MyListener - The element with locator--->>>By.cssSelector: [href='/login']<----was found
21:05:00.507 INFO  manager.MyListener - Start find element--->>>By.xpath: //input[1]
21:05:00.515 INFO  manager.MyListener - The element with locator--->>>By.xpath: //input[1]<----was found
21:05:00.605 INFO  manager.MyListener - Start find element--->>>By.xpath: //input[2]
21:05:00.613 INFO  manager.MyListener - The element with locator--->>>By.xpath: //input[2]<----was found
21:05:00.733 INFO  manager.MyListener - Start find element--->>>By.xpath: //*[text()=' Login']
21:05:00.741 INFO  manager.MyListener - The element with locator--->>>By.xpath: //*[text()=' Login']<----was found
21:05:05.780 INFO  manager.MyListener - Start find element--->>>By.xpath: //*[text()='Sign Out']
21:05:05.796 INFO  manager.MyListener - The element with locator--->>>By.xpath: //*[text()='Sign Out']<----was found
21:05:05.798 INFO  tests.TestBAse - End of testloginModelCSVDataProvider
21:05:05.800 INFO  manager.MyListener - Start find element--->>>By.xpath: //*[text()='Sign Out']
21:05:05.813 INFO  manager.MyListener - The element with locator--->>>By.xpath: //*[text()='Sign Out']<----was found
21:05:05.813 INFO  manager.MyListener - Start find element--->>>By.xpath: //button[text()='Sign Out']
21:05:05.823 INFO  manager.MyListener - The element with locator--->>>By.xpath: //button[text()='Sign Out']<----was found
21:05:05.856 INFO  tests.TestBAse - start testloginModelCSVDataProvider
21:05:05.859 INFO  manager.MyListener - Start find element--->>>By.cssSelector: [href='/login']
21:05:05.869 INFO  manager.MyListener - The element with locator--->>>By.cssSelector: [href='/login']<----was found
21:05:05.898 INFO  manager.MyListener - Start find element--->>>By.xpath: //input[1]
21:05:05.908 INFO  manager.MyListener - The element with locator--->>>By.xpath: //input[1]<----was found
21:05:05.995 INFO  manager.MyListener - Start find element--->>>By.xpath: //input[2]
21:05:06.005 INFO  manager.MyListener - The element with locator--->>>By.xpath: //input[2]<----was found
21:05:06.088 INFO  manager.MyListener - Start find element--->>>By.xpath: //*[text()=' Login']
21:05:06.100 INFO  manager.MyListener - The element with locator--->>>By.xpath: //*[text()=' Login']<----was found
21:05:11.146 INFO  manager.MyListener - Start find element--->>>By.xpath: //*[text()='Sign Out']
21:05:11.166 INFO  manager.MyListener - The element with locator--->>>By.xpath: //*[text()='Sign Out']<----was found
21:05:11.168 INFO  tests.TestBAse - End of testloginModelCSVDataProvider
21:05:11.170 INFO  manager.MyListener - Start find element--->>>By.xpath: //*[text()='Sign Out']
21:05:11.185 INFO  manager.MyListener - The element with locator--->>>By.xpath: //*[text()='Sign Out']<----was found
21:05:11.186 INFO  manager.MyListener - Start find element--->>>By.xpath: //button[text()='Sign Out']
21:05:11.200 INFO  manager.MyListener - The element with locator--->>>By.xpath: //button[text()='Sign Out']<----was found
21:05:11.251 INFO  tests.TestBAse - start testloginModelCSVDataProvider
21:05:11.252 INFO  manager.MyListener - Start find element--->>>By.cssSelector: [href='/login']
21:05:11.268 INFO  manager.MyListener - The element with locator--->>>By.cssSelector: [href='/login']<----was found
21:05:11.325 INFO  manager.MyListener - Start find element--->>>By.xpath: //input[1]
21:05:11.336 INFO  manager.MyListener - The element with locator--->>>By.xpath: //input[1]<----was found
21:05:11.448 INFO  manager.MyListener - Start find element--->>>By.xpath: //input[2]
21:05:11.457 INFO  manager.MyListener - The element with locator--->>>By.xpath: //input[2]<----was found
21:05:11.532 INFO  manager.MyListener - Start find element--->>>By.xpath: //*[text()=' Login']
21:05:11.545 INFO  manager.MyListener - The element with locator--->>>By.xpath: //*[text()=' Login']<----was found
21:05:16.576 INFO  manager.MyListener - Start find element--->>>By.xpath: //*[text()='Sign Out']
21:05:16.585 INFO  manager.MyListener - The element with locator--->>>By.xpath: //*[text()='Sign Out']<----was found
21:05:16.587 INFO  tests.TestBAse - End of testloginModelCSVDataProvider
21:05:16.589 INFO  manager.MyListener - Start find element--->>>By.xpath: //*[text()='Sign Out']
21:05:16.597 INFO  manager.MyListener - The element with locator--->>>By.xpath: //*[text()='Sign Out']<----was found
21:05:16.597 INFO  manager.MyListener - Start find element--->>>By.xpath: //button[text()='Sign Out']
21:05:16.604 INFO  manager.MyListener - The element with locator--->>>By.xpath: //button[text()='Sign Out']<----was found
21:05:16.635 INFO  tests.TestBAse - start testloginModelDataProvider
21:05:16.636 INFO  manager.MyListener - Start find element--->>>By.cssSelector: [href='/login']
21:05:16.644 INFO  manager.MyListener - The element with locator--->>>By.cssSelector: [href='/login']<----was found
21:05:16.676 INFO  manager.MyListener - Start find element--->>>By.xpath: //input[1]
21:05:16.684 INFO  manager.MyListener - The element with locator--->>>By.xpath: //input[1]<----was found
21:05:16.772 INFO  manager.MyListener - Start find element--->>>By.xpath: //input[2]
21:05:16.781 INFO  manager.MyListener - The element with locator--->>>By.xpath: //input[2]<----was found
21:05:16.894 INFO  manager.MyListener - Start find element--->>>By.xpath: //*[text()=' Login']
21:05:16.902 INFO  manager.MyListener - The element with locator--->>>By.xpath: //*[text()=' Login']<----was found
21:05:21.938 INFO  manager.MyListener - Start find element--->>>By.xpath: //*[text()='Sign Out']
21:05:21.959 INFO  manager.MyListener - The element with locator--->>>By.xpath: //*[text()='Sign Out']<----was found
21:05:21.961 INFO  tests.TestBAse - End of testloginModelDataProvider
21:05:21.962 INFO  manager.MyListener - Start find element--->>>By.xpath: //*[text()='Sign Out']
21:05:21.975 INFO  manager.MyListener - The element with locator--->>>By.xpath: //*[text()='Sign Out']<----was found
21:05:21.976 INFO  manager.MyListener - Start find element--->>>By.xpath: //button[text()='Sign Out']
21:05:21.988 INFO  manager.MyListener - The element with locator--->>>By.xpath: //button[text()='Sign Out']<----was found
21:05:22.030 INFO  tests.TestBAse - start testloginModelDataProvider
21:05:22.034 INFO  manager.MyListener - Start find element--->>>By.cssSelector: [href='/login']
21:05:22.044 INFO  manager.MyListener - The element with locator--->>>By.cssSelector: [href='/login']<----was found
21:05:22.084 INFO  manager.MyListener - Start find element--->>>By.xpath: //input[1]
21:05:22.095 INFO  manager.MyListener - The element with locator--->>>By.xpath: //input[1]<----was found
21:05:22.247 INFO  manager.MyListener - Start find element--->>>By.xpath: //input[2]
21:05:22.255 INFO  manager.MyListener - The element with locator--->>>By.xpath: //input[2]<----was found
21:05:22.364 INFO  manager.MyListener - Start find element--->>>By.xpath: //*[text()=' Login']
21:05:22.373 INFO  manager.MyListener - The element with locator--->>>By.xpath: //*[text()=' Login']<----was found
21:05:27.414 INFO  manager.MyListener - Start find element--->>>By.xpath: //*[text()='Sign Out']
21:05:27.430 INFO  manager.MyListener - The element with locator--->>>By.xpath: //*[text()='Sign Out']<----was found
21:05:27.432 INFO  tests.TestBAse - End of testloginModelDataProvider
21:05:27.433 INFO  manager.MyListener - Start find element--->>>By.xpath: //*[text()='Sign Out']
21:05:27.445 INFO  manager.MyListener - The element with locator--->>>By.xpath: //*[text()='Sign Out']<----was found
21:05:27.446 INFO  manager.MyListener - Start find element--->>>By.xpath: //button[text()='Sign Out']
21:05:27.457 INFO  manager.MyListener - The element with locator--->>>By.xpath: //button[text()='Sign Out']<----was found
21:05:27.510 INFO  tests.TestBAse - start testloginModelDataProvider
21:05:27.511 INFO  manager.MyListener - Start find element--->>>By.cssSelector: [href='/login']
21:05:27.520 INFO  manager.MyListener - The element with locator--->>>By.cssSelector: [href='/login']<----was found
21:05:27.557 INFO  manager.MyListener - Start find element--->>>By.xpath: //input[1]
21:05:27.565 INFO  manager.MyListener - The element with locator--->>>By.xpath: //input[1]<----was found
21:05:27.656 INFO  manager.MyListener - Start find element--->>>By.xpath: //input[2]
21:05:27.663 INFO  manager.MyListener - The element with locator--->>>By.xpath: //input[2]<----was found
21:05:27.750 INFO  manager.MyListener - Start find element--->>>By.xpath: //*[text()=' Login']
21:05:27.759 INFO  manager.MyListener - The element with locator--->>>By.xpath: //*[text()=' Login']<----was found
21:05:32.788 INFO  manager.MyListener - Start find element--->>>By.xpath: //*[text()='Sign Out']
21:05:32.810 INFO  manager.MyListener - The element with locator--->>>By.xpath: //*[text()='Sign Out']<----was found
21:05:32.812 INFO  tests.TestBAse - End of testloginModelDataProvider
21:05:32.813 INFO  manager.MyListener - Start find element--->>>By.xpath: //*[text()='Sign Out']
21:05:32.825 INFO  manager.MyListener - The element with locator--->>>By.xpath: //*[text()='Sign Out']<----was found
21:05:32.825 INFO  manager.MyListener - Start find element--->>>By.xpath: //button[text()='Sign Out']
21:05:32.844 INFO  manager.MyListener - The element with locator--->>>By.xpath: //button[text()='Sign Out']<----was found
21:05:32.886 INFO  tests.TestBAse - start testloginModelDataProvider
21:05:32.887 INFO  manager.MyListener - Start find element--->>>By.cssSelector: [href='/login']
21:05:32.904 INFO  manager.MyListener - The element with locator--->>>By.cssSelector: [href='/login']<----was found
21:05:32.935 INFO  manager.MyListener - Start find element--->>>By.xpath: //input[1]
21:05:32.946 INFO  manager.MyListener - The element with locator--->>>By.xpath: //input[1]<----was found
21:05:33.020 INFO  manager.MyListener - Start find element--->>>By.xpath: //input[2]
21:05:33.031 INFO  manager.MyListener - The element with locator--->>>By.xpath: //input[2]<----was found
21:05:33.120 INFO  manager.MyListener - Start find element--->>>By.xpath: //*[text()=' Login']
21:05:33.132 INFO  manager.MyListener - The element with locator--->>>By.xpath: //*[text()=' Login']<----was found
21:05:38.165 INFO  manager.MyListener - Start find element--->>>By.xpath: //*[text()='Sign Out']
21:05:38.181 INFO  manager.MyListener - The element with locator--->>>By.xpath: //*[text()='Sign Out']<----was found
21:05:38.183 INFO  tests.TestBAse - End of testloginModelDataProvider
21:05:38.185 INFO  manager.MyListener - Start find element--->>>By.xpath: //*[text()='Sign Out']
21:05:38.197 INFO  manager.MyListener - The element with locator--->>>By.xpath: //*[text()='Sign Out']<----was found
21:05:38.198 INFO  manager.MyListener - Start find element--->>>By.xpath: //button[text()='Sign Out']
21:05:38.210 INFO  manager.MyListener - The element with locator--->>>By.xpath: //button[text()='Sign Out']<----was found
21:05:38.264 INFO  tests.TestBAse - start testloginNegativePassword
21:05:38.265 INFO  manager.MyListener - Start find element--->>>By.cssSelector: [href='/login']
21:05:38.273 INFO  manager.MyListener - The element with locator--->>>By.cssSelector: [href='/login']<----was found
21:05:38.312 INFO  manager.MyListener - Start find element--->>>By.xpath: //input[1]
21:05:38.321 INFO  manager.MyListener - The element with locator--->>>By.xpath: //input[1]<----was found
21:05:38.455 INFO  manager.MyListener - Start find element--->>>By.xpath: //input[2]
21:05:38.462 INFO  manager.MyListener - The element with locator--->>>By.xpath: //input[2]<----was found
21:05:38.549 INFO  manager.MyListener - Start find element--->>>By.xpath: //*[text()=' Login']
21:05:38.557 INFO  manager.MyListener - The element with locator--->>>By.xpath: //*[text()=' Login']<----was found
21:05:43.624 INFO  tests.TestBAse - End of testloginNegativePassword
21:05:43.627 INFO  manager.MyListener - Start find element--->>>By.xpath: //*[text()='Sign Out']
21:05:48.685 INFO  manager.MyListener - The element with locator--->>>By.xpath: //*[text()='Sign Out']<----was found
21:05:48.687 INFO  tests.TestBAse - End of testloginSuccess
21:05:48.688 INFO  manager.MyListener - Start find element--->>>By.xpath: //*[text()='Sign Out']
21:05:53.739 INFO  manager.MyListener - The element with locator--->>>By.xpath: //*[text()='Sign Out']<----was found
21:05:53.740 INFO  manager.MyListener - Start find element--->>>By.cssSelector: [href='/login']
21:05:53.755 INFO  manager.MyListener - The element with locator--->>>By.cssSelector: [href='/login']<----was found
21:05:53.793 INFO  manager.MyListener - Start find element--->>>By.xpath: //input[1]
21:05:53.803 INFO  manager.MyListener - The element with locator--->>>By.xpath: //input[1]<----was found
21:05:53.907 INFO  manager.MyListener - Start find element--->>>By.xpath: //input[2]
21:05:53.914 INFO  manager.MyListener - The element with locator--->>>By.xpath: //input[2]<----was found
21:05:53.994 INFO  manager.MyListener - Start find element--->>>By.xpath: //*[text()=' Login']
21:05:54.002 INFO  manager.MyListener - The element with locator--->>>By.xpath: //*[text()=' Login']<----was found
21:05:59.028 INFO  manager.MyListener - Start find element--->>>By.xpath: //*[text()='Sign Out']
21:05:59.043 INFO  manager.MyListener - The element with locator--->>>By.xpath: //*[text()='Sign Out']<----was found
21:05:59.045 INFO  tests.TestBAse - End of testloginSuccessModel
21:05:59.047 INFO  manager.MyListener - Start find element--->>>By.xpath: //*[text()='Sign Out']
21:05:59.061 INFO  manager.MyListener - The element with locator--->>>By.xpath: //*[text()='Sign Out']<----was found
21:05:59.062 INFO  manager.MyListener - Start find element--->>>By.xpath: //button[text()='Sign Out']
21:05:59.076 INFO  manager.MyListener - The element with locator--->>>By.xpath: //button[text()='Sign Out']<----was found
21:05:59.125 INFO  tests.TestBAse - start testloginSuccessNew
21:05:59.126 INFO  tests.TestBAse - Testing 'loginSuccessNew' 
21:05:59.126 INFO  tests.TestBAse - The test starts with data [missira85@gmail.com] & [Passw0rd$]
21:05:59.126 INFO  manager.MyListener - Start find element--->>>By.cssSelector: [href='/login']
21:05:59.134 INFO  manager.MyListener - The element with locator--->>>By.cssSelector: [href='/login']<----was found
21:05:59.169 INFO  manager.MyListener - Start find element--->>>By.xpath: //input[1]
21:05:59.178 INFO  manager.MyListener - The element with locator--->>>By.xpath: //input[1]<----was found
21:05:59.312 INFO  manager.MyListener - Start find element--->>>By.xpath: //input[2]
21:05:59.319 INFO  manager.MyListener - The element with locator--->>>By.xpath: //input[2]<----was found
21:05:59.397 INFO  manager.MyListener - Start find element--->>>By.xpath: //*[text()=' Login']
21:05:59.403 INFO  manager.MyListener - The element with locator--->>>By.xpath: //*[text()=' Login']<----was found
21:06:00.430 INFO  manager.MyListener - Start find element--->>>By.xpath: //*[text()='Sign Out']
21:06:00.453 INFO  manager.MyListener - The element with locator--->>>By.xpath: //*[text()='Sign Out']<----was found
21:06:00.454 INFO  tests.TestBAse - Test 'loginSuccessNew' passed successfully
21:06:00.455 INFO  tests.TestBAse - End of testloginSuccessNew
21:06:00.458 INFO  manager.MyListener - Start find element--->>>By.xpath: //*[text()='Sign Out']
21:06:00.470 INFO  manager.MyListener - The element with locator--->>>By.xpath: //*[text()='Sign Out']<----was found
21:06:00.471 INFO  manager.MyListener - Start find element--->>>By.xpath: //button[text()='Sign Out']
21:06:00.483 INFO  manager.MyListener - The element with locator--->>>By.xpath: //button[text()='Sign Out']<----was found
21:06:00.538 INFO  tests.TestBAse - start testloginSuccessNew1
21:06:00.540 INFO  tests.TestBAse - Testing 'loginSuccessNew1' 
21:06:00.545 INFO  tests.TestBAse - The test starts with emailmissira85@gmail.comand password Passw0rd$
21:06:00.545 INFO  manager.MyListener - Start find element--->>>By.cssSelector: [href='/login']
21:06:00.555 INFO  manager.MyListener - The element with locator--->>>By.cssSelector: [href='/login']<----was found
21:06:00.605 INFO  manager.MyListener - Start find element--->>>By.xpath: //input[1]
21:06:00.613 INFO  manager.MyListener - The element with locator--->>>By.xpath: //input[1]<----was found
21:06:00.695 INFO  manager.MyListener - Start find element--->>>By.xpath: //input[2]
21:06:00.702 INFO  manager.MyListener - The element with locator--->>>By.xpath: //input[2]<----was found
21:06:00.803 INFO  manager.MyListener - Start find element--->>>By.xpath: //*[text()=' Login']
21:06:00.810 INFO  manager.MyListener - The element with locator--->>>By.xpath: //*[text()=' Login']<----was found
21:06:01.838 INFO  manager.MyListener - Start find element--->>>By.xpath: //*[text()='Sign Out']
21:06:01.853 INFO  manager.MyListener - The element with locator--->>>By.xpath: //*[text()='Sign Out']<----was found
21:06:01.855 INFO  tests.TestBAse - End of testloginSuccessNew1
21:06:01.856 INFO  manager.MyListener - Start find element--->>>By.xpath: //*[text()='Sign Out']
21:06:01.868 INFO  manager.MyListener - The element with locator--->>>By.xpath: //*[text()='Sign Out']<----was found
21:06:01.869 INFO  manager.MyListener - Start find element--->>>By.xpath: //button[text()='Sign Out']
21:06:01.881 INFO  manager.MyListener - The element with locator--->>>By.xpath: //button[text()='Sign Out']<----was found
21:06:01.930 INFO  tests.TestBAse - start testloginSuccessNew1
21:06:01.931 INFO  tests.TestBAse - Testing 'loginSuccessNew1' 
21:06:01.932 INFO  tests.TestBAse - The test starts with emailmissira85@gmail.comand password Passw0rd$
21:06:01.932 INFO  manager.MyListener - Start find element--->>>By.cssSelector: [href='/login']
21:06:01.943 INFO  manager.MyListener - The element with locator--->>>By.cssSelector: [href='/login']<----was found
21:06:01.998 INFO  manager.MyListener - Start find element--->>>By.xpath: //input[1]
21:06:02.006 INFO  manager.MyListener - The element with locator--->>>By.xpath: //input[1]<----was found
21:06:02.124 INFO  manager.MyListener - Start find element--->>>By.xpath: //input[2]
21:06:02.131 INFO  manager.MyListener - The element with locator--->>>By.xpath: //input[2]<----was found
21:06:02.198 INFO  manager.MyListener - Start find element--->>>By.xpath: //*[text()=' Login']
21:06:02.205 INFO  manager.MyListener - The element with locator--->>>By.xpath: //*[text()=' Login']<----was found
21:06:03.236 INFO  manager.MyListener - Start find element--->>>By.xpath: //*[text()='Sign Out']
21:06:03.250 INFO  manager.MyListener - The element with locator--->>>By.xpath: //*[text()='Sign Out']<----was found
21:06:03.252 INFO  tests.TestBAse - End of testloginSuccessNew1
21:06:03.253 INFO  manager.MyListener - Start find element--->>>By.xpath: //*[text()='Sign Out']
21:06:03.265 INFO  manager.MyListener - The element with locator--->>>By.xpath: //*[text()='Sign Out']<----was found
21:06:03.265 INFO  manager.MyListener - Start find element--->>>By.xpath: //button[text()='Sign Out']
21:06:03.280 INFO  manager.MyListener - The element with locator--->>>By.xpath: //button[text()='Sign Out']<----was found
21:06:03.334 INFO  tests.TestBAse - start testloginSuccessNew1
21:06:03.335 INFO  tests.TestBAse - Testing 'loginSuccessNew1' 
21:06:03.335 INFO  tests.TestBAse - The test starts with emailmissira85@gmail.comand password Passw0rd$
21:06:03.335 INFO  manager.MyListener - Start find element--->>>By.cssSelector: [href='/login']
21:06:03.347 INFO  manager.MyListener - The element with locator--->>>By.cssSelector: [href='/login']<----was found
21:06:03.396 INFO  manager.MyListener - Start find element--->>>By.xpath: //input[1]
21:06:03.404 INFO  manager.MyListener - The element with locator--->>>By.xpath: //input[1]<----was found
21:06:03.517 INFO  manager.MyListener - Start find element--->>>By.xpath: //input[2]
21:06:03.525 INFO  manager.MyListener - The element with locator--->>>By.xpath: //input[2]<----was found
21:06:03.614 INFO  manager.MyListener - Start find element--->>>By.xpath: //*[text()=' Login']
21:06:03.622 INFO  manager.MyListener - The element with locator--->>>By.xpath: //*[text()=' Login']<----was found
21:06:04.652 INFO  manager.MyListener - Start find element--->>>By.xpath: //*[text()='Sign Out']
21:06:04.666 INFO  manager.MyListener - The element with locator--->>>By.xpath: //*[text()='Sign Out']<----was found
21:06:04.667 INFO  tests.TestBAse - End of testloginSuccessNew1
21:06:04.669 INFO  manager.MyListener - Start find element--->>>By.xpath: //*[text()='Sign Out']
21:06:04.681 INFO  manager.MyListener - The element with locator--->>>By.xpath: //*[text()='Sign Out']<----was found
21:06:04.681 INFO  manager.MyListener - Start find element--->>>By.xpath: //button[text()='Sign Out']
21:06:04.693 INFO  manager.MyListener - The element with locator--->>>By.xpath: //button[text()='Sign Out']<----was found
21:06:04.743 INFO  tests.TestBAse - start testloginSuccessNew1
21:06:04.744 INFO  tests.TestBAse - Testing 'loginSuccessNew1' 
21:06:04.744 INFO  tests.TestBAse - The test starts with emailmissira85@gmail.comand password Passw0rd$
21:06:04.744 INFO  manager.MyListener - Start find element--->>>By.cssSelector: [href='/login']
21:06:04.751 INFO  manager.MyListener - The element with locator--->>>By.cssSelector: [href='/login']<----was found
21:06:04.787 INFO  manager.MyListener - Start find element--->>>By.xpath: //input[1]
21:06:04.796 INFO  manager.MyListener - The element with locator--->>>By.xpath: //input[1]<----was found
21:06:04.891 INFO  manager.MyListener - Start find element--->>>By.xpath: //input[2]
21:06:04.899 INFO  manager.MyListener - The element with locator--->>>By.xpath: //input[2]<----was found
21:06:05.001 INFO  manager.MyListener - Start find element--->>>By.xpath: //*[text()=' Login']
21:06:05.009 INFO  manager.MyListener - The element with locator--->>>By.xpath: //*[text()=' Login']<----was found
21:06:06.034 INFO  manager.MyListener - Start find element--->>>By.xpath: //*[text()='Sign Out']
21:06:06.050 INFO  manager.MyListener - The element with locator--->>>By.xpath: //*[text()='Sign Out']<----was found
21:06:06.053 INFO  tests.TestBAse - End of testloginSuccessNew1
