18:48:42.248 INFO  manager.ApplicationManager - All tests start in ChromeDriver
18:48:43.188 INFO  manager.MyListener - Start find element--->>>By.xpath: //*[text()='Sign Out']
18:48:48.244 INFO  manager.MyListener - The element with locator--->>>By.xpath: //*[text()='Sign Out']<----was found
18:48:48.247 INFO  tests.TestBAse - start testloginModelDataProvider
18:48:48.267 INFO  manager.MyListener - Start find element--->>>By.cssSelector: [href='/login']
18:48:48.293 INFO  manager.MyListener - The element with locator--->>>By.cssSelector: [href='/login']<----was found
18:48:48.390 INFO  manager.MyListener - Start find element--->>>By.xpath: //input[1]
18:48:48.414 INFO  manager.MyListener - The element with locator--->>>By.xpath: //input[1]<----was found
18:48:48.586 INFO  manager.MyListener - Start find element--->>>By.xpath: //input[2]
18:48:48.609 INFO  manager.MyListener - The element with locator--->>>By.xpath: //input[2]<----was found
18:48:48.752 INFO  manager.MyListener - Start find element--->>>By.xpath: //*[text()=' Login']
18:48:48.780 INFO  manager.MyListener - The element with locator--->>>By.xpath: //*[text()=' Login']<----was found
18:48:53.833 INFO  tests.TestBAse - End of testloginModelDataProvider
18:48:53.836 INFO  manager.MyListener - Start find element--->>>By.xpath: //*[text()='Sign Out']
18:48:53.866 INFO  manager.MyListener - We have a 'throwable'--->>>unexpected alert open: {Alert text : Undefined Error 500}
  (Session info: chrome=96.0.4664.110): Undefined Error 500
Build info: version: '3.141.59', revision: 'e82be7d358', time: '2018-11-14T08:17:03'
System info: host: 'desktopirina', ip: '127.0.1.1', os.name: 'Linux', os.arch: 'amd64', os.version: '5.14.0-1031-oem', java.version: '11.0.14.1'
Driver info: org.openqa.selenium.chrome.ChromeDriver
Capabilities {acceptInsecureCerts: false, browserName: chrome, browserVersion: 96.0.4664.110, chrome: {chromedriverVersion: 96.0.4664.45 (76e4c1bb2ab46..., userDataDir: /tmp/.com.google.Chrome.AbJ90b}, goog:chromeOptions: {debuggerAddress: localhost:36917}, javascriptEnabled: true, networkConnectionEnabled: false, pageLoadStrategy: normal, platform: LINUX, platformName: LINUX, proxy: Proxy(), setWindowRect: true, strictFileInteractability: false, timeouts: {implicit: 0, pageLoad: 300000, script: 30000}, unhandledPromptBehavior: dismiss and notify, webauthn:extension:credBlob: true, webauthn:extension:largeBlob: true, webauthn:virtualAuthenticators: true}
Session ID: 5360fd1a6ec010207aa433cd5f2acf35
*** Element info: {Using=xpath, value=//*[text()='Sign Out']}
18:48:53.868 INFO  manager.MyListener - We have a 'fill In Stack Trace'--->>>org.openqa.selenium.UnhandledAlertException: unexpected alert open: {Alert text : Undefined Error 500}
  (Session info: chrome=96.0.4664.110): Undefined Error 500
Build info: version: '3.141.59', revision: 'e82be7d358', time: '2018-11-14T08:17:03'
System info: host: 'desktopirina', ip: '127.0.1.1', os.name: 'Linux', os.arch: 'amd64', os.version: '5.14.0-1031-oem', java.version: '11.0.14.1'
Driver info: org.openqa.selenium.chrome.ChromeDriver
Capabilities {acceptInsecureCerts: false, browserName: chrome, browserVersion: 96.0.4664.110, chrome: {chromedriverVersion: 96.0.4664.45 (76e4c1bb2ab46..., userDataDir: /tmp/.com.google.Chrome.AbJ90b}, goog:chromeOptions: {debuggerAddress: localhost:36917}, javascriptEnabled: true, networkConnectionEnabled: false, pageLoadStrategy: normal, platform: LINUX, platformName: LINUX, proxy: Proxy(), setWindowRect: true, strictFileInteractability: false, timeouts: {implicit: 0, pageLoad: 300000, script: 30000}, unhandledPromptBehavior: dismiss and notify, webauthn:extension:credBlob: true, webauthn:extension:largeBlob: true, webauthn:virtualAuthenticators: true}
Session ID: 5360fd1a6ec010207aa433cd5f2acf35
*** Element info: {Using=xpath, value=//*[text()='Sign Out']}
18:48:54.313 INFO  manager.MyListener - This is the link to screen with problem-->src/test/screenshots/screen-2933.png
