22:45:52.914 INFO  manager.ApplicationManager - All tests start in ChromeDriver
22:45:53.876 INFO  manager.MyListener - Start find element--->>>By.xpath: //*[text()='Sign Out']
22:45:58.899 INFO  manager.MyListener - The element with locator--->>>By.xpath: //*[text()='Sign Out']<----was found
22:45:58.900 INFO  manager.MyListener - Start find element--->>>By.cssSelector: [href='/login']
22:45:58.926 INFO  manager.MyListener - The element with locator--->>>By.cssSelector: [href='/login']<----was found
22:45:59.016 INFO  manager.MyListener - Start find element--->>>By.xpath: //input[1]
22:45:59.039 INFO  manager.MyListener - The element with locator--->>>By.xpath: //input[1]<----was found
22:45:59.196 INFO  manager.MyListener - Start find element--->>>By.xpath: //input[2]
22:45:59.218 INFO  manager.MyListener - The element with locator--->>>By.xpath: //input[2]<----was found
22:45:59.347 INFO  manager.MyListener - Start find element--->>>By.xpath: //*[text()=' Login']
22:45:59.366 INFO  manager.MyListener - The element with locator--->>>By.xpath: //*[text()=' Login']<----was found
22:45:59.416 INFO  tests.TestBAse - start testremoveAllConatct
22:45:59.419 INFO  tests.TestBAse - removeAllContact
22:45:59.419 INFO  manager.MyListener - Start find element--->>>By.xpath: //a[@class='active']
22:45:59.439 INFO  manager.MyListener - The element with locator--->>>By.xpath: //a[@class='active']<----was found
22:45:59.487 INFO  manager.MyListener - Start find element--->>>By.cssSelector: div[class='contact-page_leftdiv__yhyke'] div div:nth-child(1)
22:46:00.194 INFO  manager.MyListener - The element with locator--->>>By.cssSelector: div[class='contact-page_leftdiv__yhyke'] div div:nth-child(1)<----was found
22:46:00.224 INFO  manager.MyListener - Start find element--->>>By.xpath: //button[normalize-space()='Remove']
22:46:00.250 INFO  manager.MyListener - The element with locator--->>>By.xpath: //button[normalize-space()='Remove']<----was found
22:46:00.294 INFO  manager.MyListener - Start find element--->>>By.xpath: div[class='contact-page_leftdiv__yhyke'] div div:nth-child(1)
22:46:00.337 INFO  manager.MyListener - We have a 'throwable'--->>>invalid selector: Unable to locate an element with the xpath expression div[class='contact-page_leftdiv__yhyke'] div div:nth-child(1) because of the following error:
SyntaxError: Failed to execute 'evaluate' on 'Document': The string 'div[class='contact-page_leftdiv__yhyke'] div div:nth-child(1)' is not a valid XPath expression.
  (Session info: chrome=96.0.4664.110)
For documentation on this error, please visit: https://www.seleniumhq.org/exceptions/invalid_selector_exception.html
Build info: version: '3.141.59', revision: 'e82be7d358', time: '2018-11-14T08:17:03'
System info: host: 'desktopirina', ip: '127.0.1.1', os.name: 'Linux', os.arch: 'amd64', os.version: '5.14.0-1031-oem', java.version: '11.0.14.1'
Driver info: org.openqa.selenium.chrome.ChromeDriver
Capabilities {acceptInsecureCerts: false, browserName: chrome, browserVersion: 96.0.4664.110, chrome: {chromedriverVersion: 96.0.4664.45 (76e4c1bb2ab46..., userDataDir: /tmp/.com.google.Chrome.uOnAo1}, goog:chromeOptions: {debuggerAddress: localhost:34417}, javascriptEnabled: true, networkConnectionEnabled: false, pageLoadStrategy: normal, platform: LINUX, platformName: LINUX, proxy: Proxy(), setWindowRect: true, strictFileInteractability: false, timeouts: {implicit: 0, pageLoad: 300000, script: 30000}, unhandledPromptBehavior: dismiss and notify, webauthn:extension:credBlob: true, webauthn:extension:largeBlob: true, webauthn:virtualAuthenticators: true}
Session ID: 20e57d01451a5f3e78a36b6e0256c3de
*** Element info: {Using=xpath, value=div[class='contact-page_leftdiv__yhyke'] div div:nth-child(1)}
22:46:00.339 INFO  manager.MyListener - We have a 'fill In Stack Trace'--->>>org.openqa.selenium.InvalidSelectorException: invalid selector: Unable to locate an element with the xpath expression div[class='contact-page_leftdiv__yhyke'] div div:nth-child(1) because of the following error:
SyntaxError: Failed to execute 'evaluate' on 'Document': The string 'div[class='contact-page_leftdiv__yhyke'] div div:nth-child(1)' is not a valid XPath expression.
  (Session info: chrome=96.0.4664.110)
For documentation on this error, please visit: https://www.seleniumhq.org/exceptions/invalid_selector_exception.html
Build info: version: '3.141.59', revision: 'e82be7d358', time: '2018-11-14T08:17:03'
System info: host: 'desktopirina', ip: '127.0.1.1', os.name: 'Linux', os.arch: 'amd64', os.version: '5.14.0-1031-oem', java.version: '11.0.14.1'
Driver info: org.openqa.selenium.chrome.ChromeDriver
Capabilities {acceptInsecureCerts: false, browserName: chrome, browserVersion: 96.0.4664.110, chrome: {chromedriverVersion: 96.0.4664.45 (76e4c1bb2ab46..., userDataDir: /tmp/.com.google.Chrome.uOnAo1}, goog:chromeOptions: {debuggerAddress: localhost:34417}, javascriptEnabled: true, networkConnectionEnabled: false, pageLoadStrategy: normal, platform: LINUX, platformName: LINUX, proxy: Proxy(), setWindowRect: true, strictFileInteractability: false, timeouts: {implicit: 0, pageLoad: 300000, script: 30000}, unhandledPromptBehavior: dismiss and notify, webauthn:extension:credBlob: true, webauthn:extension:largeBlob: true, webauthn:virtualAuthenticators: true}
Session ID: 20e57d01451a5f3e78a36b6e0256c3de
*** Element info: {Using=xpath, value=div[class='contact-page_leftdiv__yhyke'] div div:nth-child(1)}
22:46:00.934 INFO  manager.MyListener - This is the link to screen with problem-->src/test/screenshots/screen-2760.png
22:46:00.937 INFO  tests.TestBAse - End of testremoveAllConatct
